/bin/bash: /public/apps/anaconda3/2020.11/lib/libtinfo.so.6: no version information available (required by /bin/bash)
+ [[ env == \e\n\v ]]
+ echo 'In ObjectNav Env DDP'
+ srun /private/home/abhshkdz/.conda/envs/habitat-on-web/bin/python -u -m habitat_baselines.run --exp-config habitat_baselines/config/objectnav/il_ddp_env_objectnav.yaml --run-type train
2021-06-12 14:44:36,659 config: BASE_TASK_CONFIG_PATH: configs/tasks/objectnav_mp3d_il.yaml
CHECKPOINT_FOLDER: results/checkpoints/objectnav_mp3d_v4/seed_1
CHECKPOINT_INTERVAL: 100
CMD_TRAILING_OPTS: []
DATASET_PATH: data/datasets/objectnav_mp3d_v4/{split}/{scene_split}.db
ENV_NAME: NavRLEnv
EVAL:
  SPLIT: sample
  USE_CKPT_CONFIG: True
EVAL_CKPT_PATH_DIR: data/new_checkpoints/objectnav/overfitting/seed_3/ckpt.3.pth
EVAL_RESUTLS_DIR: data/objectnav_mp3d_v4/seed_1/results/
EVAL_SAVE_RESULTS: True
EVAL_SAVE_RESULTS_INTERVAL: 50
FORCE_BLIND_POLICY: False
IL:
  BehaviorCloning:
    clip_param: 0.2
    eps: 1e-05
    hidden_size: 512
    lr: 0.001
    max_grad_norm: 0.2
    num_mini_batch: 7
    num_steps: 128
    reward_window_size: 50
    sync_frac: 0.6
    use_linear_clip_decay: False
    use_linear_lr_decay: True
  USE_IW: True
  distrib_backend: GLOO
LOG_FILE: train.log
LOG_INTERVAL: 1
LOG_METRICS: True
MODEL:
  DEPTH_ENCODER:
    backbone: resnet50
    cnn_type: VlnResnetDepthEncoder
    ddppo_checkpoint: data/ddppo-models/gibson-2plus-resnet50.pth
    output_size: 128
    trainable: False
  PROGRESS_MONITOR:
    use: False
  RGB_ENCODER:
    backbone: resnet18
    cnn_type: ResnetRGBEncoder
    output_size: 256
    train_encoder: True
  SEMANTIC_ENCODER:
    backbone: resnet18
    cnn_type: ResnetSemSegEncoder
    embedding_size: 4
    output_size: 256
    rednet_ckpt: data/rednet-models/rednet_semmap_mp3d_tuned.pth
    train_encoder: True
  SEQ2SEQ:
    use_prev_action: True
  STATE_ENCODER:
    hidden_size: 512
    num_recurrent_layers: 2
    rnn_type: GRU
  SWITCH_TO_PRED_SEMANTICS_UPDATE: 7000
  USE_PRED_SEMANTICS: True
  USE_SEMANTICS: True
  ablate_depth: False
  ablate_rgb: False
  backbone: resnet18
  embed_sge: True
  force_blind_policy: False
  hidden_size: 512
  inflection_weight_coef: 3.4761714413101563
  normalize_visual_inputs: False
  num_recurrent_layers: 2
  resnet_baseplanes: 32
  rnn_type: GRU
NUM_PROCESSES: 7
NUM_UPDATES: 9000
ORBSLAM2:
  ANGLE_TH: 0.2617993877991494
  BETA: 100
  CAMERA_HEIGHT: 1.25
  DEPTH_DENORM: 10.0
  DIST_REACHED_TH: 0.15
  DIST_TO_STOP: 0.05
  D_OBSTACLE_MAX: 4.0
  D_OBSTACLE_MIN: 0.1
  H_OBSTACLE_MAX: 1.25
  H_OBSTACLE_MIN: 0.375
  MAP_CELL_SIZE: 0.1
  MAP_SIZE: 40
  MIN_PTS_IN_OBSTACLE: 320.0
  NEXT_WAYPOINT_TH: 0.5
  NUM_ACTIONS: 3
  PLANNER_MAX_STEPS: 500
  PREPROCESS_MAP: True
  SLAM_SETTINGS_PATH: habitat_baselines/slambased/data/mp3d3_small1k.yaml
  SLAM_VOCAB_PATH: habitat_baselines/slambased/data/ORBvoc.txt
OUTPUT_LOG_DIR: results/logs/objectnav_mp3d_v4/seed_1
PROFILING:
  CAPTURE_START_STEP: -1
  NUM_STEPS_TO_CAPTURE: -1
RESULTS_DIR: results/objectnav_mp3d_v4/seed_1/results/{split}/{type}
RL:
  DDPPO:
    backbone: resnet50
    distrib_backend: GLOO
    num_recurrent_layers: 2
    pretrained: False
    pretrained_encoder: False
    pretrained_weights: data/ddppo-models/gibson-2plus-resnet50.pth
    reset_critic: True
    rnn_type: LSTM
    sync_frac: 0.6
    train_encoder: True
  POLICY:
    OBS_TRANSFORMS:
      CENTER_CROPPER:
        HEIGHT: 256
        WIDTH: 256
      CUBE2EQ:
        HEIGHT: 256
        SENSOR_UUIDS: []
        WIDTH: 512
      CUBE2FISH:
        FOV: 180
        HEIGHT: 256
        PARAMS: (0.2, 0.2, 0.2)
        SENSOR_UUIDS: []
        WIDTH: 256
      ENABLED_TRANSFORMS: ()
      EQ2CUBE:
        HEIGHT: 256
        SENSOR_UUIDS: []
        WIDTH: 256
      RESIZE_SHORTEST_EDGE:
        SIZE: 256
    name: PointNavBaselinePolicy
  PPO:
    clip_param: 0.2
    entropy_coef: 0.01
    eps: 1e-05
    gamma: 0.99
    hidden_size: 512
    lr: 0.0007
    max_grad_norm: 0.5
    num_mini_batch: 16
    num_steps: 5
    ppo_epoch: 4
    reward_window_size: 50
    tau: 0.95
    use_gae: True
    use_linear_clip_decay: False
    use_linear_lr_decay: False
    use_normalized_advantage: True
    value_loss_coef: 0.5
  REWARD_MEASURE: distance_to_goal
  SLACK_REWARD: -0.001
  SUCCESS_MEASURE: spl
  SUCCESS_REWARD: 2.5
SENSORS: ['RGB_SENSOR', 'SEMANTIC_SENSOR', 'DEPTH_SENSOR']
SHOW_TOP_DOWN_MAP: False
SIMULATOR_GPU_ID: 0
TASK_CONFIG:
  DATASET:
    CONTENT_SCENES: ['*']
    DATA_PATH: data/datasets/objectnav_mp3d_v4/{split}/{split}.json.gz
    SCENES_DIR: data/scene_datasets/
    SPLIT: train
    TYPE: ObjectNav-v2
  ENVIRONMENT:
    ITERATOR_OPTIONS:
      CYCLE: True
      GROUP_BY_SCENE: True
      MAX_SCENE_REPEAT_EPISODES: -1
      MAX_SCENE_REPEAT_STEPS: 10000
      NUM_EPISODE_SAMPLE: -1
      SHUFFLE: True
      STEP_REPETITION_RANGE: 0.2
    MAX_EPISODE_SECONDS: 10000000
    MAX_EPISODE_STEPS: 2500
  PYROBOT:
    BASE_CONTROLLER: proportional
    BASE_PLANNER: none
    BUMP_SENSOR:
      TYPE: PyRobotBumpSensor
    DEPTH_SENSOR:
      CENTER_CROP: False
      HEIGHT: 480
      MAX_DEPTH: 5.0
      MIN_DEPTH: 0.0
      NORMALIZE_DEPTH: True
      TYPE: PyRobotDepthSensor
      WIDTH: 640
    LOCOBOT:
      ACTIONS: ['BASE_ACTIONS', 'CAMERA_ACTIONS']
      BASE_ACTIONS: ['go_to_relative', 'go_to_absolute']
      CAMERA_ACTIONS: ['set_pan', 'set_tilt', 'set_pan_tilt']
    RGB_SENSOR:
      CENTER_CROP: False
      HEIGHT: 480
      TYPE: PyRobotRGBSensor
      WIDTH: 640
    ROBOT: locobot
    ROBOTS: ['locobot']
    SENSORS: ['RGB_SENSOR', 'DEPTH_SENSOR', 'BUMP_SENSOR']
  SEED: 105
  SIMULATOR:
    ACTION_SPACE_CONFIG: v1
    AGENTS: ['AGENT_0']
    AGENT_0:
      ANGULAR_ACCELERATION: 12.56
      ANGULAR_FRICTION: 1.0
      COEFFICIENT_OF_RESTITUTION: 0.0
      HEIGHT: 0.88
      IS_SET_START_STATE: False
      LINEAR_ACCELERATION: 20.0
      LINEAR_FRICTION: 0.5
      MASS: 32.0
      RADIUS: 0.18
      SENSORS: ['RGB_SENSOR', 'SEMANTIC_SENSOR', 'DEPTH_SENSOR']
      START_POSITION: [0, 0, 0]
      START_ROTATION: [0, 0, 0, 1]
    DEFAULT_AGENT_ID: 0
    DEPTH_SENSOR:
      HEIGHT: 480
      HFOV: 79
      MAX_DEPTH: 5.0
      MIN_DEPTH: 0.5
      NORMALIZE_DEPTH: True
      ORIENTATION: [0.0, 0.0, 0.0]
      POSITION: [0, 0.88, 0]
      TYPE: HabitatSimDepthSensor
      WIDTH: 640
    FORWARD_STEP_SIZE: 0.25
    HABITAT_SIM_V0:
      ALLOW_SLIDING: False
      ENABLE_PHYSICS: False
      GPU_DEVICE_ID: 0
      GPU_GPU: False
      PHYSICS_CONFIG_FILE: ./data/default.physics_config.json
    RGB_SENSOR:
      HEIGHT: 480
      HFOV: 79
      ORIENTATION: [0.0, 0.0, 0.0]
      POSITION: [0, 0.88, 0]
      TYPE: HabitatSimRGBSensor
      WIDTH: 640
    SCENE: data/scene_datasets/habitat-test-scenes/van-gogh-room.glb
    SEED: 100
    SEMANTIC_SENSOR:
      HEIGHT: 480
      HFOV: 79
      ORIENTATION: [0.0, 0.0, 0.0]
      POSITION: [0, 0.88, 0]
      TYPE: HabitatSimSemanticSensor
      WIDTH: 640
    TILT_ANGLE: 30
    TURN_ANGLE: 30
    TYPE: Sim-v0
  TASK:
    ACTIONS:
      ANSWER:
        TYPE: AnswerAction
      LOOK_DOWN:
        TYPE: LookDownAction
      LOOK_UP:
        TYPE: LookUpAction
      MOVE_FORWARD:
        TYPE: MoveForwardAction
      STOP:
        TYPE: StopAction
      TELEPORT:
        TYPE: TeleportAction
      TURN_LEFT:
        TYPE: TurnLeftAction
      TURN_RIGHT:
        TYPE: TurnRightAction
    ALL_OBJECT_POSITIONS:
      TYPE: AllObjectPositions
    ANSWER_ACCURACY:
      TYPE: AnswerAccuracy
    COLLISIONS:
      TYPE: Collisions
    COMPASS_SENSOR:
      TYPE: CompassSensor
    CORRECT_ANSWER:
      TYPE: CorrectAnswer
    DEMONSTRATION_SENSOR:
      TYPE: DemonstrationSensor
    DEMONSTRATION_SENSOR_UUID: demonstration
    DISTANCE_TO_GOAL:
      DISTANCE_TO: VIEW_POINTS
      TYPE: DistanceToGoal
    EPISODE_INFO:
      TYPE: EpisodeInfo
    GOAL_SENSOR_UUID: objectgoal
    GPS_SENSOR:
      DIMENSIONALITY: 2
      TYPE: GPSSensor
    HEADING_SENSOR:
      TYPE: HeadingSensor
    IMAGEGOAL_SENSOR:
      TYPE: ImageGoalSensor
    INFLECTION_WEIGHT_SENSOR:
      INFLECTION_COEF: 3.4761714413101563
      TYPE: InflectionWeightSensor
    INFLECTION_WEIGHT_SENSOR_UUID: inflection_weight
    INSTRUCTION_SENSOR:
      TYPE: InstructionSensor
    INSTRUCTION_SENSOR_UUID: instruction
    MEASUREMENTS: ['DISTANCE_TO_GOAL', 'SUCCESS', 'SPL', 'SOFT_SPL']
    OBJECTGOAL_SENSOR:
      GOAL_SPEC: TASK_CATEGORY_ID
      GOAL_SPEC_MAX_VAL: 50
      TYPE: ObjectGoalSensor
    POINTGOAL_SENSOR:
      DIMENSIONALITY: 2
      GOAL_FORMAT: POLAR
      TYPE: PointGoalSensor
    POINTGOAL_WITH_GPS_COMPASS_SENSOR:
      DIMENSIONALITY: 2
      GOAL_FORMAT: POLAR
      TYPE: PointGoalWithGPSCompassSensor
    POSSIBLE_ACTIONS: ['STOP', 'MOVE_FORWARD', 'TURN_LEFT', 'TURN_RIGHT', 'LOOK_UP', 'LOOK_DOWN']
    PROXIMITY_SENSOR:
      MAX_DETECTION_RADIUS: 2.0
      TYPE: ProximitySensor
    QUESTION_SENSOR:
      TYPE: QuestionSensor
    SENSORS: ['OBJECTGOAL_SENSOR', 'COMPASS_SENSOR', 'GPS_SENSOR', 'INFLECTION_WEIGHT_SENSOR', 'DEMONSTRATION_SENSOR']
    SOFT_SPL:
      TYPE: SoftSPL
    SPL:
      TYPE: SPL
    SUCCESS:
      SUCCESS_DISTANCE: 0.1
      TYPE: Success
    SUCCESS_DISTANCE: 0.1
    TOP_DOWN_MAP:
      DRAW_BORDER: True
      DRAW_GOAL_AABBS: False
      DRAW_GOAL_POSITIONS: True
      DRAW_SHORTEST_PATH: False
      DRAW_SOURCE: True
      DRAW_VIEW_POINTS: True
      FOG_OF_WAR:
        DRAW: True
        FOV: 90
        VISIBILITY_DIST: 5.0
      MAP_PADDING: 3
      MAP_RESOLUTION: 2048
      MAX_EPISODE_STEPS: 1000
      TYPE: TopDownMap
    TYPE: ObjectNav-v1
TENSORBOARD_DIR: results/tb/objectnav_mp3d_v4/seed_1/
TEST_EPISODE_COUNT: -1
TORCH_GPU_ID: 0
TRAINER_NAME: ddp-objectnav-bc-env
VIDEO_DIR: results/videos/objectnav_mp3d_v4/seed_1/
VIDEO_OPTION: ['disk']
2021-06-12 14:44:37,135 Initializing dataset ObjectNav-v2
2021-06-12 14:44:41,505 Initializing dataset ObjectNav-v2
2021-06-12 14:44:41,511 Initializing dataset ObjectNav-v2
2021-06-12 14:44:41,512 Initializing dataset ObjectNav-v2
2021-06-12 14:44:41,514 Initializing dataset ObjectNav-v2
2021-06-12 14:44:41,515 Initializing dataset ObjectNav-v2
2021-06-12 14:44:41,695 Initializing dataset ObjectNav-v2
2021-06-12 14:44:41,726 Initializing dataset ObjectNav-v2
2021-06-12 14:45:00,492 initializing sim Sim-v0
2021-06-12 14:45:03,383 initializing sim Sim-v0
2021-06-12 14:45:03,967 initializing sim Sim-v0
2021-06-12 14:45:04,201 initializing sim Sim-v0
2021-06-12 14:45:06,685 Initializing task ObjectNav-v1
2021-06-12 14:45:06,932 initializing sim Sim-v0
2021-06-12 14:45:07,754 initializing sim Sim-v0
2021-06-12 14:45:09,529 Initializing task ObjectNav-v1
2021-06-12 14:45:09,596 initializing sim Sim-v0
2021-06-12 14:45:13,370 Initializing task ObjectNav-v1
2021-06-12 14:45:16,696 Initializing task ObjectNav-v1
2021-06-12 14:45:17,789 Initializing task ObjectNav-v1
2021-06-12 14:45:21,242 Initializing task ObjectNav-v1
2021-06-12 14:45:29,274 Initializing task ObjectNav-v1
2021-06-12 14:45:30,313 [ train_loader has [2010, 1710, 1813, 1620, 1884, 1871, 1906] samples ]
2021-06-12 14:45:30,723 Setting up Sem Seg model
2021-06-12 14:45:30,723 

Setting up GPS sensor
2021-06-12 14:45:30,723 

Setting up Compass sensor
2021-06-12 14:45:30,724 

Setting up Object Goal sensor
2021-06-12 14:45:40,977 agent number of trainable parameters: 11051982
/private/home/abhshkdz/.conda/envs/habitat-on-web/lib/python3.6/site-packages/tensorflow-1.13.1-py3.6-linux-x86_64.egg/tensorflow/python/framework/dtypes.py:526: FutureWarning: Passing (type, 1) or '1type' as a synonym of type is deprecated; in a future version of numpy, it will be understood as (type, (1,)) / '(1,)type'.
  _np_qint8 = np.dtype([("qint8", np.int8, 1)])
/private/home/abhshkdz/.conda/envs/habitat-on-web/lib/python3.6/site-packages/tensorflow-1.13.1-py3.6-linux-x86_64.egg/tensorflow/python/framework/dtypes.py:527: FutureWarning: Passing (type, 1) or '1type' as a synonym of type is deprecated; in a future version of numpy, it will be understood as (type, (1,)) / '(1,)type'.
  _np_quint8 = np.dtype([("quint8", np.uint8, 1)])
/private/home/abhshkdz/.conda/envs/habitat-on-web/lib/python3.6/site-packages/tensorflow-1.13.1-py3.6-linux-x86_64.egg/tensorflow/python/framework/dtypes.py:528: FutureWarning: Passing (type, 1) or '1type' as a synonym of type is deprecated; in a future version of numpy, it will be understood as (type, (1,)) / '(1,)type'.
  _np_qint16 = np.dtype([("qint16", np.int16, 1)])
/private/home/abhshkdz/.conda/envs/habitat-on-web/lib/python3.6/site-packages/tensorflow-1.13.1-py3.6-linux-x86_64.egg/tensorflow/python/framework/dtypes.py:529: FutureWarning: Passing (type, 1) or '1type' as a synonym of type is deprecated; in a future version of numpy, it will be understood as (type, (1,)) / '(1,)type'.
  _np_quint16 = np.dtype([("quint16", np.uint16, 1)])
/private/home/abhshkdz/.conda/envs/habitat-on-web/lib/python3.6/site-packages/tensorflow-1.13.1-py3.6-linux-x86_64.egg/tensorflow/python/framework/dtypes.py:530: FutureWarning: Passing (type, 1) or '1type' as a synonym of type is deprecated; in a future version of numpy, it will be understood as (type, (1,)) / '(1,)type'.
  _np_qint32 = np.dtype([("qint32", np.int32, 1)])
/private/home/abhshkdz/.conda/envs/habitat-on-web/lib/python3.6/site-packages/tensorflow-1.13.1-py3.6-linux-x86_64.egg/tensorflow/python/framework/dtypes.py:535: FutureWarning: Passing (type, 1) or '1type' as a synonym of type is deprecated; in a future version of numpy, it will be understood as (type, (1,)) / '(1,)type'.
  np_resource = np.dtype([("resource", np.ubyte, 1)])
/private/home/abhshkdz/.conda/envs/habitat-on-web/lib/python3.6/site-packages/torch/optim/lr_scheduler.py:136: UserWarning: Detected call of `lr_scheduler.step()` before `optimizer.step()`. In PyTorch 1.1.0 and later, you should call them in the opposite order: `optimizer.step()` before `lr_scheduler.step()`.  Failure to do this will result in PyTorch skipping the first value of the learning rate schedule. See more details at https://pytorch.org/docs/stable/optim.html#how-to-adjust-learning-rate
  "https://pytorch.org/docs/stable/optim.html#how-to-adjust-learning-rate", UserWarning)
2021-06-12 14:46:06,472 update: 1	fps: 75.900	loss: 0.009
2021-06-12 14:46:06,473 update: 1	env-time: 13.287s	pth-time: 5.627s	frames: 1792.0
2021-06-12 14:46:06,474 Average window size: 2  distance_to_goal: 0.025  reward: 15.291  softspl: 0.467  spl: 0.469  success: 1.000
2021-06-12 14:46:15,625 update: 2	fps: 82.044	loss: 0.008
2021-06-12 14:46:15,625 update: 2	env-time: 19.773s	pth-time: 8.259s	frames: 2688.0
2021-06-12 14:46:15,626 Average window size: 3  distance_to_goal: 0.034  reward: 9.106  softspl: 0.440  spl: 0.445  success: 1.000
2021-06-12 14:46:24,582 update: 3	fps: 85.906	loss: 0.008
2021-06-12 14:46:24,582 update: 3	env-time: 26.098s	pth-time: 10.857s	frames: 3584.0
2021-06-12 14:46:24,583 Average window size: 4  distance_to_goal: 0.037  reward: 10.375  softspl: 0.475  spl: 0.479  success: 1.000
2021-06-12 14:46:33,502 update: 4	fps: 88.468	loss: 0.009
2021-06-12 14:46:33,502 update: 4	env-time: 32.353s	pth-time: 13.488s	frames: 4480.0
2021-06-12 14:46:33,503 Average window size: 5  distance_to_goal: 0.040  reward: 9.946  softspl: 0.475  spl: 0.479  success: 1.000
2021-06-12 14:46:42,549 update: 5	fps: 90.070	loss: 0.008
2021-06-12 14:46:42,550 update: 5	env-time: 38.709s	pth-time: 16.144s	frames: 5376.0
2021-06-12 14:46:42,550 Average window size: 6  distance_to_goal: 0.040  reward: 9.665  softspl: 0.451  spl: 0.455  success: 1.000
2021-06-12 14:46:51,439 update: 6	fps: 91.460	loss: 0.008
2021-06-12 14:46:51,440 update: 6	env-time: 44.934s	pth-time: 18.774s	frames: 6272.0
2021-06-12 14:46:51,440 Average window size: 7  distance_to_goal: 0.042  reward: 9.658  softspl: 0.442  spl: 0.446  success: 1.000
2021-06-12 14:47:00,519 update: 7	fps: 92.303	loss: 0.009
2021-06-12 14:47:00,520 update: 7	env-time: 51.317s	pth-time: 21.437s	frames: 7168.0
2021-06-12 14:47:00,520 Average window size: 8  distance_to_goal: 0.042  reward: 9.915  softspl: 0.444  spl: 0.448  success: 1.000
2021-06-12 14:47:09,430 update: 8	fps: 93.152	loss: 0.008
2021-06-12 14:47:09,431 update: 8	env-time: 57.592s	pth-time: 24.039s	frames: 8064.0
2021-06-12 14:47:09,431 Average window size: 9  distance_to_goal: 0.042  reward: 9.640  softspl: 0.445  spl: 0.449  success: 1.000
2021-06-12 14:47:20,308 update: 9	fps: 91.948	loss: 0.007
2021-06-12 14:47:20,309 update: 9	env-time: 65.815s	pth-time: 26.660s	frames: 8960.0
2021-06-12 14:47:20,309 Average window size: 10  distance_to_goal: 0.043  reward: 9.298  softspl: 0.449  spl: 0.454  success: 1.000
2021-06-12 14:47:31,311 update: 10	fps: 90.881	loss: 0.008
2021-06-12 14:47:31,312 update: 10	env-time: 74.111s	pth-time: 29.333s	frames: 9856.0
2021-06-12 14:47:31,312 Average window size: 11  distance_to_goal: 0.043  reward: 9.026  softspl: 0.441  spl: 0.447  success: 1.000
2021-06-12 14:47:41,907 update: 11	fps: 90.319	loss: 0.008
2021-06-12 14:47:41,908 update: 11	env-time: 82.032s	pth-time: 31.973s	frames: 10752.0
2021-06-12 14:47:41,908 Average window size: 12  distance_to_goal: 0.043  reward: 8.973  softspl: 0.441  spl: 0.447  success: 1.000
2021-06-12 14:47:52,407 update: 12	fps: 89.915	loss: 0.008
2021-06-12 14:47:52,408 update: 12	env-time: 89.843s	pth-time: 34.627s	frames: 11648.0
2021-06-12 14:47:52,408 Average window size: 13  distance_to_goal: 0.043  reward: 9.266  softspl: 0.431  spl: 0.437  success: 1.000
2021-06-12 14:48:02,060 update: 13	fps: 90.116	loss: 0.008
2021-06-12 14:48:02,061 update: 13	env-time: 96.853s	pth-time: 37.237s	frames: 12544.0
2021-06-12 14:48:02,061 Average window size: 14  distance_to_goal: 0.043  reward: 9.179  softspl: 0.427  spl: 0.432  success: 1.000
2021-06-12 14:48:12,639 update: 14	fps: 89.733	loss: 0.009
2021-06-12 14:48:12,640 update: 14	env-time: 104.768s	pth-time: 39.867s	frames: 13440.0
2021-06-12 14:48:12,640 Average window size: 15  distance_to_goal: 0.043  reward: 9.239  softspl: 0.441  spl: 0.446  success: 1.000
2021-06-12 14:48:21,874 update: 15	fps: 90.157	loss: 0.008
2021-06-12 14:48:21,875 update: 15	env-time: 111.360s	pth-time: 42.475s	frames: 14336.0
2021-06-12 14:48:21,875 Average window size: 16  distance_to_goal: 0.042  reward: 9.104  softspl: 0.446  spl: 0.451  success: 1.000
2021-06-12 14:48:30,965 update: 16	fps: 90.611	loss: 0.008
2021-06-12 14:48:30,966 update: 16	env-time: 117.724s	pth-time: 45.168s	frames: 15232.0
2021-06-12 14:48:30,966 Average window size: 17  distance_to_goal: 0.042  reward: 9.052  softspl: 0.437  spl: 0.442  success: 1.000
2021-06-12 14:48:39,780 update: 17	fps: 91.161	loss: 0.007
2021-06-12 14:48:39,781 update: 17	env-time: 123.879s	pth-time: 47.794s	frames: 16128.0
2021-06-12 14:48:39,781 Average window size: 18  distance_to_goal: 0.042  reward: 9.034  softspl: 0.436  spl: 0.441  success: 1.000
2021-06-12 14:48:49,074 update: 18	fps: 91.423	loss: 0.007
2021-06-12 14:48:49,075 update: 18	env-time: 130.508s	pth-time: 50.423s	frames: 17024.0
2021-06-12 14:48:49,075 Average window size: 19  distance_to_goal: 0.042  reward: 9.029  softspl: 0.427  spl: 0.432  success: 1.000
2021-06-12 14:48:59,486 update: 19	fps: 91.138	loss: 0.007
2021-06-12 14:48:59,486 update: 19	env-time: 138.235s	pth-time: 53.074s	frames: 17920.0
2021-06-12 14:48:59,487 Average window size: 20  distance_to_goal: 0.042  reward: 9.027  softspl: 0.426  spl: 0.431  success: 1.000
2021-06-12 14:49:08,358 update: 20	fps: 91.564	loss: 0.007
2021-06-12 14:49:08,359 update: 20	env-time: 144.468s	pth-time: 55.679s	frames: 18816.0
2021-06-12 14:49:08,359 Average window size: 21  distance_to_goal: 0.042  reward: 8.965  softspl: 0.429  spl: 0.433  success: 1.000
2021-06-12 14:49:17,224 update: 21	fps: 91.956	loss: 0.007
2021-06-12 14:49:17,225 update: 21	env-time: 150.697s	pth-time: 58.282s	frames: 19712.0
2021-06-12 14:49:17,225 Average window size: 22  distance_to_goal: 0.042  reward: 8.906  softspl: 0.422  spl: 0.426  success: 1.000
2021-06-12 14:49:26,125 update: 22	fps: 92.304	loss: 0.007
2021-06-12 14:49:26,125 update: 22	env-time: 156.959s	pth-time: 60.886s	frames: 20608.0
2021-06-12 14:49:26,126 Average window size: 23  distance_to_goal: 0.041  reward: 8.893  softspl: 0.422  spl: 0.427  success: 1.000
2021-06-12 14:49:35,169 update: 23	fps: 92.567	loss: 0.007
2021-06-12 14:49:35,170 update: 23	env-time: 163.320s	pth-time: 63.535s	frames: 21504.0
2021-06-12 14:49:35,171 Average window size: 24  distance_to_goal: 0.041  reward: 8.896  softspl: 0.419  spl: 0.424  success: 1.000
2021-06-12 14:49:43,938 update: 24	fps: 92.917	loss: 0.007
2021-06-12 14:49:43,939 update: 24	env-time: 169.510s	pth-time: 66.079s	frames: 22400.0
2021-06-12 14:49:43,939 Average window size: 25  distance_to_goal: 0.042  reward: 8.822  softspl: 0.419  spl: 0.424  success: 1.000
2021-06-12 14:49:52,883 update: 25	fps: 93.176	loss: 0.007
2021-06-12 14:49:52,883 update: 25	env-time: 175.794s	pth-time: 68.705s	frames: 23296.0
2021-06-12 14:49:52,884 Average window size: 26  distance_to_goal: 0.043  reward: 8.710  softspl: 0.418  spl: 0.422  success: 1.000
2021-06-12 14:50:01,837 update: 26	fps: 93.414	loss: 0.006
2021-06-12 14:50:01,838 update: 26	env-time: 182.020s	pth-time: 71.400s	frames: 24192.0
2021-06-12 14:50:01,838 Average window size: 27  distance_to_goal: 0.043  reward: 8.635  softspl: 0.417  spl: 0.422  success: 1.000
2021-06-12 14:50:10,786 update: 27	fps: 93.638	loss: 0.006
2021-06-12 14:50:10,787 update: 27	env-time: 188.296s	pth-time: 74.039s	frames: 25088.0
2021-06-12 14:50:10,787 Average window size: 28  distance_to_goal: 0.043  reward: 8.655  softspl: 0.415  spl: 0.420  success: 1.000
2021-06-12 14:50:19,712 update: 28	fps: 93.856	loss: 0.007
2021-06-12 14:50:19,713 update: 28	env-time: 194.556s	pth-time: 76.670s	frames: 25984.0
2021-06-12 14:50:19,714 Average window size: 29  distance_to_goal: 0.043  reward: 8.749  softspl: 0.415  spl: 0.420  success: 1.000
2021-06-12 14:50:28,773 update: 29	fps: 94.015	loss: 0.006
2021-06-12 14:50:28,773 update: 29	env-time: 200.954s	pth-time: 79.298s	frames: 26880.0
2021-06-12 14:50:28,774 Average window size: 30  distance_to_goal: 0.043  reward: 8.706  softspl: 0.417  spl: 0.422  success: 1.000
2021-06-12 14:50:37,742 update: 30	fps: 94.194	loss: 0.006
2021-06-12 14:50:37,743 update: 30	env-time: 207.246s	pth-time: 81.941s	frames: 27776.0
2021-06-12 14:50:37,743 Average window size: 31  distance_to_goal: 0.043  reward: 8.732  softspl: 0.414  spl: 0.419  success: 1.000
2021-06-12 14:50:46,968 update: 31	fps: 94.283	loss: 0.006
2021-06-12 14:50:46,969 update: 31	env-time: 213.819s	pth-time: 84.560s	frames: 28672.0
2021-06-12 14:50:46,969 Average window size: 32  distance_to_goal: 0.043  reward: 8.797  softspl: 0.411  spl: 0.416  success: 1.000
2021-06-12 14:50:55,929 update: 32	fps: 94.446	loss: 0.006
2021-06-12 14:50:55,930 update: 32	env-time: 220.110s	pth-time: 87.197s	frames: 29568.0
2021-06-12 14:50:55,930 Average window size: 33  distance_to_goal: 0.043  reward: 8.850  softspl: 0.412  spl: 0.417  success: 1.000
2021-06-12 14:51:04,784 update: 33	fps: 94.632	loss: 0.006
2021-06-12 14:51:04,785 update: 33	env-time: 226.291s	pth-time: 89.835s	frames: 30464.0
2021-06-12 14:51:04,785 Average window size: 34  distance_to_goal: 0.043  reward: 8.841  softspl: 0.412  spl: 0.417  success: 1.000
srun: Job step aborted: Waiting up to 32 seconds for job step to finish.
slurmstepd: error: *** JOB 42493068 ON learnfair1632 CANCELLED AT 2021-06-12T14:51:07 ***
slurmstepd: error: *** STEP 42493068.1 ON learnfair1632 CANCELLED AT 2021-06-12T14:51:07 ***
