/bin/bash: /public/apps/anaconda3/2020.11/lib/libtinfo.so.6: no version information available (required by /bin/bash)
+ [[ env == \e\n\v ]]
+ echo 'In ObjectNav Env DDP'
+ srun /private/home/abhshkdz/.conda/envs/habitat-on-web/bin/python -u -m habitat_baselines.run --exp-config habitat_baselines/config/objectnav/il_ddp_env_objectnav.yaml --run-type train
srun: Job 43652345 step creation temporarily disabled, retrying (Requested nodes are busy)
srun: Step created for job 43652345
2021-07-16 14:49:52,317 config: BASE_TASK_CONFIG_PATH: configs/tasks/objectnav_mp3d_il.yaml
CHECKPOINT_FOLDER: results/checkpoints/objectnav_mp3d_v4/seed_1
CHECKPOINT_INTERVAL: 100
CMD_TRAILING_OPTS: []
DATASET_PATH: data/datasets/objectnav_mp3d_v4/{split}/{scene_split}.db
ENV_NAME: NavRLEnv
EVAL:
  SPLIT: train_sample
  USE_CKPT_CONFIG: True
EVAL_CKPT_PATH_DIR: data/new_checkpoints/objectnav/objectnav_env/v2_rgbd/ckpt.9.pth
EVAL_RESUTLS_DIR: data/objectnav_mp3d_v4/seed_1/results/
EVAL_SAVE_RESULTS: True
EVAL_SAVE_RESULTS_INTERVAL: 50
FORCE_BLIND_POLICY: False
IL:
  BehaviorCloning:
    clip_param: 0.2
    eps: 1e-05
    hidden_size: 512
    lr: 0.001
    max_grad_norm: 0.2
    num_mini_batch: 2
    num_steps: 128
    reward_window_size: 50
    sync_frac: 0.6
    use_linear_clip_decay: False
    use_linear_lr_decay: True
  USE_IW: True
  distrib_backend: GLOO
LOG_FILE: train.log
LOG_INTERVAL: 10
LOG_METRICS: True
MODEL:
  DEPTH_ENCODER:
    backbone: resnet50
    cnn_type: VlnResnetDepthEncoder
    ddppo_checkpoint: data/ddppo-models/gibson-2plus-resnet50.pth
    output_size: 128
    trainable: False
  NO_VISION: False
  PROGRESS_MONITOR:
    use: False
  RGB_ENCODER:
    backbone: resnet18
    cnn_type: ResnetRGBEncoder
    output_size: 256
    train_encoder: True
  SEMANTIC_ENCODER:
    backbone: resnet18
    cnn_type: ResnetSemSegEncoder
    embedding_size: 4
    output_size: 256
    rednet_ckpt: data/rednet-models/rednet_semmap_mp3d_tuned.pth
    train_encoder: True
  SEQ2SEQ:
    use_prev_action: True
  STATE_ENCODER:
    hidden_size: 512
    num_recurrent_layers: 2
    rnn_type: GRU
  SWITCH_TO_PRED_SEMANTICS_UPDATE: 500
  USE_PRED_SEMANTICS: False
  USE_SEMANTICS: False
  ablate_depth: False
  ablate_rgb: False
  backbone: resnet18
  embed_sge: True
  force_blind_policy: False
  hidden_size: 512
  inflection_weight_coef: 3.4761714413101563
  normalize_visual_inputs: False
  num_recurrent_layers: 2
  resnet_baseplanes: 32
  rnn_type: GRU
NUM_PROCESSES: 8
NUM_UPDATES: 1000
ORBSLAM2:
2021-07-16 14:49:52,317 config: BASE_TASK_CONFIG_PATH: configs/tasks/objectnav_mp3d_il.yaml
CHECKPOINT_FOLDER: results/checkpoints/objectnav_mp3d_v4/seed_1
CHECKPOINT_INTERVAL: 100
CMD_TRAILING_OPTS: []
DATASET_PATH: data/datasets/objectnav_mp3d_v4/{split}/{scene_split}.db
ENV_NAME: NavRLEnv
EVAL:
  SPLIT: train_sample
  USE_CKPT_CONFIG: True
EVAL_CKPT_PATH_DIR: data/new_checkpoints/objectnav/objectnav_env/v2_rgbd/ckpt.9.pth
EVAL_RESUTLS_DIR: data/objectnav_mp3d_v4/seed_1/results/
EVAL_SAVE_RESULTS: True
EVAL_SAVE_RESULTS_INTERVAL: 50
FORCE_BLIND_POLICY: False
IL:
  BehaviorCloning:
    clip_param: 0.2
    eps: 1e-05
    hidden_size: 512
    lr: 0.001
    max_grad_norm: 0.2
    num_mini_batch: 2
    num_steps: 128
    reward_window_size: 50
    sync_frac: 0.6
    use_linear_clip_decay: False
    use_linear_lr_decay: True
  USE_IW: True
  distrib_backend: GLOO
LOG_FILE: train.log
LOG_INTERVAL: 10
LOG_METRICS: True
MODEL:
  DEPTH_ENCODER:
    backbone: resnet50
    cnn_type: VlnResnetDepthEncoder
  ANGLE_TH: 0.2617993877991494
  BETA: 100
  CAMERA_HEIGHT: 1.25
  DEPTH_DENORM: 10.0
  DIST_REACHED_TH: 0.15
  DIST_TO_STOP: 0.05
  D_OBSTACLE_MAX: 4.0
  D_OBSTACLE_MIN: 0.1
  H_OBSTACLE_MAX: 1.25
  H_OBSTACLE_MIN: 0.375
  MAP_CELL_SIZE: 0.1
  MAP_SIZE: 40
  MIN_PTS_IN_OBSTACLE: 320.0
  NEXT_WAYPOINT_TH: 0.5
  NUM_ACTIONS: 3
  PLANNER_MAX_STEPS: 500
  PREPROCESS_MAP: True
  SLAM_SETTINGS_PATH: habitat_baselines/slambased/data/mp3d3_small1k.yaml
  SLAM_VOCAB_PATH: habitat_baselines/slambased/data/ORBvoc.txt
OUTPUT_LOG_DIR: results/logs/objectnav_mp3d_v4/seed_1
PROFILING:
  CAPTURE_START_STEP: -1
  NUM_STEPS_TO_CAPTURE: -1
RESULTS_DIR: results/objectnav_mp3d_v4/seed_1/results/{split}/{type}
RL:
  DDPPO:
    backbone: resnet50
    distrib_backend: GLOO
    num_recurrent_layers: 2
    pretrained: False
    pretrained_encoder: False
    pretrained_weights: data/ddppo-models/gibson-2plus-resnet50.pth
    reset_critic: True
    rnn_type: LSTM
    sync_frac: 0.6
    train_encoder: True
  POLICY:
2021-07-16 14:49:52,317 config: BASE_TASK_CONFIG_PATH: configs/tasks/objectnav_mp3d_il.yaml
CHECKPOINT_FOLDER: results/checkpoints/objectnav_mp3d_v4/seed_1
CHECKPOINT_INTERVAL: 100
CMD_TRAILING_OPTS: []
DATASET_PATH: data/datasets/objectnav_mp3d_v4/{split}/{scene_split}.db
ENV_NAME: NavRLEnv
EVAL:
  SPLIT: train_sample
  USE_CKPT_CONFIG: True
EVAL_CKPT_PATH_DIR: data/new_checkpoints/objectnav/objectnav_env/v2_rgbd/ckpt.9.pth
EVAL_RESUTLS_DIR: data/objectnav_mp3d_v4/seed_1/results/
EVAL_SAVE_RESULTS: True
EVAL_SAVE_RESULTS_INTERVAL: 50
FORCE_BLIND_POLICY: False
IL:
  BehaviorCloning:
    clip_param: 0.2
    eps: 1e-05
    hidden_size: 512
    lr: 0.001
    max_grad_norm: 0.2
    num_mini_batch: 2
    num_steps: 128
    reward_window_size: 50
    sync_frac: 0.6
    use_linear_clip_decay: False
    use_linear_lr_decay: True
  USE_IW: True
  distrib_backend: GLOO
LOG_FILE: train.log
LOG_INTERVAL: 10
LOG_METRICS: True
MODEL:
  DEPTH_ENCODER:
    backbone: resnet50
    cnn_type: VlnResnetDepthEncoder
2021-07-16 14:49:52,317 config: BASE_TASK_CONFIG_PATH: configs/tasks/objectnav_mp3d_il.yaml
CHECKPOINT_FOLDER: results/checkpoints/objectnav_mp3d_v4/seed_1
CHECKPOINT_INTERVAL: 100
CMD_TRAILING_OPTS: []
DATASET_PATH: data/datasets/objectnav_mp3d_v4/{split}/{scene_split}.db
ENV_NAME: NavRLEnv
EVAL:
  SPLIT: train_sample
  USE_CKPT_CONFIG: True
EVAL_CKPT_PATH_DIR: data/new_checkpoints/objectnav/objectnav_env/v2_rgbd/ckpt.9.pth
EVAL_RESUTLS_DIR: data/objectnav_mp3d_v4/seed_1/results/
EVAL_SAVE_RESULTS: True
EVAL_SAVE_RESULTS_INTERVAL: 50
FORCE_BLIND_POLICY: False
IL:
  BehaviorCloning:
    clip_param: 0.2
    eps: 1e-05
    hidden_size: 512
    lr: 0.001
    max_grad_norm: 0.2
    num_mini_batch: 2
    num_steps: 128
    reward_window_size: 50
    sync_frac: 0.6
    use_linear_clip_decay: False
    use_linear_lr_decay: True
  USE_IW: True
  distrib_backend: GLOO
LOG_FILE: train.log
LOG_INTERVAL: 10
LOG_METRICS: True
MODEL:
  DEPTH_ENCODER:
    backbone: resnet50
    cnn_type: VlnResnetDepthEncoder
    ddppo_checkpoint: data/ddppo-models/gibson-2plus-resnet50.pth
    output_size: 128
    trainable: False
  NO_VISION: False
  PROGRESS_MONITOR:
    use: False
  RGB_ENCODER:
    backbone: resnet18
    cnn_type: ResnetRGBEncoder
    output_size: 256
    train_encoder: True
  SEMANTIC_ENCODER:
    backbone: resnet18
    cnn_type: ResnetSemSegEncoder
    embedding_size: 4
    output_size: 256
    rednet_ckpt: data/rednet-models/rednet_semmap_mp3d_tuned.pth
    train_encoder: True
  SEQ2SEQ:
    use_prev_action: True
  STATE_ENCODER:
    hidden_size: 512
    num_recurrent_layers: 2
    rnn_type: GRU
  SWITCH_TO_PRED_SEMANTICS_UPDATE: 500
  USE_PRED_SEMANTICS: False
  USE_SEMANTICS: False
  ablate_depth: False
  ablate_rgb: False
  backbone: resnet18
  embed_sge: True
  force_blind_policy: False
  hidden_size: 512
  inflection_weight_coef: 3.4761714413101563
  normalize_visual_inputs: False
  num_recurrent_layers: 2
  resnet_baseplanes: 32
  rnn_type: GRU
NUM_PROCESSES: 8
NUM_UPDATES: 1000
ORBSLAM2:
    OBS_TRANSFORMS:
      CENTER_CROPPER:
        HEIGHT: 256
        WIDTH: 256
      CUBE2EQ:
        HEIGHT: 256
        SENSOR_UUIDS: []
        WIDTH: 512
      CUBE2FISH:
        FOV: 180
        HEIGHT: 256
        PARAMS: (0.2, 0.2, 0.2)
        SENSOR_UUIDS: []
        WIDTH: 256
      ENABLED_TRANSFORMS: ()
      EQ2CUBE:
        HEIGHT: 256
        SENSOR_UUIDS: []
        WIDTH: 256
      RESIZE_SHORTEST_EDGE:
        SIZE: 256
    name: PointNavBaselinePolicy
  PPO:
    clip_param: 0.2
    entropy_coef: 0.01
    eps: 1e-05
    gamma: 0.99
    hidden_size: 512
    lr: 0.0007
    max_grad_norm: 0.5
    num_mini_batch: 16
    num_steps: 5
    ppo_epoch: 4
    reward_window_size: 50
    tau: 0.95
    use_gae: True
    use_linear_clip_decay: False
    use_linear_lr_decay: False
    use_normalized_advantage: True
    value_loss_coef: 0.5
  REWARD_MEASURE: distance_to_goal
  SLACK_REWARD: -0.001
  SUCCESS_MEASURE: spl
  SUCCESS_REWARD: 2.5
SENSORS: ['RGB_SENSOR', 'DEPTH_SENSOR']
    ddppo_checkpoint: data/ddppo-models/gibson-2plus-resnet50.pth
    output_size: 128
    trainable: False
  NO_VISION: False
  PROGRESS_MONITOR:
    use: False
  RGB_ENCODER:
    backbone: resnet18
    cnn_type: ResnetRGBEncoder
    output_size: 256
    train_encoder: True
  SEMANTIC_ENCODER:
    backbone: resnet18
    cnn_type: ResnetSemSegEncoder
    embedding_size: 4
    output_size: 256
    rednet_ckpt: data/rednet-models/rednet_semmap_mp3d_tuned.pth
    train_encoder: True
  SEQ2SEQ:
    use_prev_action: True
  STATE_ENCODER:
    hidden_size: 512
    num_recurrent_layers: 2
    rnn_type: GRU
  SWITCH_TO_PRED_SEMANTICS_UPDATE: 500
  USE_PRED_SEMANTICS: False
  USE_SEMANTICS: False
  ablate_depth: False
  ablate_rgb: False
  backbone: resnet18
  embed_sge: True
  force_blind_policy: False
  hidden_size: 512
  inflection_weight_coef: 3.4761714413101563
  normalize_visual_inputs: False
  num_recurrent_layers: 2
  resnet_baseplanes: 32
  rnn_type: GRU
NUM_PROCESSES: 8
NUM_UPDATES: 1000
ORBSLAM2:
    ddppo_checkpoint: data/ddppo-models/gibson-2plus-resnet50.pth
    output_size: 128
    trainable: False
  NO_VISION: False
  PROGRESS_MONITOR:
    use: False
  RGB_ENCODER:
    backbone: resnet18
    cnn_type: ResnetRGBEncoder
    output_size: 256
    train_encoder: True
  SEMANTIC_ENCODER:
    backbone: resnet18
    cnn_type: ResnetSemSegEncoder
    embedding_size: 4
    output_size: 256
    rednet_ckpt: data/rednet-models/rednet_semmap_mp3d_tuned.pth
    train_encoder: True
  SEQ2SEQ:
    use_prev_action: True
  STATE_ENCODER:
    hidden_size: 512
    num_recurrent_layers: 2
    rnn_type: GRU
  SWITCH_TO_PRED_SEMANTICS_UPDATE: 500
  USE_PRED_SEMANTICS: False
  USE_SEMANTICS: False
  ablate_depth: False
  ablate_rgb: False
  backbone: resnet18
  embed_sge: True
  force_blind_policy: False
  hidden_size: 512
  inflection_weight_coef: 3.4761714413101563
  normalize_visual_inputs: False
  num_recurrent_layers: 2
  resnet_baseplanes: 32
  rnn_type: GRU
NUM_PROCESSES: 8
NUM_UPDATES: 1000
ORBSLAM2:
  ANGLE_TH: 0.2617993877991494
  BETA: 100
  CAMERA_HEIGHT: 1.25
  DEPTH_DENORM: 10.0
  DIST_REACHED_TH: 0.15
  DIST_TO_STOP: 0.05
  D_OBSTACLE_MAX: 4.0
  D_OBSTACLE_MIN: 0.1
  H_OBSTACLE_MAX: 1.25
  H_OBSTACLE_MIN: 0.375
  MAP_CELL_SIZE: 0.1
  MAP_SIZE: 40
  MIN_PTS_IN_OBSTACLE: 320.0
  NEXT_WAYPOINT_TH: 0.5
  NUM_ACTIONS: 3
  PLANNER_MAX_STEPS: 500
  PREPROCESS_MAP: True
  SLAM_SETTINGS_PATH: habitat_baselines/slambased/data/mp3d3_small1k.yaml
  SLAM_VOCAB_PATH: habitat_baselines/slambased/data/ORBvoc.txt
OUTPUT_LOG_DIR: results/logs/objectnav_mp3d_v4/seed_1
PROFILING:
  CAPTURE_START_STEP: -1
  NUM_STEPS_TO_CAPTURE: -1
RESULTS_DIR: results/objectnav_mp3d_v4/seed_1/results/{split}/{type}
RL:
  DDPPO:
    backbone: resnet50
    distrib_backend: GLOO
    num_recurrent_layers: 2
    pretrained: False
    pretrained_encoder: False
    pretrained_weights: data/ddppo-models/gibson-2plus-resnet50.pth
    reset_critic: True
    rnn_type: LSTM
    sync_frac: 0.6
    train_encoder: True
  POLICY:
SHOW_TOP_DOWN_MAP: False
SIMULATOR_GPU_ID: 0
TASK_CONFIG:
  DATASET:
  ANGLE_TH: 0.2617993877991494
  BETA: 100
  CAMERA_HEIGHT: 1.25
  DEPTH_DENORM: 10.0
  DIST_REACHED_TH: 0.15
  DIST_TO_STOP: 0.05
  D_OBSTACLE_MAX: 4.0
  D_OBSTACLE_MIN: 0.1
  H_OBSTACLE_MAX: 1.25
  H_OBSTACLE_MIN: 0.375
  MAP_CELL_SIZE: 0.1
  MAP_SIZE: 40
  MIN_PTS_IN_OBSTACLE: 320.0
  NEXT_WAYPOINT_TH: 0.5
  NUM_ACTIONS: 3
  PLANNER_MAX_STEPS: 500
  PREPROCESS_MAP: True
  SLAM_SETTINGS_PATH: habitat_baselines/slambased/data/mp3d3_small1k.yaml
  SLAM_VOCAB_PATH: habitat_baselines/slambased/data/ORBvoc.txt
OUTPUT_LOG_DIR: results/logs/objectnav_mp3d_v4/seed_1
PROFILING:
  CAPTURE_START_STEP: -1
  NUM_STEPS_TO_CAPTURE: -1
RESULTS_DIR: results/objectnav_mp3d_v4/seed_1/results/{split}/{type}
RL:
  DDPPO:
    backbone: resnet50
    distrib_backend: GLOO
    num_recurrent_layers: 2
    pretrained: False
    pretrained_encoder: False
    pretrained_weights: data/ddppo-models/gibson-2plus-resnet50.pth
    reset_critic: True
    rnn_type: LSTM
    sync_frac: 0.6
    train_encoder: True
  POLICY:
  ANGLE_TH: 0.2617993877991494
  BETA: 100
  CAMERA_HEIGHT: 1.25
  DEPTH_DENORM: 10.0
  DIST_REACHED_TH: 0.15
  DIST_TO_STOP: 0.05
  D_OBSTACLE_MAX: 4.0
  D_OBSTACLE_MIN: 0.1
  H_OBSTACLE_MAX: 1.25
  H_OBSTACLE_MIN: 0.375
  MAP_CELL_SIZE: 0.1
  MAP_SIZE: 40
  MIN_PTS_IN_OBSTACLE: 320.0
  NEXT_WAYPOINT_TH: 0.5
  NUM_ACTIONS: 3
  PLANNER_MAX_STEPS: 500
  PREPROCESS_MAP: True
  SLAM_SETTINGS_PATH: habitat_baselines/slambased/data/mp3d3_small1k.yaml
  SLAM_VOCAB_PATH: habitat_baselines/slambased/data/ORBvoc.txt
OUTPUT_LOG_DIR: results/logs/objectnav_mp3d_v4/seed_1
PROFILING:
  CAPTURE_START_STEP: -1
  NUM_STEPS_TO_CAPTURE: -1
RESULTS_DIR: results/objectnav_mp3d_v4/seed_1/results/{split}/{type}
RL:
  DDPPO:
    backbone: resnet50
    distrib_backend: GLOO
    num_recurrent_layers: 2
    pretrained: False
    pretrained_encoder: False
    pretrained_weights: data/ddppo-models/gibson-2plus-resnet50.pth
    reset_critic: True
    rnn_type: LSTM
    sync_frac: 0.6
    train_encoder: True
  POLICY:
    OBS_TRANSFORMS:
      CENTER_CROPPER:
        HEIGHT: 256
        WIDTH: 256
      CUBE2EQ:
        HEIGHT: 256
        SENSOR_UUIDS: []
        WIDTH: 512
      CUBE2FISH:
        FOV: 180
        HEIGHT: 256
        PARAMS: (0.2, 0.2, 0.2)
        SENSOR_UUIDS: []
        WIDTH: 256
      ENABLED_TRANSFORMS: ()
      EQ2CUBE:
        HEIGHT: 256
        SENSOR_UUIDS: []
        WIDTH: 256
      RESIZE_SHORTEST_EDGE:
        SIZE: 256
    name: PointNavBaselinePolicy
  PPO:
    clip_param: 0.2
    entropy_coef: 0.01
    eps: 1e-05
    gamma: 0.99
    hidden_size: 512
    lr: 0.0007
    max_grad_norm: 0.5
    num_mini_batch: 16
    num_steps: 5
    ppo_epoch: 4
    reward_window_size: 50
    tau: 0.95
    use_gae: True
    use_linear_clip_decay: False
    use_linear_lr_decay: False
    use_normalized_advantage: True
    value_loss_coef: 0.5
  REWARD_MEASURE: distance_to_goal
  SLACK_REWARD: -0.001
  SUCCESS_MEASURE: spl
  SUCCESS_REWARD: 2.5
SENSORS: ['RGB_SENSOR', 'DEPTH_SENSOR']
    CONTENT_SCENES: ['*']
    DATA_PATH: data/datasets/objectnav_mp3d_v4/{split}/{split}.json.gz
    SCENES_DIR: data/scene_datasets/
    SPLIT: train
    TYPE: ObjectNav-v2
  ENVIRONMENT:
    ITERATOR_OPTIONS:
      CYCLE: True
      GROUP_BY_SCENE: True
      MAX_SCENE_REPEAT_EPISODES: -1
      MAX_SCENE_REPEAT_STEPS: 10000
      NUM_EPISODE_SAMPLE: -1
      SHUFFLE: True
      STEP_REPETITION_RANGE: 0.2
    MAX_EPISODE_SECONDS: 10000000
    MAX_EPISODE_STEPS: 500
  PYROBOT:
    BASE_CONTROLLER: proportional
    BASE_PLANNER: none
    BUMP_SENSOR:
      TYPE: PyRobotBumpSensor
    DEPTH_SENSOR:
      CENTER_CROP: False
      HEIGHT: 480
      MAX_DEPTH: 5.0
      MIN_DEPTH: 0.0
      NORMALIZE_DEPTH: True
      TYPE: PyRobotDepthSensor
      WIDTH: 640
    LOCOBOT:
      ACTIONS: ['BASE_ACTIONS', 'CAMERA_ACTIONS']
      BASE_ACTIONS: ['go_to_relative', 'go_to_absolute']
      CAMERA_ACTIONS: ['set_pan', 'set_tilt', 'set_pan_tilt']
    RGB_SENSOR:
      CENTER_CROP: False
      HEIGHT: 480
    OBS_TRANSFORMS:
      CENTER_CROPPER:
        HEIGHT: 256
        WIDTH: 256
      CUBE2EQ:
        HEIGHT: 256
        SENSOR_UUIDS: []
        WIDTH: 512
      CUBE2FISH:
        FOV: 180
        HEIGHT: 256
        PARAMS: (0.2, 0.2, 0.2)
        SENSOR_UUIDS: []
        WIDTH: 256
      ENABLED_TRANSFORMS: ()
      EQ2CUBE:
        HEIGHT: 256
        SENSOR_UUIDS: []
        WIDTH: 256
      RESIZE_SHORTEST_EDGE:
        SIZE: 256
    name: PointNavBaselinePolicy
  PPO:
    clip_param: 0.2
    entropy_coef: 0.01
    eps: 1e-05
    gamma: 0.99
    hidden_size: 512
    lr: 0.0007
    max_grad_norm: 0.5
    num_mini_batch: 16
    num_steps: 5
    ppo_epoch: 4
    reward_window_size: 50
    tau: 0.95
    use_gae: True
    use_linear_clip_decay: False
    use_linear_lr_decay: False
    use_normalized_advantage: True
    value_loss_coef: 0.5
  REWARD_MEASURE: distance_to_goal
  SLACK_REWARD: -0.001
  SUCCESS_MEASURE: spl
  SUCCESS_REWARD: 2.5
SENSORS: ['RGB_SENSOR', 'DEPTH_SENSOR']
    OBS_TRANSFORMS:
      CENTER_CROPPER:
        HEIGHT: 256
        WIDTH: 256
      CUBE2EQ:
        HEIGHT: 256
        SENSOR_UUIDS: []
        WIDTH: 512
      CUBE2FISH:
        FOV: 180
        HEIGHT: 256
        PARAMS: (0.2, 0.2, 0.2)
        SENSOR_UUIDS: []
        WIDTH: 256
      ENABLED_TRANSFORMS: ()
      EQ2CUBE:
        HEIGHT: 256
        SENSOR_UUIDS: []
        WIDTH: 256
      RESIZE_SHORTEST_EDGE:
        SIZE: 256
    name: PointNavBaselinePolicy
  PPO:
    clip_param: 0.2
    entropy_coef: 0.01
    eps: 1e-05
    gamma: 0.99
    hidden_size: 512
    lr: 0.0007
    max_grad_norm: 0.5
    num_mini_batch: 16
    num_steps: 5
    ppo_epoch: 4
    reward_window_size: 50
    tau: 0.95
    use_gae: True
    use_linear_clip_decay: False
    use_linear_lr_decay: False
    use_normalized_advantage: True
    value_loss_coef: 0.5
  REWARD_MEASURE: distance_to_goal
  SLACK_REWARD: -0.001
  SUCCESS_MEASURE: spl
  SUCCESS_REWARD: 2.5
SENSORS: ['RGB_SENSOR', 'DEPTH_SENSOR']
SHOW_TOP_DOWN_MAP: False
SIMULATOR_GPU_ID: 0
TASK_CONFIG:
  DATASET:
      TYPE: PyRobotRGBSensor
      WIDTH: 640
    ROBOT: locobot
    ROBOTS: ['locobot']
    SENSORS: ['RGB_SENSOR', 'DEPTH_SENSOR', 'BUMP_SENSOR']
  SEED: 105
  SIMULATOR:
    ACTION_SPACE_CONFIG: v1
    AGENTS: ['AGENT_0']
    AGENT_0:
      ANGULAR_ACCELERATION: 12.56
      ANGULAR_FRICTION: 1.0
      COEFFICIENT_OF_RESTITUTION: 0.0
      HEIGHT: 0.88
      IS_SET_START_STATE: False
      LINEAR_ACCELERATION: 20.0
      LINEAR_FRICTION: 0.5
      MASS: 32.0
      RADIUS: 0.18
      SENSORS: ['RGB_SENSOR', 'SEMANTIC_SENSOR', 'DEPTH_SENSOR']
      START_POSITION: [0, 0, 0]
      START_ROTATION: [0, 0, 0, 1]
    DEFAULT_AGENT_ID: 0
    DEPTH_SENSOR:
      HEIGHT: 480
      HFOV: 79
      MAX_DEPTH: 5.0
      MIN_DEPTH: 0.5
      NORMALIZE_DEPTH: True
      ORIENTATION: [0.0, 0.0, 0.0]
      POSITION: [0, 0.88, 0]
      TYPE: HabitatSimDepthSensor
      WIDTH: 640
    FORWARD_STEP_SIZE: 0.25
    HABITAT_SIM_V0:
      ALLOW_SLIDING: False
      ENABLE_PHYSICS: False
      GPU_DEVICE_ID: 0
      GPU_GPU: False
SHOW_TOP_DOWN_MAP: False
SIMULATOR_GPU_ID: 0
TASK_CONFIG:
  DATASET:
SHOW_TOP_DOWN_MAP: False
SIMULATOR_GPU_ID: 0
TASK_CONFIG:
  DATASET:
    CONTENT_SCENES: ['*']
    DATA_PATH: data/datasets/objectnav_mp3d_v4/{split}/{split}.json.gz
    SCENES_DIR: data/scene_datasets/
    SPLIT: train
    TYPE: ObjectNav-v2
  ENVIRONMENT:
    ITERATOR_OPTIONS:
      CYCLE: True
      GROUP_BY_SCENE: True
      MAX_SCENE_REPEAT_EPISODES: -1
      MAX_SCENE_REPEAT_STEPS: 10000
      NUM_EPISODE_SAMPLE: -1
      SHUFFLE: True
      STEP_REPETITION_RANGE: 0.2
    MAX_EPISODE_SECONDS: 10000000
    MAX_EPISODE_STEPS: 500
  PYROBOT:
    BASE_CONTROLLER: proportional
    BASE_PLANNER: none
    BUMP_SENSOR:
      TYPE: PyRobotBumpSensor
    DEPTH_SENSOR:
      CENTER_CROP: False
      HEIGHT: 480
      MAX_DEPTH: 5.0
      MIN_DEPTH: 0.0
      NORMALIZE_DEPTH: True
      TYPE: PyRobotDepthSensor
      WIDTH: 640
    LOCOBOT:
      ACTIONS: ['BASE_ACTIONS', 'CAMERA_ACTIONS']
      BASE_ACTIONS: ['go_to_relative', 'go_to_absolute']
      CAMERA_ACTIONS: ['set_pan', 'set_tilt', 'set_pan_tilt']
    RGB_SENSOR:
      CENTER_CROP: False
      HEIGHT: 480
      PHYSICS_CONFIG_FILE: ./data/default.physics_config.json
    RGB_SENSOR:
      HEIGHT: 480
      HFOV: 79
      ORIENTATION: [0.0, 0.0, 0.0]
      POSITION: [0, 0.88, 0]
      TYPE: HabitatSimRGBSensor
      WIDTH: 640
    SCENE: data/scene_datasets/habitat-test-scenes/van-gogh-room.glb
    SEED: 100
    SEMANTIC_SENSOR:
      HEIGHT: 480
      HFOV: 79
      ORIENTATION: [0.0, 0.0, 0.0]
      POSITION: [0, 0.88, 0]
      TYPE: HabitatSimSemanticSensor
      WIDTH: 640
    TILT_ANGLE: 30
    TURN_ANGLE: 30
    TYPE: Sim-v0
  TASK:
    ACTIONS:
      ANSWER:
        TYPE: AnswerAction
      LOOK_DOWN:
        TYPE: LookDownAction
      LOOK_UP:
        TYPE: LookUpAction
      MOVE_FORWARD:
        TYPE: MoveForwardAction
      STOP:
        TYPE: StopAction
      TELEPORT:
        TYPE: TeleportAction
      TURN_LEFT:
        TYPE: TurnLeftAction
      TURN_RIGHT:
        TYPE: TurnRightAction
    ALL_OBJECT_POSITIONS:
      TYPE: AllObjectPositions
    ANSWER_ACCURACY:
      TYPE: AnswerAccuracy
    CONTENT_SCENES: ['*']
    DATA_PATH: data/datasets/objectnav_mp3d_v4/{split}/{split}.json.gz
    SCENES_DIR: data/scene_datasets/
    SPLIT: train
    TYPE: ObjectNav-v2
  ENVIRONMENT:
    ITERATOR_OPTIONS:
      CYCLE: True
      GROUP_BY_SCENE: True
      MAX_SCENE_REPEAT_EPISODES: -1
      MAX_SCENE_REPEAT_STEPS: 10000
      NUM_EPISODE_SAMPLE: -1
      SHUFFLE: True
      STEP_REPETITION_RANGE: 0.2
    MAX_EPISODE_SECONDS: 10000000
    MAX_EPISODE_STEPS: 500
  PYROBOT:
    BASE_CONTROLLER: proportional
    BASE_PLANNER: none
    BUMP_SENSOR:
      TYPE: PyRobotBumpSensor
    DEPTH_SENSOR:
      CENTER_CROP: False
      HEIGHT: 480
      MAX_DEPTH: 5.0
      MIN_DEPTH: 0.0
      NORMALIZE_DEPTH: True
      TYPE: PyRobotDepthSensor
      WIDTH: 640
    LOCOBOT:
      ACTIONS: ['BASE_ACTIONS', 'CAMERA_ACTIONS']
      BASE_ACTIONS: ['go_to_relative', 'go_to_absolute']
      CAMERA_ACTIONS: ['set_pan', 'set_tilt', 'set_pan_tilt']
    RGB_SENSOR:
      CENTER_CROP: False
      HEIGHT: 480
    CONTENT_SCENES: ['*']
    DATA_PATH: data/datasets/objectnav_mp3d_v4/{split}/{split}.json.gz
    SCENES_DIR: data/scene_datasets/
    SPLIT: train
    TYPE: ObjectNav-v2
  ENVIRONMENT:
    ITERATOR_OPTIONS:
      CYCLE: True
      GROUP_BY_SCENE: True
      MAX_SCENE_REPEAT_EPISODES: -1
      MAX_SCENE_REPEAT_STEPS: 10000
      NUM_EPISODE_SAMPLE: -1
      SHUFFLE: True
      STEP_REPETITION_RANGE: 0.2
    MAX_EPISODE_SECONDS: 10000000
    MAX_EPISODE_STEPS: 500
  PYROBOT:
    BASE_CONTROLLER: proportional
    BASE_PLANNER: none
    BUMP_SENSOR:
      TYPE: PyRobotBumpSensor
    DEPTH_SENSOR:
      CENTER_CROP: False
      HEIGHT: 480
      MAX_DEPTH: 5.0
      MIN_DEPTH: 0.0
      NORMALIZE_DEPTH: True
      TYPE: PyRobotDepthSensor
      WIDTH: 640
    LOCOBOT:
      ACTIONS: ['BASE_ACTIONS', 'CAMERA_ACTIONS']
      BASE_ACTIONS: ['go_to_relative', 'go_to_absolute']
      CAMERA_ACTIONS: ['set_pan', 'set_tilt', 'set_pan_tilt']
    RGB_SENSOR:
      CENTER_CROP: False
      HEIGHT: 480
      TYPE: PyRobotRGBSensor
      WIDTH: 640
    ROBOT: locobot
    ROBOTS: ['locobot']
    SENSORS: ['RGB_SENSOR', 'DEPTH_SENSOR', 'BUMP_SENSOR']
  SEED: 105
  SIMULATOR:
    ACTION_SPACE_CONFIG: v1
    AGENTS: ['AGENT_0']
    AGENT_0:
      ANGULAR_ACCELERATION: 12.56
      ANGULAR_FRICTION: 1.0
      COEFFICIENT_OF_RESTITUTION: 0.0
      HEIGHT: 0.88
      IS_SET_START_STATE: False
      LINEAR_ACCELERATION: 20.0
      LINEAR_FRICTION: 0.5
      MASS: 32.0
      RADIUS: 0.18
      SENSORS: ['RGB_SENSOR', 'SEMANTIC_SENSOR', 'DEPTH_SENSOR']
      START_POSITION: [0, 0, 0]
      START_ROTATION: [0, 0, 0, 1]
    DEFAULT_AGENT_ID: 0
    DEPTH_SENSOR:
      HEIGHT: 480
      HFOV: 79
      MAX_DEPTH: 5.0
      MIN_DEPTH: 0.5
      NORMALIZE_DEPTH: True
      ORIENTATION: [0.0, 0.0, 0.0]
      POSITION: [0, 0.88, 0]
      TYPE: HabitatSimDepthSensor
      WIDTH: 640
    FORWARD_STEP_SIZE: 0.25
    HABITAT_SIM_V0:
      ALLOW_SLIDING: False
      ENABLE_PHYSICS: False
      GPU_DEVICE_ID: 0
      GPU_GPU: False
    COLLISIONS:
      TYPE: Collisions
    COMPASS_SENSOR:
      TYPE: CompassSensor
    CORRECT_ANSWER:
      TYPE: CorrectAnswer
    DEMONSTRATION_SENSOR:
      TYPE: DemonstrationSensor
    DEMONSTRATION_SENSOR_UUID: demonstration
    DISTANCE_TO_GOAL:
      DISTANCE_TO: VIEW_POINTS
      TYPE: DistanceToGoal
    EPISODE_INFO:
      TYPE: EpisodeInfo
    GOAL_SENSOR_UUID: objectgoal
    GPS_SENSOR:
      DIMENSIONALITY: 2
      TYPE: GPSSensor
    HEADING_SENSOR:
      TYPE: HeadingSensor
    IMAGEGOAL_SENSOR:
      TYPE: ImageGoalSensor
    INFLECTION_WEIGHT_SENSOR:
      INFLECTION_COEF: 3.4761714413101563
      TYPE: InflectionWeightSensor
    INFLECTION_WEIGHT_SENSOR_UUID: inflection_weight
    INSTRUCTION_SENSOR:
      TYPE: InstructionSensor
    INSTRUCTION_SENSOR_UUID: instruction
    MEASUREMENTS: ['DISTANCE_TO_GOAL', 'SUCCESS', 'SPL', 'SOFT_SPL']
    OBJECTGOAL_SENSOR:
      GOAL_SPEC: TASK_CATEGORY_ID
      GOAL_SPEC_MAX_VAL: 50
      TYPE: ObjectGoalSensor
    POINTGOAL_SENSOR:
      TYPE: PyRobotRGBSensor
      WIDTH: 640
    ROBOT: locobot
    ROBOTS: ['locobot']
    SENSORS: ['RGB_SENSOR', 'DEPTH_SENSOR', 'BUMP_SENSOR']
  SEED: 105
  SIMULATOR:
    ACTION_SPACE_CONFIG: v1
    AGENTS: ['AGENT_0']
    AGENT_0:
      ANGULAR_ACCELERATION: 12.56
      ANGULAR_FRICTION: 1.0
      COEFFICIENT_OF_RESTITUTION: 0.0
      HEIGHT: 0.88
      IS_SET_START_STATE: False
      LINEAR_ACCELERATION: 20.0
      LINEAR_FRICTION: 0.5
      MASS: 32.0
      RADIUS: 0.18
      SENSORS: ['RGB_SENSOR', 'SEMANTIC_SENSOR', 'DEPTH_SENSOR']
      START_POSITION: [0, 0, 0]
      START_ROTATION: [0, 0, 0, 1]
    DEFAULT_AGENT_ID: 0
    DEPTH_SENSOR:
      HEIGHT: 480
      HFOV: 79
      MAX_DEPTH: 5.0
      MIN_DEPTH: 0.5
      NORMALIZE_DEPTH: True
      ORIENTATION: [0.0, 0.0, 0.0]
      POSITION: [0, 0.88, 0]
      TYPE: HabitatSimDepthSensor
      WIDTH: 640
    FORWARD_STEP_SIZE: 0.25
    HABITAT_SIM_V0:
      ALLOW_SLIDING: False
      ENABLE_PHYSICS: False
      GPU_DEVICE_ID: 0
      GPU_GPU: False
      TYPE: PyRobotRGBSensor
      WIDTH: 640
    ROBOT: locobot
    ROBOTS: ['locobot']
    SENSORS: ['RGB_SENSOR', 'DEPTH_SENSOR', 'BUMP_SENSOR']
  SEED: 105
  SIMULATOR:
    ACTION_SPACE_CONFIG: v1
    AGENTS: ['AGENT_0']
    AGENT_0:
      ANGULAR_ACCELERATION: 12.56
      ANGULAR_FRICTION: 1.0
      COEFFICIENT_OF_RESTITUTION: 0.0
      HEIGHT: 0.88
      IS_SET_START_STATE: False
      LINEAR_ACCELERATION: 20.0
      LINEAR_FRICTION: 0.5
      MASS: 32.0
      RADIUS: 0.18
      SENSORS: ['RGB_SENSOR', 'SEMANTIC_SENSOR', 'DEPTH_SENSOR']
      START_POSITION: [0, 0, 0]
      START_ROTATION: [0, 0, 0, 1]
    DEFAULT_AGENT_ID: 0
    DEPTH_SENSOR:
      HEIGHT: 480
      HFOV: 79
      MAX_DEPTH: 5.0
      MIN_DEPTH: 0.5
      NORMALIZE_DEPTH: True
      ORIENTATION: [0.0, 0.0, 0.0]
      POSITION: [0, 0.88, 0]
      TYPE: HabitatSimDepthSensor
      WIDTH: 640
    FORWARD_STEP_SIZE: 0.25
    HABITAT_SIM_V0:
      ALLOW_SLIDING: False
      ENABLE_PHYSICS: False
      GPU_DEVICE_ID: 0
      GPU_GPU: False
      PHYSICS_CONFIG_FILE: ./data/default.physics_config.json
    RGB_SENSOR:
      HEIGHT: 480
      HFOV: 79
      ORIENTATION: [0.0, 0.0, 0.0]
      POSITION: [0, 0.88, 0]
      TYPE: HabitatSimRGBSensor
      WIDTH: 640
    SCENE: data/scene_datasets/habitat-test-scenes/van-gogh-room.glb
    SEED: 100
    SEMANTIC_SENSOR:
      HEIGHT: 480
      HFOV: 79
      ORIENTATION: [0.0, 0.0, 0.0]
      POSITION: [0, 0.88, 0]
      TYPE: HabitatSimSemanticSensor
      WIDTH: 640
    TILT_ANGLE: 30
    TURN_ANGLE: 30
    TYPE: Sim-v0
  TASK:
    ACTIONS:
      ANSWER:
        TYPE: AnswerAction
      LOOK_DOWN:
        TYPE: LookDownAction
      LOOK_UP:
        TYPE: LookUpAction
      MOVE_FORWARD:
        TYPE: MoveForwardAction
      STOP:
        TYPE: StopAction
      TELEPORT:
        TYPE: TeleportAction
      TURN_LEFT:
        TYPE: TurnLeftAction
      TURN_RIGHT:
        TYPE: TurnRightAction
    ALL_OBJECT_POSITIONS:
      TYPE: AllObjectPositions
    ANSWER_ACCURACY:
      TYPE: AnswerAccuracy
      DIMENSIONALITY: 2
      PHYSICS_CONFIG_FILE: ./data/default.physics_config.json
    RGB_SENSOR:
      HEIGHT: 480
      HFOV: 79
      ORIENTATION: [0.0, 0.0, 0.0]
      POSITION: [0, 0.88, 0]
      TYPE: HabitatSimRGBSensor
      WIDTH: 640
    SCENE: data/scene_datasets/habitat-test-scenes/van-gogh-room.glb
    SEED: 100
    SEMANTIC_SENSOR:
      HEIGHT: 480
      HFOV: 79
      ORIENTATION: [0.0, 0.0, 0.0]
      POSITION: [0, 0.88, 0]
      TYPE: HabitatSimSemanticSensor
      WIDTH: 640
    TILT_ANGLE: 30
    TURN_ANGLE: 30
    TYPE: Sim-v0
  TASK:
    ACTIONS:
      ANSWER:
        TYPE: AnswerAction
      LOOK_DOWN:
        TYPE: LookDownAction
      LOOK_UP:
        TYPE: LookUpAction
      MOVE_FORWARD:
        TYPE: MoveForwardAction
      STOP:
        TYPE: StopAction
      TELEPORT:
        TYPE: TeleportAction
      TURN_LEFT:
        TYPE: TurnLeftAction
      TURN_RIGHT:
        TYPE: TurnRightAction
    ALL_OBJECT_POSITIONS:
      TYPE: AllObjectPositions
    ANSWER_ACCURACY:
      TYPE: AnswerAccuracy
      PHYSICS_CONFIG_FILE: ./data/default.physics_config.json
    RGB_SENSOR:
      HEIGHT: 480
      HFOV: 79
      ORIENTATION: [0.0, 0.0, 0.0]
      POSITION: [0, 0.88, 0]
      TYPE: HabitatSimRGBSensor
      WIDTH: 640
    SCENE: data/scene_datasets/habitat-test-scenes/van-gogh-room.glb
    SEED: 100
    SEMANTIC_SENSOR:
      HEIGHT: 480
      HFOV: 79
      ORIENTATION: [0.0, 0.0, 0.0]
      POSITION: [0, 0.88, 0]
      TYPE: HabitatSimSemanticSensor
      WIDTH: 640
    TILT_ANGLE: 30
    TURN_ANGLE: 30
    TYPE: Sim-v0
  TASK:
    ACTIONS:
      ANSWER:
        TYPE: AnswerAction
      LOOK_DOWN:
        TYPE: LookDownAction
      LOOK_UP:
        TYPE: LookUpAction
      MOVE_FORWARD:
        TYPE: MoveForwardAction
      STOP:
        TYPE: StopAction
      TELEPORT:
        TYPE: TeleportAction
      TURN_LEFT:
        TYPE: TurnLeftAction
      TURN_RIGHT:
        TYPE: TurnRightAction
    ALL_OBJECT_POSITIONS:
      TYPE: AllObjectPositions
    ANSWER_ACCURACY:
      TYPE: AnswerAccuracy
    COLLISIONS:
      TYPE: Collisions
    COMPASS_SENSOR:
      TYPE: CompassSensor
    CORRECT_ANSWER:
      TYPE: CorrectAnswer
    DEMONSTRATION_SENSOR:
      TYPE: DemonstrationSensor
    DEMONSTRATION_SENSOR_UUID: demonstration
    DISTANCE_TO_GOAL:
      DISTANCE_TO: VIEW_POINTS
      TYPE: DistanceToGoal
    EPISODE_INFO:
      TYPE: EpisodeInfo
    GOAL_SENSOR_UUID: objectgoal
    GPS_SENSOR:
      DIMENSIONALITY: 2
      TYPE: GPSSensor
    HEADING_SENSOR:
      TYPE: HeadingSensor
    IMAGEGOAL_SENSOR:
      TYPE: ImageGoalSensor
    INFLECTION_WEIGHT_SENSOR:
      INFLECTION_COEF: 3.4761714413101563
      TYPE: InflectionWeightSensor
    INFLECTION_WEIGHT_SENSOR_UUID: inflection_weight
    INSTRUCTION_SENSOR:
      TYPE: InstructionSensor
    INSTRUCTION_SENSOR_UUID: instruction
    MEASUREMENTS: ['DISTANCE_TO_GOAL', 'SUCCESS', 'SPL', 'SOFT_SPL']
    OBJECTGOAL_SENSOR:
      GOAL_SPEC: TASK_CATEGORY_ID
      GOAL_SPEC_MAX_VAL: 50
      TYPE: ObjectGoalSensor
    POINTGOAL_SENSOR:
      GOAL_FORMAT: POLAR
      TYPE: PointGoalSensor
    POINTGOAL_WITH_GPS_COMPASS_SENSOR:
      DIMENSIONALITY: 2
      GOAL_FORMAT: POLAR
      TYPE: PointGoalWithGPSCompassSensor
    POSSIBLE_ACTIONS: ['STOP', 'MOVE_FORWARD', 'TURN_LEFT', 'TURN_RIGHT', 'LOOK_UP', 'LOOK_DOWN']
    PROXIMITY_SENSOR:
      MAX_DETECTION_RADIUS: 2.0
      TYPE: ProximitySensor
    QUESTION_SENSOR:
      TYPE: QuestionSensor
    SENSORS: ['OBJECTGOAL_SENSOR', 'COMPASS_SENSOR', 'GPS_SENSOR']
    SOFT_SPL:
      TYPE: SoftSPL
    SPL:
      TYPE: SPL
    SUCCESS:
      SUCCESS_DISTANCE: 0.1
      TYPE: Success
    SUCCESS_DISTANCE: 0.1
    TOP_DOWN_MAP:
      DRAW_BORDER: True
      DRAW_GOAL_AABBS: False
      DRAW_GOAL_POSITIONS: True
      DRAW_SHORTEST_PATH: False
      DRAW_SOURCE: True
      DRAW_VIEW_POINTS: True
      FOG_OF_WAR:
        DRAW: True
        FOV: 90
        VISIBILITY_DIST: 5.0
      MAP_PADDING: 3
      MAP_RESOLUTION: 1024
      MAX_EPISODE_STEPS: 1000
      TYPE: TopDownMap
    TYPE: ObjectNav-v1
    COLLISIONS:
      TYPE: Collisions
    COMPASS_SENSOR:
      TYPE: CompassSensor
    CORRECT_ANSWER:
      TYPE: CorrectAnswer
    DEMONSTRATION_SENSOR:
      TYPE: DemonstrationSensor
    DEMONSTRATION_SENSOR_UUID: demonstration
    DISTANCE_TO_GOAL:
      DISTANCE_TO: VIEW_POINTS
      TYPE: DistanceToGoal
    EPISODE_INFO:
      TYPE: EpisodeInfo
    GOAL_SENSOR_UUID: objectgoal
    GPS_SENSOR:
      DIMENSIONALITY: 2
      TYPE: GPSSensor
    HEADING_SENSOR:
      TYPE: HeadingSensor
    IMAGEGOAL_SENSOR:
      TYPE: ImageGoalSensor
    INFLECTION_WEIGHT_SENSOR:
      INFLECTION_COEF: 3.4761714413101563
      TYPE: InflectionWeightSensor
    INFLECTION_WEIGHT_SENSOR_UUID: inflection_weight
    INSTRUCTION_SENSOR:
      TYPE: InstructionSensor
    INSTRUCTION_SENSOR_UUID: instruction
    MEASUREMENTS: ['DISTANCE_TO_GOAL', 'SUCCESS', 'SPL', 'SOFT_SPL']
    OBJECTGOAL_SENSOR:
      GOAL_SPEC: TASK_CATEGORY_ID
      GOAL_SPEC_MAX_VAL: 50
      TYPE: ObjectGoalSensor
    POINTGOAL_SENSOR:
    COLLISIONS:
      TYPE: Collisions
    COMPASS_SENSOR:
      TYPE: CompassSensor
    CORRECT_ANSWER:
      TYPE: CorrectAnswer
    DEMONSTRATION_SENSOR:
      TYPE: DemonstrationSensor
    DEMONSTRATION_SENSOR_UUID: demonstration
    DISTANCE_TO_GOAL:
      DISTANCE_TO: VIEW_POINTS
      TYPE: DistanceToGoal
    EPISODE_INFO:
      TYPE: EpisodeInfo
    GOAL_SENSOR_UUID: objectgoal
    GPS_SENSOR:
      DIMENSIONALITY: 2
      TYPE: GPSSensor
    HEADING_SENSOR:
      TYPE: HeadingSensor
    IMAGEGOAL_SENSOR:
      TYPE: ImageGoalSensor
    INFLECTION_WEIGHT_SENSOR:
      INFLECTION_COEF: 3.4761714413101563
      TYPE: InflectionWeightSensor
    INFLECTION_WEIGHT_SENSOR_UUID: inflection_weight
    INSTRUCTION_SENSOR:
      TYPE: InstructionSensor
    INSTRUCTION_SENSOR_UUID: instruction
    MEASUREMENTS: ['DISTANCE_TO_GOAL', 'SUCCESS', 'SPL', 'SOFT_SPL']
    OBJECTGOAL_SENSOR:
      GOAL_SPEC: TASK_CATEGORY_ID
      GOAL_SPEC_MAX_VAL: 50
      TYPE: ObjectGoalSensor
    POINTGOAL_SENSOR:
      DIMENSIONALITY: 2
TENSORBOARD_DIR: results/tb/objectnav_mp3d_v4/seed_1/
TEST_EPISODE_COUNT: -1
TORCH_GPU_ID: 0
TRAINER_NAME: ddp-objectnav-bc-env
VIDEO_DIR: results/videos/objectnav_mp3d_v4/seed_1/
VIDEO_OPTION: ['disk']
      DIMENSIONALITY: 2
      DIMENSIONALITY: 2
      GOAL_FORMAT: POLAR
      TYPE: PointGoalSensor
    POINTGOAL_WITH_GPS_COMPASS_SENSOR:
      DIMENSIONALITY: 2
      GOAL_FORMAT: POLAR
      TYPE: PointGoalWithGPSCompassSensor
    POSSIBLE_ACTIONS: ['STOP', 'MOVE_FORWARD', 'TURN_LEFT', 'TURN_RIGHT', 'LOOK_UP', 'LOOK_DOWN']
    PROXIMITY_SENSOR:
      MAX_DETECTION_RADIUS: 2.0
      TYPE: ProximitySensor
    QUESTION_SENSOR:
      TYPE: QuestionSensor
    SENSORS: ['OBJECTGOAL_SENSOR', 'COMPASS_SENSOR', 'GPS_SENSOR']
    SOFT_SPL:
      TYPE: SoftSPL
    SPL:
      TYPE: SPL
    SUCCESS:
      SUCCESS_DISTANCE: 0.1
      TYPE: Success
    SUCCESS_DISTANCE: 0.1
    TOP_DOWN_MAP:
      DRAW_BORDER: True
      DRAW_GOAL_AABBS: False
      DRAW_GOAL_POSITIONS: True
      DRAW_SHORTEST_PATH: False
      DRAW_SOURCE: True
      DRAW_VIEW_POINTS: True
      FOG_OF_WAR:
        DRAW: True
        FOV: 90
        VISIBILITY_DIST: 5.0
      MAP_PADDING: 3
      MAP_RESOLUTION: 1024
      MAX_EPISODE_STEPS: 1000
      TYPE: TopDownMap
    TYPE: ObjectNav-v1
      GOAL_FORMAT: POLAR
      TYPE: PointGoalSensor
    POINTGOAL_WITH_GPS_COMPASS_SENSOR:
      DIMENSIONALITY: 2
      GOAL_FORMAT: POLAR
      TYPE: PointGoalWithGPSCompassSensor
    POSSIBLE_ACTIONS: ['STOP', 'MOVE_FORWARD', 'TURN_LEFT', 'TURN_RIGHT', 'LOOK_UP', 'LOOK_DOWN']
    PROXIMITY_SENSOR:
      MAX_DETECTION_RADIUS: 2.0
      TYPE: ProximitySensor
    QUESTION_SENSOR:
      TYPE: QuestionSensor
    SENSORS: ['OBJECTGOAL_SENSOR', 'COMPASS_SENSOR', 'GPS_SENSOR']
    SOFT_SPL:
      TYPE: SoftSPL
    SPL:
      TYPE: SPL
    SUCCESS:
      SUCCESS_DISTANCE: 0.1
      TYPE: Success
    SUCCESS_DISTANCE: 0.1
    TOP_DOWN_MAP:
      DRAW_BORDER: True
      DRAW_GOAL_AABBS: False
      DRAW_GOAL_POSITIONS: True
      DRAW_SHORTEST_PATH: False
      DRAW_SOURCE: True
      DRAW_VIEW_POINTS: True
      FOG_OF_WAR:
        DRAW: True
        FOV: 90
        VISIBILITY_DIST: 5.0
      MAP_PADDING: 3
      MAP_RESOLUTION: 1024
      MAX_EPISODE_STEPS: 1000
      TYPE: TopDownMap
    TYPE: ObjectNav-v1
      GOAL_FORMAT: POLAR
      TYPE: PointGoalSensor
    POINTGOAL_WITH_GPS_COMPASS_SENSOR:
      DIMENSIONALITY: 2
      GOAL_FORMAT: POLAR
      TYPE: PointGoalWithGPSCompassSensor
    POSSIBLE_ACTIONS: ['STOP', 'MOVE_FORWARD', 'TURN_LEFT', 'TURN_RIGHT', 'LOOK_UP', 'LOOK_DOWN']
    PROXIMITY_SENSOR:
      MAX_DETECTION_RADIUS: 2.0
      TYPE: ProximitySensor
    QUESTION_SENSOR:
      TYPE: QuestionSensor
    SENSORS: ['OBJECTGOAL_SENSOR', 'COMPASS_SENSOR', 'GPS_SENSOR']
    SOFT_SPL:
      TYPE: SoftSPL
    SPL:
      TYPE: SPL
    SUCCESS:
      SUCCESS_DISTANCE: 0.1
      TYPE: Success
    SUCCESS_DISTANCE: 0.1
    TOP_DOWN_MAP:
      DRAW_BORDER: True
      DRAW_GOAL_AABBS: False
      DRAW_GOAL_POSITIONS: True
      DRAW_SHORTEST_PATH: False
      DRAW_SOURCE: True
      DRAW_VIEW_POINTS: True
      FOG_OF_WAR:
        DRAW: True
        FOV: 90
        VISIBILITY_DIST: 5.0
      MAP_PADDING: 3
      MAP_RESOLUTION: 1024
      MAX_EPISODE_STEPS: 1000
      TYPE: TopDownMap
    TYPE: ObjectNav-v1
TENSORBOARD_DIR: results/tb/objectnav_mp3d_v4/seed_1/
TEST_EPISODE_COUNT: -1
TORCH_GPU_ID: 0
TRAINER_NAME: ddp-objectnav-bc-env
VIDEO_DIR: results/videos/objectnav_mp3d_v4/seed_1/
VIDEO_OPTION: ['disk']
2021-07-16 14:49:52,318 config: BASE_TASK_CONFIG_PATH: configs/tasks/objectnav_mp3d_il.yaml
CHECKPOINT_FOLDER: results/checkpoints/objectnav_mp3d_v4/seed_1
CHECKPOINT_INTERVAL: 100
CMD_TRAILING_OPTS: []
DATASET_PATH: data/datasets/objectnav_mp3d_v4/{split}/{scene_split}.db
ENV_NAME: NavRLEnv
EVAL:
  SPLIT: train_sample
  USE_CKPT_CONFIG: True
EVAL_CKPT_PATH_DIR: data/new_checkpoints/objectnav/objectnav_env/v2_rgbd/ckpt.9.pth
EVAL_RESUTLS_DIR: data/objectnav_mp3d_v4/seed_1/results/
EVAL_SAVE_RESULTS: True
EVAL_SAVE_RESULTS_INTERVAL: 50
FORCE_BLIND_POLICY: False
IL:
  BehaviorCloning:
    clip_param: 0.2
    eps: 1e-05
    hidden_size: 512
    lr: 0.001
    max_grad_norm: 0.2
    num_mini_batch: 2
    num_steps: 128
    reward_window_size: 50
    sync_frac: 0.6
    use_linear_clip_decay: False
    use_linear_lr_decay: True
  USE_IW: True
  distrib_backend: GLOO
LOG_FILE: train.log
LOG_INTERVAL: 10
LOG_METRICS: True
MODEL:
  DEPTH_ENCODER:
    backbone: resnet50
    cnn_type: VlnResnetDepthEncoder
TENSORBOARD_DIR: results/tb/objectnav_mp3d_v4/seed_1/
TEST_EPISODE_COUNT: -1
TORCH_GPU_ID: 0
TRAINER_NAME: ddp-objectnav-bc-env
VIDEO_DIR: results/videos/objectnav_mp3d_v4/seed_1/
VIDEO_OPTION: ['disk']
TENSORBOARD_DIR: results/tb/objectnav_mp3d_v4/seed_1/
TEST_EPISODE_COUNT: -1
TORCH_GPU_ID: 0
TRAINER_NAME: ddp-objectnav-bc-env
VIDEO_DIR: results/videos/objectnav_mp3d_v4/seed_1/
VIDEO_OPTION: ['disk']
    ddppo_checkpoint: data/ddppo-models/gibson-2plus-resnet50.pth
    output_size: 128
    trainable: False
  NO_VISION: False
  PROGRESS_MONITOR:
    use: False
  RGB_ENCODER:
    backbone: resnet18
    cnn_type: ResnetRGBEncoder
    output_size: 256
    train_encoder: True
  SEMANTIC_ENCODER:
    backbone: resnet18
    cnn_type: ResnetSemSegEncoder
    embedding_size: 4
    output_size: 256
    rednet_ckpt: data/rednet-models/rednet_semmap_mp3d_tuned.pth
    train_encoder: True
  SEQ2SEQ:
    use_prev_action: True
  STATE_ENCODER:
    hidden_size: 512
    num_recurrent_layers: 2
    rnn_type: GRU
  SWITCH_TO_PRED_SEMANTICS_UPDATE: 500
  USE_PRED_SEMANTICS: False
  USE_SEMANTICS: False
  ablate_depth: False
  ablate_rgb: False
  backbone: resnet18
  embed_sge: True
  force_blind_policy: False
  hidden_size: 512
  inflection_weight_coef: 3.4761714413101563
  normalize_visual_inputs: False
  num_recurrent_layers: 2
  resnet_baseplanes: 32
  rnn_type: GRU
NUM_PROCESSES: 8
NUM_UPDATES: 1000
ORBSLAM2:
  ANGLE_TH: 0.2617993877991494
  BETA: 100
  CAMERA_HEIGHT: 1.25
  DEPTH_DENORM: 10.0
  DIST_REACHED_TH: 0.15
  DIST_TO_STOP: 0.05
  D_OBSTACLE_MAX: 4.0
  D_OBSTACLE_MIN: 0.1
  H_OBSTACLE_MAX: 1.25
  H_OBSTACLE_MIN: 0.375
  MAP_CELL_SIZE: 0.1
  MAP_SIZE: 40
  MIN_PTS_IN_OBSTACLE: 320.0
  NEXT_WAYPOINT_TH: 0.5
  NUM_ACTIONS: 3
  PLANNER_MAX_STEPS: 500
  PREPROCESS_MAP: True
  SLAM_SETTINGS_PATH: habitat_baselines/slambased/data/mp3d3_small1k.yaml
  SLAM_VOCAB_PATH: habitat_baselines/slambased/data/ORBvoc.txt
OUTPUT_LOG_DIR: results/logs/objectnav_mp3d_v4/seed_1
PROFILING:
  CAPTURE_START_STEP: -1
  NUM_STEPS_TO_CAPTURE: -1
RESULTS_DIR: results/objectnav_mp3d_v4/seed_1/results/{split}/{type}
RL:
  DDPPO:
    backbone: resnet50
    distrib_backend: GLOO
    num_recurrent_layers: 2
    pretrained: False
    pretrained_encoder: False
    pretrained_weights: data/ddppo-models/gibson-2plus-resnet50.pth
    reset_critic: True
    rnn_type: LSTM
    sync_frac: 0.6
    train_encoder: True
  POLICY:
    OBS_TRANSFORMS:
      CENTER_CROPPER:
        HEIGHT: 256
        WIDTH: 256
      CUBE2EQ:
        HEIGHT: 256
        SENSOR_UUIDS: []
        WIDTH: 512
      CUBE2FISH:
        FOV: 180
        HEIGHT: 256
        PARAMS: (0.2, 0.2, 0.2)
        SENSOR_UUIDS: []
        WIDTH: 256
      ENABLED_TRANSFORMS: ()
      EQ2CUBE:
        HEIGHT: 256
        SENSOR_UUIDS: []
        WIDTH: 256
      RESIZE_SHORTEST_EDGE:
        SIZE: 256
    name: PointNavBaselinePolicy
  PPO:
    clip_param: 0.2
    entropy_coef: 0.01
    eps: 1e-05
    gamma: 0.99
    hidden_size: 512
    lr: 0.0007
    max_grad_norm: 0.5
    num_mini_batch: 16
    num_steps: 5
    ppo_epoch: 4
    reward_window_size: 50
    tau: 0.95
    use_gae: True
    use_linear_clip_decay: False
    use_linear_lr_decay: False
    use_normalized_advantage: True
    value_loss_coef: 0.5
  REWARD_MEASURE: distance_to_goal
  SLACK_REWARD: -0.001
  SUCCESS_MEASURE: spl
  SUCCESS_REWARD: 2.5
SENSORS: ['RGB_SENSOR', 'DEPTH_SENSOR']
SHOW_TOP_DOWN_MAP: False
SIMULATOR_GPU_ID: 0
TASK_CONFIG:
  DATASET:
    CONTENT_SCENES: ['*']
    DATA_PATH: data/datasets/objectnav_mp3d_v4/{split}/{split}.json.gz
    SCENES_DIR: data/scene_datasets/
    SPLIT: train
    TYPE: ObjectNav-v2
  ENVIRONMENT:
    ITERATOR_OPTIONS:
      CYCLE: True
      GROUP_BY_SCENE: True
      MAX_SCENE_REPEAT_EPISODES: -1
      MAX_SCENE_REPEAT_STEPS: 10000
      NUM_EPISODE_SAMPLE: -1
      SHUFFLE: True
      STEP_REPETITION_RANGE: 0.2
    MAX_EPISODE_SECONDS: 10000000
    MAX_EPISODE_STEPS: 500
  PYROBOT:
    BASE_CONTROLLER: proportional
    BASE_PLANNER: none
    BUMP_SENSOR:
      TYPE: PyRobotBumpSensor
    DEPTH_SENSOR:
      CENTER_CROP: False
      HEIGHT: 480
      MAX_DEPTH: 5.0
      MIN_DEPTH: 0.0
      NORMALIZE_DEPTH: True
      TYPE: PyRobotDepthSensor
      WIDTH: 640
    LOCOBOT:
      ACTIONS: ['BASE_ACTIONS', 'CAMERA_ACTIONS']
      BASE_ACTIONS: ['go_to_relative', 'go_to_absolute']
      CAMERA_ACTIONS: ['set_pan', 'set_tilt', 'set_pan_tilt']
    RGB_SENSOR:
      CENTER_CROP: False
      HEIGHT: 480
      TYPE: PyRobotRGBSensor
      WIDTH: 640
    ROBOT: locobot
    ROBOTS: ['locobot']
    SENSORS: ['RGB_SENSOR', 'DEPTH_SENSOR', 'BUMP_SENSOR']
  SEED: 105
  SIMULATOR:
    ACTION_SPACE_CONFIG: v1
    AGENTS: ['AGENT_0']
    AGENT_0:
      ANGULAR_ACCELERATION: 12.56
      ANGULAR_FRICTION: 1.0
      COEFFICIENT_OF_RESTITUTION: 0.0
      HEIGHT: 0.88
      IS_SET_START_STATE: False
      LINEAR_ACCELERATION: 20.0
      LINEAR_FRICTION: 0.5
      MASS: 32.0
      RADIUS: 0.18
      SENSORS: ['RGB_SENSOR', 'SEMANTIC_SENSOR', 'DEPTH_SENSOR']
      START_POSITION: [0, 0, 0]
      START_ROTATION: [0, 0, 0, 1]
    DEFAULT_AGENT_ID: 0
    DEPTH_SENSOR:
      HEIGHT: 480
      HFOV: 79
      MAX_DEPTH: 5.0
      MIN_DEPTH: 0.5
      NORMALIZE_DEPTH: True
      ORIENTATION: [0.0, 0.0, 0.0]
      POSITION: [0, 0.88, 0]
      TYPE: HabitatSimDepthSensor
      WIDTH: 640
    FORWARD_STEP_SIZE: 0.25
    HABITAT_SIM_V0:
      ALLOW_SLIDING: False
      ENABLE_PHYSICS: False
      GPU_DEVICE_ID: 0
      GPU_GPU: False
      PHYSICS_CONFIG_FILE: ./data/default.physics_config.json
    RGB_SENSOR:
      HEIGHT: 480
      HFOV: 79
      ORIENTATION: [0.0, 0.0, 0.0]
      POSITION: [0, 0.88, 0]
      TYPE: HabitatSimRGBSensor
      WIDTH: 640
    SCENE: data/scene_datasets/habitat-test-scenes/van-gogh-room.glb
    SEED: 100
    SEMANTIC_SENSOR:
      HEIGHT: 480
      HFOV: 79
      ORIENTATION: [0.0, 0.0, 0.0]
      POSITION: [0, 0.88, 0]
      TYPE: HabitatSimSemanticSensor
      WIDTH: 640
    TILT_ANGLE: 30
    TURN_ANGLE: 30
    TYPE: Sim-v0
  TASK:
    ACTIONS:
      ANSWER:
        TYPE: AnswerAction
      LOOK_DOWN:
        TYPE: LookDownAction
      LOOK_UP:
        TYPE: LookUpAction
      MOVE_FORWARD:
        TYPE: MoveForwardAction
      STOP:
        TYPE: StopAction
      TELEPORT:
        TYPE: TeleportAction
      TURN_LEFT:
        TYPE: TurnLeftAction
      TURN_RIGHT:
        TYPE: TurnRightAction
    ALL_OBJECT_POSITIONS:
      TYPE: AllObjectPositions
    ANSWER_ACCURACY:
      TYPE: AnswerAccuracy
    COLLISIONS:
      TYPE: Collisions
    COMPASS_SENSOR:
      TYPE: CompassSensor
    CORRECT_ANSWER:
      TYPE: CorrectAnswer
    DEMONSTRATION_SENSOR:
      TYPE: DemonstrationSensor
    DEMONSTRATION_SENSOR_UUID: demonstration
    DISTANCE_TO_GOAL:
      DISTANCE_TO: VIEW_POINTS
      TYPE: DistanceToGoal
    EPISODE_INFO:
      TYPE: EpisodeInfo
    GOAL_SENSOR_UUID: objectgoal
    GPS_SENSOR:
      DIMENSIONALITY: 2
      TYPE: GPSSensor
    HEADING_SENSOR:
      TYPE: HeadingSensor
    IMAGEGOAL_SENSOR:
      TYPE: ImageGoalSensor
    INFLECTION_WEIGHT_SENSOR:
      INFLECTION_COEF: 3.4761714413101563
      TYPE: InflectionWeightSensor
    INFLECTION_WEIGHT_SENSOR_UUID: inflection_weight
    INSTRUCTION_SENSOR:
      TYPE: InstructionSensor
    INSTRUCTION_SENSOR_UUID: instruction
    MEASUREMENTS: ['DISTANCE_TO_GOAL', 'SUCCESS', 'SPL', 'SOFT_SPL']
    OBJECTGOAL_SENSOR:
      GOAL_SPEC: TASK_CATEGORY_ID
      GOAL_SPEC_MAX_VAL: 50
      TYPE: ObjectGoalSensor
    POINTGOAL_SENSOR:
      DIMENSIONALITY: 2
      GOAL_FORMAT: POLAR
      TYPE: PointGoalSensor
    POINTGOAL_WITH_GPS_COMPASS_SENSOR:
      DIMENSIONALITY: 2
      GOAL_FORMAT: POLAR
      TYPE: PointGoalWithGPSCompassSensor
    POSSIBLE_ACTIONS: ['STOP', 'MOVE_FORWARD', 'TURN_LEFT', 'TURN_RIGHT', 'LOOK_UP', 'LOOK_DOWN']
    PROXIMITY_SENSOR:
      MAX_DETECTION_RADIUS: 2.0
      TYPE: ProximitySensor
    QUESTION_SENSOR:
      TYPE: QuestionSensor
    SENSORS: ['OBJECTGOAL_SENSOR', 'COMPASS_SENSOR', 'GPS_SENSOR']
    SOFT_SPL:
      TYPE: SoftSPL
    SPL:
      TYPE: SPL
    SUCCESS:
      SUCCESS_DISTANCE: 0.1
      TYPE: Success
    SUCCESS_DISTANCE: 0.1
    TOP_DOWN_MAP:
      DRAW_BORDER: True
      DRAW_GOAL_AABBS: False
      DRAW_GOAL_POSITIONS: True
      DRAW_SHORTEST_PATH: False
      DRAW_SOURCE: True
      DRAW_VIEW_POINTS: True
      FOG_OF_WAR:
        DRAW: True
        FOV: 90
        VISIBILITY_DIST: 5.0
      MAP_PADDING: 3
      MAP_RESOLUTION: 1024
      MAX_EPISODE_STEPS: 1000
      TYPE: TopDownMap
    TYPE: ObjectNav-v1
TENSORBOARD_DIR: results/tb/objectnav_mp3d_v4/seed_1/
TEST_EPISODE_COUNT: -1
TORCH_GPU_ID: 0
TRAINER_NAME: ddp-objectnav-bc-env
VIDEO_DIR: results/videos/objectnav_mp3d_v4/seed_1/
VIDEO_OPTION: ['disk']
2021-07-16 14:49:52,321 config: BASE_TASK_CONFIG_PATH: configs/tasks/objectnav_mp3d_il.yaml
CHECKPOINT_FOLDER: results/checkpoints/objectnav_mp3d_v4/seed_1
CHECKPOINT_INTERVAL: 100
CMD_TRAILING_OPTS: []
DATASET_PATH: data/datasets/objectnav_mp3d_v4/{split}/{scene_split}.db
ENV_NAME: NavRLEnv
EVAL:
  SPLIT: train_sample
  USE_CKPT_CONFIG: True
EVAL_CKPT_PATH_DIR: data/new_checkpoints/objectnav/objectnav_env/v2_rgbd/ckpt.9.pth
EVAL_RESUTLS_DIR: data/objectnav_mp3d_v4/seed_1/results/
EVAL_SAVE_RESULTS: True
EVAL_SAVE_RESULTS_INTERVAL: 50
FORCE_BLIND_POLICY: False
IL:
  BehaviorCloning:
    clip_param: 0.2
    eps: 1e-05
    hidden_size: 512
    lr: 0.001
    max_grad_norm: 0.2
    num_mini_batch: 2
    num_steps: 128
    reward_window_size: 50
    sync_frac: 0.6
    use_linear_clip_decay: False
    use_linear_lr_decay: True
  USE_IW: True
  distrib_backend: GLOO
LOG_FILE: train.log
LOG_INTERVAL: 10
LOG_METRICS: True
MODEL:
  DEPTH_ENCODER:
    backbone: resnet50
    cnn_type: VlnResnetDepthEncoder
    ddppo_checkpoint: data/ddppo-models/gibson-2plus-resnet50.pth
    output_size: 128
    trainable: False
  NO_VISION: False
  PROGRESS_MONITOR:
    use: False
  RGB_ENCODER:
    backbone: resnet18
    cnn_type: ResnetRGBEncoder
    output_size: 256
    train_encoder: True
  SEMANTIC_ENCODER:
    backbone: resnet18
    cnn_type: ResnetSemSegEncoder
    embedding_size: 4
    output_size: 256
    rednet_ckpt: data/rednet-models/rednet_semmap_mp3d_tuned.pth
    train_encoder: True
  SEQ2SEQ:
    use_prev_action: True
  STATE_ENCODER:
    hidden_size: 512
    num_recurrent_layers: 2
    rnn_type: GRU
  SWITCH_TO_PRED_SEMANTICS_UPDATE: 500
  USE_PRED_SEMANTICS: False
  USE_SEMANTICS: False
  ablate_depth: False
  ablate_rgb: False
  backbone: resnet18
  embed_sge: True
  force_blind_policy: False
  hidden_size: 512
  inflection_weight_coef: 3.4761714413101563
  normalize_visual_inputs: False
  num_recurrent_layers: 2
  resnet_baseplanes: 32
  rnn_type: GRU
NUM_PROCESSES: 8
NUM_UPDATES: 1000
ORBSLAM2:
  ANGLE_TH: 0.2617993877991494
  BETA: 100
  CAMERA_HEIGHT: 1.25
  DEPTH_DENORM: 10.0
  DIST_REACHED_TH: 0.15
  DIST_TO_STOP: 0.05
  D_OBSTACLE_MAX: 4.0
  D_OBSTACLE_MIN: 0.1
  H_OBSTACLE_MAX: 1.25
  H_OBSTACLE_MIN: 0.375
  MAP_CELL_SIZE: 0.1
  MAP_SIZE: 40
  MIN_PTS_IN_OBSTACLE: 320.0
  NEXT_WAYPOINT_TH: 0.5
  NUM_ACTIONS: 3
  PLANNER_MAX_STEPS: 500
  PREPROCESS_MAP: True
  SLAM_SETTINGS_PATH: habitat_baselines/slambased/data/mp3d3_small1k.yaml
  SLAM_VOCAB_PATH: habitat_baselines/slambased/data/ORBvoc.txt
OUTPUT_LOG_DIR: results/logs/objectnav_mp3d_v4/seed_1
PROFILING:
  CAPTURE_START_STEP: -1
  NUM_STEPS_TO_CAPTURE: -1
RESULTS_DIR: results/objectnav_mp3d_v4/seed_1/results/{split}/{type}
RL:
  DDPPO:
    backbone: resnet50
    distrib_backend: GLOO
    num_recurrent_layers: 2
    pretrained: False
    pretrained_encoder: False
    pretrained_weights: data/ddppo-models/gibson-2plus-resnet50.pth
    reset_critic: True
    rnn_type: LSTM
    sync_frac: 0.6
    train_encoder: True
  POLICY:
    OBS_TRANSFORMS:
      CENTER_CROPPER:
        HEIGHT: 256
        WIDTH: 256
      CUBE2EQ:
        HEIGHT: 256
        SENSOR_UUIDS: []
        WIDTH: 512
      CUBE2FISH:
        FOV: 180
        HEIGHT: 256
        PARAMS: (0.2, 0.2, 0.2)
        SENSOR_UUIDS: []
        WIDTH: 256
      ENABLED_TRANSFORMS: ()
      EQ2CUBE:
        HEIGHT: 256
        SENSOR_UUIDS: []
        WIDTH: 256
      RESIZE_SHORTEST_EDGE:
        SIZE: 256
    name: PointNavBaselinePolicy
  PPO:
    clip_param: 0.2
    entropy_coef: 0.01
    eps: 1e-05
    gamma: 0.99
    hidden_size: 512
    lr: 0.0007
    max_grad_norm: 0.5
    num_mini_batch: 16
    num_steps: 5
    ppo_epoch: 4
    reward_window_size: 50
    tau: 0.95
    use_gae: True
    use_linear_clip_decay: False
    use_linear_lr_decay: False
    use_normalized_advantage: True
    value_loss_coef: 0.5
  REWARD_MEASURE: distance_to_goal
  SLACK_REWARD: -0.001
  SUCCESS_MEASURE: spl
  SUCCESS_REWARD: 2.5
SENSORS: ['RGB_SENSOR', 'DEPTH_SENSOR']
SHOW_TOP_DOWN_MAP: False
SIMULATOR_GPU_ID: 0
TASK_CONFIG:
  DATASET:
    CONTENT_SCENES: ['*']
    DATA_PATH: data/datasets/objectnav_mp3d_v4/{split}/{split}.json.gz
    SCENES_DIR: data/scene_datasets/
    SPLIT: train
    TYPE: ObjectNav-v2
  ENVIRONMENT:
    ITERATOR_OPTIONS:
      CYCLE: True
      GROUP_BY_SCENE: True
      MAX_SCENE_REPEAT_EPISODES: -1
      MAX_SCENE_REPEAT_STEPS: 10000
      NUM_EPISODE_SAMPLE: -1
      SHUFFLE: True
      STEP_REPETITION_RANGE: 0.2
    MAX_EPISODE_SECONDS: 10000000
    MAX_EPISODE_STEPS: 500
  PYROBOT:
    BASE_CONTROLLER: proportional
    BASE_PLANNER: none
    BUMP_SENSOR:
      TYPE: PyRobotBumpSensor
    DEPTH_SENSOR:
      CENTER_CROP: False
      HEIGHT: 480
      MAX_DEPTH: 5.0
      MIN_DEPTH: 0.0
      NORMALIZE_DEPTH: True
      TYPE: PyRobotDepthSensor
      WIDTH: 640
    LOCOBOT:
      ACTIONS: ['BASE_ACTIONS', 'CAMERA_ACTIONS']
      BASE_ACTIONS: ['go_to_relative', 'go_to_absolute']
      CAMERA_ACTIONS: ['set_pan', 'set_tilt', 'set_pan_tilt']
    RGB_SENSOR:
      CENTER_CROP: False
      HEIGHT: 480
      TYPE: PyRobotRGBSensor
      WIDTH: 640
    ROBOT: locobot
    ROBOTS: ['locobot']
    SENSORS: ['RGB_SENSOR', 'DEPTH_SENSOR', 'BUMP_SENSOR']
  SEED: 105
  SIMULATOR:
    ACTION_SPACE_CONFIG: v1
    AGENTS: ['AGENT_0']
    AGENT_0:
      ANGULAR_ACCELERATION: 12.56
      ANGULAR_FRICTION: 1.0
      COEFFICIENT_OF_RESTITUTION: 0.0
      HEIGHT: 0.88
      IS_SET_START_STATE: False
      LINEAR_ACCELERATION: 20.0
      LINEAR_FRICTION: 0.5
      MASS: 32.0
      RADIUS: 0.18
      SENSORS: ['RGB_SENSOR', 'SEMANTIC_SENSOR', 'DEPTH_SENSOR']
      START_POSITION: [0, 0, 0]
      START_ROTATION: [0, 0, 0, 1]
    DEFAULT_AGENT_ID: 0
    DEPTH_SENSOR:
      HEIGHT: 480
      HFOV: 79
      MAX_DEPTH: 5.0
      MIN_DEPTH: 0.5
      NORMALIZE_DEPTH: True
      ORIENTATION: [0.0, 0.0, 0.0]
      POSITION: [0, 0.88, 0]
      TYPE: HabitatSimDepthSensor
      WIDTH: 640
    FORWARD_STEP_SIZE: 0.25
    HABITAT_SIM_V0:
      ALLOW_SLIDING: False
      ENABLE_PHYSICS: False
      GPU_DEVICE_ID: 0
      GPU_GPU: False
      PHYSICS_CONFIG_FILE: ./data/default.physics_config.json
    RGB_SENSOR:
      HEIGHT: 480
      HFOV: 79
      ORIENTATION: [0.0, 0.0, 0.0]
      POSITION: [0, 0.88, 0]
      TYPE: HabitatSimRGBSensor
      WIDTH: 640
    SCENE: data/scene_datasets/habitat-test-scenes/van-gogh-room.glb
    SEED: 100
    SEMANTIC_SENSOR:
      HEIGHT: 480
      HFOV: 79
      ORIENTATION: [0.0, 0.0, 0.0]
      POSITION: [0, 0.88, 0]
      TYPE: HabitatSimSemanticSensor
      WIDTH: 640
    TILT_ANGLE: 30
    TURN_ANGLE: 30
    TYPE: Sim-v0
  TASK:
    ACTIONS:
      ANSWER:
        TYPE: AnswerAction
      LOOK_DOWN:
        TYPE: LookDownAction
      LOOK_UP:
        TYPE: LookUpAction
      MOVE_FORWARD:
        TYPE: MoveForwardAction
      STOP:
        TYPE: StopAction
      TELEPORT:
        TYPE: TeleportAction
      TURN_LEFT:
        TYPE: TurnLeftAction
      TURN_RIGHT:
        TYPE: TurnRightAction
    ALL_OBJECT_POSITIONS:
      TYPE: AllObjectPositions
    ANSWER_ACCURACY:
      TYPE: AnswerAccuracy
    COLLISIONS:
      TYPE: Collisions
    COMPASS_SENSOR:
      TYPE: CompassSensor
    CORRECT_ANSWER:
      TYPE: CorrectAnswer
    DEMONSTRATION_SENSOR:
      TYPE: DemonstrationSensor
    DEMONSTRATION_SENSOR_UUID: demonstration
    DISTANCE_TO_GOAL:
      DISTANCE_TO: VIEW_POINTS
      TYPE: DistanceToGoal
    EPISODE_INFO:
      TYPE: EpisodeInfo
    GOAL_SENSOR_UUID: objectgoal
    GPS_SENSOR:
      DIMENSIONALITY: 2
      TYPE: GPSSensor
    HEADING_SENSOR:
      TYPE: HeadingSensor
    IMAGEGOAL_SENSOR:
      TYPE: ImageGoalSensor
    INFLECTION_WEIGHT_SENSOR:
      INFLECTION_COEF: 3.4761714413101563
      TYPE: InflectionWeightSensor
    INFLECTION_WEIGHT_SENSOR_UUID: inflection_weight
    INSTRUCTION_SENSOR:
      TYPE: InstructionSensor
    INSTRUCTION_SENSOR_UUID: instruction
    MEASUREMENTS: ['DISTANCE_TO_GOAL', 'SUCCESS', 'SPL', 'SOFT_SPL']
    OBJECTGOAL_SENSOR:
      GOAL_SPEC: TASK_CATEGORY_ID
      GOAL_SPEC_MAX_VAL: 50
      TYPE: ObjectGoalSensor
    POINTGOAL_SENSOR:
      DIMENSIONALITY: 2
      GOAL_FORMAT: POLAR
      TYPE: PointGoalSensor
    POINTGOAL_WITH_GPS_COMPASS_SENSOR:
      DIMENSIONALITY: 2
      GOAL_FORMAT: POLAR
      TYPE: PointGoalWithGPSCompassSensor
    POSSIBLE_ACTIONS: ['STOP', 'MOVE_FORWARD', 'TURN_LEFT', 'TURN_RIGHT', 'LOOK_UP', 'LOOK_DOWN']
    PROXIMITY_SENSOR:
      MAX_DETECTION_RADIUS: 2.0
      TYPE: ProximitySensor
    QUESTION_SENSOR:
      TYPE: QuestionSensor
    SENSORS: ['OBJECTGOAL_SENSOR', 'COMPASS_SENSOR', 'GPS_SENSOR']
    SOFT_SPL:
      TYPE: SoftSPL
    SPL:
      TYPE: SPL
    SUCCESS:
      SUCCESS_DISTANCE: 0.1
      TYPE: Success
    SUCCESS_DISTANCE: 0.1
    TOP_DOWN_MAP:
      DRAW_BORDER: True
      DRAW_GOAL_AABBS: False
      DRAW_GOAL_POSITIONS: True
      DRAW_SHORTEST_PATH: False
      DRAW_SOURCE: True
      DRAW_VIEW_POINTS: True
      FOG_OF_WAR:
        DRAW: True
        FOV: 90
        VISIBILITY_DIST: 5.0
      MAP_PADDING: 3
      MAP_RESOLUTION: 1024
      MAX_EPISODE_STEPS: 1000
      TYPE: TopDownMap
    TYPE: ObjectNav-v1
TENSORBOARD_DIR: results/tb/objectnav_mp3d_v4/seed_1/
TEST_EPISODE_COUNT: -1
TORCH_GPU_ID: 0
TRAINER_NAME: ddp-objectnav-bc-env
VIDEO_DIR: results/videos/objectnav_mp3d_v4/seed_1/
VIDEO_OPTION: ['disk']
2021-07-16 14:49:52,325 config: BASE_TASK_CONFIG_PATH: configs/tasks/objectnav_mp3d_il.yaml
CHECKPOINT_FOLDER: results/checkpoints/objectnav_mp3d_v4/seed_1
CHECKPOINT_INTERVAL: 100
CMD_TRAILING_OPTS: []
DATASET_PATH: data/datasets/objectnav_mp3d_v4/{split}/{scene_split}.db
ENV_NAME: NavRLEnv
EVAL:
  SPLIT: train_sample
  USE_CKPT_CONFIG: True
EVAL_CKPT_PATH_DIR: data/new_checkpoints/objectnav/objectnav_env/v2_rgbd/ckpt.9.pth
EVAL_RESUTLS_DIR: data/objectnav_mp3d_v4/seed_1/results/
EVAL_SAVE_RESULTS: True
EVAL_SAVE_RESULTS_INTERVAL: 50
FORCE_BLIND_POLICY: False
IL:
  BehaviorCloning:
    clip_param: 0.2
    eps: 1e-05
    hidden_size: 512
    lr: 0.001
    max_grad_norm: 0.2
    num_mini_batch: 2
    num_steps: 128
    reward_window_size: 50
    sync_frac: 0.6
    use_linear_clip_decay: False
    use_linear_lr_decay: True
  USE_IW: True
  distrib_backend: GLOO
LOG_FILE: train.log
LOG_INTERVAL: 10
LOG_METRICS: True
MODEL:
  DEPTH_ENCODER:
    backbone: resnet50
    cnn_type: VlnResnetDepthEncoder
    ddppo_checkpoint: data/ddppo-models/gibson-2plus-resnet50.pth
    output_size: 128
    trainable: False
  NO_VISION: False
  PROGRESS_MONITOR:
    use: False
  RGB_ENCODER:
    backbone: resnet18
    cnn_type: ResnetRGBEncoder
    output_size: 256
    train_encoder: True
  SEMANTIC_ENCODER:
    backbone: resnet18
    cnn_type: ResnetSemSegEncoder
    embedding_size: 4
    output_size: 256
    rednet_ckpt: data/rednet-models/rednet_semmap_mp3d_tuned.pth
    train_encoder: True
  SEQ2SEQ:
    use_prev_action: True
  STATE_ENCODER:
    hidden_size: 512
    num_recurrent_layers: 2
    rnn_type: GRU
  SWITCH_TO_PRED_SEMANTICS_UPDATE: 500
  USE_PRED_SEMANTICS: False
  USE_SEMANTICS: False
  ablate_depth: False
  ablate_rgb: False
  backbone: resnet18
  embed_sge: True
  force_blind_policy: False
  hidden_size: 512
  inflection_weight_coef: 3.4761714413101563
  normalize_visual_inputs: False
  num_recurrent_layers: 2
  resnet_baseplanes: 32
  rnn_type: GRU
NUM_PROCESSES: 8
NUM_UPDATES: 1000
ORBSLAM2:
  ANGLE_TH: 0.2617993877991494
  BETA: 100
  CAMERA_HEIGHT: 1.25
  DEPTH_DENORM: 10.0
  DIST_REACHED_TH: 0.15
  DIST_TO_STOP: 0.05
  D_OBSTACLE_MAX: 4.0
  D_OBSTACLE_MIN: 0.1
  H_OBSTACLE_MAX: 1.25
  H_OBSTACLE_MIN: 0.375
  MAP_CELL_SIZE: 0.1
  MAP_SIZE: 40
  MIN_PTS_IN_OBSTACLE: 320.0
  NEXT_WAYPOINT_TH: 0.5
  NUM_ACTIONS: 3
  PLANNER_MAX_STEPS: 500
  PREPROCESS_MAP: True
  SLAM_SETTINGS_PATH: habitat_baselines/slambased/data/mp3d3_small1k.yaml
  SLAM_VOCAB_PATH: habitat_baselines/slambased/data/ORBvoc.txt
OUTPUT_LOG_DIR: results/logs/objectnav_mp3d_v4/seed_1
PROFILING:
  CAPTURE_START_STEP: -1
  NUM_STEPS_TO_CAPTURE: -1
RESULTS_DIR: results/objectnav_mp3d_v4/seed_1/results/{split}/{type}
RL:
  DDPPO:
    backbone: resnet50
    distrib_backend: GLOO
    num_recurrent_layers: 2
    pretrained: False
    pretrained_encoder: False
    pretrained_weights: data/ddppo-models/gibson-2plus-resnet50.pth
    reset_critic: True
    rnn_type: LSTM
    sync_frac: 0.6
    train_encoder: True
  POLICY:
    OBS_TRANSFORMS:
      CENTER_CROPPER:
        HEIGHT: 256
        WIDTH: 256
      CUBE2EQ:
        HEIGHT: 256
        SENSOR_UUIDS: []
        WIDTH: 512
      CUBE2FISH:
        FOV: 180
        HEIGHT: 256
        PARAMS: (0.2, 0.2, 0.2)
        SENSOR_UUIDS: []
        WIDTH: 256
      ENABLED_TRANSFORMS: ()
      EQ2CUBE:
        HEIGHT: 256
        SENSOR_UUIDS: []
        WIDTH: 256
      RESIZE_SHORTEST_EDGE:
        SIZE: 256
    name: PointNavBaselinePolicy
  PPO:
    clip_param: 0.2
    entropy_coef: 0.01
    eps: 1e-05
    gamma: 0.99
    hidden_size: 512
    lr: 0.0007
    max_grad_norm: 0.5
    num_mini_batch: 16
    num_steps: 5
    ppo_epoch: 4
    reward_window_size: 50
    tau: 0.95
    use_gae: True
    use_linear_clip_decay: False
    use_linear_lr_decay: False
    use_normalized_advantage: True
    value_loss_coef: 0.5
  REWARD_MEASURE: distance_to_goal
  SLACK_REWARD: -0.001
  SUCCESS_MEASURE: spl
  SUCCESS_REWARD: 2.5
SENSORS: ['RGB_SENSOR', 'DEPTH_SENSOR']
SHOW_TOP_DOWN_MAP: False
SIMULATOR_GPU_ID: 0
TASK_CONFIG:
  DATASET:
    CONTENT_SCENES: ['*']
    DATA_PATH: data/datasets/objectnav_mp3d_v4/{split}/{split}.json.gz
    SCENES_DIR: data/scene_datasets/
    SPLIT: train
    TYPE: ObjectNav-v2
  ENVIRONMENT:
    ITERATOR_OPTIONS:
      CYCLE: True
      GROUP_BY_SCENE: True
      MAX_SCENE_REPEAT_EPISODES: -1
      MAX_SCENE_REPEAT_STEPS: 10000
      NUM_EPISODE_SAMPLE: -1
      SHUFFLE: True
      STEP_REPETITION_RANGE: 0.2
    MAX_EPISODE_SECONDS: 10000000
    MAX_EPISODE_STEPS: 500
  PYROBOT:
    BASE_CONTROLLER: proportional
    BASE_PLANNER: none
    BUMP_SENSOR:
      TYPE: PyRobotBumpSensor
    DEPTH_SENSOR:
      CENTER_CROP: False
      HEIGHT: 480
      MAX_DEPTH: 5.0
      MIN_DEPTH: 0.0
      NORMALIZE_DEPTH: True
      TYPE: PyRobotDepthSensor
      WIDTH: 640
    LOCOBOT:
      ACTIONS: ['BASE_ACTIONS', 'CAMERA_ACTIONS']
      BASE_ACTIONS: ['go_to_relative', 'go_to_absolute']
      CAMERA_ACTIONS: ['set_pan', 'set_tilt', 'set_pan_tilt']
    RGB_SENSOR:
      CENTER_CROP: False
      HEIGHT: 480
      TYPE: PyRobotRGBSensor
      WIDTH: 640
    ROBOT: locobot
    ROBOTS: ['locobot']
    SENSORS: ['RGB_SENSOR', 'DEPTH_SENSOR', 'BUMP_SENSOR']
  SEED: 105
  SIMULATOR:
    ACTION_SPACE_CONFIG: v1
    AGENTS: ['AGENT_0']
    AGENT_0:
      ANGULAR_ACCELERATION: 12.56
      ANGULAR_FRICTION: 1.0
      COEFFICIENT_OF_RESTITUTION: 0.0
      HEIGHT: 0.88
      IS_SET_START_STATE: False
      LINEAR_ACCELERATION: 20.0
      LINEAR_FRICTION: 0.5
      MASS: 32.0
      RADIUS: 0.18
      SENSORS: ['RGB_SENSOR', 'SEMANTIC_SENSOR', 'DEPTH_SENSOR']
      START_POSITION: [0, 0, 0]
      START_ROTATION: [0, 0, 0, 1]
    DEFAULT_AGENT_ID: 0
    DEPTH_SENSOR:
      HEIGHT: 480
      HFOV: 79
      MAX_DEPTH: 5.0
      MIN_DEPTH: 0.5
      NORMALIZE_DEPTH: True
      ORIENTATION: [0.0, 0.0, 0.0]
      POSITION: [0, 0.88, 0]
      TYPE: HabitatSimDepthSensor
      WIDTH: 640
    FORWARD_STEP_SIZE: 0.25
    HABITAT_SIM_V0:
      ALLOW_SLIDING: False
      ENABLE_PHYSICS: False
      GPU_DEVICE_ID: 0
      GPU_GPU: False
      PHYSICS_CONFIG_FILE: ./data/default.physics_config.json
    RGB_SENSOR:
      HEIGHT: 480
      HFOV: 79
      ORIENTATION: [0.0, 0.0, 0.0]
      POSITION: [0, 0.88, 0]
      TYPE: HabitatSimRGBSensor
      WIDTH: 640
    SCENE: data/scene_datasets/habitat-test-scenes/van-gogh-room.glb
    SEED: 100
    SEMANTIC_SENSOR:
      HEIGHT: 480
      HFOV: 79
      ORIENTATION: [0.0, 0.0, 0.0]
      POSITION: [0, 0.88, 0]
      TYPE: HabitatSimSemanticSensor
      WIDTH: 640
    TILT_ANGLE: 30
    TURN_ANGLE: 30
    TYPE: Sim-v0
  TASK:
    ACTIONS:
      ANSWER:
        TYPE: AnswerAction
      LOOK_DOWN:
        TYPE: LookDownAction
      LOOK_UP:
        TYPE: LookUpAction
      MOVE_FORWARD:
        TYPE: MoveForwardAction
      STOP:
        TYPE: StopAction
      TELEPORT:
        TYPE: TeleportAction
      TURN_LEFT:
        TYPE: TurnLeftAction
      TURN_RIGHT:
        TYPE: TurnRightAction
    ALL_OBJECT_POSITIONS:
      TYPE: AllObjectPositions
    ANSWER_ACCURACY:
      TYPE: AnswerAccuracy
    COLLISIONS:
      TYPE: Collisions
    COMPASS_SENSOR:
      TYPE: CompassSensor
    CORRECT_ANSWER:
      TYPE: CorrectAnswer
    DEMONSTRATION_SENSOR:
      TYPE: DemonstrationSensor
    DEMONSTRATION_SENSOR_UUID: demonstration
    DISTANCE_TO_GOAL:
      DISTANCE_TO: VIEW_POINTS
      TYPE: DistanceToGoal
    EPISODE_INFO:
      TYPE: EpisodeInfo
    GOAL_SENSOR_UUID: objectgoal
    GPS_SENSOR:
      DIMENSIONALITY: 2
      TYPE: GPSSensor
    HEADING_SENSOR:
      TYPE: HeadingSensor
    IMAGEGOAL_SENSOR:
      TYPE: ImageGoalSensor
    INFLECTION_WEIGHT_SENSOR:
      INFLECTION_COEF: 3.4761714413101563
      TYPE: InflectionWeightSensor
    INFLECTION_WEIGHT_SENSOR_UUID: inflection_weight
    INSTRUCTION_SENSOR:
      TYPE: InstructionSensor
    INSTRUCTION_SENSOR_UUID: instruction
    MEASUREMENTS: ['DISTANCE_TO_GOAL', 'SUCCESS', 'SPL', 'SOFT_SPL']
    OBJECTGOAL_SENSOR:
      GOAL_SPEC: TASK_CATEGORY_ID
      GOAL_SPEC_MAX_VAL: 50
      TYPE: ObjectGoalSensor
    POINTGOAL_SENSOR:
      DIMENSIONALITY: 2
      GOAL_FORMAT: POLAR
      TYPE: PointGoalSensor
    POINTGOAL_WITH_GPS_COMPASS_SENSOR:
      DIMENSIONALITY: 2
      GOAL_FORMAT: POLAR
      TYPE: PointGoalWithGPSCompassSensor
    POSSIBLE_ACTIONS: ['STOP', 'MOVE_FORWARD', 'TURN_LEFT', 'TURN_RIGHT', 'LOOK_UP', 'LOOK_DOWN']
    PROXIMITY_SENSOR:
      MAX_DETECTION_RADIUS: 2.0
      TYPE: ProximitySensor
    QUESTION_SENSOR:
      TYPE: QuestionSensor
    SENSORS: ['OBJECTGOAL_SENSOR', 'COMPASS_SENSOR', 'GPS_SENSOR']
    SOFT_SPL:
      TYPE: SoftSPL
    SPL:
      TYPE: SPL
    SUCCESS:
      SUCCESS_DISTANCE: 0.1
      TYPE: Success
    SUCCESS_DISTANCE: 0.1
    TOP_DOWN_MAP:
      DRAW_BORDER: True
      DRAW_GOAL_AABBS: False
      DRAW_GOAL_POSITIONS: True
      DRAW_SHORTEST_PATH: False
      DRAW_SOURCE: True
      DRAW_VIEW_POINTS: True
      FOG_OF_WAR:
        DRAW: True
        FOV: 90
        VISIBILITY_DIST: 5.0
      MAP_PADDING: 3
      MAP_RESOLUTION: 1024
      MAX_EPISODE_STEPS: 1000
      TYPE: TopDownMap
    TYPE: ObjectNav-v1
TENSORBOARD_DIR: results/tb/objectnav_mp3d_v4/seed_1/
TEST_EPISODE_COUNT: -1
TORCH_GPU_ID: 0
TRAINER_NAME: ddp-objectnav-bc-env
VIDEO_DIR: results/videos/objectnav_mp3d_v4/seed_1/
VIDEO_OPTION: ['disk']
2021-07-16 14:49:52,335 config: BASE_TASK_CONFIG_PATH: configs/tasks/objectnav_mp3d_il.yaml
CHECKPOINT_FOLDER: results/checkpoints/objectnav_mp3d_v4/seed_1
CHECKPOINT_INTERVAL: 100
CMD_TRAILING_OPTS: []
DATASET_PATH: data/datasets/objectnav_mp3d_v4/{split}/{scene_split}.db
ENV_NAME: NavRLEnv
EVAL:
  SPLIT: train_sample
  USE_CKPT_CONFIG: True
EVAL_CKPT_PATH_DIR: data/new_checkpoints/objectnav/objectnav_env/v2_rgbd/ckpt.9.pth
EVAL_RESUTLS_DIR: data/objectnav_mp3d_v4/seed_1/results/
EVAL_SAVE_RESULTS: True
EVAL_SAVE_RESULTS_INTERVAL: 50
FORCE_BLIND_POLICY: False
IL:
  BehaviorCloning:
    clip_param: 0.2
    eps: 1e-05
    hidden_size: 512
    lr: 0.001
    max_grad_norm: 0.2
    num_mini_batch: 2
    num_steps: 128
    reward_window_size: 50
    sync_frac: 0.6
    use_linear_clip_decay: False
    use_linear_lr_decay: True
  USE_IW: True
  distrib_backend: GLOO
LOG_FILE: train.log
LOG_INTERVAL: 10
LOG_METRICS: True
MODEL:
  DEPTH_ENCODER:
    backbone: resnet50
    cnn_type: VlnResnetDepthEncoder
    ddppo_checkpoint: data/ddppo-models/gibson-2plus-resnet50.pth
    output_size: 128
    trainable: False
  NO_VISION: False
  PROGRESS_MONITOR:
    use: False
  RGB_ENCODER:
    backbone: resnet18
    cnn_type: ResnetRGBEncoder
    output_size: 256
    train_encoder: True
  SEMANTIC_ENCODER:
    backbone: resnet18
    cnn_type: ResnetSemSegEncoder
    embedding_size: 4
    output_size: 256
    rednet_ckpt: data/rednet-models/rednet_semmap_mp3d_tuned.pth
    train_encoder: True
  SEQ2SEQ:
    use_prev_action: True
  STATE_ENCODER:
    hidden_size: 512
    num_recurrent_layers: 2
    rnn_type: GRU
  SWITCH_TO_PRED_SEMANTICS_UPDATE: 500
  USE_PRED_SEMANTICS: False
  USE_SEMANTICS: False
  ablate_depth: False
  ablate_rgb: False
  backbone: resnet18
  embed_sge: True
  force_blind_policy: False
  hidden_size: 512
  inflection_weight_coef: 3.4761714413101563
  normalize_visual_inputs: False
  num_recurrent_layers: 2
  resnet_baseplanes: 32
  rnn_type: GRU
NUM_PROCESSES: 8
NUM_UPDATES: 1000
ORBSLAM2:
  ANGLE_TH: 0.2617993877991494
  BETA: 100
  CAMERA_HEIGHT: 1.25
  DEPTH_DENORM: 10.0
  DIST_REACHED_TH: 0.15
  DIST_TO_STOP: 0.05
  D_OBSTACLE_MAX: 4.0
  D_OBSTACLE_MIN: 0.1
  H_OBSTACLE_MAX: 1.25
  H_OBSTACLE_MIN: 0.375
  MAP_CELL_SIZE: 0.1
  MAP_SIZE: 40
  MIN_PTS_IN_OBSTACLE: 320.0
  NEXT_WAYPOINT_TH: 0.5
  NUM_ACTIONS: 3
  PLANNER_MAX_STEPS: 500
  PREPROCESS_MAP: True
  SLAM_SETTINGS_PATH: habitat_baselines/slambased/data/mp3d3_small1k.yaml
  SLAM_VOCAB_PATH: habitat_baselines/slambased/data/ORBvoc.txt
OUTPUT_LOG_DIR: results/logs/objectnav_mp3d_v4/seed_1
PROFILING:
  CAPTURE_START_STEP: -1
  NUM_STEPS_TO_CAPTURE: -1
RESULTS_DIR: results/objectnav_mp3d_v4/seed_1/results/{split}/{type}
RL:
  DDPPO:
    backbone: resnet50
    distrib_backend: GLOO
    num_recurrent_layers: 2
    pretrained: False
    pretrained_encoder: False
    pretrained_weights: data/ddppo-models/gibson-2plus-resnet50.pth
    reset_critic: True
    rnn_type: LSTM
    sync_frac: 0.6
    train_encoder: True
  POLICY:
    OBS_TRANSFORMS:
      CENTER_CROPPER:
        HEIGHT: 256
        WIDTH: 256
      CUBE2EQ:
        HEIGHT: 256
        SENSOR_UUIDS: []
        WIDTH: 512
      CUBE2FISH:
        FOV: 180
        HEIGHT: 256
        PARAMS: (0.2, 0.2, 0.2)
        SENSOR_UUIDS: []
        WIDTH: 256
      ENABLED_TRANSFORMS: ()
      EQ2CUBE:
        HEIGHT: 256
        SENSOR_UUIDS: []
        WIDTH: 256
      RESIZE_SHORTEST_EDGE:
        SIZE: 256
    name: PointNavBaselinePolicy
  PPO:
    clip_param: 0.2
    entropy_coef: 0.01
    eps: 1e-05
    gamma: 0.99
    hidden_size: 512
    lr: 0.0007
    max_grad_norm: 0.5
    num_mini_batch: 16
    num_steps: 5
    ppo_epoch: 4
    reward_window_size: 50
    tau: 0.95
    use_gae: True
    use_linear_clip_decay: False
    use_linear_lr_decay: False
    use_normalized_advantage: True
    value_loss_coef: 0.5
  REWARD_MEASURE: distance_to_goal
  SLACK_REWARD: -0.001
  SUCCESS_MEASURE: spl
  SUCCESS_REWARD: 2.5
SENSORS: ['RGB_SENSOR', 'DEPTH_SENSOR']
SHOW_TOP_DOWN_MAP: False
SIMULATOR_GPU_ID: 0
TASK_CONFIG:
  DATASET:
    CONTENT_SCENES: ['*']
    DATA_PATH: data/datasets/objectnav_mp3d_v4/{split}/{split}.json.gz
    SCENES_DIR: data/scene_datasets/
    SPLIT: train
    TYPE: ObjectNav-v2
  ENVIRONMENT:
    ITERATOR_OPTIONS:
      CYCLE: True
      GROUP_BY_SCENE: True
      MAX_SCENE_REPEAT_EPISODES: -1
      MAX_SCENE_REPEAT_STEPS: 10000
      NUM_EPISODE_SAMPLE: -1
      SHUFFLE: True
      STEP_REPETITION_RANGE: 0.2
    MAX_EPISODE_SECONDS: 10000000
    MAX_EPISODE_STEPS: 500
  PYROBOT:
    BASE_CONTROLLER: proportional
    BASE_PLANNER: none
    BUMP_SENSOR:
      TYPE: PyRobotBumpSensor
    DEPTH_SENSOR:
      CENTER_CROP: False
      HEIGHT: 480
      MAX_DEPTH: 5.0
      MIN_DEPTH: 0.0
      NORMALIZE_DEPTH: True
      TYPE: PyRobotDepthSensor
      WIDTH: 640
    LOCOBOT:
      ACTIONS: ['BASE_ACTIONS', 'CAMERA_ACTIONS']
      BASE_ACTIONS: ['go_to_relative', 'go_to_absolute']
      CAMERA_ACTIONS: ['set_pan', 'set_tilt', 'set_pan_tilt']
    RGB_SENSOR:
      CENTER_CROP: False
      HEIGHT: 480
      TYPE: PyRobotRGBSensor
      WIDTH: 640
    ROBOT: locobot
    ROBOTS: ['locobot']
    SENSORS: ['RGB_SENSOR', 'DEPTH_SENSOR', 'BUMP_SENSOR']
  SEED: 105
  SIMULATOR:
    ACTION_SPACE_CONFIG: v1
    AGENTS: ['AGENT_0']
    AGENT_0:
      ANGULAR_ACCELERATION: 12.56
      ANGULAR_FRICTION: 1.0
      COEFFICIENT_OF_RESTITUTION: 0.0
      HEIGHT: 0.88
      IS_SET_START_STATE: False
      LINEAR_ACCELERATION: 20.0
      LINEAR_FRICTION: 0.5
      MASS: 32.0
      RADIUS: 0.18
      SENSORS: ['RGB_SENSOR', 'SEMANTIC_SENSOR', 'DEPTH_SENSOR']
      START_POSITION: [0, 0, 0]
      START_ROTATION: [0, 0, 0, 1]
    DEFAULT_AGENT_ID: 0
    DEPTH_SENSOR:
      HEIGHT: 480
      HFOV: 79
      MAX_DEPTH: 5.0
      MIN_DEPTH: 0.5
      NORMALIZE_DEPTH: True
      ORIENTATION: [0.0, 0.0, 0.0]
      POSITION: [0, 0.88, 0]
      TYPE: HabitatSimDepthSensor
      WIDTH: 640
    FORWARD_STEP_SIZE: 0.25
    HABITAT_SIM_V0:
      ALLOW_SLIDING: False
      ENABLE_PHYSICS: False
      GPU_DEVICE_ID: 0
      GPU_GPU: False
      PHYSICS_CONFIG_FILE: ./data/default.physics_config.json
    RGB_SENSOR:
      HEIGHT: 480
      HFOV: 79
      ORIENTATION: [0.0, 0.0, 0.0]
      POSITION: [0, 0.88, 0]
      TYPE: HabitatSimRGBSensor
      WIDTH: 640
    SCENE: data/scene_datasets/habitat-test-scenes/van-gogh-room.glb
    SEED: 100
    SEMANTIC_SENSOR:
      HEIGHT: 480
      HFOV: 79
      ORIENTATION: [0.0, 0.0, 0.0]
      POSITION: [0, 0.88, 0]
      TYPE: HabitatSimSemanticSensor
      WIDTH: 640
    TILT_ANGLE: 30
    TURN_ANGLE: 30
    TYPE: Sim-v0
  TASK:
    ACTIONS:
      ANSWER:
        TYPE: AnswerAction
      LOOK_DOWN:
        TYPE: LookDownAction
      LOOK_UP:
        TYPE: LookUpAction
      MOVE_FORWARD:
        TYPE: MoveForwardAction
      STOP:
        TYPE: StopAction
      TELEPORT:
        TYPE: TeleportAction
      TURN_LEFT:
        TYPE: TurnLeftAction
      TURN_RIGHT:
        TYPE: TurnRightAction
    ALL_OBJECT_POSITIONS:
      TYPE: AllObjectPositions
    ANSWER_ACCURACY:
      TYPE: AnswerAccuracy
    COLLISIONS:
      TYPE: Collisions
    COMPASS_SENSOR:
      TYPE: CompassSensor
    CORRECT_ANSWER:
      TYPE: CorrectAnswer
    DEMONSTRATION_SENSOR:
      TYPE: DemonstrationSensor
    DEMONSTRATION_SENSOR_UUID: demonstration
    DISTANCE_TO_GOAL:
      DISTANCE_TO: VIEW_POINTS
      TYPE: DistanceToGoal
    EPISODE_INFO:
      TYPE: EpisodeInfo
    GOAL_SENSOR_UUID: objectgoal
    GPS_SENSOR:
      DIMENSIONALITY: 2
      TYPE: GPSSensor
    HEADING_SENSOR:
      TYPE: HeadingSensor
    IMAGEGOAL_SENSOR:
      TYPE: ImageGoalSensor
    INFLECTION_WEIGHT_SENSOR:
      INFLECTION_COEF: 3.4761714413101563
      TYPE: InflectionWeightSensor
    INFLECTION_WEIGHT_SENSOR_UUID: inflection_weight
    INSTRUCTION_SENSOR:
      TYPE: InstructionSensor
    INSTRUCTION_SENSOR_UUID: instruction
    MEASUREMENTS: ['DISTANCE_TO_GOAL', 'SUCCESS', 'SPL', 'SOFT_SPL']
    OBJECTGOAL_SENSOR:
      GOAL_SPEC: TASK_CATEGORY_ID
      GOAL_SPEC_MAX_VAL: 50
      TYPE: ObjectGoalSensor
    POINTGOAL_SENSOR:
      DIMENSIONALITY: 2
      GOAL_FORMAT: POLAR
      TYPE: PointGoalSensor
    POINTGOAL_WITH_GPS_COMPASS_SENSOR:
      DIMENSIONALITY: 2
      GOAL_FORMAT: POLAR
      TYPE: PointGoalWithGPSCompassSensor
    POSSIBLE_ACTIONS: ['STOP', 'MOVE_FORWARD', 'TURN_LEFT', 'TURN_RIGHT', 'LOOK_UP', 'LOOK_DOWN']
    PROXIMITY_SENSOR:
      MAX_DETECTION_RADIUS: 2.0
      TYPE: ProximitySensor
    QUESTION_SENSOR:
      TYPE: QuestionSensor
    SENSORS: ['OBJECTGOAL_SENSOR', 'COMPASS_SENSOR', 'GPS_SENSOR']
    SOFT_SPL:
      TYPE: SoftSPL
    SPL:
      TYPE: SPL
    SUCCESS:
      SUCCESS_DISTANCE: 0.1
      TYPE: Success
    SUCCESS_DISTANCE: 0.1
    TOP_DOWN_MAP:
      DRAW_BORDER: True
      DRAW_GOAL_AABBS: False
      DRAW_GOAL_POSITIONS: True
      DRAW_SHORTEST_PATH: False
      DRAW_SOURCE: True
      DRAW_VIEW_POINTS: True
      FOG_OF_WAR:
        DRAW: True
        FOV: 90
        VISIBILITY_DIST: 5.0
      MAP_PADDING: 3
      MAP_RESOLUTION: 1024
      MAX_EPISODE_STEPS: 1000
      TYPE: TopDownMap
    TYPE: ObjectNav-v1
TENSORBOARD_DIR: results/tb/objectnav_mp3d_v4/seed_1/
TEST_EPISODE_COUNT: -1
TORCH_GPU_ID: 0
TRAINER_NAME: ddp-objectnav-bc-env
VIDEO_DIR: results/videos/objectnav_mp3d_v4/seed_1/
VIDEO_OPTION: ['disk']
2021-07-16 14:49:52,857 Initializing dataset ObjectNav-v2
2021-07-16 14:49:52,858 Initializing dataset ObjectNav-v2
2021-07-16 14:49:52,858 Initializing dataset ObjectNav-v2
2021-07-16 14:49:52,858 Initializing dataset ObjectNav-v2
2021-07-16 14:49:52,867 Initializing dataset ObjectNav-v2
2021-07-16 14:49:52,870 Initializing dataset ObjectNav-v2
2021-07-16 14:49:52,875 Initializing dataset ObjectNav-v2
2021-07-16 14:49:52,928 Initializing dataset ObjectNav-v2
2021-07-16 14:49:57,837 Initializing dataset ObjectNav-v2
2021-07-16 14:49:57,837 Initializing dataset ObjectNav-v2
2021-07-16 14:49:57,839 Initializing dataset ObjectNav-v2
2021-07-16 14:49:57,840 Initializing dataset ObjectNav-v2
2021-07-16 14:49:57,845 Initializing dataset ObjectNav-v2
2021-07-16 14:49:57,848 Initializing dataset ObjectNav-v2
2021-07-16 14:49:57,857 Initializing dataset ObjectNav-v2
2021-07-16 14:49:57,861 Initializing dataset ObjectNav-v2
2021-07-16 14:49:57,861 Initializing dataset ObjectNav-v2
2021-07-16 14:49:57,861 Initializing dataset ObjectNav-v2
2021-07-16 14:49:57,863 Initializing dataset ObjectNav-v2
2021-07-16 14:49:57,865 Initializing dataset ObjectNav-v2
2021-07-16 14:49:57,867 Initializing dataset ObjectNav-v2
2021-07-16 14:49:57,869 Initializing dataset ObjectNav-v2
2021-07-16 14:49:57,874 Initializing dataset ObjectNav-v2
2021-07-16 14:49:57,883 Initializing dataset ObjectNav-v2
2021-07-16 14:49:57,885 Initializing dataset ObjectNav-v2
2021-07-16 14:49:57,887 Initializing dataset ObjectNav-v2
2021-07-16 14:49:57,887 Initializing dataset ObjectNav-v2
2021-07-16 14:49:57,888 Initializing dataset ObjectNav-v2
2021-07-16 14:49:57,891 Initializing dataset ObjectNav-v2
2021-07-16 14:49:57,891 Initializing dataset ObjectNav-v2
2021-07-16 14:49:57,892 Initializing dataset ObjectNav-v2
2021-07-16 14:49:57,892 Initializing dataset ObjectNav-v2
2021-07-16 14:49:57,893 Initializing dataset ObjectNav-v2
2021-07-16 14:49:57,897 Initializing dataset ObjectNav-v2
2021-07-16 14:49:57,897 Initializing dataset ObjectNav-v2
2021-07-16 14:49:57,905 Initializing dataset ObjectNav-v2
2021-07-16 14:49:57,920 Initializing dataset ObjectNav-v2
2021-07-16 14:49:57,920 Initializing dataset ObjectNav-v2
2021-07-16 14:49:57,921 Initializing dataset ObjectNav-v2
2021-07-16 14:49:57,922 Initializing dataset ObjectNav-v2
2021-07-16 14:49:57,923 Initializing dataset ObjectNav-v2
2021-07-16 14:49:57,926 Initializing dataset ObjectNav-v2
2021-07-16 14:49:57,931 Initializing dataset ObjectNav-v2
2021-07-16 14:49:57,944 Initializing dataset ObjectNav-v2
2021-07-16 14:49:57,946 Initializing dataset ObjectNav-v2
2021-07-16 14:49:57,948 Initializing dataset ObjectNav-v2
2021-07-16 14:49:57,948 Initializing dataset ObjectNav-v2
2021-07-16 14:49:57,948 Initializing dataset ObjectNav-v2
2021-07-16 14:49:57,949 Initializing dataset ObjectNav-v2
2021-07-16 14:49:57,958 Initializing dataset ObjectNav-v2
2021-07-16 14:49:57,960 Initializing dataset ObjectNav-v2
2021-07-16 14:49:57,970 Initializing dataset ObjectNav-v2
2021-07-16 14:49:57,975 Initializing dataset ObjectNav-v2
2021-07-16 14:49:57,990 Initializing dataset ObjectNav-v2
2021-07-16 14:49:57,991 Initializing dataset ObjectNav-v2
2021-07-16 14:49:57,991 Initializing dataset ObjectNav-v2
2021-07-16 14:49:57,991 Initializing dataset ObjectNav-v2
2021-07-16 14:49:57,992 Initializing dataset ObjectNav-v2
2021-07-16 14:49:57,996 Initializing dataset ObjectNav-v2
2021-07-16 14:49:57,998 Initializing dataset ObjectNav-v2
2021-07-16 14:49:58,000 Initializing dataset ObjectNav-v2
2021-07-16 14:49:58,011 Initializing dataset ObjectNav-v2
2021-07-16 14:49:58,024 Initializing dataset ObjectNav-v2
2021-07-16 14:49:58,070 Initializing dataset ObjectNav-v2
2021-07-16 14:49:58,547 Initializing dataset ObjectNav-v2
2021-07-16 14:49:58,547 Initializing dataset ObjectNav-v2
2021-07-16 14:49:58,547 Initializing dataset ObjectNav-v2
2021-07-16 14:49:58,558 Initializing dataset ObjectNav-v2
2021-07-16 14:49:58,558 Initializing dataset ObjectNav-v2
2021-07-16 14:49:58,559 Initializing dataset ObjectNav-v2
2021-07-16 14:49:58,715 Initializing dataset ObjectNav-v2
2021-07-16 14:49:58,758 Initializing dataset ObjectNav-v2
2021-07-16 14:50:10,632 initializing sim Sim-v0
2021-07-16 14:50:12,126 initializing sim Sim-v0
2021-07-16 14:50:14,943 initializing sim Sim-v0
2021-07-16 14:50:15,356 initializing sim Sim-v0
2021-07-16 14:50:15,618 initializing sim Sim-v0
2021-07-16 14:50:15,671 Initializing task ObjectNav-v1
2021-07-16 14:50:15,691 initializing sim Sim-v0
2021-07-16 14:50:16,160 initializing sim Sim-v0
2021-07-16 14:50:16,248 initializing sim Sim-v0
2021-07-16 14:50:16,281 initializing sim Sim-v0
2021-07-16 14:50:16,346 initializing sim Sim-v0
2021-07-16 14:50:16,466 initializing sim Sim-v0
2021-07-16 14:50:16,698 initializing sim Sim-v0
2021-07-16 14:50:16,826 initializing sim Sim-v0
2021-07-16 14:50:16,861 initializing sim Sim-v0
2021-07-16 14:50:17,066 initializing sim Sim-v0
2021-07-16 14:50:17,150 initializing sim Sim-v0
2021-07-16 14:50:17,369 initializing sim Sim-v0
2021-07-16 14:50:17,414 initializing sim Sim-v0
2021-07-16 14:50:17,417 initializing sim Sim-v0
2021-07-16 14:50:17,545 initializing sim Sim-v0
2021-07-16 14:50:17,599 initializing sim Sim-v0
2021-07-16 14:50:17,678 initializing sim Sim-v0
2021-07-16 14:50:17,761 initializing sim Sim-v0
2021-07-16 14:50:18,566 initializing sim Sim-v0
2021-07-16 14:50:18,607 Initializing task ObjectNav-v1
2021-07-16 14:50:18,757 Initializing task ObjectNav-v1
2021-07-16 14:50:18,779 initializing sim Sim-v0
2021-07-16 14:50:18,798 initializing sim Sim-v0
2021-07-16 14:50:18,811 Initializing task ObjectNav-v1
2021-07-16 14:50:19,223 Initializing task ObjectNav-v1
2021-07-16 14:50:19,682 initializing sim Sim-v0
2021-07-16 14:50:20,016 Initializing task ObjectNav-v1
2021-07-16 14:50:20,041 initializing sim Sim-v0
2021-07-16 14:50:20,146 initializing sim Sim-v0
2021-07-16 14:50:20,235 initializing sim Sim-v0
2021-07-16 14:50:20,377 Initializing task ObjectNav-v1
2021-07-16 14:50:20,477 initializing sim Sim-v0
2021-07-16 14:50:20,611 initializing sim Sim-v0
2021-07-16 14:50:20,802 initializing sim Sim-v0
2021-07-16 14:50:20,823 initializing sim Sim-v0
2021-07-16 14:50:20,856 initializing sim Sim-v0
2021-07-16 14:50:20,997 initializing sim Sim-v0
2021-07-16 14:50:21,042 initializing sim Sim-v0
2021-07-16 14:50:21,165 initializing sim Sim-v0
2021-07-16 14:50:21,356 initializing sim Sim-v0
2021-07-16 14:50:21,378 initializing sim Sim-v0
2021-07-16 14:50:21,541 initializing sim Sim-v0
2021-07-16 14:50:21,832 initializing sim Sim-v0
2021-07-16 14:50:21,860 initializing sim Sim-v0
2021-07-16 14:50:21,896 Initializing task ObjectNav-v1
2021-07-16 14:50:21,922 initializing sim Sim-v0
2021-07-16 14:50:22,039 initializing sim Sim-v0
2021-07-16 14:50:22,101 initializing sim Sim-v0
2021-07-16 14:50:22,122 Initializing task ObjectNav-v1
2021-07-16 14:50:22,146 Initializing task ObjectNav-v1
2021-07-16 14:50:22,292 initializing sim Sim-v0
2021-07-16 14:50:22,407 Initializing task ObjectNav-v1
2021-07-16 14:50:22,461 initializing sim Sim-v0
2021-07-16 14:50:22,544 Initializing task ObjectNav-v1
2021-07-16 14:50:22,859 initializing sim Sim-v0
2021-07-16 14:50:22,948 Initializing task ObjectNav-v1
2021-07-16 14:50:23,037 initializing sim Sim-v0
2021-07-16 14:50:23,157 initializing sim Sim-v0
2021-07-16 14:50:23,245 initializing sim Sim-v0
2021-07-16 14:50:23,383 initializing sim Sim-v0
2021-07-16 14:50:23,558 initializing sim Sim-v0
2021-07-16 14:50:23,661 initializing sim Sim-v0
2021-07-16 14:50:23,919 initializing sim Sim-v0
2021-07-16 14:50:24,217 Initializing task ObjectNav-v1
2021-07-16 14:50:24,321 Initializing task ObjectNav-v1
2021-07-16 14:50:24,353 initializing sim Sim-v0
2021-07-16 14:50:24,441 Initializing task ObjectNav-v1
2021-07-16 14:50:24,453 initializing sim Sim-v0
2021-07-16 14:50:24,602 initializing sim Sim-v0
2021-07-16 14:50:24,936 initializing sim Sim-v0
2021-07-16 14:50:25,005 Initializing task ObjectNav-v1
2021-07-16 14:50:25,186 Initializing task ObjectNav-v1
2021-07-16 14:50:25,287 Initializing task ObjectNav-v1
2021-07-16 14:50:25,358 Initializing task ObjectNav-v1
2021-07-16 14:50:25,374 initializing sim Sim-v0
2021-07-16 14:50:25,480 Initializing task ObjectNav-v1
2021-07-16 14:50:25,484 Initializing task ObjectNav-v1
2021-07-16 14:50:25,553 Initializing task ObjectNav-v1
2021-07-16 14:50:25,791 Initializing task ObjectNav-v1
2021-07-16 14:50:26,002 Initializing task ObjectNav-v1
2021-07-16 14:50:26,120 Initializing task ObjectNav-v1
2021-07-16 14:50:26,145 Initializing task ObjectNav-v1
2021-07-16 14:50:26,184 Initializing task ObjectNav-v1
2021-07-16 14:50:26,342 Initializing task ObjectNav-v1
2021-07-16 14:50:26,369 initializing sim Sim-v0
2021-07-16 14:50:26,395 initializing sim Sim-v0
2021-07-16 14:50:26,431 Initializing task ObjectNav-v1
2021-07-16 14:50:26,680 Initializing task ObjectNav-v1
2021-07-16 14:50:26,900 Initializing task ObjectNav-v1
2021-07-16 14:50:26,920 Initializing task ObjectNav-v1
2021-07-16 14:50:26,930 initializing sim Sim-v0
2021-07-16 14:50:26,953 Initializing task ObjectNav-v1
2021-07-16 14:50:27,590 Initializing task ObjectNav-v1
2021-07-16 14:50:27,723 Initializing task ObjectNav-v1
2021-07-16 14:50:27,849 Initializing task ObjectNav-v1
2021-07-16 14:50:28,166 Initializing task ObjectNav-v1
2021-07-16 14:50:28,197 Initializing task ObjectNav-v1
2021-07-16 14:50:28,581 Initializing task ObjectNav-v1
2021-07-16 14:50:28,766 Initializing task ObjectNav-v1
2021-07-16 14:50:29,014 Initializing task ObjectNav-v1
2021-07-16 14:50:29,587 Initializing task ObjectNav-v1
2021-07-16 14:50:29,662 Initializing task ObjectNav-v1
Traceback (most recent call last):
  File "/private/home/abhshkdz/.conda/envs/habitat-on-web/lib/python3.6/runpy.py", line 193, in _run_module_as_main
    "__main__", mod_spec)
  File "/private/home/abhshkdz/.conda/envs/habitat-on-web/lib/python3.6/runpy.py", line 85, in _run_code
    exec(code, run_globals)
  File "/private/home/abhshkdz/projects/habitat-lab/habitat_baselines/run.py", line 79, in <module>
    main()
  File "/private/home/abhshkdz/projects/habitat-lab/habitat_baselines/run.py", line 40, in main
    run_exp(**vars(args))
  File "/private/home/abhshkdz/projects/habitat-lab/habitat_baselines/run.py", line 75, in run_exp
    execute_exp(config, run_type)
  File "/private/home/abhshkdz/projects/habitat-lab/habitat_baselines/run.py", line 58, in execute_exp
    trainer.train()
  File "/private/home/abhshkdz/.conda/envs/habitat-on-web/lib/python3.6/contextlib.py", line 52, in inner
    return func(*args, **kwds)
  File "/private/home/abhshkdz/projects/habitat-lab/habitat_baselines/objectnav/il/behavior_cloning_env_ddp_trainer.py", line 165, in train
    workers_ignore_signals=True,
  File "/private/home/abhshkdz/projects/habitat-lab/habitat_baselines/utils/env_utils.py", line 102, in construct_envs
    workers_ignore_signals=workers_ignore_signals,
  File "/private/home/abhshkdz/projects/habitat-lab/habitat/core/vector_env.py", line 157, in __init__
    read_fn() for read_fn in self._connection_read_fns
  File "/private/home/abhshkdz/projects/habitat-lab/habitat/core/vector_env.py", line 157, in <listcomp>
    read_fn() for read_fn in self._connection_read_fns
  File "/private/home/abhshkdz/.conda/envs/habitat-on-web/lib/python3.6/multiprocessing/connection.py", line 250, in recv
    buf = self._recv_bytes()
  File "/private/home/abhshkdz/.conda/envs/habitat-on-web/lib/python3.6/multiprocessing/connection.py", line 407, in _recv_bytes
    buf = self._recv(4)
  File "/private/home/abhshkdz/.conda/envs/habitat-on-web/lib/python3.6/multiprocessing/connection.py", line 379, in _recv
    chunk = read(handle, remaining)
ConnectionResetError: [Errno 104] Connection reset by peer
2021-07-16 14:50:30,098 Initializing task ObjectNav-v1
Exception ignored in: <bound method VectorEnv.__del__ of <habitat.core.vector_env.VectorEnv object at 0x7f2ec2d3d0f0>>
Traceback (most recent call last):
  File "/private/home/abhshkdz/projects/habitat-lab/habitat/core/vector_env.py", line 638, in __del__
    self.close()
  File "/private/home/abhshkdz/projects/habitat-lab/habitat/core/vector_env.py", line 504, in close
    write_fn((CLOSE_COMMAND, None))
  File "/private/home/abhshkdz/.conda/envs/habitat-on-web/lib/python3.6/multiprocessing/connection.py", line 206, in send
    self._send_bytes(_ForkingPickler.dumps(obj))
  File "/private/home/abhshkdz/.conda/envs/habitat-on-web/lib/python3.6/multiprocessing/connection.py", line 404, in _send_bytes
    self._send(header + buf)
  File "/private/home/abhshkdz/.conda/envs/habitat-on-web/lib/python3.6/multiprocessing/connection.py", line 368, in _send
    n = write(self._handle, buf)
BrokenPipeError: [Errno 32] Broken pipe
2021-07-16 14:50:30,497 Initializing task ObjectNav-v1
2021-07-16 14:50:30,561 Initializing task ObjectNav-v1
2021-07-16 14:50:30,600 Initializing task ObjectNav-v1
2021-07-16 14:50:30,968 Initializing task ObjectNav-v1
2021-07-16 14:50:31,121 [ train_loader has [1711, 1522, 1568, 1746, 1586, 1746, 1682, 1253] samples ]
2021-07-16 14:50:31,516 

Setting up GPS sensor
2021-07-16 14:50:31,516 

Setting up Compass sensor
2021-07-16 14:50:31,520 

Setting up Object Goal sensor
2021-07-16 14:50:31,792 Initializing task ObjectNav-v1
2021-07-16 14:50:32,141 Initializing task ObjectNav-v1
srun: error: learnfair1486: task 2: Exited with exit code 1
srun: launch/slurm: _step_signal: Terminating StepId=43652345.1
slurmstepd: error: *** STEP 43652345.1 ON learnfair1468 CANCELLED AT 2021-07-16T14:50:32 ***
2021-07-16 14:50:32,220 Initializing task ObjectNav-v1
2021-07-16 14:50:32,357 [ train_loader has [1596, 1326, 1785, 1676, 1575, 1839, 1614, 1403] samples ]
2021-07-16 14:50:32,657 

Setting up GPS sensor
2021-07-16 14:50:32,657 

Setting up Compass sensor
2021-07-16 14:50:32,661 

Setting up Object Goal sensor
2021-07-16 14:50:32,696 [ train_loader has [1598, 1684, 1707, 1738, 1502, 1439, 1386, 1760] samples ]
2021-07-16 14:50:32,731 [ train_loader has [1419, 1709, 1932, 1758, 1661, 1342, 1395, 1598] samples ]
2021-07-16 14:50:33,007 

Setting up GPS sensor
2021-07-16 14:50:33,007 

Setting up Compass sensor
2021-07-16 14:50:33,011 

Setting up Object Goal sensor
2021-07-16 14:50:33,030 

Setting up GPS sensor
2021-07-16 14:50:33,031 

Setting up Compass sensor
2021-07-16 14:50:33,034 

Setting up Object Goal sensor
2021-07-16 14:50:33,364 Initializing task ObjectNav-v1
2021-07-16 14:50:33,524 [ train_loader has [1594, 1754, 1641, 1678, 1523, 1672, 1360, 1592] samples ]
2021-07-16 14:50:33,804 

Setting up GPS sensor
2021-07-16 14:50:33,805 

Setting up Compass sensor
2021-07-16 14:50:33,808 

Setting up Object Goal sensor
2021-07-16 14:50:34,048 Initializing task ObjectNav-v1
2021-07-16 14:50:34,333 Initializing task ObjectNav-v1
2021-07-16 14:50:34,426 Initializing task ObjectNav-v1
2021-07-16 14:50:34,502 [ train_loader has [1732, 1562, 1540, 1812, 1327, 1731, 1598, 1512] samples ]
2021-07-16 14:50:34,589 [ train_loader has [1668, 1705, 1761, 1611, 1292, 1712, 1529, 1536] samples ]
2021-07-16 14:50:34,794 

Setting up GPS sensor
2021-07-16 14:50:34,794 

Setting up Compass sensor
2021-07-16 14:50:34,798 

Setting up Object Goal sensor
2021-07-16 14:50:34,896 

Setting up GPS sensor
2021-07-16 14:50:34,897 

Setting up Compass sensor
2021-07-16 14:50:34,900 

Setting up Object Goal sensor
Traceback (most recent call last):
  File "/private/home/abhshkdz/.conda/envs/habitat-on-web/lib/python3.6/runpy.py", line 193, in _run_module_as_main
    "__main__", mod_spec)
  File "/private/home/abhshkdz/.conda/envs/habitat-on-web/lib/python3.6/runpy.py", line 85, in _run_code
    exec(code, run_globals)
  File "/private/home/abhshkdz/projects/habitat-lab/habitat_baselines/run.py", line 79, in <module>
    main()
  File "/private/home/abhshkdz/projects/habitat-lab/habitat_baselines/run.py", line 40, in main
    run_exp(**vars(args))
  File "/private/home/abhshkdz/projects/habitat-lab/habitat_baselines/run.py", line 75, in run_exp
    execute_exp(config, run_type)
  File "/private/home/abhshkdz/projects/habitat-lab/habitat_baselines/run.py", line 58, in execute_exp
    trainer.train()
  File "/private/home/abhshkdz/.conda/envs/habitat-on-web/lib/python3.6/contextlib.py", line 52, in inner
    return func(*args, **kwds)
  File "/private/home/abhshkdz/projects/habitat-lab/habitat_baselines/objectnav/il/behavior_cloning_env_ddp_trainer.py", line 182, in train
    self.agent.init_distributed(find_unused_params=True)
  File "/private/home/abhshkdz/projects/habitat-lab/habitat_baselines/objectnav/il/agent.py", line 156, in init_distributed
    self._ddp_hooks = Guard(self.model, self.device)  # type: ignore
  File "/private/home/abhshkdz/projects/habitat-lab/habitat_baselines/objectnav/il/agent.py", line 151, in __init__
    model, device_ids=[device], output_device=device
  File "/private/home/abhshkdz/.conda/envs/habitat-on-web/lib/python3.6/site-packages/torch/nn/parallel/distributed.py", line 410, in __init__
    self._sync_params_and_buffers(authoritative_rank=0)
  File "/private/home/abhshkdz/.conda/envs/habitat-on-web/lib/python3.6/site-packages/torch/nn/parallel/distributed.py", line 420, in _sync_params_and_buffers
    authoritative_rank)
  File "/private/home/abhshkdz/.conda/envs/habitat-on-web/lib/python3.6/site-packages/torch/nn/parallel/distributed.py", line 979, in _distributed_broadcast_coalesced
    self.process_group, tensors, buffer_size, authoritative_rank
RuntimeError: [/opt/conda/conda-bld/pytorch_1607370120218/work/third_party/gloo/gloo/transport/tcp/pair.cc:575] Connection closed by peer [100.96.165.164]:54468
Traceback (most recent call last):
  File "/private/home/abhshkdz/.conda/envs/habitat-on-web/lib/python3.6/runpy.py", line 193, in _run_module_as_main
    "__main__", mod_spec)
  File "/private/home/abhshkdz/.conda/envs/habitat-on-web/lib/python3.6/runpy.py", line 85, in _run_code
    exec(code, run_globals)
  File "/private/home/abhshkdz/projects/habitat-lab/habitat_baselines/run.py", line 79, in <module>
    main()
  File "/private/home/abhshkdz/projects/habitat-lab/habitat_baselines/run.py", line 40, in main
    run_exp(**vars(args))
  File "/private/home/abhshkdz/projects/habitat-lab/habitat_baselines/run.py", line 75, in run_exp
    execute_exp(config, run_type)
  File "/private/home/abhshkdz/projects/habitat-lab/habitat_baselines/run.py", line 58, in execute_exp
    trainer.train()
  File "/private/home/abhshkdz/.conda/envs/habitat-on-web/lib/python3.6/contextlib.py", line 52, in inner
    return func(*args, **kwds)
  File "/private/home/abhshkdz/projects/habitat-lab/habitat_baselines/objectnav/il/behavior_cloning_env_ddp_trainer.py", line 182, in train
    self.agent.init_distributed(find_unused_params=True)
  File "/private/home/abhshkdz/projects/habitat-lab/habitat_baselines/objectnav/il/agent.py", line 156, in init_distributed
    self._ddp_hooks = Guard(self.model, self.device)  # type: ignore
  File "/private/home/abhshkdz/projects/habitat-lab/habitat_baselines/objectnav/il/agent.py", line 151, in __init__
    model, device_ids=[device], output_device=device
  File "/private/home/abhshkdz/.conda/envs/habitat-on-web/lib/python3.6/site-packages/torch/nn/parallel/distributed.py", line 410, in __init__
    self._sync_params_and_buffers(authoritative_rank=0)
  File "/private/home/abhshkdz/.conda/envs/habitat-on-web/lib/python3.6/site-packages/torch/nn/parallel/distributed.py", line 420, in _sync_params_and_buffers
    authoritative_rank)
  File "/private/home/abhshkdz/.conda/envs/habitat-on-web/lib/python3.6/site-packages/torch/nn/parallel/distributed.py", line 979, in _distributed_broadcast_coalesced
    self.process_group, tensors, buffer_size, authoritative_rank
RuntimeError: [/opt/conda/conda-bld/pytorch_1607370120218/work/third_party/gloo/gloo/transport/tcp/pair.cc:575] Connection closed by peer [100.96.165.164]:59797
srun: error: learnfair1500: task 3: Killed
srun: error: learnfair1520: task 6: Killed
srun: error: learnfair1484: task 1: Killed
srun: error: learnfair1468: task 0: Killed
srun: error: learnfair1514: task 5: Killed
srun: error: learnfair1524: task 7: Killed
srun: error: learnfair1513: task 4: Killed
srun: Force Terminated StepId=43652345.1
