/bin/bash: /public/apps/anaconda3/2020.11/lib/libtinfo.so.6: no version information available (required by /bin/bash)
+ srun /private/home/abhshkdz/.conda/envs/habitat-on-web/bin/python -u -m habitat_baselines.run --exp-config habitat_baselines/config/object_rearrangement/il_distrib_object_rearrangement.yaml --run-type train
2021-05-24 10:56:57,861 config: BASE_TASK_CONFIG_PATH: configs/tasks/object_rearrangement.yaml
CHECKPOINT_FOLDER: results/checkpoints/resnet18_s_path_unseen_instructions/seed_1
CHECKPOINT_INTERVAL: 1
CMD_TRAILING_OPTS: []
DATASET_PATH: data/datasets/object_rearrangement/s_path_unseen_instructions/{split}/{scene_split}.db
ENV_NAME: RearrangementRLEnv
EVAL:
  SPLIT: eval
  USE_CKPT_CONFIG: True
EVAL_CKPT_PATH_DIR: data/new_checkpoints/resnet18_random_split_s_path_unseen_instructions/seed_1/model_10.ckpt
EVAL_SAVE_RESULTS: True
EVAL_SAVE_RESULTS_INTERVAL: 50
FORCE_BLIND_POLICY: False
IL:
  BehaviorCloning:
    batch_size: 8
    freeze_encoder: False
    lr: 0.001
    max_epochs: 10
    timestep_batch_size: 512
  USE_IW: True
  distrib_backend: GLOO
INTERRUPTED_STATE_FILE_PATH: data/new_checkpoints/resnet18_random_split_s_path_unseen_instructions/seed_1/state.pth
LOG_FILE: train.log
LOG_INTERVAL: 10
LOG_METRICS: True
MODEL:
  DEPTH_ENCODER:
    backbone: resnet50
    cnn_type: VlnResnetDepthEncoder
    ddppo_checkpoint: data/ddppo-models/gibson-2plus-resnet50.pth
    output_size: 128
    trainable: False
  INSTRUCTION_ENCODER:
    bidirectional: False
    embedding_size: 64
    final_state_only: True
    hidden_size: 128
    rnn_type: LSTM
    use_pretrained_embeddings: False
    vocab_size: 128
  PROGRESS_MONITOR:
    use: False
  RGB_ENCODER:
    backbone: resnet18
    cnn_type: ResnetRGBEncoder
    output_size: 256
    train_encoder: True
  SEQ2SEQ:
    use_prev_action: True
  STATE_ENCODER:
    hidden_size: 512
    num_recurrent_layers: 2
    rnn_type: GRU
  ablate_depth: False
  ablate_instruction: False
  ablate_rgb: False
  inflection_weight_coef: 2.956496547989712
NUM_PROCESSES: 1
NUM_UPDATES: 10000
ORBSLAM2:
  ANGLE_TH: 0.2617993877991494
  BETA: 100
  CAMERA_HEIGHT: 1.25
  DEPTH_DENORM: 10.0
  DIST_REACHED_TH: 0.15
  DIST_TO_STOP: 0.05
  D_OBSTACLE_MAX: 4.0
  D_OBSTACLE_MIN: 0.1
  H_OBSTACLE_MAX: 1.25
  H_OBSTACLE_MIN: 0.375
  MAP_CELL_SIZE: 0.1
  MAP_SIZE: 40
  MIN_PTS_IN_OBSTACLE: 320.0
  NEXT_WAYPOINT_TH: 0.5
  NUM_ACTIONS: 3
  PLANNER_MAX_STEPS: 500
  PREPROCESS_MAP: True
  SLAM_SETTINGS_PATH: habitat_baselines/slambased/data/mp3d3_small1k.yaml
  SLAM_VOCAB_PATH: habitat_baselines/slambased/data/ORBvoc.txt
OUTPUT_LOG_DIR: results/logs/object_rearrangement
PROFILING:
  CAPTURE_START_STEP: -1
  NUM_STEPS_TO_CAPTURE: -1
RESULTS_DIR: results/object_rearrangement/results/{split}/{type}
RL:
  DDPPO:
    backbone: resnet50
    distrib_backend: GLOO
    num_recurrent_layers: 2
    pretrained: False
    pretrained_encoder: False
    pretrained_weights: data/ddppo-models/gibson-2plus-resnet50.pth
    reset_critic: True
    rnn_type: LSTM
    sync_frac: 0.6
    train_encoder: True
  GRAB_SUCCESS_REWARD: 1.5
  POLICY:
    OBS_TRANSFORMS:
      CENTER_CROPPER:
        HEIGHT: 256
        WIDTH: 256
      CUBE2EQ:
        HEIGHT: 256
        SENSOR_UUIDS: []
        WIDTH: 512
      CUBE2FISH:
        FOV: 180
        HEIGHT: 256
        PARAMS: (0.2, 0.2, 0.2)
        SENSOR_UUIDS: []
        WIDTH: 256
      ENABLED_TRANSFORMS: ()
      EQ2CUBE:
        HEIGHT: 256
        SENSOR_UUIDS: []
        WIDTH: 256
      RESIZE_SHORTEST_EDGE:
        SIZE: 256
    name: PointNavBaselinePolicy
  PPO:
    clip_param: 0.2
    entropy_coef: 0.01
    eps: 1e-05
    gamma: 0.99
    hidden_size: 512
    lr: 0.0007
    max_grad_norm: 0.5
    num_mini_batch: 16
    num_steps: 5
    ppo_epoch: 4
    reward_window_size: 50
    tau: 0.95
    use_gae: True
    use_linear_clip_decay: False
    use_linear_lr_decay: False
    use_normalized_advantage: True
    value_loss_coef: 0.5
  REWARD_MEASURE: agent_receptacle_distance
  REWARD_MEASURE_2: agent_object_distance
  SLACK_REWARD: -0.01
  SUCCESS_MEASURE: success
  SUCCESS_REWARD: 2.5
SENSORS: ['RGB_SENSOR', 'DEPTH_SENSOR']
SHOW_TOP_DOWN_MAP: False
SIMULATOR_GPU_ID: 0
TASK_CONFIG:
  DATASET:
    CONTENT_SCENES: ['*']
    DATA_PATH: data/datasets/object_rearrangement/s_path_unseen_instructions/{split}/{split}.json.gz
    SCENES_DIR: data/scene_datasets/habitat-test-scenes/
    SPLIT: sample
    TYPE: RearrangementDataset-v0
  ENVIRONMENT:
    ITERATOR_OPTIONS:
      CYCLE: True
      GROUP_BY_SCENE: True
      MAX_SCENE_REPEAT_EPISODES: -1
      MAX_SCENE_REPEAT_STEPS: 10000
      NUM_EPISODE_SAMPLE: -1
      SHUFFLE: True
      STEP_REPETITION_RANGE: 0.2
    MAX_EPISODE_SECONDS: 10000000
    MAX_EPISODE_STEPS: 2002
  PYROBOT:
    BASE_CONTROLLER: proportional
    BASE_PLANNER: none
    BUMP_SENSOR:
      TYPE: PyRobotBumpSensor
    DEPTH_SENSOR:
      CENTER_CROP: False
      HEIGHT: 480
      MAX_DEPTH: 5.0
      MIN_DEPTH: 0.0
      NORMALIZE_DEPTH: True
      TYPE: PyRobotDepthSensor
      WIDTH: 640
    LOCOBOT:
      ACTIONS: ['BASE_ACTIONS', 'CAMERA_ACTIONS']
      BASE_ACTIONS: ['go_to_relative', 'go_to_absolute']
      CAMERA_ACTIONS: ['set_pan', 'set_tilt', 'set_pan_tilt']
    RGB_SENSOR:
      CENTER_CROP: False
      HEIGHT: 480
      TYPE: PyRobotRGBSensor
      WIDTH: 640
    ROBOT: locobot
    ROBOTS: ['locobot']
    SENSORS: ['RGB_SENSOR', 'DEPTH_SENSOR', 'BUMP_SENSOR']
  SEED: 105
  SIMULATOR:
    ACTION_SPACE_CONFIG: RearrangementActions-v0
    AGENTS: ['AGENT_0']
    AGENT_0:
      ANGULAR_ACCELERATION: 12.56
      ANGULAR_FRICTION: 1.0
      COEFFICIENT_OF_RESTITUTION: 0.0
      HEIGHT: 1.5
      IS_SET_START_STATE: False
      LINEAR_ACCELERATION: 20.0
      LINEAR_FRICTION: 0.5
      MASS: 32.0
      MAX_CLIMB: 0.5
      RADIUS: 0.1
      SENSORS: ['RGB_SENSOR', 'SEMANTIC_SENSOR', 'DEPTH_SENSOR']
      START_POSITION: [0, 0, 0]
      START_ROTATION: [0, 0, 0, 1]
    CROSSHAIR_POS: [128, 128]
    DEFAULT_AGENT_ID: 0
    DEPTH_SENSOR:
      HEIGHT: 256
      HFOV: 90
      MAX_DEPTH: 10.0
      MIN_DEPTH: 0.0
      NORMALIZE_DEPTH: True
      ORIENTATION: [0.0, 0.0, 0.0]
      POSITION: [0, 1.5, 0]
      TYPE: HabitatSimDepthSensor
      WIDTH: 256
    FORWARD_STEP_SIZE: 0.15
    GRAB_DISTANCE: 2.0
    HABITAT_SIM_V0:
      ALLOW_SLIDING: True
      ENABLE_PHYSICS: True
      GPU_DEVICE_ID: 0
      GPU_GPU: False
      PHYSICS_CONFIG_FILE: ./data/default.physics_config.json
    RGB_SENSOR:
      HEIGHT: 256
      HFOV: 90
      ORIENTATION: [0.0, 0.0, 0.0]
      POSITION: [0, 1.5, 0]
      TYPE: HabitatSimRGBSensor
      WIDTH: 256
    SCENE: data/scene_datasets/habitat-test-scenes/van-gogh-room.glb
    SEED: 100
    SEMANTIC_SENSOR:
      CHANNELS: 1
      HEIGHT: 256
      HFOV: 90
      ORIENTATION: [0.0, 0.0, 0.0]
      POSITION: [0, 1.5, 0]
      TYPE: HabitatSimSemanticSensor
      WIDTH: 256
    TILT_ANGLE: 5
    TURN_ANGLE: 5
    TYPE: RearrangementSim-v0
  TASK:
    ACTIONS:
      ANSWER:
        TYPE: AnswerAction
      GRAB_RELEASE:
        TYPE: GrabOrReleaseAction
      LOOK_DOWN:
        TYPE: LookDownAction
      LOOK_UP:
        TYPE: LookUpAction
      MOVE_BACKWARD:
        TYPE: MoveBackwardAction
      MOVE_FORWARD:
        TYPE: MoveForwardAction
      NO_OP:
        TYPE: NoOpAction
      STOP:
        TYPE: StopAction
      TELEPORT:
        TYPE: TeleportAction
      TURN_LEFT:
        TYPE: TurnLeftAction
      TURN_RIGHT:
        TYPE: TurnRightAction
    AGENT_TO_OBJECT_DISTANCE:
      TYPE: AgentToObjectDistance
    AGENT_TO_RECEPTACLE_DISTANCE:
      TYPE: AgentToReceptacleDistance
    ALL_OBJECT_POSITIONS:
      TYPE: AllObjectPositions
    ANSWER_ACCURACY:
      TYPE: AnswerAccuracy
    COLLISIONS:
      TYPE: Collisions
    COMPASS_SENSOR:
      TYPE: CompassSensor
    CORRECT_ANSWER:
      TYPE: CorrectAnswer
    COVERAGE:
      EGOCENTRIC: False
      GRID_DELTA: 0.25
      TYPE: Coverage
    DEMONSTRATION_SENSOR:
      TYPE: DemonstrationSensor
    DEMONSTRATION_SENSOR_UUID: demonstration
    DISTANCE_TO_GOAL:
      DISTANCE_TO: POINT
      TYPE: DistanceToGoal
    EPISODE_INFO:
      TYPE: EpisodeInfo
    GOAL_OBJECT_VISIBLE:
      TYPE: GoalObjectVisible
    GOAL_SENSOR_UUID: pointgoal
    GPS_SENSOR:
      DIMENSIONALITY: 2
      TYPE: GPSSensor
    GRAB_SUCCESS:
      TYPE: GrabSuccess
    GRIPPED_OBJECT_SENSOR:
      TYPE: GrippedObjectSensor
    GRIPPED_OBJECT_SENSOR_UUID: gripped_object_id
    HEADING_SENSOR:
      TYPE: HeadingSensor
    IMAGEGOAL_SENSOR:
      TYPE: ImageGoalSensor
    INFLECTION_WEIGHT_SENSOR:
      TYPE: InflectionWeightSensor
    INFLECTION_WEIGHT_SENSOR_UUID: inflection_weight
    INSTRUCTION_SENSOR:
      TYPE: InstructionSensor
    INSTRUCTION_SENSOR_UUID: instruction
    MEASUREMENTS: ['AGENT_TO_OBJECT_DISTANCE', 'OBJECT_TO_RECEPTACLE_DISTANCE', 'AGENT_TO_RECEPTACLE_DISTANCE', 'REARRANGEMENT_SUCCESS', 'DISTANCE_TO_GOAL', 'REARRANGEMENT_SPL', 'GRAB_SUCCESS', 'GOAL_OBJECT_VISIBLE', 'COVERAGE', 'REARRANGEMENT_REWARD', 'RELEASE_FAILED']
    OBJECTGOAL_SENSOR:
      GOAL_SPEC: TASK_CATEGORY_ID
      GOAL_SPEC_MAX_VAL: 50
      TYPE: ObjectGoalSensor
    OBJECT_TO_RECEPTACLE_DISTANCE:
      TYPE: ObjectToReceptacleDistance
    POINTGOAL_SENSOR:
      DIMENSIONALITY: 2
      GOAL_FORMAT: POLAR
      TYPE: PointGoalSensor
    POINTGOAL_WITH_GPS_COMPASS_SENSOR:
      DIMENSIONALITY: 2
      GOAL_FORMAT: POLAR
      TYPE: PointGoalWithGPSCompassSensor
    POSSIBLE_ACTIONS: ['STOP', 'MOVE_FORWARD', 'TURN_LEFT', 'TURN_RIGHT', 'LOOK_UP', 'LOOK_DOWN', 'GRAB_RELEASE', 'MOVE_BACKWARD', 'NO_OP']
    PROXIMITY_SENSOR:
      MAX_DETECTION_RADIUS: 2.0
      TYPE: ProximitySensor
    QUESTION_SENSOR:
      TYPE: QuestionSensor
    REARRANGEMENT_REWARD:
      ATTENUATION: 0.995
      COVERAGE_REWARD: 0.25
      DROP_PENALTY: -0.5
      DROP_PENALTY_DIST_THRESHOLD: 3.0
      ENABLE_PENALTY: True
      EXP_REWARD_COEF: 1.0
      GRAB_SUCCESS_REWARD: 2.5
      MODE: DISTANCE_TO_GOAL_PLUS_VISIBLE
      OBJECT_SEEN_REWARD: 1.5
      OBJECT_SEEN_REWARD_THRESHOLD: 0.001
      RECEPTACLE_SEEN_REWARD_THRESHOLD: 0.001
      SLACK_REWARD: -0.01
      SUCCESS_DISTANCE: 1.5
      SUCCESS_REWARD: 3.5
      TYPE: RearrangementReward
      USE_NORMALIZED_REWARD: True
      VISIT_EXP: 1
    REARRANGEMENT_SPL:
      TYPE: RearrangementSPL
    REARRANGEMENT_SUCCESS:
      SUCCESS_DISTANCE: 0.7
      TYPE: RearrangementSuccess
    RELEASE_FAILED:
      TYPE: ReleaseFailed
    SENSORS: ['INSTRUCTION_SENSOR', 'GRIPPED_OBJECT_SENSOR']
    SOFT_SPL:
      TYPE: SoftSPL
    SPL:
      TYPE: SPL
    SUCCESS:
      SUCCESS_DISTANCE: 0.2
      TYPE: Success
    SUCCESS_DISTANCE: 0.2
    TOP_DOWN_MAP:
      DRAW_BORDER: True
      DRAW_GOAL_AABBS: True
      DRAW_GOAL_POSITIONS: True
      DRAW_SHORTEST_PATH: False
      DRAW_SOURCE: True
      DRAW_VIEW_POINTS: True
      FOG_OF_WAR:
        DRAW: True
        FOV: 90
        VISIBILITY_DIST: 5.0
      MAP_PADDING: 3
      MAP_RESOLUTION: 1024
      MAX_EPISODE_STEPS: 1000
      TYPE: TopDownMap
    TYPE: RearrangementTask-v0
TENSORBOARD_DIR: results/tb/resnet18_s_path_unseen_instructions/seed_1/train
TEST_EPISODE_COUNT: -1
TORCH_GPU_ID: 0
TRAINER_NAME: rearrangement-behavior-cloning-distrib
VIDEO_DIR: results/videos/resnet18_s_path_unseen_instructions/seed_1/train
VIDEO_OPTION: ['disk']
2021-05-24 10:56:58,350 Initializing dataset RearrangementDataset-v0
2021-05-24 10:57:02,287 Initializing dataset RearrangementDataset-v0
2021-05-24 10:57:02,613 initializing sim RearrangementSim-v0
WARNING: Logging before InitGoogleLogging() is written to STDERR
E0524 10:57:04.757967 469837 ResourceManager.cpp:598] Reloading asset data/scene_datasets/habitat-test-scenes/zsNo4HB9uLZ.glb with different configuration not currently supported. Asset may not be rendered correctly.
2021-05-24 10:57:05,136 Initializing task RearrangementTask-v0
2021-05-24 10:57:05,454 Initializing dataset RearrangementDataset-v0
2021-05-24 10:57:06,085 Dataset cache found.
2021-05-24 10:57:06,090 Dataset cache found.
2021-05-24 10:57:06,095 Dataset cache found.
2021-05-24 10:57:06,101 Dataset cache found.
2021-05-24 10:57:06,106 Dataset cache found.
2021-05-24 10:57:06,112 Dataset cache found.
2021-05-24 10:57:06,117 Dataset cache found.
2021-05-24 10:57:06,120 Setup dataloader
2021-05-24 10:57:06,120 Dataloader setup
2021-05-24 10:57:06,120 [ train_loader has 4939 samples ]
2021-05-24 10:57:06,120 Setting up distributed model...
2021-05-24 10:57:14,082 Starting training
/private/home/abhshkdz/.conda/envs/habitat-on-web/lib/python3.6/site-packages/tensorflow-1.13.1-py3.6-linux-x86_64.egg/tensorflow/python/framework/dtypes.py:526: FutureWarning: Passing (type, 1) or '1type' as a synonym of type is deprecated; in a future version of numpy, it will be understood as (type, (1,)) / '(1,)type'.
  _np_qint8 = np.dtype([("qint8", np.int8, 1)])
/private/home/abhshkdz/.conda/envs/habitat-on-web/lib/python3.6/site-packages/tensorflow-1.13.1-py3.6-linux-x86_64.egg/tensorflow/python/framework/dtypes.py:527: FutureWarning: Passing (type, 1) or '1type' as a synonym of type is deprecated; in a future version of numpy, it will be understood as (type, (1,)) / '(1,)type'.
  _np_quint8 = np.dtype([("quint8", np.uint8, 1)])
/private/home/abhshkdz/.conda/envs/habitat-on-web/lib/python3.6/site-packages/tensorflow-1.13.1-py3.6-linux-x86_64.egg/tensorflow/python/framework/dtypes.py:528: FutureWarning: Passing (type, 1) or '1type' as a synonym of type is deprecated; in a future version of numpy, it will be understood as (type, (1,)) / '(1,)type'.
  _np_qint16 = np.dtype([("qint16", np.int16, 1)])
/private/home/abhshkdz/.conda/envs/habitat-on-web/lib/python3.6/site-packages/tensorflow-1.13.1-py3.6-linux-x86_64.egg/tensorflow/python/framework/dtypes.py:529: FutureWarning: Passing (type, 1) or '1type' as a synonym of type is deprecated; in a future version of numpy, it will be understood as (type, (1,)) / '(1,)type'.
  _np_quint16 = np.dtype([("quint16", np.uint16, 1)])
/private/home/abhshkdz/.conda/envs/habitat-on-web/lib/python3.6/site-packages/tensorflow-1.13.1-py3.6-linux-x86_64.egg/tensorflow/python/framework/dtypes.py:530: FutureWarning: Passing (type, 1) or '1type' as a synonym of type is deprecated; in a future version of numpy, it will be understood as (type, (1,)) / '(1,)type'.
  _np_qint32 = np.dtype([("qint32", np.int32, 1)])
/private/home/abhshkdz/.conda/envs/habitat-on-web/lib/python3.6/site-packages/tensorflow-1.13.1-py3.6-linux-x86_64.egg/tensorflow/python/framework/dtypes.py:535: FutureWarning: Passing (type, 1) or '1type' as a synonym of type is deprecated; in a future version of numpy, it will be understood as (type, (1,)) / '(1,)type'.
  np_resource = np.dtype([("resource", np.ubyte, 1)])
2021-05-24 10:57:18,979 Epoch: 1
2021-05-24 10:59:24,338 [ Epoch: 1; iter: 10; loss: 2.152; load time: 0.180; train time: 0.020; slice time: 0.009;]
2021-05-24 11:01:26,830 [ Epoch: 1; iter: 20; loss: 2.032; load time: 0.177; train time: 0.020; slice time: 0.009;]
2021-05-24 11:03:29,258 [ Epoch: 1; iter: 30; loss: 1.860; load time: 0.177; train time: 0.019; slice time: 0.009;]
2021-05-24 11:05:50,575 [ Epoch: 1; iter: 40; loss: 1.125; load time: 0.183; train time: 0.020; slice time: 0.010;]
2021-05-24 11:07:53,951 [ Epoch: 1; iter: 50; loss: 1.618; load time: 0.182; train time: 0.019; slice time: 0.010;]
2021-05-24 11:10:05,374 [ Epoch: 1; iter: 60; loss: 0.941; load time: 0.183; train time: 0.019; slice time: 0.010;]
2021-05-24 11:12:11,885 [ Epoch: 1; iter: 70; loss: 1.519; load time: 0.183; train time: 0.019; slice time: 0.010;]
2021-05-24 11:14:24,800 [ Epoch: 1; iter: 80; loss: 0.941; load time: 0.184; train time: 0.020; slice time: 0.010;]
2021-05-24 11:16:39,712 [ Epoch: 1; iter: 90; loss: 1.477; load time: 0.185; train time: 0.020; slice time: 0.010;]
2021-05-24 11:18:44,897 [ Epoch: 1; iter: 100; loss: 1.456; load time: 0.185; train time: 0.020; slice time: 0.010;]
2021-05-24 11:20:52,851 [ Epoch: 1; iter: 110; loss: 0.880; load time: 0.184; train time: 0.020; slice time: 0.010;]
2021-05-24 11:22:55,476 [ Epoch: 1; iter: 120; loss: 1.480; load time: 0.184; train time: 0.020; slice time: 0.010;]
2021-05-24 11:25:10,889 [ Epoch: 1; iter: 130; loss: 1.439; load time: 0.185; train time: 0.020; slice time: 0.010;]
2021-05-24 11:27:19,880 [ Epoch: 1; iter: 140; loss: 0.805; load time: 0.185; train time: 0.020; slice time: 0.010;]
2021-05-24 11:29:35,474 [ Epoch: 1; iter: 150; loss: 0.816; load time: 0.185; train time: 0.020; slice time: 0.010;]
2021-05-24 11:31:45,125 [ Epoch: 1; iter: 160; loss: 1.454; load time: 0.185; train time: 0.020; slice time: 0.010;]
2021-05-24 11:33:50,257 [ Epoch: 1; iter: 170; loss: 0.853; load time: 0.185; train time: 0.020; slice time: 0.010;]
2021-05-24 11:35:56,711 [ Epoch: 1; iter: 180; loss: 1.425; load time: 0.185; train time: 0.020; slice time: 0.010;]
2021-05-24 11:37:59,115 [ Epoch: 1; iter: 190; loss: 1.478; load time: 0.184; train time: 0.020; slice time: 0.010;]
2021-05-24 11:40:05,875 [ Epoch: 1; iter: 200; loss: 0.805; load time: 0.184; train time: 0.020; slice time: 0.010;]
2021-05-24 11:42:14,152 [ Epoch: 1; iter: 210; loss: 1.413; load time: 0.184; train time: 0.020; slice time: 0.010;]
2021-05-24 11:44:24,027 [ Epoch: 1; iter: 220; loss: 1.405; load time: 0.184; train time: 0.020; slice time: 0.010;]
2021-05-24 11:47:14,218 [ Epoch: 1; iter: 230; loss: 1.469; load time: 0.187; train time: 0.020; slice time: 0.010;]
2021-05-24 11:49:24,074 [ Epoch: 1; iter: 240; loss: 1.419; load time: 0.187; train time: 0.020; slice time: 0.010;]
2021-05-24 11:51:23,374 [ Epoch: 1; iter: 250; loss: 1.450; load time: 0.187; train time: 0.019; slice time: 0.010;]
2021-05-24 11:53:34,595 [ Epoch: 1; iter: 260; loss: 1.388; load time: 0.187; train time: 0.019; slice time: 0.010;]
2021-05-24 11:55:42,015 [ Epoch: 1; iter: 270; loss: 1.416; load time: 0.187; train time: 0.019; slice time: 0.010;]
2021-05-24 11:57:43,856 [ Epoch: 1; iter: 280; loss: 1.409; load time: 0.186; train time: 0.019; slice time: 0.010;]
2021-05-24 11:59:57,042 [ Epoch: 1; iter: 290; loss: 1.356; load time: 0.186; train time: 0.019; slice time: 0.010;]
2021-05-24 12:02:06,635 [ Epoch: 1; iter: 300; loss: 1.321; load time: 0.186; train time: 0.019; slice time: 0.010;]
2021-05-24 12:04:18,817 [ Epoch: 1; iter: 310; loss: 0.710; load time: 0.187; train time: 0.019; slice time: 0.010;]
2021-05-24 12:06:19,416 [ Epoch: 1; iter: 320; loss: 1.246; load time: 0.186; train time: 0.019; slice time: 0.010;]
2021-05-24 12:08:31,081 [ Epoch: 1; iter: 330; loss: 0.675; load time: 0.186; train time: 0.020; slice time: 0.010;]
2021-05-24 12:10:44,488 [ Epoch: 1; iter: 340; loss: 1.195; load time: 0.186; train time: 0.019; slice time: 0.010;]
2021-05-24 12:12:54,160 [ Epoch: 1; iter: 350; loss: 0.630; load time: 0.186; train time: 0.019; slice time: 0.010;]
2021-05-24 12:15:01,128 [ Epoch: 1; iter: 360; loss: 1.101; load time: 0.186; train time: 0.019; slice time: 0.010;]
2021-05-24 12:17:02,575 [ Epoch: 1; iter: 370; loss: 1.067; load time: 0.186; train time: 0.019; slice time: 0.010;]
2021-05-24 12:19:13,616 [ Epoch: 1; iter: 380; loss: 1.025; load time: 0.186; train time: 0.019; slice time: 0.010;]
2021-05-24 12:21:20,832 [ Epoch: 1; iter: 390; loss: 1.036; load time: 0.186; train time: 0.019; slice time: 0.010;]
2021-05-24 12:23:30,483 [ Epoch: 1; iter: 400; loss: 0.993; load time: 0.186; train time: 0.019; slice time: 0.010;]
2021-05-24 12:25:39,433 [ Epoch: 1; iter: 410; loss: 0.944; load time: 0.186; train time: 0.019; slice time: 0.010;]
2021-05-24 12:27:54,558 [ Epoch: 1; iter: 420; loss: 0.907; load time: 0.186; train time: 0.019; slice time: 0.010;]
2021-05-24 12:30:00,017 [ Epoch: 1; iter: 430; loss: 0.848; load time: 0.186; train time: 0.019; slice time: 0.010;]
2021-05-24 12:32:05,833 [ Epoch: 1; iter: 440; loss: 0.807; load time: 0.186; train time: 0.019; slice time: 0.010;]
2021-05-24 12:34:17,624 [ Epoch: 1; iter: 450; loss: 0.780; load time: 0.186; train time: 0.019; slice time: 0.010;]
2021-05-24 12:36:28,533 [ Epoch: 1; iter: 460; loss: 0.777; load time: 0.186; train time: 0.019; slice time: 0.010;]
2021-05-24 12:38:45,240 [ Epoch: 1; iter: 470; loss: 0.718; load time: 0.186; train time: 0.019; slice time: 0.010;]
2021-05-24 12:41:01,859 [ Epoch: 1; iter: 480; loss: 0.406; load time: 0.187; train time: 0.019; slice time: 0.010;]
2021-05-24 12:43:12,809 [ Epoch: 1; iter: 490; loss: 0.729; load time: 0.187; train time: 0.019; slice time: 0.010;]
2021-05-24 12:45:20,291 [ Epoch: 1; iter: 500; loss: 0.696; load time: 0.187; train time: 0.019; slice time: 0.010;]
2021-05-24 12:47:32,321 [ Epoch: 1; iter: 510; loss: 0.656; load time: 0.187; train time: 0.019; slice time: 0.010;]
2021-05-24 12:49:39,619 [ Epoch: 1; iter: 520; loss: 0.389; load time: 0.187; train time: 0.019; slice time: 0.010;]
2021-05-24 12:51:49,455 [ Epoch: 1; iter: 530; loss: 0.451; load time: 0.187; train time: 0.019; slice time: 0.010;]
2021-05-24 12:53:59,541 [ Epoch: 1; iter: 540; loss: 0.626; load time: 0.187; train time: 0.019; slice time: 0.010;]
2021-05-24 12:56:16,145 [ Epoch: 1; iter: 550; loss: 0.611; load time: 0.187; train time: 0.019; slice time: 0.010;]
2021-05-24 12:59:22,124 [ Epoch: 1; iter: 560; loss: 0.625; load time: 0.188; train time: 0.019; slice time: 0.010;]
2021-05-24 13:01:48,803 [ Epoch: 1; iter: 570; loss: 0.633; load time: 0.189; train time: 0.019; slice time: 0.010;]
2021-05-24 13:03:53,571 [ Epoch: 1; iter: 580; loss: 0.616; load time: 0.189; train time: 0.019; slice time: 0.010;]
2021-05-24 13:06:09,484 [ Epoch: 1; iter: 590; loss: 0.640; load time: 0.189; train time: 0.019; slice time: 0.010;]
2021-05-24 13:08:12,973 [ Epoch: 1; iter: 600; loss: 0.608; load time: 0.189; train time: 0.019; slice time: 0.010;]
2021-05-24 13:10:28,828 [ Epoch: 1; iter: 610; loss: 0.552; load time: 0.189; train time: 0.019; slice time: 0.010;]
2021-05-24 13:12:04,729 [ Epoch 1 completed. Time taken: 134.8 minutes. Load time: 0.18847749491725552 mins. Train time: 0.019349687867180023 mins]
2021-05-24 13:12:04,730 [ Average loss: 1.011 ]
2021-05-24 13:12:04,948 Epoch: 2
2021-05-24 13:12:29,885 [ Epoch: 2; iter: 620; loss: 0.553; load time: 0.001; train time: 0.000; slice time: 0.000;]
2021-05-24 13:14:33,936 [ Epoch: 2; iter: 630; loss: 0.327; load time: 0.003; train time: 0.000; slice time: 0.000;]
2021-05-24 13:16:40,847 [ Epoch: 2; iter: 640; loss: 0.571; load time: 0.006; train time: 0.001; slice time: 0.000;]
2021-05-24 13:18:39,970 [ Epoch: 2; iter: 650; loss: 0.320; load time: 0.009; train time: 0.001; slice time: 0.000;]
2021-05-24 13:20:51,291 [ Epoch: 2; iter: 660; loss: 0.342; load time: 0.011; train time: 0.001; slice time: 0.001;]
2021-05-24 13:23:02,783 [ Epoch: 2; iter: 670; loss: 0.531; load time: 0.014; train time: 0.001; slice time: 0.001;]
2021-05-24 13:25:08,447 [ Epoch: 2; iter: 680; loss: 0.286; load time: 0.017; train time: 0.002; slice time: 0.001;]
2021-05-24 13:27:21,490 [ Epoch: 2; iter: 690; loss: 0.528; load time: 0.019; train time: 0.002; slice time: 0.001;]
2021-05-24 13:29:33,498 [ Epoch: 2; iter: 700; loss: 0.509; load time: 0.022; train time: 0.002; slice time: 0.001;]
2021-05-24 13:31:44,569 [ Epoch: 2; iter: 710; loss: 0.272; load time: 0.024; train time: 0.003; slice time: 0.001;]
2021-05-24 13:33:55,281 [ Epoch: 2; iter: 720; loss: 0.502; load time: 0.026; train time: 0.003; slice time: 0.001;]
2021-05-24 13:35:57,192 [ Epoch: 2; iter: 730; loss: 0.262; load time: 0.028; train time: 0.003; slice time: 0.002;]
2021-05-24 13:38:10,751 [ Epoch: 2; iter: 740; loss: 0.281; load time: 0.030; train time: 0.003; slice time: 0.002;]
2021-05-24 13:40:31,388 [ Epoch: 2; iter: 750; loss: 0.508; load time: 0.033; train time: 0.003; slice time: 0.002;]
2021-05-24 13:42:50,787 [ Epoch: 2; iter: 760; loss: 0.497; load time: 0.035; train time: 0.004; slice time: 0.002;]
2021-05-24 13:44:59,814 [ Epoch: 2; iter: 770; loss: 0.489; load time: 0.037; train time: 0.004; slice time: 0.002;]
2021-05-24 13:47:10,062 [ Epoch: 2; iter: 780; loss: 0.507; load time: 0.039; train time: 0.004; slice time: 0.002;]
2021-05-24 13:49:19,881 [ Epoch: 2; iter: 790; loss: 0.508; load time: 0.041; train time: 0.004; slice time: 0.002;]
2021-05-24 13:51:32,032 [ Epoch: 2; iter: 800; loss: 0.251; load time: 0.043; train time: 0.004; slice time: 0.002;]
2021-05-24 13:53:44,667 [ Epoch: 2; iter: 810; loss: 0.304; load time: 0.044; train time: 0.005; slice time: 0.002;]
2021-05-24 13:55:53,624 [ Epoch: 2; iter: 820; loss: 0.270; load time: 0.046; train time: 0.005; slice time: 0.002;]
2021-05-24 13:58:01,174 [ Epoch: 2; iter: 830; loss: 0.266; load time: 0.048; train time: 0.005; slice time: 0.003;]
2021-05-24 14:00:14,241 [ Epoch: 2; iter: 840; loss: 0.452; load time: 0.050; train time: 0.005; slice time: 0.003;]
2021-05-24 14:03:08,682 [ Epoch: 2; iter: 850; loss: 0.464; load time: 0.052; train time: 0.005; slice time: 0.003;]
2021-05-24 14:05:19,570 [ Epoch: 2; iter: 860; loss: 0.461; load time: 0.054; train time: 0.005; slice time: 0.003;]
2021-05-24 14:07:41,810 [ Epoch: 2; iter: 870; loss: 0.465; load time: 0.055; train time: 0.006; slice time: 0.003;]
2021-05-24 14:09:57,232 [ Epoch: 2; iter: 880; loss: 0.496; load time: 0.057; train time: 0.006; slice time: 0.003;]
2021-05-24 14:12:07,911 [ Epoch: 2; iter: 890; loss: 0.277; load time: 0.058; train time: 0.006; slice time: 0.003;]
2021-05-24 14:14:14,157 [ Epoch: 2; iter: 900; loss: 0.481; load time: 0.060; train time: 0.006; slice time: 0.003;]
2021-05-24 14:16:24,641 [ Epoch: 2; iter: 910; loss: 0.234; load time: 0.061; train time: 0.006; slice time: 0.003;]
2021-05-24 14:18:28,461 [ Epoch: 2; iter: 920; loss: 0.246; load time: 0.062; train time: 0.006; slice time: 0.003;]
2021-05-24 14:20:35,049 [ Epoch: 2; iter: 930; loss: 0.468; load time: 0.064; train time: 0.007; slice time: 0.003;]
2021-05-24 14:22:41,280 [ Epoch: 2; iter: 940; loss: 0.246; load time: 0.065; train time: 0.007; slice time: 0.003;]
2021-05-24 14:24:50,493 [ Epoch: 2; iter: 950; loss: 0.468; load time: 0.066; train time: 0.007; slice time: 0.003;]
2021-05-24 14:26:58,697 [ Epoch: 2; iter: 960; loss: 0.443; load time: 0.068; train time: 0.007; slice time: 0.004;]
2021-05-24 14:29:07,814 [ Epoch: 2; iter: 970; loss: 0.230; load time: 0.069; train time: 0.007; slice time: 0.004;]
2021-05-24 14:31:10,687 [ Epoch: 2; iter: 980; loss: 0.448; load time: 0.070; train time: 0.007; slice time: 0.004;]
2021-05-24 14:33:16,977 [ Epoch: 2; iter: 990; loss: 0.429; load time: 0.071; train time: 0.007; slice time: 0.004;]
2021-05-24 14:35:26,983 [ Epoch: 2; iter: 1000; loss: 0.383; load time: 0.072; train time: 0.007; slice time: 0.004;]
2021-05-24 14:37:45,285 [ Epoch: 2; iter: 1010; loss: 0.458; load time: 0.073; train time: 0.008; slice time: 0.004;]
2021-05-24 14:40:27,465 [ Epoch: 2; iter: 1020; loss: 0.443; load time: 0.075; train time: 0.008; slice time: 0.004;]
2021-05-24 14:43:02,291 [ Epoch: 2; iter: 1030; loss: 0.405; load time: 0.077; train time: 0.008; slice time: 0.004;]
2021-05-24 14:45:10,143 [ Epoch: 2; iter: 1040; loss: 0.226; load time: 0.078; train time: 0.008; slice time: 0.004;]
2021-05-24 14:47:14,462 [ Epoch: 2; iter: 1050; loss: 0.406; load time: 0.078; train time: 0.008; slice time: 0.004;]
2021-05-24 14:49:26,290 [ Epoch: 2; iter: 1060; loss: 0.420; load time: 0.080; train time: 0.008; slice time: 0.004;]
2021-05-24 14:51:32,029 [ Epoch: 2; iter: 1070; loss: 0.399; load time: 0.080; train time: 0.008; slice time: 0.004;]
2021-05-24 14:53:30,529 [ Epoch: 2; iter: 1080; loss: 0.454; load time: 0.081; train time: 0.008; slice time: 0.004;]
2021-05-24 14:55:44,670 [ Epoch: 2; iter: 1090; loss: 0.264; load time: 0.082; train time: 0.008; slice time: 0.004;]
2021-05-24 14:57:54,540 [ Epoch: 2; iter: 1100; loss: 0.255; load time: 0.083; train time: 0.009; slice time: 0.004;]
2021-05-24 14:59:56,878 [ Epoch: 2; iter: 1110; loss: 0.404; load time: 0.084; train time: 0.009; slice time: 0.004;]
2021-05-24 15:02:07,190 [ Epoch: 2; iter: 1120; loss: 0.408; load time: 0.085; train time: 0.009; slice time: 0.004;]
2021-05-24 15:04:11,930 [ Epoch: 2; iter: 1130; loss: 0.382; load time: 0.086; train time: 0.009; slice time: 0.004;]
2021-05-24 15:07:10,738 [ Epoch: 2; iter: 1140; loss: 0.430; load time: 0.087; train time: 0.009; slice time: 0.005;]
2021-05-24 15:09:49,446 [ Epoch: 2; iter: 1150; loss: 0.429; load time: 0.089; train time: 0.009; slice time: 0.005;]
2021-05-24 15:12:01,072 [ Epoch: 2; iter: 1160; loss: 0.422; load time: 0.090; train time: 0.009; slice time: 0.005;]
2021-05-24 15:14:01,171 [ Epoch: 2; iter: 1170; loss: 0.425; load time: 0.090; train time: 0.009; slice time: 0.005;]
2021-05-24 15:16:14,828 [ Epoch: 2; iter: 1180; loss: 0.429; load time: 0.091; train time: 0.009; slice time: 0.005;]
2021-05-24 15:18:20,100 [ Epoch: 2; iter: 1190; loss: 0.432; load time: 0.092; train time: 0.009; slice time: 0.005;]
2021-05-24 15:20:27,012 [ Epoch: 2; iter: 1200; loss: 0.224; load time: 0.093; train time: 0.009; slice time: 0.005;]
2021-05-24 15:22:31,909 [ Epoch: 2; iter: 1210; loss: 0.384; load time: 0.093; train time: 0.010; slice time: 0.005;]
2021-05-24 15:24:40,906 [ Epoch: 2; iter: 1220; loss: 0.209; load time: 0.094; train time: 0.010; slice time: 0.005;]
2021-05-24 15:26:45,913 [ Epoch: 2; iter: 1230; loss: 0.459; load time: 0.095; train time: 0.010; slice time: 0.005;]
2021-05-24 15:27:52,998 [ Epoch 2 completed. Time taken: 135.8 minutes. Load time: 0.19018379920508877 mins. Train time: 0.019416933023685263 mins]
2021-05-24 15:27:52,998 [ Average loss: 0.395 ]
2021-05-24 15:27:53,262 Epoch: 3
2021-05-24 15:28:38,700 [ Epoch: 3; iter: 1240; loss: 0.418; load time: 0.001; train time: 0.000; slice time: 0.000;]
2021-05-24 15:30:37,108 [ Epoch: 3; iter: 1250; loss: 0.436; load time: 0.002; train time: 0.000; slice time: 0.000;]
2021-05-24 15:32:48,756 [ Epoch: 3; iter: 1260; loss: 0.386; load time: 0.003; train time: 0.000; slice time: 0.000;]
2021-05-24 15:34:59,493 [ Epoch: 3; iter: 1270; loss: 0.211; load time: 0.005; train time: 0.001; slice time: 0.000;]
2021-05-24 15:37:09,609 [ Epoch: 3; iter: 1280; loss: 0.381; load time: 0.006; train time: 0.001; slice time: 0.000;]
2021-05-24 15:39:15,772 [ Epoch: 3; iter: 1290; loss: 0.392; load time: 0.008; train time: 0.001; slice time: 0.000;]
2021-05-24 15:41:21,459 [ Epoch: 3; iter: 1300; loss: 0.169; load time: 0.009; train time: 0.001; slice time: 0.000;]
2021-05-24 15:43:31,667 [ Epoch: 3; iter: 1310; loss: 0.369; load time: 0.010; train time: 0.001; slice time: 0.001;]
2021-05-24 15:45:41,214 [ Epoch: 3; iter: 1320; loss: 0.388; load time: 0.012; train time: 0.001; slice time: 0.001;]
2021-05-24 15:47:54,976 [ Epoch: 3; iter: 1330; loss: 0.392; load time: 0.013; train time: 0.001; slice time: 0.001;]
2021-05-24 15:50:12,000 [ Epoch: 3; iter: 1340; loss: 0.216; load time: 0.014; train time: 0.002; slice time: 0.001;]
2021-05-24 15:52:20,382 [ Epoch: 3; iter: 1350; loss: 0.225; load time: 0.016; train time: 0.002; slice time: 0.001;]
2021-05-24 15:54:23,229 [ Epoch: 3; iter: 1360; loss: 0.395; load time: 0.017; train time: 0.002; slice time: 0.001;]
2021-05-24 15:56:28,302 [ Epoch: 3; iter: 1370; loss: 0.389; load time: 0.018; train time: 0.002; slice time: 0.001;]
2021-05-24 15:58:36,264 [ Epoch: 3; iter: 1380; loss: 0.423; load time: 0.019; train time: 0.002; slice time: 0.001;]
2021-05-24 16:00:55,058 [ Epoch: 3; iter: 1390; loss: 0.387; load time: 0.020; train time: 0.002; slice time: 0.001;]
2021-05-24 16:03:08,807 [ Epoch: 3; iter: 1400; loss: 0.230; load time: 0.022; train time: 0.002; slice time: 0.001;]
2021-05-24 16:05:15,926 [ Epoch: 3; iter: 1410; loss: 0.199; load time: 0.023; train time: 0.002; slice time: 0.001;]
2021-05-24 16:07:32,336 [ Epoch: 3; iter: 1420; loss: 0.375; load time: 0.024; train time: 0.003; slice time: 0.001;]
2021-05-24 16:10:37,569 [ Epoch: 3; iter: 1430; loss: 0.309; load time: 0.026; train time: 0.003; slice time: 0.001;]
2021-05-24 16:12:47,909 [ Epoch: 3; iter: 1440; loss: 0.379; load time: 0.027; train time: 0.003; slice time: 0.001;]
2021-05-24 16:15:00,522 [ Epoch: 3; iter: 1450; loss: 0.211; load time: 0.028; train time: 0.003; slice time: 0.001;]
2021-05-24 16:17:12,118 [ Epoch: 3; iter: 1460; loss: 0.340; load time: 0.029; train time: 0.003; slice time: 0.002;]
2021-05-24 16:19:15,531 [ Epoch: 3; iter: 1470; loss: 0.183; load time: 0.030; train time: 0.003; slice time: 0.002;]
2021-05-24 16:21:23,976 [ Epoch: 3; iter: 1480; loss: 0.393; load time: 0.031; train time: 0.003; slice time: 0.002;]
2021-05-24 16:23:28,909 [ Epoch: 3; iter: 1490; loss: 0.205; load time: 0.032; train time: 0.003; slice time: 0.002;]
2021-05-24 16:25:46,063 [ Epoch: 3; iter: 1500; loss: 0.398; load time: 0.033; train time: 0.003; slice time: 0.002;]
2021-05-24 16:27:53,385 [ Epoch: 3; iter: 1510; loss: 0.380; load time: 0.034; train time: 0.004; slice time: 0.002;]
2021-05-24 16:29:53,858 [ Epoch: 3; iter: 1520; loss: 0.394; load time: 0.035; train time: 0.004; slice time: 0.002;]
2021-05-24 16:31:51,606 [ Epoch: 3; iter: 1530; loss: 0.387; load time: 0.036; train time: 0.004; slice time: 0.002;]
2021-05-24 16:34:08,576 [ Epoch: 3; iter: 1540; loss: 0.383; load time: 0.037; train time: 0.004; slice time: 0.002;]
2021-05-24 16:36:13,758 [ Epoch: 3; iter: 1550; loss: 0.220; load time: 0.038; train time: 0.004; slice time: 0.002;]
2021-05-24 16:38:24,862 [ Epoch: 3; iter: 1560; loss: 0.387; load time: 0.039; train time: 0.004; slice time: 0.002;]
2021-05-24 16:40:31,793 [ Epoch: 3; iter: 1570; loss: 0.374; load time: 0.040; train time: 0.004; slice time: 0.002;]
2021-05-24 16:42:47,024 [ Epoch: 3; iter: 1580; loss: 0.197; load time: 0.041; train time: 0.004; slice time: 0.002;]
2021-05-24 16:44:51,906 [ Epoch: 3; iter: 1590; loss: 0.200; load time: 0.042; train time: 0.004; slice time: 0.002;]
2021-05-24 16:46:55,787 [ Epoch: 3; iter: 1600; loss: 0.362; load time: 0.043; train time: 0.004; slice time: 0.002;]
2021-05-24 16:48:56,591 [ Epoch: 3; iter: 1610; loss: 0.378; load time: 0.043; train time: 0.004; slice time: 0.002;]
2021-05-24 16:51:05,170 [ Epoch: 3; iter: 1620; loss: 0.355; load time: 0.044; train time: 0.005; slice time: 0.002;]
2021-05-24 16:53:13,601 [ Epoch: 3; iter: 1630; loss: 0.343; load time: 0.045; train time: 0.005; slice time: 0.002;]
2021-05-24 16:55:22,940 [ Epoch: 3; iter: 1640; loss: 0.234; load time: 0.046; train time: 0.005; slice time: 0.002;]
2021-05-24 16:57:31,596 [ Epoch: 3; iter: 1650; loss: 0.389; load time: 0.047; train time: 0.005; slice time: 0.003;]
2021-05-24 16:59:43,001 [ Epoch: 3; iter: 1660; loss: 0.345; load time: 0.048; train time: 0.005; slice time: 0.003;]
2021-05-24 17:01:49,883 [ Epoch: 3; iter: 1670; loss: 0.412; load time: 0.049; train time: 0.005; slice time: 0.003;]
2021-05-24 17:04:00,332 [ Epoch: 3; iter: 1680; loss: 0.377; load time: 0.049; train time: 0.005; slice time: 0.003;]
2021-05-24 17:06:05,921 [ Epoch: 3; iter: 1690; loss: 0.370; load time: 0.050; train time: 0.005; slice time: 0.003;]
2021-05-24 17:08:09,565 [ Epoch: 3; iter: 1700; loss: 0.246; load time: 0.051; train time: 0.005; slice time: 0.003;]
2021-05-24 17:11:17,374 [ Epoch: 3; iter: 1710; loss: 0.372; load time: 0.052; train time: 0.005; slice time: 0.003;]
2021-05-24 17:13:32,837 [ Epoch: 3; iter: 1720; loss: 0.194; load time: 0.053; train time: 0.005; slice time: 0.003;]
2021-05-24 17:15:45,719 [ Epoch: 3; iter: 1730; loss: 0.402; load time: 0.054; train time: 0.006; slice time: 0.003;]
2021-05-24 17:17:59,995 [ Epoch: 3; iter: 1740; loss: 0.361; load time: 0.055; train time: 0.006; slice time: 0.003;]
2021-05-24 17:20:10,544 [ Epoch: 3; iter: 1750; loss: 0.355; load time: 0.055; train time: 0.006; slice time: 0.003;]
2021-05-24 17:22:13,741 [ Epoch: 3; iter: 1760; loss: 0.192; load time: 0.056; train time: 0.006; slice time: 0.003;]
2021-05-24 17:24:23,920 [ Epoch: 3; iter: 1770; loss: 0.371; load time: 0.057; train time: 0.006; slice time: 0.003;]
2021-05-24 17:26:34,685 [ Epoch: 3; iter: 1780; loss: 0.353; load time: 0.058; train time: 0.006; slice time: 0.003;]
2021-05-24 17:28:47,955 [ Epoch: 3; iter: 1790; loss: 0.203; load time: 0.058; train time: 0.006; slice time: 0.003;]
2021-05-24 17:30:59,248 [ Epoch: 3; iter: 1800; loss: 0.212; load time: 0.059; train time: 0.006; slice time: 0.003;]
2021-05-24 17:33:12,365 [ Epoch: 3; iter: 1810; loss: 0.373; load time: 0.060; train time: 0.006; slice time: 0.003;]
2021-05-24 17:35:19,814 [ Epoch: 3; iter: 1820; loss: 0.373; load time: 0.060; train time: 0.006; slice time: 0.003;]
2021-05-24 17:37:28,638 [ Epoch: 3; iter: 1830; loss: 0.197; load time: 0.061; train time: 0.006; slice time: 0.003;]
2021-05-24 17:39:32,004 [ Epoch: 3; iter: 1840; loss: 0.346; load time: 0.062; train time: 0.006; slice time: 0.003;]
2021-05-24 17:41:34,916 [ Epoch: 3; iter: 1850; loss: 0.180; load time: 0.062; train time: 0.006; slice time: 0.003;]
2021-05-24 17:42:21,939 [ Epoch 3 completed. Time taken: 134.5 minutes. Load time: 0.18787608825015908 mins. Train time: 0.01945945743346804 mins]
2021-05-24 17:42:21,940 [ Average loss: 0.318 ]
2021-05-24 17:42:22,153 Epoch: 4
2021-05-24 17:43:29,312 [ Epoch: 4; iter: 1860; loss: 0.310; load time: 0.001; train time: 0.000; slice time: 0.000;]
2021-05-24 17:45:34,461 [ Epoch: 4; iter: 1870; loss: 0.345; load time: 0.001; train time: 0.000; slice time: 0.000;]
2021-05-24 17:47:39,888 [ Epoch: 4; iter: 1880; loss: 0.346; load time: 0.002; train time: 0.000; slice time: 0.000;]
2021-05-24 17:49:50,525 [ Epoch: 4; iter: 1890; loss: 0.313; load time: 0.003; train time: 0.000; slice time: 0.000;]
2021-05-24 17:51:57,815 [ Epoch: 4; iter: 1900; loss: 0.196; load time: 0.004; train time: 0.000; slice time: 0.000;]
2021-05-24 17:54:07,596 [ Epoch: 4; iter: 1910; loss: 0.339; load time: 0.005; train time: 0.001; slice time: 0.000;]
2021-05-24 17:56:12,554 [ Epoch: 4; iter: 1920; loss: 0.186; load time: 0.006; train time: 0.001; slice time: 0.000;]
2021-05-24 17:58:30,770 [ Epoch: 4; iter: 1930; loss: 0.174; load time: 0.007; train time: 0.001; slice time: 0.000;]
2021-05-24 18:00:40,924 [ Epoch: 4; iter: 1940; loss: 0.194; load time: 0.008; train time: 0.001; slice time: 0.000;]
2021-05-24 18:02:36,335 [ Epoch: 4; iter: 1950; loss: 0.316; load time: 0.009; train time: 0.001; slice time: 0.000;]
2021-05-24 18:04:46,423 [ Epoch: 4; iter: 1960; loss: 0.181; load time: 0.010; train time: 0.001; slice time: 0.001;]
2021-05-24 18:06:57,641 [ Epoch: 4; iter: 1970; loss: 0.335; load time: 0.011; train time: 0.001; slice time: 0.001;]
2021-05-24 18:09:07,719 [ Epoch: 4; iter: 1980; loss: 0.154; load time: 0.012; train time: 0.001; slice time: 0.001;]
2021-05-24 18:11:27,139 [ Epoch: 4; iter: 1990; loss: 0.198; load time: 0.013; train time: 0.001; slice time: 0.001;]
2021-05-24 18:13:29,629 [ Epoch: 4; iter: 2000; loss: 0.186; load time: 0.013; train time: 0.001; slice time: 0.001;]
2021-05-24 18:15:32,547 [ Epoch: 4; iter: 2010; loss: 0.173; load time: 0.014; train time: 0.002; slice time: 0.001;]
2021-05-24 18:17:34,443 [ Epoch: 4; iter: 2020; loss: 0.350; load time: 0.015; train time: 0.002; slice time: 0.001;]
2021-05-24 18:19:40,244 [ Epoch: 4; iter: 2030; loss: 0.319; load time: 0.016; train time: 0.002; slice time: 0.001;]
2021-05-24 18:21:50,053 [ Epoch: 4; iter: 2040; loss: 0.347; load time: 0.017; train time: 0.002; slice time: 0.001;]
2021-05-24 18:24:09,610 [ Epoch: 4; iter: 2050; loss: 0.213; load time: 0.018; train time: 0.002; slice time: 0.001;]
2021-05-24 18:26:14,848 [ Epoch: 4; iter: 2060; loss: 0.187; load time: 0.018; train time: 0.002; slice time: 0.001;]
2021-05-24 18:28:25,177 [ Epoch: 4; iter: 2070; loss: 0.184; load time: 0.019; train time: 0.002; slice time: 0.001;]
2021-05-24 18:30:42,220 [ Epoch: 4; iter: 2080; loss: 0.351; load time: 0.020; train time: 0.002; slice time: 0.001;]
2021-05-24 18:32:46,318 [ Epoch: 4; iter: 2090; loss: 0.336; load time: 0.021; train time: 0.002; slice time: 0.001;]
2021-05-24 18:34:47,475 [ Epoch: 4; iter: 2100; loss: 0.351; load time: 0.021; train time: 0.002; slice time: 0.001;]
2021-05-24 18:36:52,723 [ Epoch: 4; iter: 2110; loss: 0.216; load time: 0.022; train time: 0.002; slice time: 0.001;]
2021-05-24 18:39:03,490 [ Epoch: 4; iter: 2120; loss: 0.316; load time: 0.023; train time: 0.002; slice time: 0.001;]
2021-05-24 18:41:10,862 [ Epoch: 4; iter: 2130; loss: 0.186; load time: 0.024; train time: 0.003; slice time: 0.001;]
2021-05-24 18:43:15,827 [ Epoch: 4; iter: 2140; loss: 0.359; load time: 0.024; train time: 0.003; slice time: 0.001;]
2021-05-24 18:45:17,200 [ Epoch: 4; iter: 2150; loss: 0.179; load time: 0.025; train time: 0.003; slice time: 0.001;]
2021-05-24 18:47:20,623 [ Epoch: 4; iter: 2160; loss: 0.329; load time: 0.026; train time: 0.003; slice time: 0.001;]
2021-05-24 18:49:28,764 [ Epoch: 4; iter: 2170; loss: 0.306; load time: 0.027; train time: 0.003; slice time: 0.001;]
2021-05-24 18:51:32,350 [ Epoch: 4; iter: 2180; loss: 0.203; load time: 0.027; train time: 0.003; slice time: 0.001;]
2021-05-24 18:53:42,654 [ Epoch: 4; iter: 2190; loss: 0.294; load time: 0.028; train time: 0.003; slice time: 0.002;]
2021-05-24 18:55:50,043 [ Epoch: 4; iter: 2200; loss: 0.186; load time: 0.029; train time: 0.003; slice time: 0.002;]
2021-05-24 18:58:01,208 [ Epoch: 4; iter: 2210; loss: 0.177; load time: 0.029; train time: 0.003; slice time: 0.002;]
2021-05-24 19:00:06,043 [ Epoch: 4; iter: 2220; loss: 0.169; load time: 0.030; train time: 0.003; slice time: 0.002;]
2021-05-24 19:02:10,711 [ Epoch: 4; iter: 2230; loss: 0.297; load time: 0.031; train time: 0.003; slice time: 0.002;]
2021-05-24 19:04:14,856 [ Epoch: 4; iter: 2240; loss: 0.332; load time: 0.031; train time: 0.003; slice time: 0.002;]
2021-05-24 19:06:27,654 [ Epoch: 4; iter: 2250; loss: 0.179; load time: 0.032; train time: 0.003; slice time: 0.002;]
2021-05-24 19:08:52,930 [ Epoch: 4; iter: 2260; loss: 0.315; load time: 0.033; train time: 0.003; slice time: 0.002;]
2021-05-24 19:11:12,322 [ Epoch: 4; iter: 2270; loss: 0.329; load time: 0.034; train time: 0.004; slice time: 0.002;]
2021-05-24 19:13:23,757 [ Epoch: 4; iter: 2280; loss: 0.334; load time: 0.034; train time: 0.004; slice time: 0.002;]
2021-05-24 19:15:30,902 [ Epoch: 4; iter: 2290; loss: 0.193; load time: 0.035; train time: 0.004; slice time: 0.002;]
2021-05-24 19:17:33,368 [ Epoch: 4; iter: 2300; loss: 0.295; load time: 0.036; train time: 0.004; slice time: 0.002;]
2021-05-24 19:19:45,137 [ Epoch: 4; iter: 2310; loss: 0.298; load time: 0.036; train time: 0.004; slice time: 0.002;]
2021-05-24 19:21:48,045 [ Epoch: 4; iter: 2320; loss: 0.342; load time: 0.037; train time: 0.004; slice time: 0.002;]
2021-05-24 19:23:55,865 [ Epoch: 4; iter: 2330; loss: 0.314; load time: 0.038; train time: 0.004; slice time: 0.002;]
2021-05-24 19:26:07,359 [ Epoch: 4; iter: 2340; loss: 0.145; load time: 0.038; train time: 0.004; slice time: 0.002;]
2021-05-24 19:28:17,931 [ Epoch: 4; iter: 2350; loss: 0.330; load time: 0.039; train time: 0.004; slice time: 0.002;]
2021-05-24 19:30:35,066 [ Epoch: 4; iter: 2360; loss: 0.191; load time: 0.040; train time: 0.004; slice time: 0.002;]
2021-05-24 19:32:50,189 [ Epoch: 4; iter: 2370; loss: 0.162; load time: 0.040; train time: 0.004; slice time: 0.002;]
2021-05-24 19:35:08,465 [ Epoch: 4; iter: 2380; loss: 0.300; load time: 0.041; train time: 0.004; slice time: 0.002;]
2021-05-24 19:37:14,622 [ Epoch: 4; iter: 2390; loss: 0.148; load time: 0.041; train time: 0.004; slice time: 0.002;]
2021-05-24 19:39:26,465 [ Epoch: 4; iter: 2400; loss: 0.173; load time: 0.042; train time: 0.004; slice time: 0.002;]
2021-05-24 19:41:43,019 [ Epoch: 4; iter: 2410; loss: 0.200; load time: 0.043; train time: 0.004; slice time: 0.002;]
2021-05-24 19:44:05,610 [ Epoch: 4; iter: 2420; loss: 0.165; load time: 0.043; train time: 0.005; slice time: 0.002;]
2021-05-24 19:46:20,754 [ Epoch: 4; iter: 2430; loss: 0.335; load time: 0.044; train time: 0.005; slice time: 0.002;]
2021-05-24 19:48:31,592 [ Epoch: 4; iter: 2440; loss: 0.309; load time: 0.045; train time: 0.005; slice time: 0.002;]
2021-05-24 19:50:46,047 [ Epoch: 4; iter: 2450; loss: 0.300; load time: 0.045; train time: 0.005; slice time: 0.002;]
2021-05-24 19:53:09,340 [ Epoch: 4; iter: 2460; loss: 0.180; load time: 0.046; train time: 0.005; slice time: 0.002;]
2021-05-24 19:55:22,223 [ Epoch: 4; iter: 2470; loss: 0.172; load time: 0.046; train time: 0.005; slice time: 0.002;]
2021-05-24 19:55:37,505 [ Epoch 4 completed. Time taken: 133.3 minutes. Load time: 0.18601431354092682 mins. Train time: 0.019433203677143462 mins]
2021-05-24 19:55:37,505 [ Average loss: 0.280 ]
2021-05-24 19:55:37,756 Epoch: 5
2021-05-24 19:57:24,766 [ Epoch: 5; iter: 2480; loss: 0.314; load time: 0.001; train time: 0.000; slice time: 0.000;]
2021-05-24 19:59:36,284 [ Epoch: 5; iter: 2490; loss: 0.165; load time: 0.001; train time: 0.000; slice time: 0.000;]
2021-05-24 20:01:54,648 [ Epoch: 5; iter: 2500; loss: 0.341; load time: 0.002; train time: 0.000; slice time: 0.000;]
2021-05-24 20:04:13,360 [ Epoch: 5; iter: 2510; loss: 0.157; load time: 0.003; train time: 0.000; slice time: 0.000;]
2021-05-24 20:06:34,472 [ Epoch: 5; iter: 2520; loss: 0.316; load time: 0.004; train time: 0.000; slice time: 0.000;]
2021-05-24 20:08:50,027 [ Epoch: 5; iter: 2530; loss: 0.289; load time: 0.005; train time: 0.000; slice time: 0.000;]
2021-05-24 20:11:16,374 [ Epoch: 5; iter: 2540; loss: 0.166; load time: 0.005; train time: 0.001; slice time: 0.000;]
2021-05-24 20:13:27,011 [ Epoch: 5; iter: 2550; loss: 0.164; load time: 0.006; train time: 0.001; slice time: 0.000;]
2021-05-24 20:16:31,407 [ Epoch: 5; iter: 2560; loss: 0.153; load time: 0.007; train time: 0.001; slice time: 0.000;]
2021-05-24 20:18:57,897 [ Epoch: 5; iter: 2570; loss: 0.163; load time: 0.008; train time: 0.001; slice time: 0.000;]
2021-05-24 20:21:13,692 [ Epoch: 5; iter: 2580; loss: 0.312; load time: 0.009; train time: 0.001; slice time: 0.000;]
2021-05-24 20:23:26,362 [ Epoch: 5; iter: 2590; loss: 0.178; load time: 0.009; train time: 0.001; slice time: 0.000;]
2021-05-24 20:25:48,164 [ Epoch: 5; iter: 2600; loss: 0.159; load time: 0.010; train time: 0.001; slice time: 0.001;]
2021-05-24 20:28:09,734 [ Epoch: 5; iter: 2610; loss: 0.308; load time: 0.011; train time: 0.001; slice time: 0.001;]
2021-05-24 20:30:28,123 [ Epoch: 5; iter: 2620; loss: 0.172; load time: 0.012; train time: 0.001; slice time: 0.001;]
2021-05-24 20:32:34,334 [ Epoch: 5; iter: 2630; loss: 0.274; load time: 0.012; train time: 0.001; slice time: 0.001;]
2021-05-24 20:34:49,215 [ Epoch: 5; iter: 2640; loss: 0.172; load time: 0.013; train time: 0.001; slice time: 0.001;]
2021-05-24 20:37:05,657 [ Epoch: 5; iter: 2650; loss: 0.305; load time: 0.014; train time: 0.001; slice time: 0.001;]
2021-05-24 20:39:29,437 [ Epoch: 5; iter: 2660; loss: 0.147; load time: 0.014; train time: 0.001; slice time: 0.001;]
2021-05-24 20:41:35,548 [ Epoch: 5; iter: 2670; loss: 0.292; load time: 0.015; train time: 0.001; slice time: 0.001;]
2021-05-24 20:44:06,363 [ Epoch: 5; iter: 2680; loss: 0.314; load time: 0.016; train time: 0.002; slice time: 0.001;]
2021-05-24 20:46:33,262 [ Epoch: 5; iter: 2690; loss: 0.154; load time: 0.016; train time: 0.002; slice time: 0.001;]
2021-05-24 20:48:59,836 [ Epoch: 5; iter: 2700; loss: 0.319; load time: 0.017; train time: 0.002; slice time: 0.001;]
2021-05-24 20:51:20,307 [ Epoch: 5; iter: 2710; loss: 0.278; load time: 0.018; train time: 0.002; slice time: 0.001;]
2021-05-24 20:53:40,343 [ Epoch: 5; iter: 2720; loss: 0.156; load time: 0.019; train time: 0.002; slice time: 0.001;]
2021-05-24 20:55:54,313 [ Epoch: 5; iter: 2730; loss: 0.296; load time: 0.019; train time: 0.002; slice time: 0.001;]
2021-05-24 20:58:12,207 [ Epoch: 5; iter: 2740; loss: 0.172; load time: 0.020; train time: 0.002; slice time: 0.001;]
2021-05-24 21:00:24,933 [ Epoch: 5; iter: 2750; loss: 0.304; load time: 0.020; train time: 0.002; slice time: 0.001;]
2021-05-24 21:02:40,512 [ Epoch: 5; iter: 2760; loss: 0.288; load time: 0.021; train time: 0.002; slice time: 0.001;]
2021-05-24 21:04:55,987 [ Epoch: 5; iter: 2770; loss: 0.293; load time: 0.022; train time: 0.002; slice time: 0.001;]
2021-05-24 21:07:05,902 [ Epoch: 5; iter: 2780; loss: 0.151; load time: 0.022; train time: 0.002; slice time: 0.001;]
2021-05-24 21:09:15,907 [ Epoch: 5; iter: 2790; loss: 0.310; load time: 0.023; train time: 0.002; slice time: 0.001;]
2021-05-24 21:11:30,919 [ Epoch: 5; iter: 2800; loss: 0.318; load time: 0.024; train time: 0.002; slice time: 0.001;]
2021-05-24 21:13:50,025 [ Epoch: 5; iter: 2810; loss: 0.296; load time: 0.024; train time: 0.002; slice time: 0.001;]
2021-05-24 21:16:11,241 [ Epoch: 5; iter: 2820; loss: 0.287; load time: 0.025; train time: 0.002; slice time: 0.001;]
2021-05-24 21:18:32,982 [ Epoch: 5; iter: 2830; loss: 0.317; load time: 0.025; train time: 0.003; slice time: 0.001;]
2021-05-24 21:20:46,090 [ Epoch: 5; iter: 2840; loss: 0.318; load time: 0.026; train time: 0.003; slice time: 0.001;]
2021-05-24 21:22:57,772 [ Epoch: 5; iter: 2850; loss: 0.170; load time: 0.027; train time: 0.003; slice time: 0.001;]
2021-05-24 21:25:06,359 [ Epoch: 5; iter: 2860; loss: 0.324; load time: 0.027; train time: 0.003; slice time: 0.001;]
2021-05-24 21:27:31,028 [ Epoch: 5; iter: 2870; loss: 0.159; load time: 0.028; train time: 0.003; slice time: 0.001;]
2021-05-24 21:29:53,558 [ Epoch: 5; iter: 2880; loss: 0.175; load time: 0.028; train time: 0.003; slice time: 0.001;]
2021-05-24 21:32:15,986 [ Epoch: 5; iter: 2890; loss: 0.154; load time: 0.029; train time: 0.003; slice time: 0.002;]
2021-05-24 21:34:34,549 [ Epoch: 5; iter: 2900; loss: 0.129; load time: 0.030; train time: 0.003; slice time: 0.002;]
2021-05-24 21:37:41,444 [ Epoch: 5; iter: 2910; loss: 0.290; load time: 0.030; train time: 0.003; slice time: 0.002;]
2021-05-24 21:39:58,586 [ Epoch: 5; iter: 2920; loss: 0.254; load time: 0.031; train time: 0.003; slice time: 0.002;]
2021-05-24 21:42:13,697 [ Epoch: 5; iter: 2930; loss: 0.319; load time: 0.032; train time: 0.003; slice time: 0.002;]
2021-05-24 21:44:33,825 [ Epoch: 5; iter: 2940; loss: 0.269; load time: 0.032; train time: 0.003; slice time: 0.002;]
2021-05-24 21:46:40,915 [ Epoch: 5; iter: 2950; loss: 0.319; load time: 0.033; train time: 0.003; slice time: 0.002;]
2021-05-24 21:49:08,102 [ Epoch: 5; iter: 2960; loss: 0.148; load time: 0.033; train time: 0.003; slice time: 0.002;]
2021-05-24 21:51:20,611 [ Epoch: 5; iter: 2970; loss: 0.298; load time: 0.034; train time: 0.003; slice time: 0.002;]
2021-05-24 21:53:40,958 [ Epoch: 5; iter: 2980; loss: 0.269; load time: 0.034; train time: 0.003; slice time: 0.002;]
2021-05-24 21:55:56,347 [ Epoch: 5; iter: 2990; loss: 0.273; load time: 0.035; train time: 0.003; slice time: 0.002;]
2021-05-24 21:58:09,553 [ Epoch: 5; iter: 3000; loss: 0.295; load time: 0.036; train time: 0.003; slice time: 0.002;]
2021-05-24 22:00:28,687 [ Epoch: 5; iter: 3010; loss: 0.250; load time: 0.036; train time: 0.004; slice time: 0.002;]
2021-05-24 22:02:46,264 [ Epoch: 5; iter: 3020; loss: 0.252; load time: 0.037; train time: 0.004; slice time: 0.002;]
2021-05-24 22:05:09,525 [ Epoch: 5; iter: 3030; loss: 0.290; load time: 0.037; train time: 0.004; slice time: 0.002;]
2021-05-24 22:07:24,693 [ Epoch: 5; iter: 3040; loss: 0.344; load time: 0.038; train time: 0.004; slice time: 0.002;]
2021-05-24 22:09:48,738 [ Epoch: 5; iter: 3050; loss: 0.304; load time: 0.038; train time: 0.004; slice time: 0.002;]
2021-05-24 22:12:13,146 [ Epoch: 5; iter: 3060; loss: 0.134; load time: 0.039; train time: 0.004; slice time: 0.002;]
2021-05-24 22:14:34,064 [ Epoch: 5; iter: 3070; loss: 0.141; load time: 0.039; train time: 0.004; slice time: 0.002;]
2021-05-24 22:17:03,795 [ Epoch: 5; iter: 3080; loss: 0.310; load time: 0.040; train time: 0.004; slice time: 0.002;]
2021-05-24 22:19:16,991 [ Epoch: 5; iter: 3090; loss: 0.271; load time: 0.040; train time: 0.004; slice time: 0.002;]
2021-05-24 22:19:17,004 [ Epoch 5 completed. Time taken: 143.7 minutes. Load time: 0.20214949269510793 mins. Train time: 0.019706237161815344 mins]
2021-05-24 22:19:17,004 [ Average loss: 0.252 ]
2021-05-24 22:19:17,299 Epoch: 6
2021-05-24 22:21:32,471 [ Epoch: 6; iter: 3100; loss: 0.134; load time: 0.001; train time: 0.000; slice time: 0.000;]
2021-05-24 22:23:43,983 [ Epoch: 6; iter: 3110; loss: 0.281; load time: 0.001; train time: 0.000; slice time: 0.000;]
2021-05-24 22:26:08,113 [ Epoch: 6; iter: 3120; loss: 0.150; load time: 0.002; train time: 0.000; slice time: 0.000;]
2021-05-24 22:29:28,880 [ Epoch: 6; iter: 3130; loss: 0.149; load time: 0.003; train time: 0.000; slice time: 0.000;]
2021-05-24 22:31:58,423 [ Epoch: 6; iter: 3140; loss: 0.153; load time: 0.004; train time: 0.000; slice time: 0.000;]
2021-05-24 22:34:09,045 [ Epoch: 6; iter: 3150; loss: 0.279; load time: 0.004; train time: 0.000; slice time: 0.000;]
2021-05-24 22:36:19,515 [ Epoch: 6; iter: 3160; loss: 0.273; load time: 0.005; train time: 0.000; slice time: 0.000;]
2021-05-24 22:38:26,342 [ Epoch: 6; iter: 3170; loss: 0.159; load time: 0.005; train time: 0.001; slice time: 0.000;]
2021-05-24 22:40:33,019 [ Epoch: 6; iter: 3180; loss: 0.340; load time: 0.006; train time: 0.001; slice time: 0.000;]
2021-05-24 22:42:44,339 [ Epoch: 6; iter: 3190; loss: 0.158; load time: 0.006; train time: 0.001; slice time: 0.000;]
2021-05-24 22:45:06,879 [ Epoch: 6; iter: 3200; loss: 0.300; load time: 0.007; train time: 0.001; slice time: 0.000;]
2021-05-24 22:47:24,593 [ Epoch: 6; iter: 3210; loss: 0.314; load time: 0.008; train time: 0.001; slice time: 0.000;]
2021-05-24 22:49:43,455 [ Epoch: 6; iter: 3220; loss: 0.138; load time: 0.008; train time: 0.001; slice time: 0.000;]
2021-05-24 22:52:08,655 [ Epoch: 6; iter: 3230; loss: 0.294; load time: 0.009; train time: 0.001; slice time: 0.000;]
2021-05-24 22:54:29,879 [ Epoch: 6; iter: 3240; loss: 0.307; load time: 0.009; train time: 0.001; slice time: 0.000;]
2021-05-24 22:56:46,037 [ Epoch: 6; iter: 3250; loss: 0.289; load time: 0.010; train time: 0.001; slice time: 0.001;]
2021-05-24 22:59:03,944 [ Epoch: 6; iter: 3260; loss: 0.265; load time: 0.011; train time: 0.001; slice time: 0.001;]
2021-05-24 23:01:23,607 [ Epoch: 6; iter: 3270; loss: 0.285; load time: 0.011; train time: 0.001; slice time: 0.001;]
2021-05-24 23:04:29,945 [ Epoch: 6; iter: 3280; loss: 0.259; load time: 0.012; train time: 0.001; slice time: 0.001;]
2021-05-24 23:06:54,778 [ Epoch: 6; iter: 3290; loss: 0.287; load time: 0.013; train time: 0.001; slice time: 0.001;]
2021-05-24 23:09:15,624 [ Epoch: 6; iter: 3300; loss: 0.291; load time: 0.013; train time: 0.001; slice time: 0.001;]
2021-05-24 23:11:35,350 [ Epoch: 6; iter: 3310; loss: 0.248; load time: 0.014; train time: 0.001; slice time: 0.001;]
2021-05-24 23:13:52,341 [ Epoch: 6; iter: 3320; loss: 0.257; load time: 0.014; train time: 0.001; slice time: 0.001;]
2021-05-24 23:16:15,739 [ Epoch: 6; iter: 3330; loss: 0.323; load time: 0.015; train time: 0.001; slice time: 0.001;]
2021-05-24 23:18:32,292 [ Epoch: 6; iter: 3340; loss: 0.276; load time: 0.015; train time: 0.001; slice time: 0.001;]
2021-05-24 23:20:59,657 [ Epoch: 6; iter: 3350; loss: 0.277; load time: 0.016; train time: 0.002; slice time: 0.001;]
2021-05-24 23:23:14,054 [ Epoch: 6; iter: 3360; loss: 0.281; load time: 0.017; train time: 0.002; slice time: 0.001;]
2021-05-24 23:25:29,664 [ Epoch: 6; iter: 3370; loss: 0.155; load time: 0.017; train time: 0.002; slice time: 0.001;]
2021-05-24 23:27:51,872 [ Epoch: 6; iter: 3380; loss: 0.308; load time: 0.018; train time: 0.002; slice time: 0.001;]
2021-05-24 23:30:24,156 [ Epoch: 6; iter: 3390; loss: 0.155; load time: 0.018; train time: 0.002; slice time: 0.001;]
2021-05-24 23:32:53,859 [ Epoch: 6; iter: 3400; loss: 0.143; load time: 0.019; train time: 0.002; slice time: 0.001;]
2021-05-24 23:35:12,307 [ Epoch: 6; iter: 3410; loss: 0.166; load time: 0.019; train time: 0.002; slice time: 0.001;]
2021-05-24 23:37:39,556 [ Epoch: 6; iter: 3420; loss: 0.121; load time: 0.020; train time: 0.002; slice time: 0.001;]
2021-05-24 23:39:57,007 [ Epoch: 6; iter: 3430; loss: 0.266; load time: 0.020; train time: 0.002; slice time: 0.001;]
2021-05-24 23:42:17,669 [ Epoch: 6; iter: 3440; loss: 0.287; load time: 0.021; train time: 0.002; slice time: 0.001;]
2021-05-24 23:44:30,268 [ Epoch: 6; iter: 3450; loss: 0.288; load time: 0.022; train time: 0.002; slice time: 0.001;]
2021-05-24 23:46:53,266 [ Epoch: 6; iter: 3460; loss: 0.160; load time: 0.022; train time: 0.002; slice time: 0.001;]
2021-05-24 23:49:12,001 [ Epoch: 6; iter: 3470; loss: 0.286; load time: 0.023; train time: 0.002; slice time: 0.001;]
2021-05-24 23:51:28,452 [ Epoch: 6; iter: 3480; loss: 0.275; load time: 0.023; train time: 0.002; slice time: 0.001;]
2021-05-24 23:53:48,329 [ Epoch: 6; iter: 3490; loss: 0.290; load time: 0.024; train time: 0.002; slice time: 0.001;]
2021-05-24 23:56:00,448 [ Epoch: 6; iter: 3500; loss: 0.248; load time: 0.024; train time: 0.002; slice time: 0.001;]
2021-05-24 23:58:23,570 [ Epoch: 6; iter: 3510; loss: 0.281; load time: 0.025; train time: 0.002; slice time: 0.001;]
2021-05-25 00:00:38,324 [ Epoch: 6; iter: 3520; loss: 0.163; load time: 0.025; train time: 0.002; slice time: 0.001;]
2021-05-25 00:03:00,209 [ Epoch: 6; iter: 3530; loss: 0.268; load time: 0.026; train time: 0.002; slice time: 0.001;]
2021-05-25 00:05:17,030 [ Epoch: 6; iter: 3540; loss: 0.292; load time: 0.026; train time: 0.003; slice time: 0.001;]
2021-05-25 00:07:40,695 [ Epoch: 6; iter: 3550; loss: 0.260; load time: 0.027; train time: 0.003; slice time: 0.001;]
2021-05-25 00:10:09,107 [ Epoch: 6; iter: 3560; loss: 0.184; load time: 0.027; train time: 0.003; slice time: 0.001;]
2021-05-25 00:12:35,692 [ Epoch: 6; iter: 3570; loss: 0.147; load time: 0.028; train time: 0.003; slice time: 0.001;]
2021-05-25 00:14:56,119 [ Epoch: 6; iter: 3580; loss: 0.222; load time: 0.028; train time: 0.003; slice time: 0.001;]
2021-05-25 00:17:11,740 [ Epoch: 6; iter: 3590; loss: 0.286; load time: 0.029; train time: 0.003; slice time: 0.001;]
2021-05-25 00:19:30,766 [ Epoch: 6; iter: 3600; loss: 0.275; load time: 0.029; train time: 0.003; slice time: 0.001;]
2021-05-25 00:21:43,731 [ Epoch: 6; iter: 3610; loss: 0.146; load time: 0.030; train time: 0.003; slice time: 0.002;]
2021-05-25 00:25:01,983 [ Epoch: 6; iter: 3620; loss: 0.282; load time: 0.030; train time: 0.003; slice time: 0.002;]
2021-05-25 00:27:16,372 [ Epoch: 6; iter: 3630; loss: 0.287; load time: 0.031; train time: 0.003; slice time: 0.002;]
2021-05-25 00:29:25,397 [ Epoch: 6; iter: 3640; loss: 0.274; load time: 0.031; train time: 0.003; slice time: 0.002;]
2021-05-25 00:31:41,145 [ Epoch: 6; iter: 3650; loss: 0.247; load time: 0.032; train time: 0.003; slice time: 0.002;]
2021-05-25 00:33:55,332 [ Epoch: 6; iter: 3660; loss: 0.267; load time: 0.032; train time: 0.003; slice time: 0.002;]
2021-05-25 00:36:18,652 [ Epoch: 6; iter: 3670; loss: 0.268; load time: 0.033; train time: 0.003; slice time: 0.002;]
2021-05-25 00:38:44,062 [ Epoch: 6; iter: 3680; loss: 0.280; load time: 0.033; train time: 0.003; slice time: 0.002;]
2021-05-25 00:41:03,932 [ Epoch: 6; iter: 3690; loss: 0.135; load time: 0.033; train time: 0.003; slice time: 0.002;]
2021-05-25 00:43:16,882 [ Epoch: 6; iter: 3700; loss: 0.156; load time: 0.034; train time: 0.003; slice time: 0.002;]
2021-05-25 00:44:55,428 [ Epoch 6 completed. Time taken: 145.6 minutes. Load time: 0.2051988839460165 mins. Train time: 0.01976160940743313 mins]
2021-05-25 00:44:55,429 [ Average loss: 0.228 ]
2021-05-25 00:44:55,665 Epoch: 7
2021-05-25 00:45:19,927 [ Epoch: 7; iter: 3710; loss: 0.242; load time: 0.000; train time: 0.000; slice time: 0.000;]
2021-05-25 00:47:19,525 [ Epoch: 7; iter: 3720; loss: 0.145; load time: 0.001; train time: 0.000; slice time: 0.000;]
2021-05-25 00:49:23,332 [ Epoch: 7; iter: 3730; loss: 0.226; load time: 0.001; train time: 0.000; slice time: 0.000;]
2021-05-25 00:51:37,023 [ Epoch: 7; iter: 3740; loss: 0.121; load time: 0.002; train time: 0.000; slice time: 0.000;]
2021-05-25 00:54:05,495 [ Epoch: 7; iter: 3750; loss: 0.241; load time: 0.002; train time: 0.000; slice time: 0.000;]
2021-05-25 00:56:23,031 [ Epoch: 7; iter: 3760; loss: 0.132; load time: 0.003; train time: 0.000; slice time: 0.000;]
2021-05-25 00:58:39,619 [ Epoch: 7; iter: 3770; loss: 0.153; load time: 0.003; train time: 0.000; slice time: 0.000;]
2021-05-25 01:00:58,448 [ Epoch: 7; iter: 3780; loss: 0.228; load time: 0.004; train time: 0.000; slice time: 0.000;]
2021-05-25 01:03:02,128 [ Epoch: 7; iter: 3790; loss: 0.220; load time: 0.004; train time: 0.000; slice time: 0.000;]
2021-05-25 01:05:19,237 [ Epoch: 7; iter: 3800; loss: 0.143; load time: 0.005; train time: 0.000; slice time: 0.000;]
2021-05-25 01:07:43,346 [ Epoch: 7; iter: 3810; loss: 0.128; load time: 0.005; train time: 0.001; slice time: 0.000;]
2021-05-25 01:10:06,186 [ Epoch: 7; iter: 3820; loss: 0.234; load time: 0.006; train time: 0.001; slice time: 0.000;]
2021-05-25 01:12:25,305 [ Epoch: 7; iter: 3830; loss: 0.126; load time: 0.006; train time: 0.001; slice time: 0.000;]
2021-05-25 01:14:41,245 [ Epoch: 7; iter: 3840; loss: 0.241; load time: 0.007; train time: 0.001; slice time: 0.000;]
2021-05-25 01:17:07,155 [ Epoch: 7; iter: 3850; loss: 0.276; load time: 0.007; train time: 0.001; slice time: 0.000;]
2021-05-25 01:19:30,587 [ Epoch: 7; iter: 3860; loss: 0.250; load time: 0.008; train time: 0.001; slice time: 0.000;]
2021-05-25 01:21:51,802 [ Epoch: 7; iter: 3870; loss: 0.233; load time: 0.008; train time: 0.001; slice time: 0.000;]
2021-05-25 01:24:14,362 [ Epoch: 7; iter: 3880; loss: 0.242; load time: 0.009; train time: 0.001; slice time: 0.000;]
2021-05-25 01:26:36,605 [ Epoch: 7; iter: 3890; loss: 0.245; load time: 0.009; train time: 0.001; slice time: 0.000;]
2021-05-25 01:28:53,357 [ Epoch: 7; iter: 3900; loss: 0.238; load time: 0.010; train time: 0.001; slice time: 0.001;]
2021-05-25 01:31:01,640 [ Epoch: 7; iter: 3910; loss: 0.217; load time: 0.010; train time: 0.001; slice time: 0.001;]
2021-05-25 01:33:09,073 [ Epoch: 7; iter: 3920; loss: 0.231; load time: 0.011; train time: 0.001; slice time: 0.001;]
2021-05-25 01:35:27,290 [ Epoch: 7; iter: 3930; loss: 0.247; load time: 0.011; train time: 0.001; slice time: 0.001;]
2021-05-25 01:37:38,009 [ Epoch: 7; iter: 3940; loss: 0.132; load time: 0.012; train time: 0.001; slice time: 0.001;]
2021-05-25 01:40:05,617 [ Epoch: 7; iter: 3950; loss: 0.166; load time: 0.012; train time: 0.001; slice time: 0.001;]
2021-05-25 01:43:08,098 [ Epoch: 7; iter: 3960; loss: 0.250; load time: 0.013; train time: 0.001; slice time: 0.001;]
2021-05-25 01:45:48,157 [ Epoch: 7; iter: 3970; loss: 0.252; load time: 0.013; train time: 0.001; slice time: 0.001;]
2021-05-25 01:48:17,474 [ Epoch: 7; iter: 3980; loss: 0.213; load time: 0.014; train time: 0.001; slice time: 0.001;]
2021-05-25 01:50:40,134 [ Epoch: 7; iter: 3990; loss: 0.118; load time: 0.014; train time: 0.001; slice time: 0.001;]
2021-05-25 01:52:57,296 [ Epoch: 7; iter: 4000; loss: 0.126; load time: 0.015; train time: 0.001; slice time: 0.001;]
2021-05-25 01:55:15,192 [ Epoch: 7; iter: 4010; loss: 0.238; load time: 0.015; train time: 0.001; slice time: 0.001;]
2021-05-25 01:57:34,008 [ Epoch: 7; iter: 4020; loss: 0.259; load time: 0.016; train time: 0.002; slice time: 0.001;]
2021-05-25 01:59:51,448 [ Epoch: 7; iter: 4030; loss: 0.124; load time: 0.016; train time: 0.002; slice time: 0.001;]
2021-05-25 02:02:11,568 [ Epoch: 7; iter: 4040; loss: 0.218; load time: 0.017; train time: 0.002; slice time: 0.001;]
2021-05-25 02:04:31,881 [ Epoch: 7; iter: 4050; loss: 0.252; load time: 0.017; train time: 0.002; slice time: 0.001;]
2021-05-25 02:06:48,305 [ Epoch: 7; iter: 4060; loss: 0.241; load time: 0.018; train time: 0.002; slice time: 0.001;]
2021-05-25 02:09:00,880 [ Epoch: 7; iter: 4070; loss: 0.216; load time: 0.018; train time: 0.002; slice time: 0.001;]
2021-05-25 02:11:10,934 [ Epoch: 7; iter: 4080; loss: 0.237; load time: 0.018; train time: 0.002; slice time: 0.001;]
2021-05-25 02:13:33,573 [ Epoch: 7; iter: 4090; loss: 0.227; load time: 0.019; train time: 0.002; slice time: 0.001;]
2021-05-25 02:16:04,029 [ Epoch: 7; iter: 4100; loss: 0.255; load time: 0.019; train time: 0.002; slice time: 0.001;]
2021-05-25 02:18:19,330 [ Epoch: 7; iter: 4110; loss: 0.249; load time: 0.020; train time: 0.002; slice time: 0.001;]
2021-05-25 02:20:34,653 [ Epoch: 7; iter: 4120; loss: 0.269; load time: 0.020; train time: 0.002; slice time: 0.001;]
2021-05-25 02:22:45,909 [ Epoch: 7; iter: 4130; loss: 0.246; load time: 0.021; train time: 0.002; slice time: 0.001;]
2021-05-25 02:25:04,124 [ Epoch: 7; iter: 4140; loss: 0.227; load time: 0.021; train time: 0.002; slice time: 0.001;]
2021-05-25 02:27:27,428 [ Epoch: 7; iter: 4150; loss: 0.215; load time: 0.021; train time: 0.002; slice time: 0.001;]
2021-05-25 02:29:54,763 [ Epoch: 7; iter: 4160; loss: 0.250; load time: 0.022; train time: 0.002; slice time: 0.001;]
2021-05-25 02:32:16,130 [ Epoch: 7; iter: 4170; loss: 0.238; load time: 0.022; train time: 0.002; slice time: 0.001;]
2021-05-25 02:34:48,987 [ Epoch: 7; iter: 4180; loss: 0.132; load time: 0.023; train time: 0.002; slice time: 0.001;]
2021-05-25 02:37:07,294 [ Epoch: 7; iter: 4190; loss: 0.257; load time: 0.023; train time: 0.002; slice time: 0.001;]
2021-05-25 02:39:25,393 [ Epoch: 7; iter: 4200; loss: 0.137; load time: 0.024; train time: 0.002; slice time: 0.001;]
2021-05-25 02:41:42,599 [ Epoch: 7; iter: 4210; loss: 0.238; load time: 0.024; train time: 0.002; slice time: 0.001;]
2021-05-25 02:44:02,560 [ Epoch: 7; iter: 4220; loss: 0.250; load time: 0.025; train time: 0.002; slice time: 0.001;]
2021-05-25 02:46:28,389 [ Epoch: 7; iter: 4230; loss: 0.149; load time: 0.025; train time: 0.002; slice time: 0.001;]
2021-05-25 02:48:41,854 [ Epoch: 7; iter: 4240; loss: 0.146; load time: 0.025; train time: 0.002; slice time: 0.001;]
2021-05-25 02:51:02,774 [ Epoch: 7; iter: 4250; loss: 0.142; load time: 0.026; train time: 0.003; slice time: 0.001;]
2021-05-25 02:53:33,537 [ Epoch: 7; iter: 4260; loss: 0.116; load time: 0.026; train time: 0.003; slice time: 0.001;]
2021-05-25 02:55:57,193 [ Epoch: 7; iter: 4270; loss: 0.145; load time: 0.027; train time: 0.003; slice time: 0.001;]
2021-05-25 02:58:20,561 [ Epoch: 7; iter: 4280; loss: 0.137; load time: 0.027; train time: 0.003; slice time: 0.001;]
2021-05-25 03:00:36,969 [ Epoch: 7; iter: 4290; loss: 0.254; load time: 0.028; train time: 0.003; slice time: 0.001;]
2021-05-25 03:02:57,124 [ Epoch: 7; iter: 4300; loss: 0.130; load time: 0.028; train time: 0.003; slice time: 0.001;]
2021-05-25 03:05:12,002 [ Epoch: 7; iter: 4310; loss: 0.247; load time: 0.028; train time: 0.003; slice time: 0.001;]
2021-05-25 03:07:27,622 [ Epoch: 7; iter: 4320; loss: 0.129; load time: 0.029; train time: 0.003; slice time: 0.001;]
2021-05-25 03:08:47,052 [ Epoch 7 completed. Time taken: 143.9 minutes. Load time: 0.20249980727317138 mins. Train time: 0.01978643262013388 mins]
2021-05-25 03:08:47,053 [ Average loss: 0.204 ]
2021-05-25 03:08:47,324 Epoch: 8
2021-05-25 03:09:37,929 [ Epoch: 8; iter: 4330; loss: 0.237; load time: 0.000; train time: 0.000; slice time: 0.000;]
2021-05-25 03:12:05,374 [ Epoch: 8; iter: 4340; loss: 0.111; load time: 0.001; train time: 0.000; slice time: 0.000;]
2021-05-25 03:14:36,137 [ Epoch: 8; iter: 4350; loss: 0.210; load time: 0.001; train time: 0.000; slice time: 0.000;]
2021-05-25 03:16:58,273 [ Epoch: 8; iter: 4360; loss: 0.210; load time: 0.002; train time: 0.000; slice time: 0.000;]
2021-05-25 03:19:20,403 [ Epoch: 8; iter: 4370; loss: 0.235; load time: 0.002; train time: 0.000; slice time: 0.000;]
2021-05-25 03:21:35,261 [ Epoch: 8; iter: 4380; loss: 0.118; load time: 0.003; train time: 0.000; slice time: 0.000;]
2021-05-25 03:23:46,691 [ Epoch: 8; iter: 4390; loss: 0.220; load time: 0.003; train time: 0.000; slice time: 0.000;]
2021-05-25 03:25:58,465 [ Epoch: 8; iter: 4400; loss: 0.117; load time: 0.003; train time: 0.000; slice time: 0.000;]
2021-05-25 03:28:27,303 [ Epoch: 8; iter: 4410; loss: 0.186; load time: 0.004; train time: 0.000; slice time: 0.000;]
2021-05-25 03:31:04,074 [ Epoch: 8; iter: 4420; loss: 0.106; load time: 0.004; train time: 0.000; slice time: 0.000;]
2021-05-25 03:33:35,870 [ Epoch: 8; iter: 4430; loss: 0.140; load time: 0.005; train time: 0.000; slice time: 0.000;]
2021-05-25 03:36:07,558 [ Epoch: 8; iter: 4440; loss: 0.227; load time: 0.005; train time: 0.001; slice time: 0.000;]
2021-05-25 03:38:32,826 [ Epoch: 8; iter: 4450; loss: 0.233; load time: 0.006; train time: 0.001; slice time: 0.000;]
2021-05-25 03:40:49,610 [ Epoch: 8; iter: 4460; loss: 0.107; load time: 0.006; train time: 0.001; slice time: 0.000;]
2021-05-25 03:43:11,910 [ Epoch: 8; iter: 4470; loss: 0.227; load time: 0.007; train time: 0.001; slice time: 0.000;]
2021-05-25 03:45:23,779 [ Epoch: 8; iter: 4480; loss: 0.212; load time: 0.007; train time: 0.001; slice time: 0.000;]
2021-05-25 03:47:32,708 [ Epoch: 8; iter: 4490; loss: 0.219; load time: 0.008; train time: 0.001; slice time: 0.000;]
2021-05-25 03:49:58,055 [ Epoch: 8; iter: 4500; loss: 0.210; load time: 0.008; train time: 0.001; slice time: 0.000;]
2021-05-25 03:52:14,126 [ Epoch: 8; iter: 4510; loss: 0.212; load time: 0.008; train time: 0.001; slice time: 0.000;]
2021-05-25 03:54:36,649 [ Epoch: 8; iter: 4520; loss: 0.221; load time: 0.009; train time: 0.001; slice time: 0.000;]
2021-05-25 03:56:48,561 [ Epoch: 8; iter: 4530; loss: 0.219; load time: 0.009; train time: 0.001; slice time: 0.000;]
2021-05-25 03:59:12,062 [ Epoch: 8; iter: 4540; loss: 0.217; load time: 0.010; train time: 0.001; slice time: 0.000;]
2021-05-25 04:01:20,856 [ Epoch: 8; iter: 4550; loss: 0.223; load time: 0.010; train time: 0.001; slice time: 0.000;]
2021-05-25 04:03:39,693 [ Epoch: 8; iter: 4560; loss: 0.119; load time: 0.011; train time: 0.001; slice time: 0.001;]
2021-05-25 04:05:59,456 [ Epoch: 8; iter: 4570; loss: 0.122; load time: 0.011; train time: 0.001; slice time: 0.001;]
2021-05-25 04:08:25,366 [ Epoch: 8; iter: 4580; loss: 0.230; load time: 0.011; train time: 0.001; slice time: 0.001;]
2021-05-25 04:10:34,492 [ Epoch: 8; iter: 4590; loss: 0.222; load time: 0.012; train time: 0.001; slice time: 0.001;]
2021-05-25 04:12:41,106 [ Epoch: 8; iter: 4600; loss: 0.098; load time: 0.012; train time: 0.001; slice time: 0.001;]
2021-05-25 04:14:55,835 [ Epoch: 8; iter: 4610; loss: 0.240; load time: 0.013; train time: 0.001; slice time: 0.001;]
2021-05-25 04:17:14,128 [ Epoch: 8; iter: 4620; loss: 0.192; load time: 0.013; train time: 0.001; slice time: 0.001;]
2021-05-25 04:19:31,513 [ Epoch: 8; iter: 4630; loss: 0.217; load time: 0.013; train time: 0.001; slice time: 0.001;]
2021-05-25 04:21:49,589 [ Epoch: 8; iter: 4640; loss: 0.122; load time: 0.014; train time: 0.001; slice time: 0.001;]
2021-05-25 04:24:12,057 [ Epoch: 8; iter: 4650; loss: 0.114; load time: 0.014; train time: 0.001; slice time: 0.001;]
2021-05-25 04:26:28,612 [ Epoch: 8; iter: 4660; loss: 0.114; load time: 0.015; train time: 0.001; slice time: 0.001;]
2021-05-25 04:28:53,488 [ Epoch: 8; iter: 4670; loss: 0.136; load time: 0.015; train time: 0.001; slice time: 0.001;]
2021-05-25 04:31:07,835 [ Epoch: 8; iter: 4680; loss: 0.228; load time: 0.015; train time: 0.001; slice time: 0.001;]
2021-05-25 04:33:32,172 [ Epoch: 8; iter: 4690; loss: 0.121; load time: 0.016; train time: 0.002; slice time: 0.001;]
2021-05-25 04:35:50,967 [ Epoch: 8; iter: 4700; loss: 0.123; load time: 0.016; train time: 0.002; slice time: 0.001;]
2021-05-25 04:38:07,251 [ Epoch: 8; iter: 4710; loss: 0.115; load time: 0.017; train time: 0.002; slice time: 0.001;]
2021-05-25 04:40:46,250 [ Epoch: 8; iter: 4720; loss: 0.113; load time: 0.017; train time: 0.002; slice time: 0.001;]
2021-05-25 04:43:01,636 [ Epoch: 8; iter: 4730; loss: 0.140; load time: 0.017; train time: 0.002; slice time: 0.001;]
2021-05-25 04:45:27,756 [ Epoch: 8; iter: 4740; loss: 0.117; load time: 0.018; train time: 0.002; slice time: 0.001;]
2021-05-25 04:47:55,513 [ Epoch: 8; iter: 4750; loss: 0.232; load time: 0.018; train time: 0.002; slice time: 0.001;]
2021-05-25 04:50:15,769 [ Epoch: 8; iter: 4760; loss: 0.185; load time: 0.019; train time: 0.002; slice time: 0.001;]
2021-05-25 04:52:37,210 [ Epoch: 8; iter: 4770; loss: 0.244; load time: 0.019; train time: 0.002; slice time: 0.001;]
2021-05-25 04:55:25,974 [ Epoch: 8; iter: 4780; loss: 0.206; load time: 0.019; train time: 0.002; slice time: 0.001;]
2021-05-25 04:57:44,989 [ Epoch: 8; iter: 4790; loss: 0.231; load time: 0.020; train time: 0.002; slice time: 0.001;]
2021-05-25 04:59:55,061 [ Epoch: 8; iter: 4800; loss: 0.196; load time: 0.020; train time: 0.002; slice time: 0.001;]
2021-05-25 05:02:18,717 [ Epoch: 8; iter: 4810; loss: 0.186; load time: 0.021; train time: 0.002; slice time: 0.001;]
2021-05-25 05:04:48,428 [ Epoch: 8; iter: 4820; loss: 0.194; load time: 0.021; train time: 0.002; slice time: 0.001;]
2021-05-25 05:07:11,786 [ Epoch: 8; iter: 4830; loss: 0.242; load time: 0.021; train time: 0.002; slice time: 0.001;]
2021-05-25 05:09:30,471 [ Epoch: 8; iter: 4840; loss: 0.225; load time: 0.022; train time: 0.002; slice time: 0.001;]
2021-05-25 05:12:01,052 [ Epoch: 8; iter: 4850; loss: 0.099; load time: 0.022; train time: 0.002; slice time: 0.001;]
2021-05-25 05:14:23,262 [ Epoch: 8; iter: 4860; loss: 0.116; load time: 0.023; train time: 0.002; slice time: 0.001;]
2021-05-25 05:16:48,062 [ Epoch: 8; iter: 4870; loss: 0.207; load time: 0.023; train time: 0.002; slice time: 0.001;]
2021-05-25 05:19:12,218 [ Epoch: 8; iter: 4880; loss: 0.095; load time: 0.023; train time: 0.002; slice time: 0.001;]
2021-05-25 05:21:45,932 [ Epoch: 8; iter: 4890; loss: 0.107; load time: 0.024; train time: 0.002; slice time: 0.001;]
2021-05-25 05:24:05,657 [ Epoch: 8; iter: 4900; loss: 0.108; load time: 0.024; train time: 0.002; slice time: 0.001;]
2021-05-25 05:26:27,095 [ Epoch: 8; iter: 4910; loss: 0.111; load time: 0.024; train time: 0.002; slice time: 0.001;]
2021-05-25 05:28:45,313 [ Epoch: 8; iter: 4920; loss: 0.118; load time: 0.025; train time: 0.002; slice time: 0.001;]
2021-05-25 05:31:07,619 [ Epoch: 8; iter: 4930; loss: 0.209; load time: 0.025; train time: 0.002; slice time: 0.001;]
2021-05-25 05:33:27,802 [ Epoch: 8; iter: 4940; loss: 0.122; load time: 0.026; train time: 0.002; slice time: 0.001;]
2021-05-25 05:34:31,068 [ Epoch 8 completed. Time taken: 145.7 minutes. Load time: 0.20564731861009572 mins. Train time: 0.019645107795505483 mins]
2021-05-25 05:34:31,069 [ Average loss: 0.183 ]
2021-05-25 05:34:31,380 Epoch: 9
2021-05-25 05:35:48,602 [ Epoch: 9; iter: 4950; loss: 0.191; load time: 0.000; train time: 0.000; slice time: 0.000;]
2021-05-25 05:38:01,372 [ Epoch: 9; iter: 4960; loss: 0.119; load time: 0.001; train time: 0.000; slice time: 0.000;]
2021-05-25 05:40:18,576 [ Epoch: 9; iter: 4970; loss: 0.200; load time: 0.001; train time: 0.000; slice time: 0.000;]
2021-05-25 05:42:45,320 [ Epoch: 9; iter: 4980; loss: 0.182; load time: 0.001; train time: 0.000; slice time: 0.000;]
2021-05-25 05:44:59,666 [ Epoch: 9; iter: 4990; loss: 0.130; load time: 0.002; train time: 0.000; slice time: 0.000;]
2021-05-25 05:47:06,288 [ Epoch: 9; iter: 5000; loss: 0.198; load time: 0.002; train time: 0.000; slice time: 0.000;]
2021-05-25 05:49:25,709 [ Epoch: 9; iter: 5010; loss: 0.125; load time: 0.003; train time: 0.000; slice time: 0.000;]
2021-05-25 05:51:46,032 [ Epoch: 9; iter: 5020; loss: 0.103; load time: 0.003; train time: 0.000; slice time: 0.000;]
2021-05-25 05:54:11,150 [ Epoch: 9; iter: 5030; loss: 0.112; load time: 0.003; train time: 0.000; slice time: 0.000;]
2021-05-25 05:56:28,269 [ Epoch: 9; iter: 5040; loss: 0.105; load time: 0.004; train time: 0.000; slice time: 0.000;]
2021-05-25 05:58:52,444 [ Epoch: 9; iter: 5050; loss: 0.195; load time: 0.004; train time: 0.000; slice time: 0.000;]
2021-05-25 06:01:15,306 [ Epoch: 9; iter: 5060; loss: 0.090; load time: 0.005; train time: 0.000; slice time: 0.000;]
2021-05-25 06:03:39,350 [ Epoch: 9; iter: 5070; loss: 0.181; load time: 0.005; train time: 0.000; slice time: 0.000;]
2021-05-25 06:06:07,815 [ Epoch: 9; iter: 5080; loss: 0.133; load time: 0.005; train time: 0.001; slice time: 0.000;]
2021-05-25 06:08:36,960 [ Epoch: 9; iter: 5090; loss: 0.219; load time: 0.006; train time: 0.001; slice time: 0.000;]
2021-05-25 06:10:56,755 [ Epoch: 9; iter: 5100; loss: 0.210; load time: 0.006; train time: 0.001; slice time: 0.000;]
2021-05-25 06:13:18,404 [ Epoch: 9; iter: 5110; loss: 0.161; load time: 0.007; train time: 0.001; slice time: 0.000;]
2021-05-25 06:15:43,504 [ Epoch: 9; iter: 5120; loss: 0.188; load time: 0.007; train time: 0.001; slice time: 0.000;]
2021-05-25 06:18:05,132 [ Epoch: 9; iter: 5130; loss: 0.197; load time: 0.007; train time: 0.001; slice time: 0.000;]
2021-05-25 06:20:35,832 [ Epoch: 9; iter: 5140; loss: 0.209; load time: 0.008; train time: 0.001; slice time: 0.000;]
2021-05-25 06:23:01,072 [ Epoch: 9; iter: 5150; loss: 0.103; load time: 0.008; train time: 0.001; slice time: 0.000;]
2021-05-25 06:25:21,077 [ Epoch: 9; iter: 5160; loss: 0.195; load time: 0.009; train time: 0.001; slice time: 0.000;]
2021-05-25 06:27:46,790 [ Epoch: 9; iter: 5170; loss: 0.202; load time: 0.009; train time: 0.001; slice time: 0.000;]
2021-05-25 06:30:06,462 [ Epoch: 9; iter: 5180; loss: 0.197; load time: 0.009; train time: 0.001; slice time: 0.000;]
2021-05-25 06:32:32,108 [ Epoch: 9; iter: 5190; loss: 0.113; load time: 0.010; train time: 0.001; slice time: 0.000;]
2021-05-25 06:35:06,376 [ Epoch: 9; iter: 5200; loss: 0.097; load time: 0.010; train time: 0.001; slice time: 0.001;]
2021-05-25 06:37:28,669 [ Epoch: 9; iter: 5210; loss: 0.196; load time: 0.011; train time: 0.001; slice time: 0.001;]
2021-05-25 06:39:46,302 [ Epoch: 9; iter: 5220; loss: 0.221; load time: 0.011; train time: 0.001; slice time: 0.001;]
2021-05-25 06:42:01,958 [ Epoch: 9; iter: 5230; loss: 0.187; load time: 0.011; train time: 0.001; slice time: 0.001;]
2021-05-25 06:44:26,478 [ Epoch: 9; iter: 5240; loss: 0.111; load time: 0.012; train time: 0.001; slice time: 0.001;]
2021-05-25 06:46:42,346 [ Epoch: 9; iter: 5250; loss: 0.195; load time: 0.012; train time: 0.001; slice time: 0.001;]
2021-05-25 06:49:19,637 [ Epoch: 9; iter: 5260; loss: 0.111; load time: 0.012; train time: 0.001; slice time: 0.001;]
2021-05-25 06:51:43,152 [ Epoch: 9; iter: 5270; loss: 0.180; load time: 0.013; train time: 0.001; slice time: 0.001;]
2021-05-25 06:54:03,008 [ Epoch: 9; iter: 5280; loss: 0.178; load time: 0.013; train time: 0.001; slice time: 0.001;]
2021-05-25 06:56:28,426 [ Epoch: 9; iter: 5290; loss: 0.198; load time: 0.013; train time: 0.001; slice time: 0.001;]
2021-05-25 06:58:49,373 [ Epoch: 9; iter: 5300; loss: 0.223; load time: 0.014; train time: 0.001; slice time: 0.001;]
2021-05-25 07:01:10,405 [ Epoch: 9; iter: 5310; loss: 0.195; load time: 0.014; train time: 0.001; slice time: 0.001;]
2021-05-25 07:03:31,115 [ Epoch: 9; iter: 5320; loss: 0.113; load time: 0.015; train time: 0.001; slice time: 0.001;]
2021-05-25 07:05:50,852 [ Epoch: 9; iter: 5330; loss: 0.146; load time: 0.015; train time: 0.001; slice time: 0.001;]
2021-05-25 07:08:10,244 [ Epoch: 9; iter: 5340; loss: 0.159; load time: 0.015; train time: 0.001; slice time: 0.001;]
2021-05-25 07:10:35,159 [ Epoch: 9; iter: 5350; loss: 0.191; load time: 0.016; train time: 0.002; slice time: 0.001;]
2021-05-25 07:12:54,847 [ Epoch: 9; iter: 5360; loss: 0.207; load time: 0.016; train time: 0.002; slice time: 0.001;]
2021-05-25 07:15:13,968 [ Epoch: 9; iter: 5370; loss: 0.209; load time: 0.016; train time: 0.002; slice time: 0.001;]
2021-05-25 07:17:23,380 [ Epoch: 9; iter: 5380; loss: 0.173; load time: 0.017; train time: 0.002; slice time: 0.001;]
2021-05-25 07:19:44,116 [ Epoch: 9; iter: 5390; loss: 0.108; load time: 0.017; train time: 0.002; slice time: 0.001;]
2021-05-25 07:22:01,563 [ Epoch: 9; iter: 5400; loss: 0.195; load time: 0.017; train time: 0.002; slice time: 0.001;]
2021-05-25 07:24:23,937 [ Epoch: 9; iter: 5410; loss: 0.101; load time: 0.018; train time: 0.002; slice time: 0.001;]
2021-05-25 07:26:47,213 [ Epoch: 9; iter: 5420; loss: 0.175; load time: 0.018; train time: 0.002; slice time: 0.001;]
2021-05-25 07:29:14,560 [ Epoch: 9; iter: 5430; loss: 0.198; load time: 0.018; train time: 0.002; slice time: 0.001;]
2021-05-25 07:31:47,688 [ Epoch: 9; iter: 5440; loss: 0.231; load time: 0.019; train time: 0.002; slice time: 0.001;]
2021-05-25 07:34:09,674 [ Epoch: 9; iter: 5450; loss: 0.100; load time: 0.019; train time: 0.002; slice time: 0.001;]
2021-05-25 07:36:27,811 [ Epoch: 9; iter: 5460; loss: 0.104; load time: 0.019; train time: 0.002; slice time: 0.001;]
2021-05-25 07:38:52,010 [ Epoch: 9; iter: 5470; loss: 0.200; load time: 0.020; train time: 0.002; slice time: 0.001;]
2021-05-25 07:41:15,216 [ Epoch: 9; iter: 5480; loss: 0.218; load time: 0.020; train time: 0.002; slice time: 0.001;]
2021-05-25 07:43:35,579 [ Epoch: 9; iter: 5490; loss: 0.173; load time: 0.020; train time: 0.002; slice time: 0.001;]
2021-05-25 07:45:56,202 [ Epoch: 9; iter: 5500; loss: 0.179; load time: 0.021; train time: 0.002; slice time: 0.001;]
2021-05-25 07:48:34,227 [ Epoch: 9; iter: 5510; loss: 0.113; load time: 0.021; train time: 0.002; slice time: 0.001;]
2021-05-25 07:51:05,114 [ Epoch: 9; iter: 5520; loss: 0.202; load time: 0.022; train time: 0.002; slice time: 0.001;]
2021-05-25 07:53:29,352 [ Epoch: 9; iter: 5530; loss: 0.204; load time: 0.022; train time: 0.002; slice time: 0.001;]
2021-05-25 07:55:55,917 [ Epoch: 9; iter: 5540; loss: 0.204; load time: 0.022; train time: 0.002; slice time: 0.001;]
2021-05-25 07:58:23,178 [ Epoch: 9; iter: 5550; loss: 0.111; load time: 0.023; train time: 0.002; slice time: 0.001;]
2021-05-25 08:00:47,145 [ Epoch: 9; iter: 5560; loss: 0.119; load time: 0.023; train time: 0.002; slice time: 0.001;]
2021-05-25 08:01:03,021 [ Epoch 9 completed. Time taken: 146.5 minutes. Load time: 0.20677101210868862 mins. Train time: 0.01976167133325126 mins]
2021-05-25 08:01:03,021 [ Average loss: 0.162 ]
2021-05-25 08:01:03,320 Epoch: 10
2021-05-25 08:02:45,187 [ Epoch: 10; iter: 5570; loss: 0.083; load time: 0.000; train time: 0.000; slice time: 0.000;]
2021-05-25 08:05:08,234 [ Epoch: 10; iter: 5580; loss: 0.204; load time: 0.001; train time: 0.000; slice time: 0.000;]
2021-05-25 08:07:33,710 [ Epoch: 10; iter: 5590; loss: 0.110; load time: 0.001; train time: 0.000; slice time: 0.000;]
2021-05-25 08:09:58,656 [ Epoch: 10; iter: 5600; loss: 0.183; load time: 0.001; train time: 0.000; slice time: 0.000;]
2021-05-25 08:12:25,966 [ Epoch: 10; iter: 5610; loss: 0.097; load time: 0.002; train time: 0.000; slice time: 0.000;]
2021-05-25 08:14:54,040 [ Epoch: 10; iter: 5620; loss: 0.142; load time: 0.002; train time: 0.000; slice time: 0.000;]
2021-05-25 08:17:14,357 [ Epoch: 10; iter: 5630; loss: 0.086; load time: 0.003; train time: 0.000; slice time: 0.000;]
2021-05-25 08:19:36,766 [ Epoch: 10; iter: 5640; loss: 0.185; load time: 0.003; train time: 0.000; slice time: 0.000;]
2021-05-25 08:22:09,387 [ Epoch: 10; iter: 5650; loss: 0.202; load time: 0.003; train time: 0.000; slice time: 0.000;]
2021-05-25 08:24:32,286 [ Epoch: 10; iter: 5660; loss: 0.150; load time: 0.004; train time: 0.000; slice time: 0.000;]
2021-05-25 08:27:02,809 [ Epoch: 10; iter: 5670; loss: 0.186; load time: 0.004; train time: 0.000; slice time: 0.000;]
2021-05-25 08:29:33,302 [ Epoch: 10; iter: 5680; loss: 0.173; load time: 0.004; train time: 0.000; slice time: 0.000;]
2021-05-25 08:31:51,596 [ Epoch: 10; iter: 5690; loss: 0.111; load time: 0.005; train time: 0.000; slice time: 0.000;]
2021-05-25 08:34:27,273 [ Epoch: 10; iter: 5700; loss: 0.097; load time: 0.005; train time: 0.000; slice time: 0.000;]
2021-05-25 08:36:45,926 [ Epoch: 10; iter: 5710; loss: 0.182; load time: 0.005; train time: 0.001; slice time: 0.000;]
2021-05-25 08:39:10,848 [ Epoch: 10; iter: 5720; loss: 0.185; load time: 0.006; train time: 0.001; slice time: 0.000;]
2021-05-25 08:41:37,717 [ Epoch: 10; iter: 5730; loss: 0.168; load time: 0.006; train time: 0.001; slice time: 0.000;]
2021-05-25 08:43:56,000 [ Epoch: 10; iter: 5740; loss: 0.079; load time: 0.007; train time: 0.001; slice time: 0.000;]
2021-05-25 08:46:24,852 [ Epoch: 10; iter: 5750; loss: 0.182; load time: 0.007; train time: 0.001; slice time: 0.000;]
2021-05-25 08:48:55,860 [ Epoch: 10; iter: 5760; loss: 0.090; load time: 0.007; train time: 0.001; slice time: 0.000;]
2021-05-25 08:51:28,339 [ Epoch: 10; iter: 5770; loss: 0.120; load time: 0.008; train time: 0.001; slice time: 0.000;]
2021-05-25 08:53:52,367 [ Epoch: 10; iter: 5780; loss: 0.089; load time: 0.008; train time: 0.001; slice time: 0.000;]
2021-05-25 08:56:23,474 [ Epoch: 10; iter: 5790; loss: 0.198; load time: 0.008; train time: 0.001; slice time: 0.000;]
2021-05-25 08:58:48,431 [ Epoch: 10; iter: 5800; loss: 0.158; load time: 0.009; train time: 0.001; slice time: 0.000;]
2021-05-25 09:01:16,373 [ Epoch: 10; iter: 5810; loss: 0.192; load time: 0.009; train time: 0.001; slice time: 0.000;]
2021-05-25 09:03:30,811 [ Epoch: 10; iter: 5820; loss: 0.148; load time: 0.009; train time: 0.001; slice time: 0.000;]
2021-05-25 09:05:55,418 [ Epoch: 10; iter: 5830; loss: 0.084; load time: 0.010; train time: 0.001; slice time: 0.000;]
2021-05-25 09:08:24,806 [ Epoch: 10; iter: 5840; loss: 0.091; load time: 0.010; train time: 0.001; slice time: 0.000;]
2021-05-25 09:10:56,173 [ Epoch: 10; iter: 5850; loss: 0.095; load time: 0.010; train time: 0.001; slice time: 0.001;]
2021-05-25 09:13:12,262 [ Epoch: 10; iter: 5860; loss: 0.174; load time: 0.011; train time: 0.001; slice time: 0.001;]
2021-05-25 09:15:43,880 [ Epoch: 10; iter: 5870; loss: 0.116; load time: 0.011; train time: 0.001; slice time: 0.001;]
2021-05-25 09:18:08,374 [ Epoch: 10; iter: 5880; loss: 0.100; load time: 0.011; train time: 0.001; slice time: 0.001;]
2021-05-25 09:20:33,684 [ Epoch: 10; iter: 5890; loss: 0.090; load time: 0.012; train time: 0.001; slice time: 0.001;]
2021-05-25 09:22:55,405 [ Epoch: 10; iter: 5900; loss: 0.178; load time: 0.012; train time: 0.001; slice time: 0.001;]
2021-05-25 09:25:46,410 [ Epoch: 10; iter: 5910; loss: 0.087; load time: 0.013; train time: 0.001; slice time: 0.001;]
2021-05-25 09:28:26,455 [ Epoch: 10; iter: 5920; loss: 0.178; load time: 0.013; train time: 0.001; slice time: 0.001;]
2021-05-25 09:30:54,089 [ Epoch: 10; iter: 5930; loss: 0.207; load time: 0.013; train time: 0.001; slice time: 0.001;]
2021-05-25 09:33:24,983 [ Epoch: 10; iter: 5940; loss: 0.184; load time: 0.014; train time: 0.001; slice time: 0.001;]
2021-05-25 09:35:46,052 [ Epoch: 10; iter: 5950; loss: 0.115; load time: 0.014; train time: 0.001; slice time: 0.001;]
2021-05-25 09:38:20,364 [ Epoch: 10; iter: 5960; loss: 0.173; load time: 0.014; train time: 0.001; slice time: 0.001;]
2021-05-25 09:40:49,768 [ Epoch: 10; iter: 5970; loss: 0.091; load time: 0.015; train time: 0.001; slice time: 0.001;]
2021-05-25 09:43:15,806 [ Epoch: 10; iter: 5980; loss: 0.183; load time: 0.015; train time: 0.001; slice time: 0.001;]
2021-05-25 09:45:42,041 [ Epoch: 10; iter: 5990; loss: 0.104; load time: 0.015; train time: 0.001; slice time: 0.001;]
2021-05-25 09:47:58,150 [ Epoch: 10; iter: 6000; loss: 0.088; load time: 0.016; train time: 0.001; slice time: 0.001;]
2021-05-25 09:50:10,574 [ Epoch: 10; iter: 6010; loss: 0.172; load time: 0.016; train time: 0.001; slice time: 0.001;]
2021-05-25 09:52:46,501 [ Epoch: 10; iter: 6020; loss: 0.099; load time: 0.016; train time: 0.002; slice time: 0.001;]
2021-05-25 09:55:28,792 [ Epoch: 10; iter: 6030; loss: 0.089; load time: 0.017; train time: 0.002; slice time: 0.001;]
2021-05-25 09:58:03,030 [ Epoch: 10; iter: 6040; loss: 0.206; load time: 0.017; train time: 0.002; slice time: 0.001;]
2021-05-25 10:00:33,234 [ Epoch: 10; iter: 6050; loss: 0.195; load time: 0.017; train time: 0.002; slice time: 0.001;]
2021-05-25 10:02:57,661 [ Epoch: 10; iter: 6060; loss: 0.152; load time: 0.018; train time: 0.002; slice time: 0.001;]
2021-05-25 10:05:26,827 [ Epoch: 10; iter: 6070; loss: 0.196; load time: 0.018; train time: 0.002; slice time: 0.001;]
2021-05-25 10:08:03,784 [ Epoch: 10; iter: 6080; loss: 0.174; load time: 0.018; train time: 0.002; slice time: 0.001;]
2021-05-25 10:10:31,243 [ Epoch: 10; iter: 6090; loss: 0.187; load time: 0.019; train time: 0.002; slice time: 0.001;]
2021-05-25 10:13:05,914 [ Epoch: 10; iter: 6100; loss: 0.093; load time: 0.019; train time: 0.002; slice time: 0.001;]
2021-05-25 10:15:32,116 [ Epoch: 10; iter: 6110; loss: 0.205; load time: 0.019; train time: 0.002; slice time: 0.001;]
2021-05-25 10:17:51,723 [ Epoch: 10; iter: 6120; loss: 0.199; load time: 0.020; train time: 0.002; slice time: 0.001;]
2021-05-25 10:20:22,677 [ Epoch: 10; iter: 6130; loss: 0.168; load time: 0.020; train time: 0.002; slice time: 0.001;]
2021-05-25 10:22:39,891 [ Epoch: 10; iter: 6140; loss: 0.180; load time: 0.020; train time: 0.002; slice time: 0.001;]
2021-05-25 10:25:07,439 [ Epoch: 10; iter: 6150; loss: 0.096; load time: 0.021; train time: 0.002; slice time: 0.001;]
2021-05-25 10:27:39,439 [ Epoch: 10; iter: 6160; loss: 0.175; load time: 0.021; train time: 0.002; slice time: 0.001;]
2021-05-25 10:30:15,263 [ Epoch: 10; iter: 6170; loss: 0.169; load time: 0.021; train time: 0.002; slice time: 0.001;]
2021-05-25 10:32:41,587 [ Epoch: 10; iter: 6180; loss: 0.161; load time: 0.021; train time: 0.002; slice time: 0.001;]
2021-05-25 10:32:41,600 [ Epoch 10 completed. Time taken: 151.6 minutes. Load time: 0.21495825391757062 mins. Train time: 0.019777561584336852 mins]
2021-05-25 10:32:41,600 [ Average loss: 0.151 ]
2021-05-25 10:32:41,903 Epochs ended
2021-05-25 10:32:42,012 Closing envs
