+ [[ env_sem == \e\n\v ]]
+ [[ env_sem == \e\n\v\_\s\e\m ]]
+ echo 'In ObjectNav Env DDP SemSeg'
+ srun /private/home/abhshkdz/.conda/envs/habitat-on-web/bin/python -u -m habitat_baselines.run
usage: run.py [-h] --run-type {train,eval} --exp-config EXP_CONFIG ...
run.py: error: the following arguments are required: --run-type, --exp-config
usage: run.py [-h] --run-type {train,eval} --exp-config EXP_CONFIG ...
usage: run.py [-h] --run-type {train,eval} --exp-config EXP_CONFIG ...
usage: run.py [-h] --run-type {train,eval} --exp-config EXP_CONFIG ...
usage: run.py [-h] --run-type {train,eval} --exp-config EXP_CONFIG ...
run.py: error: the following arguments are required: --run-type, --exp-config
run.py: error: the following arguments are required: --run-type, --exp-config
usage: run.py [-h] --run-type {train,eval} --exp-config EXP_CONFIG ...
run.py: error: the following arguments are required: --run-type, --exp-config
usage: run.py [-h] --run-type {train,eval} --exp-config EXP_CONFIG ...
run.py: error: the following arguments are required: --run-type, --exp-config
run.py: error: the following arguments are required: --run-type, --exp-config
run.py: error: the following arguments are required: --run-type, --exp-config
usage: run.py [-h] --run-type {train,eval} --exp-config EXP_CONFIG ...
run.py: error: the following arguments are required: --run-type, --exp-config
usage: run.py [-h] --run-type {train,eval} --exp-config EXP_CONFIG ...
run.py: error: the following arguments are required: --run-type, --exp-config
usage: run.py [-h] --run-type {train,eval} --exp-config EXP_CONFIG ...
run.py: error: the following arguments are required: --run-type, --exp-config
usage: run.py [-h] --run-type {train,eval} --exp-config EXP_CONFIG ...
usage: run.py [-h] --run-type {train,eval} --exp-config EXP_CONFIG ...
run.py: error: the following arguments are required: --run-type, --exp-config
usage: run.py [-h] --run-type {train,eval} --exp-config EXP_CONFIG ...
usage: run.py [-h] --run-type {train,eval} --exp-config EXP_CONFIG ...
usage: run.py [-h] --run-type {train,eval} --exp-config EXP_CONFIG ...
usage: run.py [-h] --run-type {train,eval} --exp-config EXP_CONFIG ...
run.py: error: the following arguments are required: --run-type, --exp-config
usage: run.py [-h] --run-type {train,eval} --exp-config EXP_CONFIG ...
run.py: error: the following arguments are required: --run-type, --exp-config
run.py: error: the following arguments are required: --run-type, --exp-config
run.py: error: the following arguments are required: --run-type, --exp-config
run.py: error: the following arguments are required: --run-type, --exp-config
run.py: error: the following arguments are required: --run-type, --exp-config
usage: run.py [-h] --run-type {train,eval} --exp-config EXP_CONFIG ...
usage: run.py [-h] --run-type {train,eval} --exp-config EXP_CONFIG ...
usage: run.py [-h] --run-type {train,eval} --exp-config EXP_CONFIG ...
run.py: error: the following arguments are required: --run-type, --exp-config
run.py: error: the following arguments are required: --run-type, --exp-config
usage: run.py [-h] --run-type {train,eval} --exp-config EXP_CONFIG ...
run.py: error: the following arguments are required: --run-type, --exp-config
usage: run.py [-h] --run-type {train,eval} --exp-config EXP_CONFIG ...
usage: run.py [-h] --run-type {train,eval} --exp-config EXP_CONFIG ...
run.py: error: the following arguments are required: --run-type, --exp-config
run.py: error: the following arguments are required: --run-type, --exp-config
run.py: error: the following arguments are required: --run-type, --exp-config
usage: run.py [-h] --run-type {train,eval} --exp-config EXP_CONFIG ...
run.py: error: the following arguments are required: --run-type, --exp-config
usage: run.py [-h] --run-type {train,eval} --exp-config EXP_CONFIG ...
run.py: error: the following arguments are required: --run-type, --exp-config
usage: run.py [-h] --run-type {train,eval} --exp-config EXP_CONFIG ...
run.py: error: the following arguments are required: --run-type, --exp-config
usage: run.py [-h] --run-type {train,eval} --exp-config EXP_CONFIG ...
usage: run.py [-h] --run-type {train,eval} --exp-config EXP_CONFIG ...
usage: run.py [-h] --run-type {train,eval} --exp-config EXP_CONFIG ...
run.py: error: the following arguments are required: --run-type, --exp-config
run.py: error: the following arguments are required: --run-type, --exp-config
run.py: error: the following arguments are required: --run-type, --exp-config
usage: run.py [-h] --run-type {train,eval} --exp-config EXP_CONFIG ...
usage: run.py [-h] --run-type {train,eval} --exp-config EXP_CONFIG ...
usage: run.py [-h] --run-type {train,eval} --exp-config EXP_CONFIG ...
run.py: error: the following arguments are required: --run-type, --exp-config
run.py: error: the following arguments are required: --run-type, --exp-config
run.py: error: the following arguments are required: --run-type, --exp-config
usage: run.py [-h] --run-type {train,eval} --exp-config EXP_CONFIG ...
run.py: error: the following arguments are required: --run-type, --exp-config
usage: run.py [-h] --run-type {train,eval} --exp-config EXP_CONFIG ...
usage: run.py [-h] --run-type {train,eval} --exp-config EXP_CONFIG ...
usage: run.py [-h] --run-type {train,eval} --exp-config EXP_CONFIG ...
run.py: error: the following arguments are required: --run-type, --exp-config
run.py: error: the following arguments are required: --run-type, --exp-config
run.py: error: the following arguments are required: --run-type, --exp-config
usage: run.py [-h] --run-type {train,eval} --exp-config EXP_CONFIG ...
usage: run.py [-h] --run-type {train,eval} --exp-config EXP_CONFIG ...
usage: run.py [-h] --run-type {train,eval} --exp-config EXP_CONFIG ...
usage: run.py [-h] --run-type {train,eval} --exp-config EXP_CONFIG ...
run.py: error: the following arguments are required: --run-type, --exp-config
run.py: error: the following arguments are required: --run-type, --exp-config
run.py: error: the following arguments are required: --run-type, --exp-config
run.py: error: the following arguments are required: --run-type, --exp-config
usage: run.py [-h] --run-type {train,eval} --exp-config EXP_CONFIG ...
run.py: error: the following arguments are required: --run-type, --exp-config
usage: run.py [-h] --run-type {train,eval} --exp-config EXP_CONFIG ...
usage: run.py [-h] --run-type {train,eval} --exp-config EXP_CONFIG ...
usage: run.py [-h] --run-type {train,eval} --exp-config EXP_CONFIG ...
usage: run.py [-h] --run-type {train,eval} --exp-config EXP_CONFIG ...
run.py: error: the following arguments are required: --run-type, --exp-config
usage: run.py [-h] --run-type {train,eval} --exp-config EXP_CONFIG ...
run.py: error: the following arguments are required: --run-type, --exp-config
usage: run.py [-h] --run-type {train,eval} --exp-config EXP_CONFIG ...
usage: run.py [-h] --run-type {train,eval} --exp-config EXP_CONFIG ...
run.py: error: the following arguments are required: --run-type, --exp-config
run.py: error: the following arguments are required: --run-type, --exp-config
run.py: error: the following arguments are required: --run-type, --exp-config
run.py: error: the following arguments are required: --run-type, --exp-config
run.py: error: the following arguments are required: --run-type, --exp-config
usage: run.py [-h] --run-type {train,eval} --exp-config EXP_CONFIG ...
run.py: error: the following arguments are required: --run-type, --exp-config
usage: run.py [-h] --run-type {train,eval} --exp-config EXP_CONFIG ...
usage: run.py [-h] --run-type {train,eval} --exp-config EXP_CONFIG ...
usage: run.py [-h] --run-type {train,eval} --exp-config EXP_CONFIG ...
usage: run.py [-h] --run-type {train,eval} --exp-config EXP_CONFIG ...
run.py: error: the following arguments are required: --run-type, --exp-config
run.py: error: the following arguments are required: --run-type, --exp-config
usage: run.py [-h] --run-type {train,eval} --exp-config EXP_CONFIG ...
run.py: error: the following arguments are required: --run-type, --exp-config
usage: run.py [-h] --run-type {train,eval} --exp-config EXP_CONFIG ...
run.py: error: the following arguments are required: --run-type, --exp-config
run.py: error: the following arguments are required: --run-type, --exp-config
usage: run.py [-h] --run-type {train,eval} --exp-config EXP_CONFIG ...
run.py: error: the following arguments are required: --run-type, --exp-config
run.py: error: the following arguments are required: --run-type, --exp-config
srun: error: learnfair1222: tasks 0-7: Exited with exit code 2
srun: launch/slurm: _step_signal: Terminating StepId=52412017.1
srun: error: learnfair1597: tasks 16-23: Exited with exit code 2
srun: error: learnfair1789: tasks 40-47: Exited with exit code 2
srun: error: learnfair1819: tasks 56-63: Exited with exit code 2
srun: error: learnfair1456: tasks 8-15: Exited with exit code 2
srun: error: learnfair1791: tasks 48-55: Exited with exit code 2
srun: error: learnfair1620: tasks 24-31: Exited with exit code 2
srun: error: learnfair1760: tasks 32-39: Terminated
srun: Force Terminated StepId=52412017.1
+ --exp-config habitat_baselines/config/objectnav/il_ddp_env_objectnav_semseg_s32.yaml --run-type train
/var/spool/slurm//job52412017/slurm_script: line 37: --exp-config: command not found
