/bin/bash: /public/apps/anaconda3/2020.11/lib/libtinfo.so.6: no version information available (required by /bin/bash)
+ srun /private/home/abhshkdz/.conda/envs/habitat-on-web/bin/python -u -m habitat_baselines.run --exp-config habitat_baselines/config/object_rearrangement/il_distrib_object_rearrangement.yaml --run-type train
2021-06-04 01:42:42,703 config: BASE_TASK_CONFIG_PATH: configs/tasks/object_rearrangement.yaml
CHECKPOINT_FOLDER: results/checkpoints/resnet18_v5/seed_1
CHECKPOINT_INTERVAL: 1
CMD_TRAILING_OPTS: []
DATASET_PATH: data/datasets/object_rearrangement/v5/{split}/{scene_split}.db
ENV_NAME: RearrangementRLEnv
EVAL:
  SPLIT: eval
  USE_CKPT_CONFIG: True
EVAL_CKPT_PATH_DIR: data/new_checkpoints/resnet18_random_split_v5/seed_1/model_10.ckpt
EVAL_SAVE_RESULTS: True
EVAL_SAVE_RESULTS_INTERVAL: 50
FORCE_BLIND_POLICY: False
IL:
  BehaviorCloning:
    batch_size: 8
    freeze_encoder: False
    lr: 0.001
    max_epochs: 10
    timestep_batch_size: 512
  USE_IW: True
  distrib_backend: GLOO
INTERRUPTED_STATE_FILE_PATH: data/new_checkpoints/resnet18_random_split_v5/seed_1/state.pth
LOG_FILE: train.log
LOG_INTERVAL: 10
LOG_METRICS: True
MODEL:
  DEPTH_ENCODER:
    backbone: resnet50
    cnn_type: VlnResnetDepthEncoder
    ddppo_checkpoint: data/ddppo-models/gibson-2plus-resnet50.pth
    output_size: 128
    trainable: False
  INSTRUCTION_ENCODER:
    bidirectional: False
    embedding_size: 64
    final_state_only: True
    hidden_size: 128
    rnn_type: LSTM
    use_pretrained_embeddings: False
    vocab_size: 128
  PROGRESS_MONITOR:
    use: False
  RGB_ENCODER:
    backbone: resnet18
    cnn_type: ResnetRGBEncoder
    output_size: 256
    train_encoder: True
  SEQ2SEQ:
    use_prev_action: True
  STATE_ENCODER:
    hidden_size: 512
    num_recurrent_layers: 2
    rnn_type: GRU
  ablate_depth: False
  ablate_instruction: False
  ablate_rgb: False
  inflection_weight_coef: 6.975176928855059
NUM_PROCESSES: 1
NUM_UPDATES: 10000
ORBSLAM2:
  ANGLE_TH: 0.2617993877991494
  BETA: 100
  CAMERA_HEIGHT: 1.25
  DEPTH_DENORM: 10.0
  DIST_REACHED_TH: 0.15
  DIST_TO_STOP: 0.05
  D_OBSTACLE_MAX: 4.0
  D_OBSTACLE_MIN: 0.1
  H_OBSTACLE_MAX: 1.25
  H_OBSTACLE_MIN: 0.375
  MAP_CELL_SIZE: 0.1
  MAP_SIZE: 40
  MIN_PTS_IN_OBSTACLE: 320.0
  NEXT_WAYPOINT_TH: 0.5
  NUM_ACTIONS: 3
  PLANNER_MAX_STEPS: 500
  PREPROCESS_MAP: True
  SLAM_SETTINGS_PATH: habitat_baselines/slambased/data/mp3d3_small1k.yaml
  SLAM_VOCAB_PATH: habitat_baselines/slambased/data/ORBvoc.txt
OUTPUT_LOG_DIR: results/logs/object_rearrangement
PROFILING:
  CAPTURE_START_STEP: -1
  NUM_STEPS_TO_CAPTURE: -1
RESULTS_DIR: results/object_rearrangement/results/{split}/{type}
RL:
  DDPPO:
    backbone: resnet50
    distrib_backend: GLOO
    num_recurrent_layers: 2
    pretrained: False
    pretrained_encoder: False
    pretrained_weights: data/ddppo-models/gibson-2plus-resnet50.pth
    reset_critic: True
    rnn_type: LSTM
    sync_frac: 0.6
    train_encoder: True
  GRAB_SUCCESS_REWARD: 1.5
  POLICY:
    OBS_TRANSFORMS:
      CENTER_CROPPER:
        HEIGHT: 256
        WIDTH: 256
      CUBE2EQ:
        HEIGHT: 256
        SENSOR_UUIDS: []
        WIDTH: 512
      CUBE2FISH:
        FOV: 180
        HEIGHT: 256
        PARAMS: (0.2, 0.2, 0.2)
        SENSOR_UUIDS: []
        WIDTH: 256
      ENABLED_TRANSFORMS: ()
      EQ2CUBE:
        HEIGHT: 256
        SENSOR_UUIDS: []
        WIDTH: 256
      RESIZE_SHORTEST_EDGE:
        SIZE: 256
    name: PointNavBaselinePolicy
  PPO:
    clip_param: 0.2
    entropy_coef: 0.01
    eps: 1e-05
    gamma: 0.99
    hidden_size: 512
    lr: 0.0007
    max_grad_norm: 0.5
    num_mini_batch: 16
    num_steps: 5
    ppo_epoch: 4
    reward_window_size: 50
    tau: 0.95
    use_gae: True
    use_linear_clip_decay: False
    use_linear_lr_decay: False
    use_normalized_advantage: True
    value_loss_coef: 0.5
  REWARD_MEASURE: agent_receptacle_distance
  REWARD_MEASURE_2: agent_object_distance
  SLACK_REWARD: -0.01
  SUCCESS_MEASURE: success
  SUCCESS_REWARD: 2.5
SENSORS: ['RGB_SENSOR', 'DEPTH_SENSOR']
SHOW_TOP_DOWN_MAP: False
SIMULATOR_GPU_ID: 0
TASK_CONFIG:
  DATASET:
    CONTENT_SCENES: ['*']
    DATA_PATH: data/datasets/object_rearrangement/v5/{split}/{split}.json.gz
    SCENES_DIR: data/scene_datasets/habitat-test-scenes/
    SPLIT: sample
    TYPE: RearrangementDataset-v0
  ENVIRONMENT:
    ITERATOR_OPTIONS:
      CYCLE: True
      GROUP_BY_SCENE: True
      MAX_SCENE_REPEAT_EPISODES: -1
      MAX_SCENE_REPEAT_STEPS: 10000
      NUM_EPISODE_SAMPLE: -1
      SHUFFLE: True
      STEP_REPETITION_RANGE: 0.2
    MAX_EPISODE_SECONDS: 10000000
    MAX_EPISODE_STEPS: 2002
  PYROBOT:
    BASE_CONTROLLER: proportional
    BASE_PLANNER: none
    BUMP_SENSOR:
      TYPE: PyRobotBumpSensor
    DEPTH_SENSOR:
      CENTER_CROP: False
      HEIGHT: 480
      MAX_DEPTH: 5.0
      MIN_DEPTH: 0.0
      NORMALIZE_DEPTH: True
      TYPE: PyRobotDepthSensor
      WIDTH: 640
    LOCOBOT:
      ACTIONS: ['BASE_ACTIONS', 'CAMERA_ACTIONS']
      BASE_ACTIONS: ['go_to_relative', 'go_to_absolute']
      CAMERA_ACTIONS: ['set_pan', 'set_tilt', 'set_pan_tilt']
    RGB_SENSOR:
      CENTER_CROP: False
      HEIGHT: 480
      TYPE: PyRobotRGBSensor
      WIDTH: 640
    ROBOT: locobot
    ROBOTS: ['locobot']
    SENSORS: ['RGB_SENSOR', 'DEPTH_SENSOR', 'BUMP_SENSOR']
  SEED: 105
  SIMULATOR:
    ACTION_SPACE_CONFIG: RearrangementActions-v0
    AGENTS: ['AGENT_0']
    AGENT_0:
      ANGULAR_ACCELERATION: 12.56
      ANGULAR_FRICTION: 1.0
      COEFFICIENT_OF_RESTITUTION: 0.0
      HEIGHT: 1.5
      IS_SET_START_STATE: False
      LINEAR_ACCELERATION: 20.0
      LINEAR_FRICTION: 0.5
      MASS: 32.0
      MAX_CLIMB: 0.5
      RADIUS: 0.1
      SENSORS: ['RGB_SENSOR', 'SEMANTIC_SENSOR', 'DEPTH_SENSOR']
      START_POSITION: [0, 0, 0]
      START_ROTATION: [0, 0, 0, 1]
    CROSSHAIR_POS: [128, 128]
    DEFAULT_AGENT_ID: 0
    DEPTH_SENSOR:
      HEIGHT: 256
      HFOV: 90
      MAX_DEPTH: 10.0
      MIN_DEPTH: 0.0
      NORMALIZE_DEPTH: True
      ORIENTATION: [0.0, 0.0, 0.0]
      POSITION: [0, 1.5, 0]
      TYPE: HabitatSimDepthSensor
      WIDTH: 256
    FORWARD_STEP_SIZE: 0.15
    GRAB_DISTANCE: 2.0
    HABITAT_SIM_V0:
      ALLOW_SLIDING: True
      ENABLE_PHYSICS: True
      GPU_DEVICE_ID: 0
      GPU_GPU: False
      PHYSICS_CONFIG_FILE: ./data/default.physics_config.json
    RGB_SENSOR:
      HEIGHT: 256
      HFOV: 90
      ORIENTATION: [0.0, 0.0, 0.0]
      POSITION: [0, 1.5, 0]
      TYPE: HabitatSimRGBSensor
      WIDTH: 256
    SCENE: data/scene_datasets/habitat-test-scenes/van-gogh-room.glb
    SEED: 100
    SEMANTIC_SENSOR:
      CHANNELS: 1
      HEIGHT: 256
      HFOV: 90
      ORIENTATION: [0.0, 0.0, 0.0]
      POSITION: [0, 1.5, 0]
      TYPE: HabitatSimSemanticSensor
      WIDTH: 256
    TILT_ANGLE: 5
    TURN_ANGLE: 5
    TYPE: RearrangementSim-v0
  TASK:
    ACTIONS:
      ANSWER:
        TYPE: AnswerAction
      GRAB_RELEASE:
        TYPE: GrabOrReleaseAction
      LOOK_DOWN:
        TYPE: LookDownAction
      LOOK_UP:
        TYPE: LookUpAction
      MOVE_BACKWARD:
        TYPE: MoveBackwardAction
      MOVE_FORWARD:
        TYPE: MoveForwardAction
      NO_OP:
        TYPE: NoOpAction
      STOP:
        TYPE: StopAction
      TELEPORT:
        TYPE: TeleportAction
      TURN_LEFT:
        TYPE: TurnLeftAction
      TURN_RIGHT:
        TYPE: TurnRightAction
    AGENT_TO_OBJECT_DISTANCE:
      TYPE: AgentToObjectDistance
    AGENT_TO_RECEPTACLE_DISTANCE:
      TYPE: AgentToReceptacleDistance
    ALL_OBJECT_POSITIONS:
      TYPE: AllObjectPositions
    ANSWER_ACCURACY:
      TYPE: AnswerAccuracy
    COLLISIONS:
      TYPE: Collisions
    COMPASS_SENSOR:
      TYPE: CompassSensor
    CORRECT_ANSWER:
      TYPE: CorrectAnswer
    COVERAGE:
      EGOCENTRIC: False
      GRID_DELTA: 0.25
      TYPE: Coverage
    DEMONSTRATION_SENSOR:
      TYPE: DemonstrationSensor
    DEMONSTRATION_SENSOR_UUID: demonstration
    DISTANCE_TO_GOAL:
      DISTANCE_TO: POINT
      TYPE: DistanceToGoal
    EPISODE_INFO:
      TYPE: EpisodeInfo
    GOAL_OBJECT_VISIBLE:
      TYPE: GoalObjectVisible
    GOAL_SENSOR_UUID: pointgoal
    GPS_SENSOR:
      DIMENSIONALITY: 2
      TYPE: GPSSensor
    GRAB_SUCCESS:
      TYPE: GrabSuccess
    GRIPPED_OBJECT_SENSOR:
      TYPE: GrippedObjectSensor
    GRIPPED_OBJECT_SENSOR_UUID: gripped_object_id
    HEADING_SENSOR:
      TYPE: HeadingSensor
    IMAGEGOAL_SENSOR:
      TYPE: ImageGoalSensor
    INFLECTION_WEIGHT_SENSOR:
      TYPE: InflectionWeightSensor
    INFLECTION_WEIGHT_SENSOR_UUID: inflection_weight
    INSTRUCTION_SENSOR:
      TYPE: InstructionSensor
    INSTRUCTION_SENSOR_UUID: instruction
    MEASUREMENTS: ['AGENT_TO_OBJECT_DISTANCE', 'OBJECT_TO_RECEPTACLE_DISTANCE', 'AGENT_TO_RECEPTACLE_DISTANCE', 'REARRANGEMENT_SUCCESS', 'DISTANCE_TO_GOAL', 'REARRANGEMENT_SPL', 'GRAB_SUCCESS', 'GOAL_OBJECT_VISIBLE', 'COVERAGE', 'REARRANGEMENT_REWARD', 'RELEASE_FAILED']
    OBJECTGOAL_SENSOR:
      GOAL_SPEC: TASK_CATEGORY_ID
      GOAL_SPEC_MAX_VAL: 50
      TYPE: ObjectGoalSensor
    OBJECT_TO_RECEPTACLE_DISTANCE:
      TYPE: ObjectToReceptacleDistance
    POINTGOAL_SENSOR:
      DIMENSIONALITY: 2
      GOAL_FORMAT: POLAR
      TYPE: PointGoalSensor
    POINTGOAL_WITH_GPS_COMPASS_SENSOR:
      DIMENSIONALITY: 2
      GOAL_FORMAT: POLAR
      TYPE: PointGoalWithGPSCompassSensor
    POSSIBLE_ACTIONS: ['STOP', 'MOVE_FORWARD', 'TURN_LEFT', 'TURN_RIGHT', 'LOOK_UP', 'LOOK_DOWN', 'GRAB_RELEASE', 'MOVE_BACKWARD', 'NO_OP']
    PROXIMITY_SENSOR:
      MAX_DETECTION_RADIUS: 2.0
      TYPE: ProximitySensor
    QUESTION_SENSOR:
      TYPE: QuestionSensor
    REARRANGEMENT_REWARD:
      ATTENUATION: 0.995
      COVERAGE_REWARD: 0.25
      DROP_PENALTY: -0.5
      DROP_PENALTY_DIST_THRESHOLD: 3.0
      ENABLE_PENALTY: True
      EXP_REWARD_COEF: 1.0
      GRAB_SUCCESS_REWARD: 2.5
      MODE: DISTANCE_TO_GOAL_PLUS_VISIBLE
      OBJECT_SEEN_REWARD: 1.5
      OBJECT_SEEN_REWARD_THRESHOLD: 0.001
      RECEPTACLE_SEEN_REWARD_THRESHOLD: 0.001
      SLACK_REWARD: -0.01
      SUCCESS_DISTANCE: 1.5
      SUCCESS_REWARD: 3.5
      TYPE: RearrangementReward
      USE_NORMALIZED_REWARD: True
      VISIT_EXP: 1
    REARRANGEMENT_SPL:
      TYPE: RearrangementSPL
    REARRANGEMENT_SUCCESS:
      SUCCESS_DISTANCE: 0.7
      TYPE: RearrangementSuccess
    RELEASE_FAILED:
      TYPE: ReleaseFailed
    SENSORS: ['INSTRUCTION_SENSOR', 'GRIPPED_OBJECT_SENSOR']
    SOFT_SPL:
      TYPE: SoftSPL
    SPL:
      TYPE: SPL
    SUCCESS:
      SUCCESS_DISTANCE: 0.2
      TYPE: Success
    SUCCESS_DISTANCE: 0.2
    TOP_DOWN_MAP:
      DRAW_BORDER: True
      DRAW_GOAL_AABBS: True
      DRAW_GOAL_POSITIONS: True
      DRAW_SHORTEST_PATH: False
      DRAW_SOURCE: True
      DRAW_VIEW_POINTS: True
      FOG_OF_WAR:
        DRAW: True
        FOV: 90
        VISIBILITY_DIST: 5.0
      MAP_PADDING: 3
      MAP_RESOLUTION: 1024
      MAX_EPISODE_STEPS: 1000
      TYPE: TopDownMap
    TYPE: RearrangementTask-v0
TENSORBOARD_DIR: results/tb/resnet18_v5/seed_1/train
TEST_EPISODE_COUNT: -1
TORCH_GPU_ID: 0
TRAINER_NAME: rearrangement-behavior-cloning-distrib
VIDEO_DIR: results/videos/resnet18_v5/seed_1/train
VIDEO_OPTION: ['disk']
2021-06-04 01:42:43,193 Initializing dataset RearrangementDataset-v0
2021-06-04 01:42:46,630 Initializing dataset RearrangementDataset-v0
2021-06-04 01:42:47,028 initializing sim RearrangementSim-v0
WARNING: Logging before InitGoogleLogging() is written to STDERR
E0604 01:42:49.125710 565843 ResourceManager.cpp:598] Reloading asset data/scene_datasets/habitat-test-scenes/29hnd4uzFmX.glb with different configuration not currently supported. Asset may not be rendered correctly.
2021-06-04 01:42:49,719 Initializing task RearrangementTask-v0
2021-06-04 01:42:50,055 Initializing dataset RearrangementDataset-v0
2021-06-04 01:42:50,918 Dataset cache found.
2021-06-04 01:42:50,927 Dataset cache found.
2021-06-04 01:42:50,932 Dataset cache found.
2021-06-04 01:42:50,937 Dataset cache found.
2021-06-04 01:42:50,944 Dataset cache found.
2021-06-04 01:42:50,950 Dataset cache found.
2021-06-04 01:42:50,954 Dataset cache found.
2021-06-04 01:42:50,968 Dataset cache found.
2021-06-04 01:42:50,977 Dataset cache found.
2021-06-04 01:42:50,983 Setup dataloader
2021-06-04 01:42:50,983 Dataloader setup
2021-06-04 01:42:50,983 [ train_loader has 5000 samples ]
2021-06-04 01:42:50,983 Setting up distributed model...
2021-06-04 01:42:58,994 Starting training
/private/home/abhshkdz/.conda/envs/habitat-on-web/lib/python3.6/site-packages/tensorflow-1.13.1-py3.6-linux-x86_64.egg/tensorflow/python/framework/dtypes.py:526: FutureWarning: Passing (type, 1) or '1type' as a synonym of type is deprecated; in a future version of numpy, it will be understood as (type, (1,)) / '(1,)type'.
  _np_qint8 = np.dtype([("qint8", np.int8, 1)])
/private/home/abhshkdz/.conda/envs/habitat-on-web/lib/python3.6/site-packages/tensorflow-1.13.1-py3.6-linux-x86_64.egg/tensorflow/python/framework/dtypes.py:527: FutureWarning: Passing (type, 1) or '1type' as a synonym of type is deprecated; in a future version of numpy, it will be understood as (type, (1,)) / '(1,)type'.
  _np_quint8 = np.dtype([("quint8", np.uint8, 1)])
/private/home/abhshkdz/.conda/envs/habitat-on-web/lib/python3.6/site-packages/tensorflow-1.13.1-py3.6-linux-x86_64.egg/tensorflow/python/framework/dtypes.py:528: FutureWarning: Passing (type, 1) or '1type' as a synonym of type is deprecated; in a future version of numpy, it will be understood as (type, (1,)) / '(1,)type'.
  _np_qint16 = np.dtype([("qint16", np.int16, 1)])
/private/home/abhshkdz/.conda/envs/habitat-on-web/lib/python3.6/site-packages/tensorflow-1.13.1-py3.6-linux-x86_64.egg/tensorflow/python/framework/dtypes.py:529: FutureWarning: Passing (type, 1) or '1type' as a synonym of type is deprecated; in a future version of numpy, it will be understood as (type, (1,)) / '(1,)type'.
  _np_quint16 = np.dtype([("quint16", np.uint16, 1)])
/private/home/abhshkdz/.conda/envs/habitat-on-web/lib/python3.6/site-packages/tensorflow-1.13.1-py3.6-linux-x86_64.egg/tensorflow/python/framework/dtypes.py:530: FutureWarning: Passing (type, 1) or '1type' as a synonym of type is deprecated; in a future version of numpy, it will be understood as (type, (1,)) / '(1,)type'.
  _np_qint32 = np.dtype([("qint32", np.int32, 1)])
/private/home/abhshkdz/.conda/envs/habitat-on-web/lib/python3.6/site-packages/tensorflow-1.13.1-py3.6-linux-x86_64.egg/tensorflow/python/framework/dtypes.py:535: FutureWarning: Passing (type, 1) or '1type' as a synonym of type is deprecated; in a future version of numpy, it will be understood as (type, (1,)) / '(1,)type'.
  np_resource = np.dtype([("resource", np.ubyte, 1)])
2021-06-04 01:43:03,367 Epoch: 1
2021-06-04 01:48:24,393 [ Epoch: 1; iter: 10; loss: 1.261; load time: 0.461; train time: 0.059; slice time: 0.015;]
2021-06-04 01:54:30,007 [ Epoch: 1; iter: 20; loss: 1.376; load time: 0.491; train time: 0.063; slice time: 0.018;]
2021-06-04 02:00:41,435 [ Epoch: 1; iter: 30; loss: 1.310; load time: 0.503; train time: 0.066; slice time: 0.018;]
2021-06-04 02:06:44,574 [ Epoch: 1; iter: 40; loss: 1.685; load time: 0.509; train time: 0.065; slice time: 0.017;]
2021-06-04 02:13:00,590 [ Epoch: 1; iter: 50; loss: 1.169; load time: 0.516; train time: 0.065; slice time: 0.018;]
2021-06-04 02:18:38,248 [ Epoch: 1; iter: 60; loss: 0.956; load time: 0.510; train time: 0.065; slice time: 0.018;]
2021-06-04 02:24:24,217 [ Epoch: 1; iter: 70; loss: 1.070; load time: 0.508; train time: 0.064; slice time: 0.018;]
2021-06-04 02:30:25,037 [ Epoch: 1; iter: 80; loss: 1.225; load time: 0.509; train time: 0.065; slice time: 0.018;]
2021-06-04 02:36:34,994 [ Epoch: 1; iter: 90; loss: 1.113; load time: 0.512; train time: 0.065; slice time: 0.018;]
2021-06-04 02:42:16,722 [ Epoch: 1; iter: 100; loss: 1.119; load time: 0.510; train time: 0.065; slice time: 0.018;]
2021-06-04 02:48:24,421 [ Epoch: 1; iter: 110; loss: 0.921; load time: 0.512; train time: 0.065; slice time: 0.018;]
2021-06-04 02:54:32,070 [ Epoch: 1; iter: 120; loss: 1.001; load time: 0.513; train time: 0.065; slice time: 0.018;]
2021-06-04 03:00:28,712 [ Epoch: 1; iter: 130; loss: 1.055; load time: 0.513; train time: 0.064; slice time: 0.018;]
2021-06-04 03:06:49,504 [ Epoch: 1; iter: 140; loss: 1.064; load time: 0.516; train time: 0.065; slice time: 0.018;]
2021-06-04 03:13:27,716 [ Epoch: 1; iter: 150; loss: 1.451; load time: 0.520; train time: 0.065; slice time: 0.018;]
2021-06-04 03:19:17,845 [ Epoch: 1; iter: 160; loss: 1.081; load time: 0.519; train time: 0.065; slice time: 0.018;]
2021-06-04 03:25:41,128 [ Epoch: 1; iter: 170; loss: 1.261; load time: 0.521; train time: 0.065; slice time: 0.018;]
2021-06-04 03:31:45,349 [ Epoch: 1; iter: 180; loss: 0.945; load time: 0.521; train time: 0.065; slice time: 0.018;]
2021-06-04 03:38:11,410 [ Epoch: 1; iter: 190; loss: 1.133; load time: 0.523; train time: 0.065; slice time: 0.018;]
2021-06-04 03:44:06,439 [ Epoch: 1; iter: 200; loss: 1.129; load time: 0.523; train time: 0.065; slice time: 0.018;]
2021-06-04 03:49:48,413 [ Epoch: 1; iter: 210; loss: 1.121; load time: 0.521; train time: 0.064; slice time: 0.018;]
2021-06-04 03:55:28,640 [ Epoch: 1; iter: 220; loss: 1.165; load time: 0.520; train time: 0.064; slice time: 0.018;]
2021-06-04 04:01:15,650 [ Epoch: 1; iter: 230; loss: 1.091; load time: 0.519; train time: 0.064; slice time: 0.018;]
2021-06-04 04:07:56,013 [ Epoch: 1; iter: 240; loss: 1.134; load time: 0.521; train time: 0.065; slice time: 0.018;]
2021-06-04 04:13:43,460 [ Epoch: 1; iter: 250; loss: 1.122; load time: 0.520; train time: 0.065; slice time: 0.018;]
2021-06-04 04:19:35,737 [ Epoch: 1; iter: 260; loss: 0.934; load time: 0.520; train time: 0.065; slice time: 0.018;]
2021-06-04 04:25:38,972 [ Epoch: 1; iter: 270; loss: 1.236; load time: 0.519; train time: 0.065; slice time: 0.018;]
2021-06-04 04:31:53,106 [ Epoch: 1; iter: 280; loss: 0.930; load time: 0.520; train time: 0.065; slice time: 0.018;]
2021-06-04 04:37:52,013 [ Epoch: 1; iter: 290; loss: 1.072; load time: 0.520; train time: 0.065; slice time: 0.018;]
2021-06-04 04:43:49,210 [ Epoch: 1; iter: 300; loss: 0.933; load time: 0.520; train time: 0.065; slice time: 0.018;]
2021-06-04 04:49:31,999 [ Epoch: 1; iter: 310; loss: 0.869; load time: 0.519; train time: 0.065; slice time: 0.018;]
2021-06-04 04:56:00,926 [ Epoch: 1; iter: 320; loss: 0.890; load time: 0.520; train time: 0.065; slice time: 0.018;]
2021-06-04 05:01:54,224 [ Epoch: 1; iter: 330; loss: 0.684; load time: 0.520; train time: 0.065; slice time: 0.018;]
2021-06-04 05:07:38,305 [ Epoch: 1; iter: 340; loss: 0.656; load time: 0.519; train time: 0.065; slice time: 0.018;]
2021-06-04 05:14:05,924 [ Epoch: 1; iter: 350; loss: 0.642; load time: 0.520; train time: 0.065; slice time: 0.018;]
2021-06-04 05:19:52,767 [ Epoch: 1; iter: 360; loss: 0.825; load time: 0.519; train time: 0.065; slice time: 0.018;]
2021-06-04 05:25:30,455 [ Epoch: 1; iter: 370; loss: 0.775; load time: 0.518; train time: 0.065; slice time: 0.018;]
2021-06-04 05:31:36,010 [ Epoch: 1; iter: 380; loss: 0.641; load time: 0.519; train time: 0.065; slice time: 0.018;]
2021-06-04 05:37:30,715 [ Epoch: 1; iter: 390; loss: 0.562; load time: 0.518; train time: 0.065; slice time: 0.018;]
2021-06-04 05:43:04,231 [ Epoch: 1; iter: 400; loss: 0.822; load time: 0.517; train time: 0.065; slice time: 0.018;]
2021-06-04 05:49:12,323 [ Epoch: 1; iter: 410; loss: 0.716; load time: 0.518; train time: 0.065; slice time: 0.018;]
2021-06-04 05:55:00,661 [ Epoch: 1; iter: 420; loss: 0.494; load time: 0.517; train time: 0.065; slice time: 0.018;]
2021-06-04 06:00:41,969 [ Epoch: 1; iter: 430; loss: 0.753; load time: 0.517; train time: 0.065; slice time: 0.018;]
2021-06-04 06:06:49,269 [ Epoch: 1; iter: 440; loss: 0.504; load time: 0.517; train time: 0.065; slice time: 0.017;]
2021-06-04 06:13:03,422 [ Epoch: 1; iter: 450; loss: 0.594; load time: 0.518; train time: 0.065; slice time: 0.017;]
2021-06-04 06:19:03,992 [ Epoch: 1; iter: 460; loss: 0.556; load time: 0.518; train time: 0.065; slice time: 0.017;]
2021-06-04 06:25:16,458 [ Epoch: 1; iter: 470; loss: 0.590; load time: 0.518; train time: 0.065; slice time: 0.017;]
2021-06-04 06:31:06,689 [ Epoch: 1; iter: 480; loss: 0.513; load time: 0.518; train time: 0.065; slice time: 0.017;]
2021-06-04 06:37:36,421 [ Epoch: 1; iter: 490; loss: 0.489; load time: 0.519; train time: 0.065; slice time: 0.017;]
2021-06-04 06:43:25,134 [ Epoch: 1; iter: 500; loss: 0.544; load time: 0.518; train time: 0.065; slice time: 0.017;]
2021-06-04 06:49:22,046 [ Epoch: 1; iter: 510; loss: 0.571; load time: 0.518; train time: 0.065; slice time: 0.017;]
2021-06-04 06:55:36,563 [ Epoch: 1; iter: 520; loss: 0.442; load time: 0.519; train time: 0.065; slice time: 0.017;]
2021-06-04 07:01:17,873 [ Epoch: 1; iter: 530; loss: 0.476; load time: 0.518; train time: 0.065; slice time: 0.017;]
2021-06-04 07:07:29,902 [ Epoch: 1; iter: 540; loss: 0.412; load time: 0.518; train time: 0.065; slice time: 0.017;]
2021-06-04 07:13:11,302 [ Epoch: 1; iter: 550; loss: 0.544; load time: 0.518; train time: 0.065; slice time: 0.017;]
2021-06-04 07:19:19,538 [ Epoch: 1; iter: 560; loss: 0.567; load time: 0.518; train time: 0.065; slice time: 0.017;]
2021-06-04 07:25:17,951 [ Epoch: 1; iter: 570; loss: 0.480; load time: 0.518; train time: 0.065; slice time: 0.017;]
2021-06-04 07:31:07,380 [ Epoch: 1; iter: 580; loss: 0.438; load time: 0.518; train time: 0.065; slice time: 0.017;]
2021-06-04 07:37:02,157 [ Epoch: 1; iter: 590; loss: 0.416; load time: 0.517; train time: 0.065; slice time: 0.017;]
2021-06-04 07:42:43,798 [ Epoch: 1; iter: 600; loss: 0.434; load time: 0.517; train time: 0.065; slice time: 0.017;]
2021-06-04 07:48:57,733 [ Epoch: 1; iter: 610; loss: 0.472; load time: 0.517; train time: 0.065; slice time: 0.017;]
2021-06-04 07:54:36,800 [ Epoch: 1; iter: 620; loss: 0.466; load time: 0.517; train time: 0.065; slice time: 0.017;]
2021-06-04 07:58:06,167 [ Epoch 1 completed. Time taken: 375.0 minutes. Load time: 0.5174803887939448 mins. Train time: 0.06501489469528182 mins]
2021-06-04 07:58:06,167 [ Average loss: 0.844 ]
2021-06-04 07:58:06,395 Epoch: 2
2021-06-04 08:01:03,988 [ Epoch: 2; iter: 630; loss: 0.439; load time: 0.004; train time: 0.001; slice time: 0.000;]
2021-06-04 08:07:09,777 [ Epoch: 2; iter: 640; loss: 0.705; load time: 0.012; train time: 0.002; slice time: 0.000;]
2021-06-04 08:13:21,942 [ Epoch: 2; iter: 650; loss: 0.436; load time: 0.020; train time: 0.003; slice time: 0.001;]
2021-06-04 08:19:17,416 [ Epoch: 2; iter: 660; loss: 0.514; load time: 0.028; train time: 0.004; slice time: 0.001;]
2021-06-04 08:24:40,070 [ Epoch: 2; iter: 670; loss: 0.496; load time: 0.034; train time: 0.004; slice time: 0.001;]
2021-06-04 08:30:49,968 [ Epoch: 2; iter: 680; loss: 0.465; load time: 0.041; train time: 0.005; slice time: 0.001;]
2021-06-04 08:37:05,184 [ Epoch: 2; iter: 690; loss: 0.395; load time: 0.049; train time: 0.006; slice time: 0.002;]
2021-06-04 08:42:56,451 [ Epoch: 2; iter: 700; loss: 0.438; load time: 0.055; train time: 0.007; slice time: 0.002;]
2021-06-04 08:49:08,567 [ Epoch: 2; iter: 710; loss: 0.414; load time: 0.062; train time: 0.008; slice time: 0.002;]
2021-06-04 08:55:23,689 [ Epoch: 2; iter: 720; loss: 0.561; load time: 0.069; train time: 0.009; slice time: 0.002;]
2021-06-04 09:01:11,932 [ Epoch: 2; iter: 730; loss: 0.512; load time: 0.075; train time: 0.009; slice time: 0.003;]
2021-06-04 09:07:14,414 [ Epoch: 2; iter: 740; loss: 0.515; load time: 0.081; train time: 0.010; slice time: 0.003;]
2021-06-04 09:12:37,682 [ Epoch: 2; iter: 750; loss: 0.426; load time: 0.086; train time: 0.011; slice time: 0.003;]
2021-06-04 09:18:45,732 [ Epoch: 2; iter: 760; loss: 0.443; load time: 0.091; train time: 0.012; slice time: 0.003;]
2021-06-04 09:24:33,242 [ Epoch: 2; iter: 770; loss: 0.439; load time: 0.097; train time: 0.012; slice time: 0.003;]
2021-06-04 09:30:43,829 [ Epoch: 2; iter: 780; loss: 0.489; load time: 0.102; train time: 0.013; slice time: 0.003;]
2021-06-04 09:36:27,184 [ Epoch: 2; iter: 790; loss: 0.424; load time: 0.107; train time: 0.014; slice time: 0.004;]
2021-06-04 09:42:16,510 [ Epoch: 2; iter: 800; loss: 0.362; load time: 0.112; train time: 0.014; slice time: 0.004;]
2021-06-04 09:48:32,105 [ Epoch: 2; iter: 810; loss: 0.475; load time: 0.117; train time: 0.015; slice time: 0.004;]
2021-06-04 09:54:43,391 [ Epoch: 2; iter: 820; loss: 0.420; load time: 0.123; train time: 0.015; slice time: 0.004;]
2021-06-04 10:00:43,098 [ Epoch: 2; iter: 830; loss: 0.527; load time: 0.127; train time: 0.016; slice time: 0.004;]
2021-06-04 10:06:34,874 [ Epoch: 2; iter: 840; loss: 0.438; load time: 0.132; train time: 0.017; slice time: 0.004;]
2021-06-04 10:12:39,497 [ Epoch: 2; iter: 850; loss: 0.460; load time: 0.136; train time: 0.017; slice time: 0.005;]
2021-06-04 10:18:33,503 [ Epoch: 2; iter: 860; loss: 0.436; load time: 0.141; train time: 0.018; slice time: 0.005;]
2021-06-04 10:24:44,428 [ Epoch: 2; iter: 870; loss: 0.431; load time: 0.145; train time: 0.018; slice time: 0.005;]
2021-06-04 10:30:29,603 [ Epoch: 2; iter: 880; loss: 0.331; load time: 0.149; train time: 0.019; slice time: 0.005;]
2021-06-04 10:36:47,864 [ Epoch: 2; iter: 890; loss: 0.414; load time: 0.154; train time: 0.019; slice time: 0.005;]
2021-06-04 10:42:29,005 [ Epoch: 2; iter: 900; loss: 0.600; load time: 0.157; train time: 0.020; slice time: 0.005;]
2021-06-04 10:47:59,974 [ Epoch: 2; iter: 910; loss: 0.460; load time: 0.161; train time: 0.020; slice time: 0.005;]
2021-06-04 10:54:18,335 [ Epoch: 2; iter: 920; loss: 0.619; load time: 0.165; train time: 0.021; slice time: 0.006;]
2021-06-04 11:00:15,192 [ Epoch: 2; iter: 930; loss: 0.418; load time: 0.169; train time: 0.021; slice time: 0.006;]
2021-06-04 11:06:13,155 [ Epoch: 2; iter: 940; loss: 0.508; load time: 0.172; train time: 0.022; slice time: 0.006;]
2021-06-04 11:12:12,518 [ Epoch: 2; iter: 950; loss: 0.392; load time: 0.176; train time: 0.022; slice time: 0.006;]
2021-06-04 11:18:11,514 [ Epoch: 2; iter: 960; loss: 0.540; load time: 0.180; train time: 0.023; slice time: 0.006;]
2021-06-04 11:24:44,060 [ Epoch: 2; iter: 970; loss: 0.405; load time: 0.184; train time: 0.023; slice time: 0.006;]
2021-06-04 11:30:41,576 [ Epoch: 2; iter: 980; loss: 0.532; load time: 0.187; train time: 0.024; slice time: 0.006;]
2021-06-04 11:36:27,211 [ Epoch: 2; iter: 990; loss: 0.323; load time: 0.190; train time: 0.024; slice time: 0.006;]
2021-06-04 11:42:07,929 [ Epoch: 2; iter: 1000; loss: 0.562; load time: 0.193; train time: 0.024; slice time: 0.006;]
2021-06-04 11:47:53,830 [ Epoch: 2; iter: 1010; loss: 0.648; load time: 0.196; train time: 0.025; slice time: 0.007;]
2021-06-04 11:53:59,962 [ Epoch: 2; iter: 1020; loss: 0.480; load time: 0.199; train time: 0.025; slice time: 0.007;]
2021-06-04 11:59:01,547 [ Epoch: 2; iter: 1030; loss: 0.419; load time: 0.201; train time: 0.026; slice time: 0.007;]
2021-06-04 12:04:45,084 [ Epoch: 2; iter: 1040; loss: 0.415; load time: 0.204; train time: 0.026; slice time: 0.007;]
2021-06-04 12:10:31,836 [ Epoch: 2; iter: 1050; loss: 0.526; load time: 0.207; train time: 0.026; slice time: 0.007;]
2021-06-04 12:16:24,250 [ Epoch: 2; iter: 1060; loss: 0.385; load time: 0.210; train time: 0.027; slice time: 0.007;]
2021-06-04 12:22:47,922 [ Epoch: 2; iter: 1070; loss: 0.426; load time: 0.213; train time: 0.027; slice time: 0.007;]
2021-06-04 12:28:46,530 [ Epoch: 2; iter: 1080; loss: 0.501; load time: 0.216; train time: 0.027; slice time: 0.007;]
2021-06-04 12:34:23,132 [ Epoch: 2; iter: 1090; loss: 0.371; load time: 0.218; train time: 0.028; slice time: 0.007;]
2021-06-04 12:39:57,197 [ Epoch: 2; iter: 1100; loss: 0.397; load time: 0.221; train time: 0.028; slice time: 0.007;]
2021-06-04 12:45:18,793 [ Epoch: 2; iter: 1110; loss: 0.397; load time: 0.223; train time: 0.028; slice time: 0.008;]
2021-06-04 12:50:59,216 [ Epoch: 2; iter: 1120; loss: 0.404; load time: 0.225; train time: 0.029; slice time: 0.008;]
2021-06-04 12:56:43,219 [ Epoch: 2; iter: 1130; loss: 0.584; load time: 0.227; train time: 0.029; slice time: 0.008;]
2021-06-04 13:02:34,970 [ Epoch: 2; iter: 1140; loss: 0.443; load time: 0.230; train time: 0.029; slice time: 0.008;]
2021-06-04 13:08:13,694 [ Epoch: 2; iter: 1150; loss: 0.464; load time: 0.232; train time: 0.030; slice time: 0.008;]
2021-06-04 13:14:02,159 [ Epoch: 2; iter: 1160; loss: 0.418; load time: 0.234; train time: 0.030; slice time: 0.008;]
2021-06-04 13:19:28,558 [ Epoch: 2; iter: 1170; loss: 0.547; load time: 0.236; train time: 0.030; slice time: 0.008;]
2021-06-04 13:25:42,189 [ Epoch: 2; iter: 1180; loss: 0.401; load time: 0.239; train time: 0.031; slice time: 0.008;]
2021-06-04 13:31:24,511 [ Epoch: 2; iter: 1190; loss: 0.625; load time: 0.241; train time: 0.031; slice time: 0.008;]
2021-06-04 13:37:12,086 [ Epoch: 2; iter: 1200; loss: 0.465; load time: 0.243; train time: 0.031; slice time: 0.008;]
2021-06-04 13:43:32,516 [ Epoch: 2; iter: 1210; loss: 0.329; load time: 0.246; train time: 0.031; slice time: 0.008;]
2021-06-04 13:49:53,374 [ Epoch: 2; iter: 1220; loss: 0.486; load time: 0.248; train time: 0.032; slice time: 0.008;]
2021-06-04 13:55:37,401 [ Epoch: 2; iter: 1230; loss: 0.413; load time: 0.250; train time: 0.032; slice time: 0.008;]
2021-06-04 14:01:17,849 [ Epoch: 2; iter: 1240; loss: 0.460; load time: 0.252; train time: 0.032; slice time: 0.009;]
2021-06-04 14:07:15,858 [ Epoch: 2; iter: 1250; loss: 0.457; load time: 0.254; train time: 0.033; slice time: 0.009;]
2021-06-04 14:07:15,869 [ Epoch 2 completed. Time taken: 369.2 minutes. Load time: 0.5081847336896258 mins. Train time: 0.06501121658960975 mins]
2021-06-04 14:07:15,869 [ Average loss: 0.452 ]
2021-06-04 14:07:16,099 Epoch: 3
2021-06-04 14:13:38,769 [ Epoch: 3; iter: 1260; loss: 0.443; load time: 0.004; train time: 0.001; slice time: 0.000;]
2021-06-04 14:19:16,339 [ Epoch: 3; iter: 1270; loss: 0.540; load time: 0.008; train time: 0.001; slice time: 0.000;]
2021-06-04 14:26:39,703 [ Epoch: 3; iter: 1280; loss: 0.356; load time: 0.013; train time: 0.002; slice time: 0.000;]
2021-06-04 14:32:15,116 [ Epoch: 3; iter: 1290; loss: 0.438; load time: 0.017; train time: 0.002; slice time: 0.001;]
2021-06-04 14:38:33,438 [ Epoch: 3; iter: 1300; loss: 0.449; load time: 0.021; train time: 0.002; slice time: 0.001;]
2021-06-04 14:44:17,822 [ Epoch: 3; iter: 1310; loss: 0.520; load time: 0.025; train time: 0.003; slice time: 0.001;]
2021-06-04 14:52:13,680 [ Epoch: 3; iter: 1320; loss: 0.442; load time: 0.030; train time: 0.003; slice time: 0.001;]
2021-06-04 14:58:11,565 [ Epoch: 3; iter: 1330; loss: 0.399; load time: 0.033; train time: 0.004; slice time: 0.001;]
2021-06-04 15:03:51,593 [ Epoch: 3; iter: 1340; loss: 0.345; load time: 0.037; train time: 0.004; slice time: 0.001;]
2021-06-04 15:09:55,181 [ Epoch: 3; iter: 1350; loss: 0.553; load time: 0.040; train time: 0.005; slice time: 0.001;]
2021-06-04 15:16:12,734 [ Epoch: 3; iter: 1360; loss: 0.412; load time: 0.044; train time: 0.005; slice time: 0.001;]
2021-06-04 15:21:46,800 [ Epoch: 3; iter: 1370; loss: 0.380; load time: 0.047; train time: 0.006; slice time: 0.002;]
2021-06-04 15:27:38,634 [ Epoch: 3; iter: 1380; loss: 0.479; load time: 0.051; train time: 0.006; slice time: 0.002;]
2021-06-04 15:33:20,532 [ Epoch: 3; iter: 1390; loss: 0.382; load time: 0.054; train time: 0.007; slice time: 0.002;]
2021-06-04 15:39:21,059 [ Epoch: 3; iter: 1400; loss: 0.391; load time: 0.057; train time: 0.007; slice time: 0.002;]
2021-06-04 15:45:07,847 [ Epoch: 3; iter: 1410; loss: 0.440; load time: 0.060; train time: 0.007; slice time: 0.002;]
2021-06-04 15:50:32,857 [ Epoch: 3; iter: 1420; loss: 0.523; load time: 0.063; train time: 0.008; slice time: 0.002;]
2021-06-04 15:56:36,283 [ Epoch: 3; iter: 1430; loss: 0.393; load time: 0.066; train time: 0.008; slice time: 0.002;]
2021-06-04 16:02:29,419 [ Epoch: 3; iter: 1440; loss: 0.461; load time: 0.069; train time: 0.009; slice time: 0.002;]
2021-06-04 16:08:09,802 [ Epoch: 3; iter: 1450; loss: 0.476; load time: 0.072; train time: 0.009; slice time: 0.002;]
2021-06-04 16:14:07,987 [ Epoch: 3; iter: 1460; loss: 0.361; load time: 0.075; train time: 0.009; slice time: 0.002;]
2021-06-04 16:20:04,049 [ Epoch: 3; iter: 1470; loss: 0.375; load time: 0.078; train time: 0.010; slice time: 0.003;]
2021-06-04 16:25:55,053 [ Epoch: 3; iter: 1480; loss: 0.413; load time: 0.081; train time: 0.010; slice time: 0.003;]
2021-06-04 16:32:16,275 [ Epoch: 3; iter: 1490; loss: 0.411; load time: 0.084; train time: 0.010; slice time: 0.003;]
2021-06-04 16:37:56,703 [ Epoch: 3; iter: 1500; loss: 0.477; load time: 0.087; train time: 0.011; slice time: 0.003;]
2021-06-04 16:43:57,133 [ Epoch: 3; iter: 1510; loss: 0.469; load time: 0.090; train time: 0.011; slice time: 0.003;]
2021-06-04 16:49:26,585 [ Epoch: 3; iter: 1520; loss: 0.405; load time: 0.092; train time: 0.012; slice time: 0.003;]
2021-06-04 16:55:39,910 [ Epoch: 3; iter: 1530; loss: 0.403; load time: 0.095; train time: 0.012; slice time: 0.003;]
2021-06-04 17:01:38,498 [ Epoch: 3; iter: 1540; loss: 0.316; load time: 0.098; train time: 0.012; slice time: 0.003;]
2021-06-04 17:07:36,239 [ Epoch: 3; iter: 1550; loss: 0.487; load time: 0.100; train time: 0.013; slice time: 0.003;]
2021-06-04 17:13:33,490 [ Epoch: 3; iter: 1560; loss: 0.316; load time: 0.103; train time: 0.013; slice time: 0.003;]
2021-06-04 17:19:47,397 [ Epoch: 3; iter: 1570; loss: 0.416; load time: 0.106; train time: 0.013; slice time: 0.004;]
2021-06-04 17:25:32,055 [ Epoch: 3; iter: 1580; loss: 0.485; load time: 0.108; train time: 0.014; slice time: 0.004;]
2021-06-04 17:31:38,103 [ Epoch: 3; iter: 1590; loss: 0.352; load time: 0.111; train time: 0.014; slice time: 0.004;]
2021-06-04 17:37:35,165 [ Epoch: 3; iter: 1600; loss: 0.341; load time: 0.113; train time: 0.014; slice time: 0.004;]
2021-06-04 17:43:45,420 [ Epoch: 3; iter: 1610; loss: 0.517; load time: 0.116; train time: 0.015; slice time: 0.004;]
2021-06-04 17:49:49,332 [ Epoch: 3; iter: 1620; loss: 0.495; load time: 0.118; train time: 0.015; slice time: 0.004;]
2021-06-04 17:55:28,261 [ Epoch: 3; iter: 1630; loss: 0.450; load time: 0.121; train time: 0.015; slice time: 0.004;]
2021-06-04 18:01:02,922 [ Epoch: 3; iter: 1640; loss: 0.311; load time: 0.123; train time: 0.016; slice time: 0.004;]
2021-06-04 18:06:44,662 [ Epoch: 3; iter: 1650; loss: 0.451; load time: 0.125; train time: 0.016; slice time: 0.004;]
2021-06-04 18:12:54,509 [ Epoch: 3; iter: 1660; loss: 0.387; load time: 0.128; train time: 0.016; slice time: 0.004;]
2021-06-04 18:18:55,994 [ Epoch: 3; iter: 1670; loss: 0.333; load time: 0.130; train time: 0.016; slice time: 0.004;]
2021-06-04 18:24:20,307 [ Epoch: 3; iter: 1680; loss: 0.377; load time: 0.132; train time: 0.017; slice time: 0.004;]
2021-06-04 18:30:36,816 [ Epoch: 3; iter: 1690; loss: 0.372; load time: 0.134; train time: 0.017; slice time: 0.004;]
2021-06-04 18:35:56,332 [ Epoch: 3; iter: 1700; loss: 0.387; load time: 0.136; train time: 0.017; slice time: 0.005;]
2021-06-04 18:41:29,093 [ Epoch: 3; iter: 1710; loss: 0.377; load time: 0.138; train time: 0.017; slice time: 0.005;]
2021-06-04 18:47:28,792 [ Epoch: 3; iter: 1720; loss: 0.399; load time: 0.140; train time: 0.018; slice time: 0.005;]
2021-06-04 18:53:20,345 [ Epoch: 3; iter: 1730; loss: 0.372; load time: 0.142; train time: 0.018; slice time: 0.005;]
2021-06-04 18:59:04,290 [ Epoch: 3; iter: 1740; loss: 0.343; load time: 0.144; train time: 0.018; slice time: 0.005;]
2021-06-04 19:04:15,322 [ Epoch: 3; iter: 1750; loss: 0.333; load time: 0.146; train time: 0.019; slice time: 0.005;]
2021-06-04 19:09:59,634 [ Epoch: 3; iter: 1760; loss: 0.406; load time: 0.148; train time: 0.019; slice time: 0.005;]
2021-06-04 19:15:25,692 [ Epoch: 3; iter: 1770; loss: 0.406; load time: 0.150; train time: 0.019; slice time: 0.005;]
2021-06-04 19:20:37,722 [ Epoch: 3; iter: 1780; loss: 0.558; load time: 0.152; train time: 0.019; slice time: 0.005;]
2021-06-04 19:26:04,298 [ Epoch: 3; iter: 1790; loss: 0.428; load time: 0.153; train time: 0.020; slice time: 0.005;]
2021-06-04 19:31:27,508 [ Epoch: 3; iter: 1800; loss: 0.400; load time: 0.155; train time: 0.020; slice time: 0.005;]
2021-06-04 19:37:14,536 [ Epoch: 3; iter: 1810; loss: 0.482; load time: 0.157; train time: 0.020; slice time: 0.005;]
2021-06-04 19:43:14,571 [ Epoch: 3; iter: 1820; loss: 0.390; load time: 0.159; train time: 0.020; slice time: 0.005;]
2021-06-04 19:49:28,419 [ Epoch: 3; iter: 1830; loss: 0.424; load time: 0.161; train time: 0.021; slice time: 0.005;]
2021-06-04 19:55:16,475 [ Epoch: 3; iter: 1840; loss: 0.288; load time: 0.163; train time: 0.021; slice time: 0.006;]
2021-06-04 20:01:07,804 [ Epoch: 3; iter: 1850; loss: 0.450; load time: 0.165; train time: 0.021; slice time: 0.006;]
2021-06-04 20:07:01,214 [ Epoch: 3; iter: 1860; loss: 0.403; load time: 0.166; train time: 0.021; slice time: 0.006;]
2021-06-04 20:12:29,455 [ Epoch: 3; iter: 1870; loss: 0.391; load time: 0.168; train time: 0.022; slice time: 0.006;]
2021-06-04 20:15:41,641 [ Epoch 3 completed. Time taken: 368.4 minutes. Load time: 0.5068463846333829 mins. Train time: 0.0651704606310526 mins]
2021-06-04 20:15:41,641 [ Average loss: 0.417 ]
2021-06-04 20:15:41,834 Epoch: 4
2021-06-04 20:18:44,201 [ Epoch: 4; iter: 1880; loss: 0.454; load time: 0.001; train time: 0.000; slice time: 0.000;]
2021-06-04 20:24:12,965 [ Epoch: 4; iter: 1890; loss: 0.294; load time: 0.004; train time: 0.001; slice time: 0.000;]
2021-06-04 20:29:59,660 [ Epoch: 4; iter: 1900; loss: 0.356; load time: 0.006; train time: 0.001; slice time: 0.000;]
2021-06-04 20:35:24,246 [ Epoch: 4; iter: 1910; loss: 0.479; load time: 0.009; train time: 0.001; slice time: 0.000;]
2021-06-04 20:41:24,139 [ Epoch: 4; iter: 1920; loss: 0.439; load time: 0.011; train time: 0.002; slice time: 0.000;]
2021-06-04 20:47:01,720 [ Epoch: 4; iter: 1930; loss: 0.430; load time: 0.014; train time: 0.002; slice time: 0.000;]
2021-06-04 20:53:35,708 [ Epoch: 4; iter: 1940; loss: 0.385; load time: 0.017; train time: 0.002; slice time: 0.001;]
2021-06-04 20:58:55,660 [ Epoch: 4; iter: 1950; loss: 0.385; load time: 0.019; train time: 0.003; slice time: 0.001;]
2021-06-04 21:05:02,097 [ Epoch: 4; iter: 1960; loss: 0.388; load time: 0.022; train time: 0.003; slice time: 0.001;]
2021-06-04 21:10:53,794 [ Epoch: 4; iter: 1970; loss: 0.403; load time: 0.024; train time: 0.003; slice time: 0.001;]
2021-06-04 21:16:13,294 [ Epoch: 4; iter: 1980; loss: 0.512; load time: 0.026; train time: 0.003; slice time: 0.001;]
2021-06-04 21:22:01,273 [ Epoch: 4; iter: 1990; loss: 0.430; load time: 0.029; train time: 0.004; slice time: 0.001;]
2021-06-04 21:27:51,067 [ Epoch: 4; iter: 2000; loss: 0.349; load time: 0.031; train time: 0.004; slice time: 0.001;]
2021-06-04 21:33:22,371 [ Epoch: 4; iter: 2010; loss: 0.337; load time: 0.033; train time: 0.004; slice time: 0.001;]
2021-06-04 21:39:18,196 [ Epoch: 4; iter: 2020; loss: 0.351; load time: 0.035; train time: 0.005; slice time: 0.001;]
2021-06-04 21:45:12,957 [ Epoch: 4; iter: 2030; loss: 0.350; load time: 0.038; train time: 0.005; slice time: 0.001;]
2021-06-04 21:50:51,337 [ Epoch: 4; iter: 2040; loss: 0.414; load time: 0.040; train time: 0.005; slice time: 0.001;]
2021-06-04 21:56:35,585 [ Epoch: 4; iter: 2050; loss: 0.392; load time: 0.042; train time: 0.006; slice time: 0.001;]
2021-06-04 22:02:12,846 [ Epoch: 4; iter: 2060; loss: 0.534; load time: 0.044; train time: 0.006; slice time: 0.002;]
2021-06-04 22:08:19,265 [ Epoch: 4; iter: 2070; loss: 0.452; load time: 0.047; train time: 0.006; slice time: 0.002;]
2021-06-04 22:13:42,009 [ Epoch: 4; iter: 2080; loss: 0.447; load time: 0.049; train time: 0.006; slice time: 0.002;]
2021-06-04 22:19:24,229 [ Epoch: 4; iter: 2090; loss: 0.298; load time: 0.051; train time: 0.007; slice time: 0.002;]
2021-06-04 22:24:58,720 [ Epoch: 4; iter: 2100; loss: 0.364; load time: 0.053; train time: 0.007; slice time: 0.002;]
2021-06-04 22:31:02,285 [ Epoch: 4; iter: 2110; loss: 0.467; load time: 0.055; train time: 0.007; slice time: 0.002;]
2021-06-04 22:36:56,447 [ Epoch: 4; iter: 2120; loss: 0.423; load time: 0.057; train time: 0.008; slice time: 0.002;]
2021-06-04 22:42:45,338 [ Epoch: 4; iter: 2130; loss: 0.439; load time: 0.059; train time: 0.008; slice time: 0.002;]
2021-06-04 22:48:28,046 [ Epoch: 4; iter: 2140; loss: 0.328; load time: 0.061; train time: 0.008; slice time: 0.002;]
2021-06-04 22:54:18,651 [ Epoch: 4; iter: 2150; loss: 0.352; load time: 0.063; train time: 0.008; slice time: 0.002;]
2021-06-04 22:59:58,981 [ Epoch: 4; iter: 2160; loss: 0.352; load time: 0.065; train time: 0.009; slice time: 0.002;]
2021-06-04 23:05:36,743 [ Epoch: 4; iter: 2170; loss: 0.295; load time: 0.067; train time: 0.009; slice time: 0.002;]
2021-06-04 23:11:23,050 [ Epoch: 4; iter: 2180; loss: 0.436; load time: 0.069; train time: 0.009; slice time: 0.002;]
2021-06-04 23:18:21,158 [ Epoch: 4; iter: 2190; loss: 0.472; load time: 0.071; train time: 0.009; slice time: 0.002;]
2021-06-04 23:23:47,182 [ Epoch: 4; iter: 2200; loss: 0.329; load time: 0.073; train time: 0.010; slice time: 0.003;]
2021-06-04 23:29:40,506 [ Epoch: 4; iter: 2210; loss: 0.345; load time: 0.075; train time: 0.010; slice time: 0.003;]
2021-06-04 23:35:02,388 [ Epoch: 4; iter: 2220; loss: 0.533; load time: 0.077; train time: 0.010; slice time: 0.003;]
2021-06-04 23:40:23,408 [ Epoch: 4; iter: 2230; loss: 0.368; load time: 0.079; train time: 0.010; slice time: 0.003;]
2021-06-04 23:45:52,513 [ Epoch: 4; iter: 2240; loss: 0.393; load time: 0.080; train time: 0.011; slice time: 0.003;]
2021-06-04 23:51:43,714 [ Epoch: 4; iter: 2250; loss: 0.470; load time: 0.082; train time: 0.011; slice time: 0.003;]
2021-06-04 23:57:27,672 [ Epoch: 4; iter: 2260; loss: 0.433; load time: 0.084; train time: 0.011; slice time: 0.003;]
2021-06-05 00:02:35,434 [ Epoch: 4; iter: 2270; loss: 0.425; load time: 0.086; train time: 0.011; slice time: 0.003;]
2021-06-05 00:08:24,546 [ Epoch: 4; iter: 2280; loss: 0.386; load time: 0.087; train time: 0.012; slice time: 0.003;]
2021-06-05 00:14:26,510 [ Epoch: 4; iter: 2290; loss: 0.423; load time: 0.089; train time: 0.012; slice time: 0.003;]
2021-06-05 00:20:06,031 [ Epoch: 4; iter: 2300; loss: 0.365; load time: 0.091; train time: 0.012; slice time: 0.003;]
2021-06-05 00:25:36,851 [ Epoch: 4; iter: 2310; loss: 0.308; load time: 0.093; train time: 0.012; slice time: 0.003;]
2021-06-05 00:31:21,470 [ Epoch: 4; iter: 2320; loss: 0.457; load time: 0.094; train time: 0.013; slice time: 0.003;]
2021-06-05 00:36:49,759 [ Epoch: 4; iter: 2330; loss: 0.470; load time: 0.096; train time: 0.013; slice time: 0.003;]
2021-06-05 00:42:03,906 [ Epoch: 4; iter: 2340; loss: 0.568; load time: 0.097; train time: 0.013; slice time: 0.003;]
2021-06-05 00:47:35,937 [ Epoch: 4; iter: 2350; loss: 0.307; load time: 0.099; train time: 0.013; slice time: 0.003;]
2021-06-05 00:53:09,857 [ Epoch: 4; iter: 2360; loss: 0.411; load time: 0.101; train time: 0.013; slice time: 0.004;]
2021-06-05 00:58:41,730 [ Epoch: 4; iter: 2370; loss: 0.370; load time: 0.102; train time: 0.014; slice time: 0.004;]
2021-06-05 01:04:21,127 [ Epoch: 4; iter: 2380; loss: 0.330; load time: 0.104; train time: 0.014; slice time: 0.004;]
2021-06-05 01:09:41,325 [ Epoch: 4; iter: 2390; loss: 0.421; load time: 0.105; train time: 0.014; slice time: 0.004;]
2021-06-05 01:15:14,642 [ Epoch: 4; iter: 2400; loss: 0.311; load time: 0.107; train time: 0.014; slice time: 0.004;]
2021-06-05 01:20:48,034 [ Epoch: 4; iter: 2410; loss: 0.302; load time: 0.108; train time: 0.014; slice time: 0.004;]
2021-06-05 01:26:51,160 [ Epoch: 4; iter: 2420; loss: 0.485; load time: 0.110; train time: 0.015; slice time: 0.004;]
2021-06-05 01:32:17,230 [ Epoch: 4; iter: 2430; loss: 0.343; load time: 0.111; train time: 0.015; slice time: 0.004;]
2021-06-05 01:37:48,603 [ Epoch: 4; iter: 2440; loss: 0.395; load time: 0.113; train time: 0.015; slice time: 0.004;]
2021-06-05 01:43:20,545 [ Epoch: 4; iter: 2450; loss: 0.317; load time: 0.114; train time: 0.015; slice time: 0.004;]
2021-06-05 01:49:14,259 [ Epoch: 4; iter: 2460; loss: 0.447; load time: 0.116; train time: 0.015; slice time: 0.004;]
2021-06-05 01:54:45,588 [ Epoch: 4; iter: 2470; loss: 0.292; load time: 0.117; train time: 0.016; slice time: 0.004;]
2021-06-05 02:00:21,796 [ Epoch: 4; iter: 2480; loss: 0.433; load time: 0.119; train time: 0.016; slice time: 0.004;]
2021-06-05 02:06:02,607 [ Epoch: 4; iter: 2490; loss: 0.378; load time: 0.120; train time: 0.016; slice time: 0.004;]
2021-06-05 02:11:38,845 [ Epoch: 4; iter: 2500; loss: 0.359; load time: 0.122; train time: 0.016; slice time: 0.004;]
2021-06-05 02:11:38,856 [ Epoch 4 completed. Time taken: 356.0 minutes. Load time: 0.4869128893852231 mins. Train time: 0.0651328536287943 mins]
2021-06-05 02:11:38,856 [ Average loss: 0.397 ]
2021-06-05 02:11:39,073 Epoch: 5
2021-06-05 02:17:03,468 [ Epoch: 5; iter: 2510; loss: 0.548; load time: 0.002; train time: 0.000; slice time: 0.000;]
2021-06-05 02:23:04,451 [ Epoch: 5; iter: 2520; loss: 0.383; load time: 0.004; train time: 0.001; slice time: 0.000;]
2021-06-05 02:28:19,012 [ Epoch: 5; iter: 2530; loss: 0.414; load time: 0.006; train time: 0.001; slice time: 0.000;]
2021-06-05 02:33:54,693 [ Epoch: 5; iter: 2540; loss: 0.466; load time: 0.007; train time: 0.001; slice time: 0.000;]
2021-06-05 02:39:29,975 [ Epoch: 5; iter: 2550; loss: 0.414; load time: 0.009; train time: 0.001; slice time: 0.000;]
2021-06-05 02:45:25,993 [ Epoch: 5; iter: 2560; loss: 0.325; load time: 0.011; train time: 0.002; slice time: 0.000;]
2021-06-05 02:51:04,541 [ Epoch: 5; iter: 2570; loss: 0.457; load time: 0.013; train time: 0.002; slice time: 0.000;]
2021-06-05 02:56:54,270 [ Epoch: 5; iter: 2580; loss: 0.350; load time: 0.015; train time: 0.002; slice time: 0.001;]
2021-06-05 03:02:40,285 [ Epoch: 5; iter: 2590; loss: 0.331; load time: 0.017; train time: 0.002; slice time: 0.001;]
2021-06-05 03:08:19,348 [ Epoch: 5; iter: 2600; loss: 0.444; load time: 0.019; train time: 0.002; slice time: 0.001;]
2021-06-05 03:13:45,541 [ Epoch: 5; iter: 2610; loss: 0.305; load time: 0.020; train time: 0.003; slice time: 0.001;]
2021-06-05 03:19:13,454 [ Epoch: 5; iter: 2620; loss: 0.376; load time: 0.022; train time: 0.003; slice time: 0.001;]
2021-06-05 03:25:20,150 [ Epoch: 5; iter: 2630; loss: 0.353; load time: 0.024; train time: 0.003; slice time: 0.001;]
2021-06-05 03:31:15,617 [ Epoch: 5; iter: 2640; loss: 0.314; load time: 0.026; train time: 0.003; slice time: 0.001;]
2021-06-05 03:36:59,630 [ Epoch: 5; iter: 2650; loss: 0.381; load time: 0.028; train time: 0.004; slice time: 0.001;]
2021-06-05 03:42:32,071 [ Epoch: 5; iter: 2660; loss: 0.366; load time: 0.029; train time: 0.004; slice time: 0.001;]
2021-06-05 03:48:09,100 [ Epoch: 5; iter: 2670; loss: 0.506; load time: 0.031; train time: 0.004; slice time: 0.001;]
2021-06-05 03:53:21,685 [ Epoch: 5; iter: 2680; loss: 0.322; load time: 0.032; train time: 0.004; slice time: 0.001;]
2021-06-05 03:58:41,125 [ Epoch: 5; iter: 2690; loss: 0.360; load time: 0.034; train time: 0.005; slice time: 0.001;]
2021-06-05 04:04:20,060 [ Epoch: 5; iter: 2700; loss: 0.407; load time: 0.036; train time: 0.005; slice time: 0.001;]
2021-06-05 04:10:14,762 [ Epoch: 5; iter: 2710; loss: 0.352; load time: 0.037; train time: 0.005; slice time: 0.001;]
2021-06-05 04:16:08,535 [ Epoch: 5; iter: 2720; loss: 0.386; load time: 0.039; train time: 0.005; slice time: 0.001;]
2021-06-05 04:20:59,503 [ Epoch: 5; iter: 2730; loss: 0.389; load time: 0.040; train time: 0.005; slice time: 0.001;]
2021-06-05 04:26:57,931 [ Epoch: 5; iter: 2740; loss: 0.472; load time: 0.042; train time: 0.006; slice time: 0.002;]
2021-06-05 04:32:48,447 [ Epoch: 5; iter: 2750; loss: 0.336; load time: 0.044; train time: 0.006; slice time: 0.002;]
2021-06-05 04:38:18,303 [ Epoch: 5; iter: 2760; loss: 0.420; load time: 0.045; train time: 0.006; slice time: 0.002;]
2021-06-05 04:44:05,661 [ Epoch: 5; iter: 2770; loss: 0.348; load time: 0.047; train time: 0.006; slice time: 0.002;]
2021-06-05 04:49:36,294 [ Epoch: 5; iter: 2780; loss: 0.385; load time: 0.049; train time: 0.007; slice time: 0.002;]
2021-06-05 04:54:21,979 [ Epoch: 5; iter: 2790; loss: 0.399; load time: 0.050; train time: 0.007; slice time: 0.002;]
2021-06-05 04:59:46,395 [ Epoch: 5; iter: 2800; loss: 0.361; load time: 0.051; train time: 0.007; slice time: 0.002;]
2021-06-05 05:05:36,209 [ Epoch: 5; iter: 2810; loss: 0.326; load time: 0.053; train time: 0.007; slice time: 0.002;]
2021-06-05 05:11:20,105 [ Epoch: 5; iter: 2820; loss: 0.412; load time: 0.054; train time: 0.007; slice time: 0.002;]
2021-06-05 05:17:00,538 [ Epoch: 5; iter: 2830; loss: 0.259; load time: 0.056; train time: 0.008; slice time: 0.002;]
2021-06-05 05:22:24,924 [ Epoch: 5; iter: 2840; loss: 0.378; load time: 0.057; train time: 0.008; slice time: 0.002;]
2021-06-05 05:28:20,483 [ Epoch: 5; iter: 2850; loss: 0.351; load time: 0.059; train time: 0.008; slice time: 0.002;]
2021-06-05 05:33:45,794 [ Epoch: 5; iter: 2860; loss: 0.302; load time: 0.060; train time: 0.008; slice time: 0.002;]
2021-06-05 05:39:28,793 [ Epoch: 5; iter: 2870; loss: 0.450; load time: 0.062; train time: 0.008; slice time: 0.002;]
2021-06-05 05:45:05,959 [ Epoch: 5; iter: 2880; loss: 0.322; load time: 0.063; train time: 0.009; slice time: 0.002;]
2021-06-05 05:50:40,843 [ Epoch: 5; iter: 2890; loss: 0.363; load time: 0.065; train time: 0.009; slice time: 0.002;]
2021-06-05 05:56:32,237 [ Epoch: 5; iter: 2900; loss: 0.305; load time: 0.066; train time: 0.009; slice time: 0.002;]
2021-06-05 06:01:56,717 [ Epoch: 5; iter: 2910; loss: 0.289; load time: 0.068; train time: 0.009; slice time: 0.002;]
2021-06-05 06:07:35,301 [ Epoch: 5; iter: 2920; loss: 0.497; load time: 0.069; train time: 0.009; slice time: 0.002;]
2021-06-05 06:13:11,561 [ Epoch: 5; iter: 2930; loss: 0.525; load time: 0.070; train time: 0.010; slice time: 0.003;]
2021-06-05 06:18:41,715 [ Epoch: 5; iter: 2940; loss: 0.466; load time: 0.072; train time: 0.010; slice time: 0.003;]
2021-06-05 06:24:07,129 [ Epoch: 5; iter: 2950; loss: 0.320; load time: 0.073; train time: 0.010; slice time: 0.003;]
2021-06-05 06:29:36,249 [ Epoch: 5; iter: 2960; loss: 0.416; load time: 0.074; train time: 0.010; slice time: 0.003;]
2021-06-05 06:35:23,973 [ Epoch: 5; iter: 2970; loss: 0.415; load time: 0.076; train time: 0.010; slice time: 0.003;]
2021-06-05 06:40:59,062 [ Epoch: 5; iter: 2980; loss: 0.410; load time: 0.077; train time: 0.010; slice time: 0.003;]
2021-06-05 06:46:44,266 [ Epoch: 5; iter: 2990; loss: 0.389; load time: 0.078; train time: 0.011; slice time: 0.003;]
2021-06-05 06:52:26,699 [ Epoch: 5; iter: 3000; loss: 0.340; load time: 0.080; train time: 0.011; slice time: 0.003;]
2021-06-05 06:58:30,285 [ Epoch: 5; iter: 3010; loss: 0.374; load time: 0.081; train time: 0.011; slice time: 0.003;]
2021-06-05 07:04:37,264 [ Epoch: 5; iter: 3020; loss: 0.550; load time: 0.083; train time: 0.011; slice time: 0.003;]
2021-06-05 07:10:40,690 [ Epoch: 5; iter: 3030; loss: 0.335; load time: 0.084; train time: 0.011; slice time: 0.003;]
2021-06-05 07:16:00,702 [ Epoch: 5; iter: 3040; loss: 0.409; load time: 0.085; train time: 0.012; slice time: 0.003;]
2021-06-05 07:21:14,540 [ Epoch: 5; iter: 3050; loss: 0.387; load time: 0.087; train time: 0.012; slice time: 0.003;]
2021-06-05 07:26:50,914 [ Epoch: 5; iter: 3060; loss: 0.496; load time: 0.088; train time: 0.012; slice time: 0.003;]
2021-06-05 07:32:35,750 [ Epoch: 5; iter: 3070; loss: 0.388; load time: 0.089; train time: 0.012; slice time: 0.003;]
2021-06-05 07:38:09,072 [ Epoch: 5; iter: 3080; loss: 0.497; load time: 0.090; train time: 0.012; slice time: 0.003;]
2021-06-05 07:44:21,481 [ Epoch: 5; iter: 3090; loss: 0.363; load time: 0.092; train time: 0.012; slice time: 0.003;]
2021-06-05 07:50:02,168 [ Epoch: 5; iter: 3100; loss: 0.347; load time: 0.093; train time: 0.013; slice time: 0.003;]
2021-06-05 07:56:11,799 [ Epoch: 5; iter: 3110; loss: 0.335; load time: 0.095; train time: 0.013; slice time: 0.003;]
2021-06-05 08:01:43,866 [ Epoch: 5; iter: 3120; loss: 0.417; load time: 0.096; train time: 0.013; slice time: 0.003;]
2021-06-05 08:04:17,234 [ Epoch 5 completed. Time taken: 352.6 minutes. Load time: 0.4817918932596843 mins. Train time: 0.0650747024599711 mins]
2021-06-05 08:04:17,234 [ Average loss: 0.381 ]
2021-06-05 08:04:17,449 Epoch: 6
2021-06-05 08:06:42,526 [ Epoch: 6; iter: 3130; loss: 0.274; load time: 0.001; train time: 0.000; slice time: 0.000;]
2021-06-05 08:12:30,337 [ Epoch: 6; iter: 3140; loss: 0.292; load time: 0.002; train time: 0.000; slice time: 0.000;]
2021-06-05 08:18:00,077 [ Epoch: 6; iter: 3150; loss: 0.311; load time: 0.004; train time: 0.001; slice time: 0.000;]
2021-06-05 08:23:28,866 [ Epoch: 6; iter: 3160; loss: 0.426; load time: 0.005; train time: 0.001; slice time: 0.000;]
2021-06-05 08:29:19,057 [ Epoch: 6; iter: 3170; loss: 0.465; load time: 0.007; train time: 0.001; slice time: 0.000;]
2021-06-05 08:35:10,188 [ Epoch: 6; iter: 3180; loss: 0.425; load time: 0.008; train time: 0.001; slice time: 0.000;]
2021-06-05 08:40:53,884 [ Epoch: 6; iter: 3190; loss: 0.439; load time: 0.010; train time: 0.001; slice time: 0.000;]
2021-06-05 08:45:56,054 [ Epoch: 6; iter: 3200; loss: 0.329; load time: 0.011; train time: 0.001; slice time: 0.000;]
2021-06-05 08:52:06,867 [ Epoch: 6; iter: 3210; loss: 0.362; load time: 0.013; train time: 0.002; slice time: 0.000;]
2021-06-05 08:57:37,990 [ Epoch: 6; iter: 3220; loss: 0.357; load time: 0.014; train time: 0.002; slice time: 0.001;]
2021-06-05 09:03:28,799 [ Epoch: 6; iter: 3230; loss: 0.425; load time: 0.016; train time: 0.002; slice time: 0.001;]
2021-06-05 09:09:24,101 [ Epoch: 6; iter: 3240; loss: 0.407; load time: 0.017; train time: 0.002; slice time: 0.001;]
2021-06-05 09:15:02,458 [ Epoch: 6; iter: 3250; loss: 0.400; load time: 0.019; train time: 0.002; slice time: 0.001;]
2021-06-05 09:20:32,678 [ Epoch: 6; iter: 3260; loss: 0.394; load time: 0.020; train time: 0.003; slice time: 0.001;]
2021-06-05 09:26:15,906 [ Epoch: 6; iter: 3270; loss: 0.412; load time: 0.021; train time: 0.003; slice time: 0.001;]
2021-06-05 09:32:11,470 [ Epoch: 6; iter: 3280; loss: 0.386; load time: 0.023; train time: 0.003; slice time: 0.001;]
2021-06-05 09:37:57,612 [ Epoch: 6; iter: 3290; loss: 0.304; load time: 0.024; train time: 0.003; slice time: 0.001;]
2021-06-05 09:43:22,538 [ Epoch: 6; iter: 3300; loss: 0.350; load time: 0.026; train time: 0.003; slice time: 0.001;]
2021-06-05 09:48:59,349 [ Epoch: 6; iter: 3310; loss: 0.378; load time: 0.027; train time: 0.004; slice time: 0.001;]
2021-06-05 09:54:41,052 [ Epoch: 6; iter: 3320; loss: 0.397; load time: 0.028; train time: 0.004; slice time: 0.001;]
2021-06-05 10:00:34,852 [ Epoch: 6; iter: 3330; loss: 0.271; load time: 0.030; train time: 0.004; slice time: 0.001;]
2021-06-05 10:05:39,830 [ Epoch: 6; iter: 3340; loss: 0.410; load time: 0.031; train time: 0.004; slice time: 0.001;]
2021-06-05 10:11:32,766 [ Epoch: 6; iter: 3350; loss: 0.471; load time: 0.032; train time: 0.004; slice time: 0.001;]
2021-06-05 10:17:03,689 [ Epoch: 6; iter: 3360; loss: 0.440; load time: 0.034; train time: 0.005; slice time: 0.001;]
2021-06-05 10:22:49,170 [ Epoch: 6; iter: 3370; loss: 0.370; load time: 0.035; train time: 0.005; slice time: 0.001;]
2021-06-05 10:28:36,555 [ Epoch: 6; iter: 3380; loss: 0.284; load time: 0.036; train time: 0.005; slice time: 0.001;]
2021-06-05 10:34:54,906 [ Epoch: 6; iter: 3390; loss: 0.414; load time: 0.038; train time: 0.005; slice time: 0.001;]
2021-06-05 10:40:22,079 [ Epoch: 6; iter: 3400; loss: 0.491; load time: 0.039; train time: 0.005; slice time: 0.001;]
2021-06-05 10:46:20,884 [ Epoch: 6; iter: 3410; loss: 0.392; load time: 0.041; train time: 0.005; slice time: 0.001;]
2021-06-05 10:52:07,151 [ Epoch: 6; iter: 3420; loss: 0.398; load time: 0.042; train time: 0.006; slice time: 0.002;]
2021-06-05 10:57:31,679 [ Epoch: 6; iter: 3430; loss: 0.334; load time: 0.043; train time: 0.006; slice time: 0.002;]
2021-06-05 11:02:49,781 [ Epoch: 6; iter: 3440; loss: 0.366; load time: 0.044; train time: 0.006; slice time: 0.002;]
2021-06-05 11:08:48,190 [ Epoch: 6; iter: 3450; loss: 0.318; load time: 0.046; train time: 0.006; slice time: 0.002;]
2021-06-05 11:14:23,489 [ Epoch: 6; iter: 3460; loss: 0.352; load time: 0.047; train time: 0.006; slice time: 0.002;]
2021-06-05 11:20:38,267 [ Epoch: 6; iter: 3470; loss: 0.298; load time: 0.048; train time: 0.006; slice time: 0.002;]
2021-06-05 11:26:20,098 [ Epoch: 6; iter: 3480; loss: 0.239; load time: 0.050; train time: 0.007; slice time: 0.002;]
2021-06-05 11:31:57,197 [ Epoch: 6; iter: 3490; loss: 0.325; load time: 0.051; train time: 0.007; slice time: 0.002;]
2021-06-05 11:38:02,348 [ Epoch: 6; iter: 3500; loss: 0.410; load time: 0.052; train time: 0.007; slice time: 0.002;]
2021-06-05 11:44:05,329 [ Epoch: 6; iter: 3510; loss: 0.350; load time: 0.054; train time: 0.007; slice time: 0.002;]
2021-06-05 11:50:15,263 [ Epoch: 6; iter: 3520; loss: 0.399; load time: 0.055; train time: 0.007; slice time: 0.002;]
2021-06-05 11:56:12,058 [ Epoch: 6; iter: 3530; loss: 0.326; load time: 0.056; train time: 0.007; slice time: 0.002;]
2021-06-05 12:01:59,780 [ Epoch: 6; iter: 3540; loss: 0.328; load time: 0.057; train time: 0.008; slice time: 0.002;]
2021-06-05 12:07:59,681 [ Epoch: 6; iter: 3550; loss: 0.357; load time: 0.059; train time: 0.008; slice time: 0.002;]
2021-06-05 12:13:20,083 [ Epoch: 6; iter: 3560; loss: 0.500; load time: 0.060; train time: 0.008; slice time: 0.002;]
2021-06-05 12:18:52,662 [ Epoch: 6; iter: 3570; loss: 0.280; load time: 0.061; train time: 0.008; slice time: 0.002;]
2021-06-05 12:24:40,014 [ Epoch: 6; iter: 3580; loss: 0.376; load time: 0.062; train time: 0.008; slice time: 0.002;]
2021-06-05 12:30:13,666 [ Epoch: 6; iter: 3590; loss: 0.373; load time: 0.063; train time: 0.008; slice time: 0.002;]
2021-06-05 12:35:51,895 [ Epoch: 6; iter: 3600; loss: 0.351; load time: 0.065; train time: 0.009; slice time: 0.002;]
2021-06-05 12:41:23,431 [ Epoch: 6; iter: 3610; loss: 0.390; load time: 0.066; train time: 0.009; slice time: 0.002;]
2021-06-05 12:47:20,930 [ Epoch: 6; iter: 3620; loss: 0.438; load time: 0.067; train time: 0.009; slice time: 0.002;]
2021-06-05 12:53:10,125 [ Epoch: 6; iter: 3630; loss: 0.365; load time: 0.068; train time: 0.009; slice time: 0.002;]
2021-06-05 12:59:10,880 [ Epoch: 6; iter: 3640; loss: 0.314; load time: 0.069; train time: 0.009; slice time: 0.002;]
2021-06-05 13:04:50,553 [ Epoch: 6; iter: 3650; loss: 0.308; load time: 0.070; train time: 0.009; slice time: 0.003;]
2021-06-05 13:10:45,098 [ Epoch: 6; iter: 3660; loss: 0.326; load time: 0.072; train time: 0.009; slice time: 0.003;]
2021-06-05 13:16:39,128 [ Epoch: 6; iter: 3670; loss: 0.408; load time: 0.073; train time: 0.010; slice time: 0.003;]
2021-06-05 13:22:17,547 [ Epoch: 6; iter: 3680; loss: 0.474; load time: 0.074; train time: 0.010; slice time: 0.003;]
2021-06-05 13:28:09,830 [ Epoch: 6; iter: 3690; loss: 0.333; load time: 0.075; train time: 0.010; slice time: 0.003;]
2021-06-05 13:34:12,857 [ Epoch: 6; iter: 3700; loss: 0.316; load time: 0.076; train time: 0.010; slice time: 0.003;]
2021-06-05 13:40:05,324 [ Epoch: 6; iter: 3710; loss: 0.480; load time: 0.078; train time: 0.010; slice time: 0.003;]
2021-06-05 13:45:57,998 [ Epoch: 6; iter: 3720; loss: 0.335; load time: 0.079; train time: 0.010; slice time: 0.003;]
2021-06-05 13:51:28,057 [ Epoch: 6; iter: 3730; loss: 0.368; load time: 0.080; train time: 0.011; slice time: 0.003;]
2021-06-05 13:57:03,321 [ Epoch: 6; iter: 3740; loss: 0.327; load time: 0.081; train time: 0.011; slice time: 0.003;]
2021-06-05 14:02:55,092 [ Epoch: 6; iter: 3750; loss: 0.354; load time: 0.082; train time: 0.011; slice time: 0.003;]
2021-06-05 14:02:55,103 [ Epoch 6 completed. Time taken: 358.6 minutes. Load time: 0.4913468953895573 mins. Train time: 0.06480012755711878 mins]
2021-06-05 14:02:55,103 [ Average loss: 0.368 ]
2021-06-05 14:02:55,302 Epoch: 7
2021-06-05 14:08:13,546 [ Epoch: 7; iter: 3760; loss: 0.281; load time: 0.001; train time: 0.000; slice time: 0.000;]
2021-06-05 14:14:06,916 [ Epoch: 7; iter: 3770; loss: 0.394; load time: 0.003; train time: 0.000; slice time: 0.000;]
2021-06-05 14:19:43,752 [ Epoch: 7; iter: 3780; loss: 0.381; load time: 0.004; train time: 0.001; slice time: 0.000;]
2021-06-05 14:25:20,648 [ Epoch: 7; iter: 3790; loss: 0.378; load time: 0.005; train time: 0.001; slice time: 0.000;]
2021-06-05 14:31:06,947 [ Epoch: 7; iter: 3800; loss: 0.405; load time: 0.006; train time: 0.001; slice time: 0.000;]
2021-06-05 14:36:43,904 [ Epoch: 7; iter: 3810; loss: 0.402; load time: 0.008; train time: 0.001; slice time: 0.000;]
2021-06-05 14:42:45,627 [ Epoch: 7; iter: 3820; loss: 0.334; load time: 0.009; train time: 0.001; slice time: 0.000;]
2021-06-05 14:48:29,237 [ Epoch: 7; iter: 3830; loss: 0.358; load time: 0.010; train time: 0.001; slice time: 0.000;]
2021-06-05 14:54:20,845 [ Epoch: 7; iter: 3840; loss: 0.330; load time: 0.011; train time: 0.002; slice time: 0.000;]
2021-06-05 15:00:11,404 [ Epoch: 7; iter: 3850; loss: 0.296; load time: 0.013; train time: 0.002; slice time: 0.000;]
2021-06-05 15:05:56,154 [ Epoch: 7; iter: 3860; loss: 0.522; load time: 0.014; train time: 0.002; slice time: 0.000;]
2021-06-05 15:11:29,041 [ Epoch: 7; iter: 3870; loss: 0.357; load time: 0.015; train time: 0.002; slice time: 0.001;]
2021-06-05 15:17:22,285 [ Epoch: 7; iter: 3880; loss: 0.398; load time: 0.016; train time: 0.002; slice time: 0.001;]
2021-06-05 15:22:54,192 [ Epoch: 7; iter: 3890; loss: 0.377; load time: 0.018; train time: 0.002; slice time: 0.001;]
2021-06-05 15:28:46,655 [ Epoch: 7; iter: 3900; loss: 0.354; load time: 0.019; train time: 0.002; slice time: 0.001;]
2021-06-05 15:35:01,524 [ Epoch: 7; iter: 3910; loss: 0.274; load time: 0.020; train time: 0.003; slice time: 0.001;]
2021-06-05 15:40:20,427 [ Epoch: 7; iter: 3920; loss: 0.233; load time: 0.021; train time: 0.003; slice time: 0.001;]
2021-06-05 15:45:50,588 [ Epoch: 7; iter: 3930; loss: 0.385; load time: 0.022; train time: 0.003; slice time: 0.001;]
2021-06-05 15:51:32,058 [ Epoch: 7; iter: 3940; loss: 0.338; load time: 0.024; train time: 0.003; slice time: 0.001;]
2021-06-05 15:57:10,524 [ Epoch: 7; iter: 3950; loss: 0.304; load time: 0.025; train time: 0.003; slice time: 0.001;]
2021-06-05 16:02:48,646 [ Epoch: 7; iter: 3960; loss: 0.371; load time: 0.026; train time: 0.003; slice time: 0.001;]
2021-06-05 16:09:14,694 [ Epoch: 7; iter: 3970; loss: 0.301; load time: 0.027; train time: 0.004; slice time: 0.001;]
2021-06-05 16:15:01,062 [ Epoch: 7; iter: 3980; loss: 0.348; load time: 0.028; train time: 0.004; slice time: 0.001;]
2021-06-05 16:21:04,396 [ Epoch: 7; iter: 3990; loss: 0.309; load time: 0.030; train time: 0.004; slice time: 0.001;]
2021-06-05 16:27:10,680 [ Epoch: 7; iter: 4000; loss: 0.508; load time: 0.031; train time: 0.004; slice time: 0.001;]
2021-06-05 16:32:44,850 [ Epoch: 7; iter: 4010; loss: 0.336; load time: 0.032; train time: 0.004; slice time: 0.001;]
2021-06-05 16:39:14,362 [ Epoch: 7; iter: 4020; loss: 0.373; load time: 0.033; train time: 0.004; slice time: 0.001;]
2021-06-05 16:45:02,585 [ Epoch: 7; iter: 4030; loss: 0.368; load time: 0.035; train time: 0.005; slice time: 0.001;]
2021-06-05 16:50:34,938 [ Epoch: 7; iter: 4040; loss: 0.409; load time: 0.036; train time: 0.005; slice time: 0.001;]
2021-06-05 16:56:44,311 [ Epoch: 7; iter: 4050; loss: 0.383; load time: 0.037; train time: 0.005; slice time: 0.001;]
2021-06-05 17:02:02,793 [ Epoch: 7; iter: 4060; loss: 0.353; load time: 0.038; train time: 0.005; slice time: 0.001;]
2021-06-05 17:07:45,019 [ Epoch: 7; iter: 4070; loss: 0.395; load time: 0.039; train time: 0.005; slice time: 0.001;]
2021-06-05 17:13:18,975 [ Epoch: 7; iter: 4080; loss: 0.331; load time: 0.040; train time: 0.005; slice time: 0.001;]
2021-06-05 17:18:56,578 [ Epoch: 7; iter: 4090; loss: 0.365; load time: 0.041; train time: 0.005; slice time: 0.001;]
2021-06-05 17:25:01,567 [ Epoch: 7; iter: 4100; loss: 0.363; load time: 0.042; train time: 0.006; slice time: 0.001;]
2021-06-05 17:31:05,886 [ Epoch: 7; iter: 4110; loss: 0.426; load time: 0.043; train time: 0.006; slice time: 0.002;]
2021-06-05 17:36:42,004 [ Epoch: 7; iter: 4120; loss: 0.344; load time: 0.044; train time: 0.006; slice time: 0.002;]
2021-06-05 17:42:47,561 [ Epoch: 7; iter: 4130; loss: 0.335; load time: 0.046; train time: 0.006; slice time: 0.002;]
2021-06-05 17:49:00,302 [ Epoch: 7; iter: 4140; loss: 0.325; load time: 0.047; train time: 0.006; slice time: 0.002;]
2021-06-05 17:54:18,644 [ Epoch: 7; iter: 4150; loss: 0.312; load time: 0.048; train time: 0.006; slice time: 0.002;]
2021-06-05 17:59:44,326 [ Epoch: 7; iter: 4160; loss: 0.405; load time: 0.049; train time: 0.006; slice time: 0.002;]
2021-06-05 18:05:15,452 [ Epoch: 7; iter: 4170; loss: 0.355; load time: 0.050; train time: 0.007; slice time: 0.002;]
2021-06-05 18:11:00,445 [ Epoch: 7; iter: 4180; loss: 0.420; load time: 0.051; train time: 0.007; slice time: 0.002;]
2021-06-05 18:16:43,986 [ Epoch: 7; iter: 4190; loss: 0.300; load time: 0.052; train time: 0.007; slice time: 0.002;]
2021-06-05 18:22:26,280 [ Epoch: 7; iter: 4200; loss: 0.396; load time: 0.053; train time: 0.007; slice time: 0.002;]
2021-06-05 18:28:29,587 [ Epoch: 7; iter: 4210; loss: 0.334; load time: 0.054; train time: 0.007; slice time: 0.002;]
2021-06-05 18:33:47,160 [ Epoch: 7; iter: 4220; loss: 0.427; load time: 0.055; train time: 0.007; slice time: 0.002;]
2021-06-05 18:40:07,779 [ Epoch: 7; iter: 4230; loss: 0.348; load time: 0.056; train time: 0.007; slice time: 0.002;]
2021-06-05 18:46:09,646 [ Epoch: 7; iter: 4240; loss: 0.347; load time: 0.057; train time: 0.008; slice time: 0.002;]
2021-06-05 18:52:00,879 [ Epoch: 7; iter: 4250; loss: 0.371; load time: 0.058; train time: 0.008; slice time: 0.002;]
2021-06-05 18:57:42,277 [ Epoch: 7; iter: 4260; loss: 0.399; load time: 0.059; train time: 0.008; slice time: 0.002;]
2021-06-05 19:03:24,777 [ Epoch: 7; iter: 4270; loss: 0.389; load time: 0.060; train time: 0.008; slice time: 0.002;]
2021-06-05 19:08:51,626 [ Epoch: 7; iter: 4280; loss: 0.276; load time: 0.061; train time: 0.008; slice time: 0.002;]
2021-06-05 19:14:39,970 [ Epoch: 7; iter: 4290; loss: 0.288; load time: 0.062; train time: 0.008; slice time: 0.002;]
2021-06-05 19:20:37,787 [ Epoch: 7; iter: 4300; loss: 0.330; load time: 0.063; train time: 0.008; slice time: 0.002;]
2021-06-05 19:26:19,703 [ Epoch: 7; iter: 4310; loss: 0.289; load time: 0.064; train time: 0.008; slice time: 0.002;]
2021-06-05 19:32:11,802 [ Epoch: 7; iter: 4320; loss: 0.383; load time: 0.065; train time: 0.009; slice time: 0.002;]
2021-06-05 19:38:29,289 [ Epoch: 7; iter: 4330; loss: 0.307; load time: 0.066; train time: 0.009; slice time: 0.002;]
2021-06-05 19:44:21,572 [ Epoch: 7; iter: 4340; loss: 0.330; load time: 0.067; train time: 0.009; slice time: 0.002;]
2021-06-05 19:49:56,993 [ Epoch: 7; iter: 4350; loss: 0.351; load time: 0.068; train time: 0.009; slice time: 0.002;]
2021-06-05 19:55:39,984 [ Epoch: 7; iter: 4360; loss: 0.361; load time: 0.069; train time: 0.009; slice time: 0.002;]
2021-06-05 20:01:12,604 [ Epoch: 7; iter: 4370; loss: 0.406; load time: 0.070; train time: 0.009; slice time: 0.002;]
2021-06-05 20:03:37,167 [ Epoch 7 completed. Time taken: 360.7 minutes. Load time: 0.4941433574994404 mins. Train time: 0.06526866174697868 mins]
2021-06-05 20:03:37,167 [ Average loss: 0.350 ]
2021-06-05 20:03:37,366 Epoch: 8
2021-06-05 20:06:33,668 [ Epoch: 8; iter: 4380; loss: 0.280; load time: 0.001; train time: 0.000; slice time: 0.000;]
2021-06-05 20:12:27,340 [ Epoch: 8; iter: 4390; loss: 0.265; load time: 0.002; train time: 0.000; slice time: 0.000;]
2021-06-05 20:18:04,827 [ Epoch: 8; iter: 4400; loss: 0.264; load time: 0.003; train time: 0.000; slice time: 0.000;]
2021-06-05 20:24:04,159 [ Epoch: 8; iter: 4410; loss: 0.313; load time: 0.004; train time: 0.001; slice time: 0.000;]
2021-06-05 20:29:32,028 [ Epoch: 8; iter: 4420; loss: 0.389; load time: 0.005; train time: 0.001; slice time: 0.000;]
2021-06-05 20:35:08,619 [ Epoch: 8; iter: 4430; loss: 0.364; load time: 0.006; train time: 0.001; slice time: 0.000;]
2021-06-05 20:41:05,198 [ Epoch: 8; iter: 4440; loss: 0.321; load time: 0.007; train time: 0.001; slice time: 0.000;]
2021-06-05 20:46:35,276 [ Epoch: 8; iter: 4450; loss: 0.415; load time: 0.008; train time: 0.001; slice time: 0.000;]
2021-06-05 20:51:55,224 [ Epoch: 8; iter: 4460; loss: 0.307; load time: 0.009; train time: 0.001; slice time: 0.000;]
2021-06-05 20:57:16,245 [ Epoch: 8; iter: 4470; loss: 0.482; load time: 0.010; train time: 0.001; slice time: 0.000;]
2021-06-05 21:02:37,732 [ Epoch: 8; iter: 4480; loss: 0.397; load time: 0.011; train time: 0.001; slice time: 0.000;]
2021-06-05 21:07:50,536 [ Epoch: 8; iter: 4490; loss: 0.236; load time: 0.012; train time: 0.002; slice time: 0.000;]
2021-06-05 21:13:45,984 [ Epoch: 8; iter: 4500; loss: 0.330; load time: 0.013; train time: 0.002; slice time: 0.000;]
2021-06-05 21:19:15,730 [ Epoch: 8; iter: 4510; loss: 0.337; load time: 0.014; train time: 0.002; slice time: 0.001;]
2021-06-05 21:24:46,334 [ Epoch: 8; iter: 4520; loss: 0.285; load time: 0.015; train time: 0.002; slice time: 0.001;]
2021-06-05 21:30:19,785 [ Epoch: 8; iter: 4530; loss: 0.308; load time: 0.016; train time: 0.002; slice time: 0.001;]
2021-06-05 21:36:22,372 [ Epoch: 8; iter: 4540; loss: 0.324; load time: 0.017; train time: 0.002; slice time: 0.001;]
2021-06-05 21:42:18,971 [ Epoch: 8; iter: 4550; loss: 0.372; load time: 0.019; train time: 0.002; slice time: 0.001;]
2021-06-05 21:48:18,231 [ Epoch: 8; iter: 4560; loss: 0.339; load time: 0.020; train time: 0.003; slice time: 0.001;]
2021-06-05 21:54:09,417 [ Epoch: 8; iter: 4570; loss: 0.327; load time: 0.021; train time: 0.003; slice time: 0.001;]
2021-06-05 21:59:38,050 [ Epoch: 8; iter: 4580; loss: 0.371; load time: 0.022; train time: 0.003; slice time: 0.001;]
2021-06-05 22:04:52,991 [ Epoch: 8; iter: 4590; loss: 0.239; load time: 0.023; train time: 0.003; slice time: 0.001;]
2021-06-05 22:10:32,676 [ Epoch: 8; iter: 4600; loss: 0.341; load time: 0.024; train time: 0.003; slice time: 0.001;]
2021-06-05 22:15:48,015 [ Epoch: 8; iter: 4610; loss: 0.354; load time: 0.024; train time: 0.003; slice time: 0.001;]
2021-06-05 22:21:19,198 [ Epoch: 8; iter: 4620; loss: 0.358; load time: 0.025; train time: 0.003; slice time: 0.001;]
2021-06-05 22:27:15,094 [ Epoch: 8; iter: 4630; loss: 0.257; load time: 0.027; train time: 0.004; slice time: 0.001;]
2021-06-05 22:33:00,310 [ Epoch: 8; iter: 4640; loss: 0.380; load time: 0.027; train time: 0.004; slice time: 0.001;]
2021-06-05 22:38:23,798 [ Epoch: 8; iter: 4650; loss: 0.272; load time: 0.028; train time: 0.004; slice time: 0.001;]
2021-06-05 22:44:08,679 [ Epoch: 8; iter: 4660; loss: 0.330; load time: 0.029; train time: 0.004; slice time: 0.001;]
2021-06-05 22:49:41,949 [ Epoch: 8; iter: 4670; loss: 0.382; load time: 0.030; train time: 0.004; slice time: 0.001;]
2021-06-05 22:55:14,721 [ Epoch: 8; iter: 4680; loss: 0.358; load time: 0.031; train time: 0.004; slice time: 0.001;]
2021-06-05 23:01:06,795 [ Epoch: 8; iter: 4690; loss: 0.313; load time: 0.032; train time: 0.004; slice time: 0.001;]
2021-06-05 23:06:51,015 [ Epoch: 8; iter: 4700; loss: 0.272; load time: 0.033; train time: 0.004; slice time: 0.001;]
2021-06-05 23:12:37,446 [ Epoch: 8; iter: 4710; loss: 0.266; load time: 0.034; train time: 0.005; slice time: 0.001;]
2021-06-05 23:18:39,279 [ Epoch: 8; iter: 4720; loss: 0.251; load time: 0.035; train time: 0.005; slice time: 0.001;]
2021-06-05 23:24:29,863 [ Epoch: 8; iter: 4730; loss: 0.263; load time: 0.036; train time: 0.005; slice time: 0.001;]
2021-06-05 23:30:24,102 [ Epoch: 8; iter: 4740; loss: 0.415; load time: 0.037; train time: 0.005; slice time: 0.001;]
2021-06-05 23:35:48,215 [ Epoch: 8; iter: 4750; loss: 0.420; load time: 0.038; train time: 0.005; slice time: 0.001;]
2021-06-05 23:41:58,682 [ Epoch: 8; iter: 4760; loss: 0.359; load time: 0.039; train time: 0.005; slice time: 0.001;]
2021-06-05 23:47:28,039 [ Epoch: 8; iter: 4770; loss: 0.221; load time: 0.040; train time: 0.005; slice time: 0.001;]
2021-06-05 23:53:55,689 [ Epoch: 8; iter: 4780; loss: 0.342; load time: 0.041; train time: 0.006; slice time: 0.001;]
2021-06-06 00:00:02,012 [ Epoch: 8; iter: 4790; loss: 0.338; load time: 0.042; train time: 0.006; slice time: 0.002;]
2021-06-06 00:05:56,246 [ Epoch: 8; iter: 4800; loss: 0.256; load time: 0.043; train time: 0.006; slice time: 0.002;]
2021-06-06 00:11:35,020 [ Epoch: 8; iter: 4810; loss: 0.389; load time: 0.044; train time: 0.006; slice time: 0.002;]
2021-06-06 00:17:33,247 [ Epoch: 8; iter: 4820; loss: 0.327; load time: 0.045; train time: 0.006; slice time: 0.002;]
2021-06-06 00:23:24,035 [ Epoch: 8; iter: 4830; loss: 0.255; load time: 0.046; train time: 0.006; slice time: 0.002;]
2021-06-06 00:29:19,111 [ Epoch: 8; iter: 4840; loss: 0.299; load time: 0.047; train time: 0.006; slice time: 0.002;]
2021-06-06 00:34:56,884 [ Epoch: 8; iter: 4850; loss: 0.335; load time: 0.048; train time: 0.006; slice time: 0.002;]
2021-06-06 00:41:42,855 [ Epoch: 8; iter: 4860; loss: 0.334; load time: 0.049; train time: 0.006; slice time: 0.002;]
2021-06-06 00:47:49,711 [ Epoch: 8; iter: 4870; loss: 0.328; load time: 0.050; train time: 0.007; slice time: 0.002;]
2021-06-06 00:53:59,514 [ Epoch: 8; iter: 4880; loss: 0.299; load time: 0.051; train time: 0.007; slice time: 0.002;]
2021-06-06 01:00:21,921 [ Epoch: 8; iter: 4890; loss: 0.351; load time: 0.052; train time: 0.007; slice time: 0.002;]
2021-06-06 01:06:18,845 [ Epoch: 8; iter: 4900; loss: 0.287; load time: 0.053; train time: 0.007; slice time: 0.002;]
2021-06-06 01:12:06,670 [ Epoch: 8; iter: 4910; loss: 0.257; load time: 0.054; train time: 0.007; slice time: 0.002;]
2021-06-06 01:17:39,114 [ Epoch: 8; iter: 4920; loss: 0.351; load time: 0.055; train time: 0.007; slice time: 0.002;]
2021-06-06 01:23:54,913 [ Epoch: 8; iter: 4930; loss: 0.290; load time: 0.056; train time: 0.007; slice time: 0.002;]
2021-06-06 01:30:04,431 [ Epoch: 8; iter: 4940; loss: 0.292; load time: 0.057; train time: 0.007; slice time: 0.002;]
2021-06-06 01:35:57,119 [ Epoch: 8; iter: 4950; loss: 0.280; load time: 0.058; train time: 0.008; slice time: 0.002;]
2021-06-06 01:41:43,493 [ Epoch: 8; iter: 4960; loss: 0.331; load time: 0.058; train time: 0.008; slice time: 0.002;]
2021-06-06 01:47:58,995 [ Epoch: 8; iter: 4970; loss: 0.366; load time: 0.059; train time: 0.008; slice time: 0.002;]
2021-06-06 01:53:51,743 [ Epoch: 8; iter: 4980; loss: 0.242; load time: 0.060; train time: 0.008; slice time: 0.002;]
2021-06-06 02:00:07,898 [ Epoch: 8; iter: 4990; loss: 0.330; load time: 0.061; train time: 0.008; slice time: 0.002;]
2021-06-06 02:06:17,052 [ Epoch: 8; iter: 5000; loss: 0.335; load time: 0.062; train time: 0.008; slice time: 0.002;]
2021-06-06 02:06:17,063 [ Epoch 8 completed. Time taken: 362.7 minutes. Load time: 0.49755829179127986 mins. Train time: 0.06522162976582843 mins]
2021-06-06 02:06:17,063 [ Average loss: 0.334 ]
2021-06-06 02:06:17,281 Epoch: 9
2021-06-06 02:12:04,651 [ Epoch: 9; iter: 5010; loss: 0.361; load time: 0.001; train time: 0.000; slice time: 0.000;]
2021-06-06 02:17:58,919 [ Epoch: 9; iter: 5020; loss: 0.383; load time: 0.002; train time: 0.000; slice time: 0.000;]
2021-06-06 02:24:39,040 [ Epoch: 9; iter: 5030; loss: 0.300; load time: 0.003; train time: 0.000; slice time: 0.000;]
2021-06-06 02:30:49,349 [ Epoch: 9; iter: 5040; loss: 0.309; load time: 0.004; train time: 0.001; slice time: 0.000;]
2021-06-06 02:36:20,461 [ Epoch: 9; iter: 5050; loss: 0.352; load time: 0.005; train time: 0.001; slice time: 0.000;]
2021-06-06 02:42:08,907 [ Epoch: 9; iter: 5060; loss: 0.250; load time: 0.006; train time: 0.001; slice time: 0.000;]
2021-06-06 02:48:23,501 [ Epoch: 9; iter: 5070; loss: 0.370; load time: 0.007; train time: 0.001; slice time: 0.000;]
2021-06-06 02:54:18,773 [ Epoch: 9; iter: 5080; loss: 0.268; load time: 0.008; train time: 0.001; slice time: 0.000;]
2021-06-06 02:59:53,062 [ Epoch: 9; iter: 5090; loss: 0.346; load time: 0.009; train time: 0.001; slice time: 0.000;]
2021-06-06 03:06:00,781 [ Epoch: 9; iter: 5100; loss: 0.335; load time: 0.010; train time: 0.001; slice time: 0.000;]
2021-06-06 03:11:48,302 [ Epoch: 9; iter: 5110; loss: 0.330; load time: 0.011; train time: 0.001; slice time: 0.000;]
2021-06-06 03:17:25,518 [ Epoch: 9; iter: 5120; loss: 0.331; load time: 0.012; train time: 0.002; slice time: 0.000;]
2021-06-06 03:22:50,887 [ Epoch: 9; iter: 5130; loss: 0.308; load time: 0.013; train time: 0.002; slice time: 0.000;]
2021-06-06 03:29:08,340 [ Epoch: 9; iter: 5140; loss: 0.283; load time: 0.014; train time: 0.002; slice time: 0.000;]
2021-06-06 03:34:46,512 [ Epoch: 9; iter: 5150; loss: 0.265; load time: 0.015; train time: 0.002; slice time: 0.001;]
2021-06-06 03:40:26,376 [ Epoch: 9; iter: 5160; loss: 0.383; load time: 0.016; train time: 0.002; slice time: 0.001;]
2021-06-06 03:46:30,958 [ Epoch: 9; iter: 5170; loss: 0.270; load time: 0.017; train time: 0.002; slice time: 0.001;]
2021-06-06 03:52:01,980 [ Epoch: 9; iter: 5180; loss: 0.349; load time: 0.018; train time: 0.002; slice time: 0.001;]
2021-06-06 03:57:19,578 [ Epoch: 9; iter: 5190; loss: 0.284; load time: 0.018; train time: 0.002; slice time: 0.001;]
2021-06-06 04:03:12,173 [ Epoch: 9; iter: 5200; loss: 0.337; load time: 0.019; train time: 0.002; slice time: 0.001;]
2021-06-06 04:09:12,807 [ Epoch: 9; iter: 5210; loss: 0.317; load time: 0.020; train time: 0.003; slice time: 0.001;]
2021-06-06 04:14:40,557 [ Epoch: 9; iter: 5220; loss: 0.300; load time: 0.021; train time: 0.003; slice time: 0.001;]
2021-06-06 04:20:18,968 [ Epoch: 9; iter: 5230; loss: 0.374; load time: 0.022; train time: 0.003; slice time: 0.001;]
2021-06-06 04:25:29,079 [ Epoch: 9; iter: 5240; loss: 0.338; load time: 0.023; train time: 0.003; slice time: 0.001;]
2021-06-06 04:31:25,091 [ Epoch: 9; iter: 5250; loss: 0.270; load time: 0.024; train time: 0.003; slice time: 0.001;]
2021-06-06 04:37:43,416 [ Epoch: 9; iter: 5260; loss: 0.286; load time: 0.025; train time: 0.003; slice time: 0.001;]
2021-06-06 04:43:31,410 [ Epoch: 9; iter: 5270; loss: 0.382; load time: 0.026; train time: 0.003; slice time: 0.001;]
2021-06-06 04:49:24,422 [ Epoch: 9; iter: 5280; loss: 0.376; load time: 0.027; train time: 0.003; slice time: 0.001;]
2021-06-06 04:55:30,996 [ Epoch: 9; iter: 5290; loss: 0.312; load time: 0.027; train time: 0.004; slice time: 0.001;]
2021-06-06 05:00:59,462 [ Epoch: 9; iter: 5300; loss: 0.378; load time: 0.028; train time: 0.004; slice time: 0.001;]
2021-06-06 05:07:12,641 [ Epoch: 9; iter: 5310; loss: 0.345; load time: 0.029; train time: 0.004; slice time: 0.001;]
2021-06-06 05:13:44,789 [ Epoch: 9; iter: 5320; loss: 0.282; load time: 0.030; train time: 0.004; slice time: 0.001;]
2021-06-06 05:19:47,872 [ Epoch: 9; iter: 5330; loss: 0.340; load time: 0.031; train time: 0.004; slice time: 0.001;]
2021-06-06 05:25:35,799 [ Epoch: 9; iter: 5340; loss: 0.296; load time: 0.032; train time: 0.004; slice time: 0.001;]
2021-06-06 05:31:12,773 [ Epoch: 9; iter: 5350; loss: 0.242; load time: 0.033; train time: 0.004; slice time: 0.001;]
2021-06-06 05:37:20,215 [ Epoch: 9; iter: 5360; loss: 0.275; load time: 0.034; train time: 0.004; slice time: 0.001;]
2021-06-06 05:43:22,933 [ Epoch: 9; iter: 5370; loss: 0.305; load time: 0.035; train time: 0.004; slice time: 0.001;]
2021-06-06 05:49:16,564 [ Epoch: 9; iter: 5380; loss: 0.256; load time: 0.036; train time: 0.005; slice time: 0.001;]
2021-06-06 05:55:19,148 [ Epoch: 9; iter: 5390; loss: 0.255; load time: 0.037; train time: 0.005; slice time: 0.001;]
2021-06-06 06:00:50,875 [ Epoch: 9; iter: 5400; loss: 0.392; load time: 0.037; train time: 0.005; slice time: 0.001;]
2021-06-06 06:07:05,705 [ Epoch: 9; iter: 5410; loss: 0.333; load time: 0.038; train time: 0.005; slice time: 0.001;]
2021-06-06 06:13:21,822 [ Epoch: 9; iter: 5420; loss: 0.296; load time: 0.039; train time: 0.005; slice time: 0.001;]
2021-06-06 06:19:03,965 [ Epoch: 9; iter: 5430; loss: 0.386; load time: 0.040; train time: 0.005; slice time: 0.001;]
2021-06-06 06:25:14,200 [ Epoch: 9; iter: 5440; loss: 0.288; load time: 0.041; train time: 0.005; slice time: 0.001;]
2021-06-06 06:31:06,149 [ Epoch: 9; iter: 5450; loss: 0.316; load time: 0.042; train time: 0.005; slice time: 0.001;]
2021-06-06 06:37:19,095 [ Epoch: 9; iter: 5460; loss: 0.349; load time: 0.043; train time: 0.005; slice time: 0.001;]
2021-06-06 06:43:43,090 [ Epoch: 9; iter: 5470; loss: 0.305; load time: 0.044; train time: 0.006; slice time: 0.002;]
2021-06-06 06:49:48,995 [ Epoch: 9; iter: 5480; loss: 0.295; load time: 0.044; train time: 0.006; slice time: 0.002;]
2021-06-06 06:55:44,745 [ Epoch: 9; iter: 5490; loss: 0.349; load time: 0.045; train time: 0.006; slice time: 0.002;]
2021-06-06 07:02:12,641 [ Epoch: 9; iter: 5500; loss: 0.347; load time: 0.046; train time: 0.006; slice time: 0.002;]
2021-06-06 07:08:16,613 [ Epoch: 9; iter: 5510; loss: 0.333; load time: 0.047; train time: 0.006; slice time: 0.002;]
2021-06-06 07:14:48,668 [ Epoch: 9; iter: 5520; loss: 0.237; load time: 0.048; train time: 0.006; slice time: 0.002;]
2021-06-06 07:21:10,542 [ Epoch: 9; iter: 5530; loss: 0.386; load time: 0.049; train time: 0.006; slice time: 0.002;]
2021-06-06 07:27:12,244 [ Epoch: 9; iter: 5540; loss: 0.290; load time: 0.050; train time: 0.006; slice time: 0.002;]
2021-06-06 07:33:56,939 [ Epoch: 9; iter: 5550; loss: 0.287; load time: 0.051; train time: 0.006; slice time: 0.002;]
2021-06-06 07:40:04,460 [ Epoch: 9; iter: 5560; loss: 0.309; load time: 0.052; train time: 0.007; slice time: 0.002;]
2021-06-06 07:46:12,164 [ Epoch: 9; iter: 5570; loss: 0.314; load time: 0.053; train time: 0.007; slice time: 0.002;]
2021-06-06 07:52:35,194 [ Epoch: 9; iter: 5580; loss: 0.343; load time: 0.053; train time: 0.007; slice time: 0.002;]
2021-06-06 07:58:49,532 [ Epoch: 9; iter: 5590; loss: 0.307; load time: 0.054; train time: 0.007; slice time: 0.002;]
2021-06-06 08:04:56,708 [ Epoch: 9; iter: 5600; loss: 0.328; load time: 0.055; train time: 0.007; slice time: 0.002;]
2021-06-06 08:10:54,164 [ Epoch: 9; iter: 5610; loss: 0.313; load time: 0.056; train time: 0.007; slice time: 0.002;]
2021-06-06 08:17:05,135 [ Epoch: 9; iter: 5620; loss: 0.422; load time: 0.057; train time: 0.007; slice time: 0.002;]
2021-06-06 08:20:17,188 [ Epoch 9 completed. Time taken: 374.0 minutes. Load time: 0.515342496706645 mins. Train time: 0.06526319986979169 mins]
2021-06-06 08:20:17,188 [ Average loss: 0.320 ]
2021-06-06 08:20:17,422 Epoch: 10
2021-06-06 08:23:09,215 [ Epoch: 10; iter: 5630; loss: 0.333; load time: 0.000; train time: 0.000; slice time: 0.000;]
2021-06-06 08:29:12,597 [ Epoch: 10; iter: 5640; loss: 0.256; load time: 0.001; train time: 0.000; slice time: 0.000;]
2021-06-06 08:34:59,851 [ Epoch: 10; iter: 5650; loss: 0.326; load time: 0.002; train time: 0.000; slice time: 0.000;]
2021-06-06 08:40:43,918 [ Epoch: 10; iter: 5660; loss: 0.276; load time: 0.003; train time: 0.000; slice time: 0.000;]
2021-06-06 08:46:31,220 [ Epoch: 10; iter: 5670; loss: 0.281; load time: 0.004; train time: 0.001; slice time: 0.000;]
2021-06-06 08:52:37,890 [ Epoch: 10; iter: 5680; loss: 0.336; load time: 0.005; train time: 0.001; slice time: 0.000;]
2021-06-06 08:58:46,996 [ Epoch: 10; iter: 5690; loss: 0.292; load time: 0.006; train time: 0.001; slice time: 0.000;]
2021-06-06 09:04:53,588 [ Epoch: 10; iter: 5700; loss: 0.374; load time: 0.007; train time: 0.001; slice time: 0.000;]
2021-06-06 09:10:54,005 [ Epoch: 10; iter: 5710; loss: 0.293; load time: 0.008; train time: 0.001; slice time: 0.000;]
2021-06-06 09:17:06,976 [ Epoch: 10; iter: 5720; loss: 0.345; load time: 0.009; train time: 0.001; slice time: 0.000;]
2021-06-06 09:22:59,879 [ Epoch: 10; iter: 5730; loss: 0.377; load time: 0.009; train time: 0.001; slice time: 0.000;]
2021-06-06 09:28:52,070 [ Epoch: 10; iter: 5740; loss: 0.290; load time: 0.010; train time: 0.001; slice time: 0.000;]
2021-06-06 09:34:52,854 [ Epoch: 10; iter: 5750; loss: 0.310; load time: 0.011; train time: 0.001; slice time: 0.000;]
2021-06-06 09:41:07,937 [ Epoch: 10; iter: 5760; loss: 0.339; load time: 0.012; train time: 0.002; slice time: 0.000;]
2021-06-06 09:47:28,257 [ Epoch: 10; iter: 5770; loss: 0.283; load time: 0.013; train time: 0.002; slice time: 0.000;]
2021-06-06 09:53:33,484 [ Epoch: 10; iter: 5780; loss: 0.330; load time: 0.014; train time: 0.002; slice time: 0.000;]
2021-06-06 09:59:10,172 [ Epoch: 10; iter: 5790; loss: 0.264; load time: 0.015; train time: 0.002; slice time: 0.000;]
2021-06-06 10:05:21,089 [ Epoch: 10; iter: 5800; loss: 0.378; load time: 0.016; train time: 0.002; slice time: 0.001;]
2021-06-06 10:10:57,244 [ Epoch: 10; iter: 5810; loss: 0.289; load time: 0.016; train time: 0.002; slice time: 0.001;]
2021-06-06 10:17:05,889 [ Epoch: 10; iter: 5820; loss: 0.322; load time: 0.017; train time: 0.002; slice time: 0.001;]
2021-06-06 10:23:06,989 [ Epoch: 10; iter: 5830; loss: 0.458; load time: 0.018; train time: 0.002; slice time: 0.001;]
2021-06-06 10:29:34,862 [ Epoch: 10; iter: 5840; loss: 0.246; load time: 0.019; train time: 0.002; slice time: 0.001;]
2021-06-06 10:35:29,267 [ Epoch: 10; iter: 5850; loss: 0.244; load time: 0.020; train time: 0.002; slice time: 0.001;]
2021-06-06 10:41:22,820 [ Epoch: 10; iter: 5860; loss: 0.364; load time: 0.021; train time: 0.003; slice time: 0.001;]
2021-06-06 10:47:36,452 [ Epoch: 10; iter: 5870; loss: 0.235; load time: 0.022; train time: 0.003; slice time: 0.001;]
2021-06-06 10:54:00,200 [ Epoch: 10; iter: 5880; loss: 0.325; load time: 0.023; train time: 0.003; slice time: 0.001;]
2021-06-06 11:00:13,813 [ Epoch: 10; iter: 5890; loss: 0.230; load time: 0.023; train time: 0.003; slice time: 0.001;]
2021-06-06 11:06:46,999 [ Epoch: 10; iter: 5900; loss: 0.309; load time: 0.024; train time: 0.003; slice time: 0.001;]
2021-06-06 11:12:43,869 [ Epoch: 10; iter: 5910; loss: 0.402; load time: 0.025; train time: 0.003; slice time: 0.001;]
2021-06-06 11:18:25,227 [ Epoch: 10; iter: 5920; loss: 0.350; load time: 0.026; train time: 0.003; slice time: 0.001;]
2021-06-06 11:24:52,436 [ Epoch: 10; iter: 5930; loss: 0.261; load time: 0.027; train time: 0.003; slice time: 0.001;]
2021-06-06 11:30:29,323 [ Epoch: 10; iter: 5940; loss: 0.285; load time: 0.028; train time: 0.003; slice time: 0.001;]
2021-06-06 11:36:09,460 [ Epoch: 10; iter: 5950; loss: 0.334; load time: 0.028; train time: 0.004; slice time: 0.001;]
2021-06-06 11:42:15,795 [ Epoch: 10; iter: 5960; loss: 0.307; load time: 0.029; train time: 0.004; slice time: 0.001;]
2021-06-06 11:47:52,062 [ Epoch: 10; iter: 5970; loss: 0.256; load time: 0.030; train time: 0.004; slice time: 0.001;]
2021-06-06 11:53:54,101 [ Epoch: 10; iter: 5980; loss: 0.280; load time: 0.031; train time: 0.004; slice time: 0.001;]
2021-06-06 12:00:04,942 [ Epoch: 10; iter: 5990; loss: 0.257; load time: 0.032; train time: 0.004; slice time: 0.001;]
2021-06-06 12:06:10,390 [ Epoch: 10; iter: 6000; loss: 0.275; load time: 0.032; train time: 0.004; slice time: 0.001;]
2021-06-06 12:11:45,503 [ Epoch: 10; iter: 6010; loss: 0.342; load time: 0.033; train time: 0.004; slice time: 0.001;]
2021-06-06 12:17:46,917 [ Epoch: 10; iter: 6020; loss: 0.275; load time: 0.034; train time: 0.004; slice time: 0.001;]
2021-06-06 12:24:15,041 [ Epoch: 10; iter: 6030; loss: 0.387; load time: 0.035; train time: 0.004; slice time: 0.001;]
2021-06-06 12:30:22,495 [ Epoch: 10; iter: 6040; loss: 0.346; load time: 0.036; train time: 0.004; slice time: 0.001;]
2021-06-06 12:36:00,854 [ Epoch: 10; iter: 6050; loss: 0.256; load time: 0.036; train time: 0.005; slice time: 0.001;]
2021-06-06 12:42:19,164 [ Epoch: 10; iter: 6060; loss: 0.286; load time: 0.037; train time: 0.005; slice time: 0.001;]
2021-06-06 12:48:21,505 [ Epoch: 10; iter: 6070; loss: 0.344; load time: 0.038; train time: 0.005; slice time: 0.001;]
2021-06-06 12:54:33,585 [ Epoch: 10; iter: 6080; loss: 0.423; load time: 0.039; train time: 0.005; slice time: 0.001;]
2021-06-06 13:00:17,887 [ Epoch: 10; iter: 6090; loss: 0.346; load time: 0.040; train time: 0.005; slice time: 0.001;]
2021-06-06 13:06:24,004 [ Epoch: 10; iter: 6100; loss: 0.457; load time: 0.040; train time: 0.005; slice time: 0.001;]
2021-06-06 13:12:18,315 [ Epoch: 10; iter: 6110; loss: 0.337; load time: 0.041; train time: 0.005; slice time: 0.001;]
2021-06-06 13:18:24,838 [ Epoch: 10; iter: 6120; loss: 0.276; load time: 0.042; train time: 0.005; slice time: 0.001;]
2021-06-06 13:24:34,731 [ Epoch: 10; iter: 6130; loss: 0.310; load time: 0.043; train time: 0.005; slice time: 0.001;]
2021-06-06 13:30:48,514 [ Epoch: 10; iter: 6140; loss: 0.303; load time: 0.044; train time: 0.005; slice time: 0.001;]
2021-06-06 13:37:12,114 [ Epoch: 10; iter: 6150; loss: 0.298; load time: 0.044; train time: 0.006; slice time: 0.001;]
2021-06-06 13:43:19,023 [ Epoch: 10; iter: 6160; loss: 0.309; load time: 0.045; train time: 0.006; slice time: 0.002;]
2021-06-06 13:49:01,976 [ Epoch: 10; iter: 6170; loss: 0.297; load time: 0.046; train time: 0.006; slice time: 0.002;]
2021-06-06 13:55:08,201 [ Epoch: 10; iter: 6180; loss: 0.283; load time: 0.047; train time: 0.006; slice time: 0.002;]
2021-06-06 14:00:54,907 [ Epoch: 10; iter: 6190; loss: 0.259; load time: 0.047; train time: 0.006; slice time: 0.002;]
2021-06-06 14:06:31,006 [ Epoch: 10; iter: 6200; loss: 0.240; load time: 0.048; train time: 0.006; slice time: 0.002;]
2021-06-06 14:12:31,533 [ Epoch: 10; iter: 6210; loss: 0.292; load time: 0.049; train time: 0.006; slice time: 0.002;]
2021-06-06 14:18:33,950 [ Epoch: 10; iter: 6220; loss: 0.379; load time: 0.050; train time: 0.006; slice time: 0.002;]
2021-06-06 14:24:41,720 [ Epoch: 10; iter: 6230; loss: 0.343; load time: 0.050; train time: 0.006; slice time: 0.002;]
2021-06-06 14:30:35,867 [ Epoch: 10; iter: 6240; loss: 0.300; load time: 0.051; train time: 0.006; slice time: 0.002;]
2021-06-06 14:35:59,419 [ Epoch: 10; iter: 6250; loss: 0.317; load time: 0.052; train time: 0.007; slice time: 0.002;]
2021-06-06 14:35:59,430 [ Epoch 10 completed. Time taken: 375.7 minutes. Load time: 0.5183363259124759 mins. Train time: 0.06528679528554261 mins]
2021-06-06 14:35:59,430 [ Average loss: 0.312 ]
2021-06-06 14:35:59,652 Epochs ended
2021-06-06 14:35:59,673 Closing envs
