/bin/bash: /public/apps/anaconda3/2020.11/lib/libtinfo.so.6: no version information available (required by /bin/bash)
+ srun /private/home/abhshkdz/.conda/envs/habitat-on-web/bin/python -u -m habitat_baselines.run --exp-config habitat_baselines/config/object_rearrangement/il_distrib_object_rearrangement.yaml --run-type train
2021-06-06 00:23:27,995 config: BASE_TASK_CONFIG_PATH: configs/tasks/object_rearrangement.yaml
CHECKPOINT_FOLDER: results/checkpoints/resnet18_v6/seed_2
CHECKPOINT_INTERVAL: 1
CMD_TRAILING_OPTS: []
DATASET_PATH: data/datasets/object_rearrangement/v6/{split}/{scene_split}.db
ENV_NAME: RearrangementRLEnv
EVAL:
  SPLIT: eval
  USE_CKPT_CONFIG: True
EVAL_CKPT_PATH_DIR: data/new_checkpoints/resnet18_random_split_v6/seed_2/model_10.ckpt
EVAL_SAVE_RESULTS: True
EVAL_SAVE_RESULTS_INTERVAL: 50
FORCE_BLIND_POLICY: False
IL:
  BehaviorCloning:
    batch_size: 8
    freeze_encoder: False
    lr: 0.001
    max_epochs: 10
    timestep_batch_size: 512
  USE_IW: True
  distrib_backend: GLOO
INTERRUPTED_STATE_FILE_PATH: data/new_checkpoints/resnet18_random_split_v6/seed_2/state.pth
LOG_FILE: train.log
LOG_INTERVAL: 10
LOG_METRICS: True
MODEL:
  DEPTH_ENCODER:
    backbone: resnet50
    cnn_type: VlnResnetDepthEncoder
    ddppo_checkpoint: data/ddppo-models/gibson-2plus-resnet50.pth
    output_size: 128
    trainable: False
  INSTRUCTION_ENCODER:
    bidirectional: False
    embedding_size: 64
    final_state_only: True
    hidden_size: 128
    rnn_type: LSTM
    use_pretrained_embeddings: False
    vocab_size: 128
  PROGRESS_MONITOR:
    use: False
  RGB_ENCODER:
    backbone: resnet18
    cnn_type: ResnetRGBEncoder
    output_size: 256
    train_encoder: True
  SEQ2SEQ:
    use_prev_action: True
  STATE_ENCODER:
    hidden_size: 512
    num_recurrent_layers: 2
    rnn_type: GRU
  ablate_depth: False
  ablate_instruction: False
  ablate_rgb: False
  inflection_weight_coef: 6.997829460949084
NUM_PROCESSES: 1
NUM_UPDATES: 10000
ORBSLAM2:
  ANGLE_TH: 0.2617993877991494
  BETA: 100
  CAMERA_HEIGHT: 1.25
  DEPTH_DENORM: 10.0
  DIST_REACHED_TH: 0.15
  DIST_TO_STOP: 0.05
  D_OBSTACLE_MAX: 4.0
  D_OBSTACLE_MIN: 0.1
  H_OBSTACLE_MAX: 1.25
  H_OBSTACLE_MIN: 0.375
  MAP_CELL_SIZE: 0.1
  MAP_SIZE: 40
  MIN_PTS_IN_OBSTACLE: 320.0
  NEXT_WAYPOINT_TH: 0.5
  NUM_ACTIONS: 3
  PLANNER_MAX_STEPS: 500
  PREPROCESS_MAP: True
  SLAM_SETTINGS_PATH: habitat_baselines/slambased/data/mp3d3_small1k.yaml
  SLAM_VOCAB_PATH: habitat_baselines/slambased/data/ORBvoc.txt
OUTPUT_LOG_DIR: results/logs/object_rearrangement
PROFILING:
  CAPTURE_START_STEP: -1
  NUM_STEPS_TO_CAPTURE: -1
RESULTS_DIR: results/object_rearrangement/results/{split}/{type}
RL:
  DDPPO:
    backbone: resnet50
    distrib_backend: GLOO
    num_recurrent_layers: 2
    pretrained: False
    pretrained_encoder: False
    pretrained_weights: data/ddppo-models/gibson-2plus-resnet50.pth
    reset_critic: True
    rnn_type: LSTM
    sync_frac: 0.6
    train_encoder: True
  GRAB_SUCCESS_REWARD: 1.5
  POLICY:
    OBS_TRANSFORMS:
      CENTER_CROPPER:
        HEIGHT: 256
        WIDTH: 256
      CUBE2EQ:
        HEIGHT: 256
        SENSOR_UUIDS: []
        WIDTH: 512
      CUBE2FISH:
        FOV: 180
        HEIGHT: 256
        PARAMS: (0.2, 0.2, 0.2)
        SENSOR_UUIDS: []
        WIDTH: 256
      ENABLED_TRANSFORMS: ()
      EQ2CUBE:
        HEIGHT: 256
        SENSOR_UUIDS: []
        WIDTH: 256
      RESIZE_SHORTEST_EDGE:
        SIZE: 256
    name: PointNavBaselinePolicy
  PPO:
    clip_param: 0.2
    entropy_coef: 0.01
    eps: 1e-05
    gamma: 0.99
    hidden_size: 512
    lr: 0.0007
    max_grad_norm: 0.5
    num_mini_batch: 16
    num_steps: 5
    ppo_epoch: 4
    reward_window_size: 50
    tau: 0.95
    use_gae: True
    use_linear_clip_decay: False
    use_linear_lr_decay: False
    use_normalized_advantage: True
    value_loss_coef: 0.5
  REWARD_MEASURE: agent_receptacle_distance
  REWARD_MEASURE_2: agent_object_distance
  SLACK_REWARD: -0.01
  SUCCESS_MEASURE: success
  SUCCESS_REWARD: 2.5
SENSORS: ['RGB_SENSOR', 'DEPTH_SENSOR']
SHOW_TOP_DOWN_MAP: False
SIMULATOR_GPU_ID: 0
TASK_CONFIG:
  DATASET:
    CONTENT_SCENES: ['*']
    DATA_PATH: data/datasets/object_rearrangement/v6/{split}/{split}.json.gz
    SCENES_DIR: data/scene_datasets/habitat-test-scenes/
    SPLIT: sample
    TYPE: RearrangementDataset-v0
  ENVIRONMENT:
    ITERATOR_OPTIONS:
      CYCLE: True
      GROUP_BY_SCENE: True
      MAX_SCENE_REPEAT_EPISODES: -1
      MAX_SCENE_REPEAT_STEPS: 10000
      NUM_EPISODE_SAMPLE: -1
      SHUFFLE: True
      STEP_REPETITION_RANGE: 0.2
    MAX_EPISODE_SECONDS: 10000000
    MAX_EPISODE_STEPS: 2002
  PYROBOT:
    BASE_CONTROLLER: proportional
    BASE_PLANNER: none
    BUMP_SENSOR:
      TYPE: PyRobotBumpSensor
    DEPTH_SENSOR:
      CENTER_CROP: False
      HEIGHT: 480
      MAX_DEPTH: 5.0
      MIN_DEPTH: 0.0
      NORMALIZE_DEPTH: True
      TYPE: PyRobotDepthSensor
      WIDTH: 640
    LOCOBOT:
      ACTIONS: ['BASE_ACTIONS', 'CAMERA_ACTIONS']
      BASE_ACTIONS: ['go_to_relative', 'go_to_absolute']
      CAMERA_ACTIONS: ['set_pan', 'set_tilt', 'set_pan_tilt']
    RGB_SENSOR:
      CENTER_CROP: False
      HEIGHT: 480
      TYPE: PyRobotRGBSensor
      WIDTH: 640
    ROBOT: locobot
    ROBOTS: ['locobot']
    SENSORS: ['RGB_SENSOR', 'DEPTH_SENSOR', 'BUMP_SENSOR']
  SEED: 205
  SIMULATOR:
    ACTION_SPACE_CONFIG: RearrangementActions-v0
    AGENTS: ['AGENT_0']
    AGENT_0:
      ANGULAR_ACCELERATION: 12.56
      ANGULAR_FRICTION: 1.0
      COEFFICIENT_OF_RESTITUTION: 0.0
      HEIGHT: 1.5
      IS_SET_START_STATE: False
      LINEAR_ACCELERATION: 20.0
      LINEAR_FRICTION: 0.5
      MASS: 32.0
      MAX_CLIMB: 0.5
      RADIUS: 0.1
      SENSORS: ['RGB_SENSOR', 'SEMANTIC_SENSOR', 'DEPTH_SENSOR']
      START_POSITION: [0, 0, 0]
      START_ROTATION: [0, 0, 0, 1]
    CROSSHAIR_POS: [128, 128]
    DEFAULT_AGENT_ID: 0
    DEPTH_SENSOR:
      HEIGHT: 256
      HFOV: 90
      MAX_DEPTH: 10.0
      MIN_DEPTH: 0.0
      NORMALIZE_DEPTH: True
      ORIENTATION: [0.0, 0.0, 0.0]
      POSITION: [0, 1.5, 0]
      TYPE: HabitatSimDepthSensor
      WIDTH: 256
    FORWARD_STEP_SIZE: 0.15
    GRAB_DISTANCE: 2.0
    HABITAT_SIM_V0:
      ALLOW_SLIDING: True
      ENABLE_PHYSICS: True
      GPU_DEVICE_ID: 0
      GPU_GPU: False
      PHYSICS_CONFIG_FILE: ./data/default.physics_config.json
    RGB_SENSOR:
      HEIGHT: 256
      HFOV: 90
      ORIENTATION: [0.0, 0.0, 0.0]
      POSITION: [0, 1.5, 0]
      TYPE: HabitatSimRGBSensor
      WIDTH: 256
    SCENE: data/scene_datasets/habitat-test-scenes/van-gogh-room.glb
    SEED: 100
    SEMANTIC_SENSOR:
      CHANNELS: 1
      HEIGHT: 256
      HFOV: 90
      ORIENTATION: [0.0, 0.0, 0.0]
      POSITION: [0, 1.5, 0]
      TYPE: HabitatSimSemanticSensor
      WIDTH: 256
    TILT_ANGLE: 5
    TURN_ANGLE: 5
    TYPE: RearrangementSim-v0
  TASK:
    ACTIONS:
      ANSWER:
        TYPE: AnswerAction
      GRAB_RELEASE:
        TYPE: GrabOrReleaseAction
      LOOK_DOWN:
        TYPE: LookDownAction
      LOOK_UP:
        TYPE: LookUpAction
      MOVE_BACKWARD:
        TYPE: MoveBackwardAction
      MOVE_FORWARD:
        TYPE: MoveForwardAction
      NO_OP:
        TYPE: NoOpAction
      STOP:
        TYPE: StopAction
      TELEPORT:
        TYPE: TeleportAction
      TURN_LEFT:
        TYPE: TurnLeftAction
      TURN_RIGHT:
        TYPE: TurnRightAction
    AGENT_TO_OBJECT_DISTANCE:
      TYPE: AgentToObjectDistance
    AGENT_TO_RECEPTACLE_DISTANCE:
      TYPE: AgentToReceptacleDistance
    ALL_OBJECT_POSITIONS:
      TYPE: AllObjectPositions
    ANSWER_ACCURACY:
      TYPE: AnswerAccuracy
    COLLISIONS:
      TYPE: Collisions
    COMPASS_SENSOR:
      TYPE: CompassSensor
    CORRECT_ANSWER:
      TYPE: CorrectAnswer
    COVERAGE:
      EGOCENTRIC: False
      GRID_DELTA: 0.25
      TYPE: Coverage
    DEMONSTRATION_SENSOR:
      TYPE: DemonstrationSensor
    DEMONSTRATION_SENSOR_UUID: demonstration
    DISTANCE_TO_GOAL:
      DISTANCE_TO: POINT
      TYPE: DistanceToGoal
    EPISODE_INFO:
      TYPE: EpisodeInfo
    GOAL_OBJECT_VISIBLE:
      TYPE: GoalObjectVisible
    GOAL_SENSOR_UUID: pointgoal
    GPS_SENSOR:
      DIMENSIONALITY: 2
      TYPE: GPSSensor
    GRAB_SUCCESS:
      TYPE: GrabSuccess
    GRIPPED_OBJECT_SENSOR:
      TYPE: GrippedObjectSensor
    GRIPPED_OBJECT_SENSOR_UUID: gripped_object_id
    HEADING_SENSOR:
      TYPE: HeadingSensor
    IMAGEGOAL_SENSOR:
      TYPE: ImageGoalSensor
    INFLECTION_WEIGHT_SENSOR:
      TYPE: InflectionWeightSensor
    INFLECTION_WEIGHT_SENSOR_UUID: inflection_weight
    INSTRUCTION_SENSOR:
      TYPE: InstructionSensor
    INSTRUCTION_SENSOR_UUID: instruction
    MEASUREMENTS: ['AGENT_TO_OBJECT_DISTANCE', 'OBJECT_TO_RECEPTACLE_DISTANCE', 'AGENT_TO_RECEPTACLE_DISTANCE', 'REARRANGEMENT_SUCCESS', 'DISTANCE_TO_GOAL', 'REARRANGEMENT_SPL', 'GRAB_SUCCESS', 'GOAL_OBJECT_VISIBLE', 'COVERAGE', 'REARRANGEMENT_REWARD', 'RELEASE_FAILED']
    OBJECTGOAL_SENSOR:
      GOAL_SPEC: TASK_CATEGORY_ID
      GOAL_SPEC_MAX_VAL: 50
      TYPE: ObjectGoalSensor
    OBJECT_TO_RECEPTACLE_DISTANCE:
      TYPE: ObjectToReceptacleDistance
    POINTGOAL_SENSOR:
      DIMENSIONALITY: 2
      GOAL_FORMAT: POLAR
      TYPE: PointGoalSensor
    POINTGOAL_WITH_GPS_COMPASS_SENSOR:
      DIMENSIONALITY: 2
      GOAL_FORMAT: POLAR
      TYPE: PointGoalWithGPSCompassSensor
    POSSIBLE_ACTIONS: ['STOP', 'MOVE_FORWARD', 'TURN_LEFT', 'TURN_RIGHT', 'LOOK_UP', 'LOOK_DOWN', 'GRAB_RELEASE', 'MOVE_BACKWARD', 'NO_OP']
    PROXIMITY_SENSOR:
      MAX_DETECTION_RADIUS: 2.0
      TYPE: ProximitySensor
    QUESTION_SENSOR:
      TYPE: QuestionSensor
    REARRANGEMENT_REWARD:
      ATTENUATION: 0.995
      COVERAGE_REWARD: 0.25
      DROP_PENALTY: -0.5
      DROP_PENALTY_DIST_THRESHOLD: 3.0
      ENABLE_PENALTY: True
      EXP_REWARD_COEF: 1.0
      GRAB_SUCCESS_REWARD: 2.5
      MODE: DISTANCE_TO_GOAL_PLUS_VISIBLE
      OBJECT_SEEN_REWARD: 1.5
      OBJECT_SEEN_REWARD_THRESHOLD: 0.001
      RECEPTACLE_SEEN_REWARD_THRESHOLD: 0.001
      SLACK_REWARD: -0.01
      SUCCESS_DISTANCE: 1.5
      SUCCESS_REWARD: 3.5
      TYPE: RearrangementReward
      USE_NORMALIZED_REWARD: True
      VISIT_EXP: 1
    REARRANGEMENT_SPL:
      TYPE: RearrangementSPL
    REARRANGEMENT_SUCCESS:
      SUCCESS_DISTANCE: 0.7
      TYPE: RearrangementSuccess
    RELEASE_FAILED:
      TYPE: ReleaseFailed
    SENSORS: ['INSTRUCTION_SENSOR', 'GRIPPED_OBJECT_SENSOR']
    SOFT_SPL:
      TYPE: SoftSPL
    SPL:
      TYPE: SPL
    SUCCESS:
      SUCCESS_DISTANCE: 0.2
      TYPE: Success
    SUCCESS_DISTANCE: 0.2
    TOP_DOWN_MAP:
      DRAW_BORDER: True
      DRAW_GOAL_AABBS: True
      DRAW_GOAL_POSITIONS: True
      DRAW_SHORTEST_PATH: False
      DRAW_SOURCE: True
      DRAW_VIEW_POINTS: True
      FOG_OF_WAR:
        DRAW: True
        FOV: 90
        VISIBILITY_DIST: 5.0
      MAP_PADDING: 3
      MAP_RESOLUTION: 1024
      MAX_EPISODE_STEPS: 1000
      TYPE: TopDownMap
    TYPE: RearrangementTask-v0
TENSORBOARD_DIR: results/tb/resnet18_v6/seed_2/train
TEST_EPISODE_COUNT: -1
TORCH_GPU_ID: 0
TRAINER_NAME: rearrangement-behavior-cloning-distrib
VIDEO_DIR: results/videos/resnet18_v6/seed_2/train
VIDEO_OPTION: ['disk']
2021-06-06 00:23:28,485 Initializing dataset RearrangementDataset-v0
2021-06-06 00:23:32,218 Initializing dataset RearrangementDataset-v0
2021-06-06 00:23:32,600 initializing sim RearrangementSim-v0
WARNING: Logging before InitGoogleLogging() is written to STDERR
E0606 00:23:35.390054 1388785 ResourceManager.cpp:598] Reloading asset data/scene_datasets/habitat-test-scenes/S9hNv5qa7GM.glb with different configuration not currently supported. Asset may not be rendered correctly.
2021-06-06 00:23:35,847 Initializing task RearrangementTask-v0
2021-06-06 00:23:36,222 Initializing dataset RearrangementDataset-v0
2021-06-06 00:23:37,091 Dataset cache found.
2021-06-06 00:23:37,096 Dataset cache found.
2021-06-06 00:23:37,100 Dataset cache found.
2021-06-06 00:23:37,105 Dataset cache found.
2021-06-06 00:23:37,109 Dataset cache found.
2021-06-06 00:23:37,114 Dataset cache found.
2021-06-06 00:23:37,118 Dataset cache found.
2021-06-06 00:23:37,124 Dataset cache found.
2021-06-06 00:23:37,128 Dataset cache found.
2021-06-06 00:23:37,130 Setup dataloader
2021-06-06 00:23:37,130 Dataloader setup
2021-06-06 00:23:37,130 [ train_loader has 2500 samples ]
2021-06-06 00:23:37,130 Setting up distributed model...
2021-06-06 00:23:45,001 Starting training
/private/home/abhshkdz/.conda/envs/habitat-on-web/lib/python3.6/site-packages/tensorflow-1.13.1-py3.6-linux-x86_64.egg/tensorflow/python/framework/dtypes.py:526: FutureWarning: Passing (type, 1) or '1type' as a synonym of type is deprecated; in a future version of numpy, it will be understood as (type, (1,)) / '(1,)type'.
  _np_qint8 = np.dtype([("qint8", np.int8, 1)])
/private/home/abhshkdz/.conda/envs/habitat-on-web/lib/python3.6/site-packages/tensorflow-1.13.1-py3.6-linux-x86_64.egg/tensorflow/python/framework/dtypes.py:527: FutureWarning: Passing (type, 1) or '1type' as a synonym of type is deprecated; in a future version of numpy, it will be understood as (type, (1,)) / '(1,)type'.
  _np_quint8 = np.dtype([("quint8", np.uint8, 1)])
/private/home/abhshkdz/.conda/envs/habitat-on-web/lib/python3.6/site-packages/tensorflow-1.13.1-py3.6-linux-x86_64.egg/tensorflow/python/framework/dtypes.py:528: FutureWarning: Passing (type, 1) or '1type' as a synonym of type is deprecated; in a future version of numpy, it will be understood as (type, (1,)) / '(1,)type'.
  _np_qint16 = np.dtype([("qint16", np.int16, 1)])
/private/home/abhshkdz/.conda/envs/habitat-on-web/lib/python3.6/site-packages/tensorflow-1.13.1-py3.6-linux-x86_64.egg/tensorflow/python/framework/dtypes.py:529: FutureWarning: Passing (type, 1) or '1type' as a synonym of type is deprecated; in a future version of numpy, it will be understood as (type, (1,)) / '(1,)type'.
  _np_quint16 = np.dtype([("quint16", np.uint16, 1)])
/private/home/abhshkdz/.conda/envs/habitat-on-web/lib/python3.6/site-packages/tensorflow-1.13.1-py3.6-linux-x86_64.egg/tensorflow/python/framework/dtypes.py:530: FutureWarning: Passing (type, 1) or '1type' as a synonym of type is deprecated; in a future version of numpy, it will be understood as (type, (1,)) / '(1,)type'.
  _np_qint32 = np.dtype([("qint32", np.int32, 1)])
/private/home/abhshkdz/.conda/envs/habitat-on-web/lib/python3.6/site-packages/tensorflow-1.13.1-py3.6-linux-x86_64.egg/tensorflow/python/framework/dtypes.py:535: FutureWarning: Passing (type, 1) or '1type' as a synonym of type is deprecated; in a future version of numpy, it will be understood as (type, (1,)) / '(1,)type'.
  np_resource = np.dtype([("resource", np.ubyte, 1)])
2021-06-06 00:23:49,668 Epoch: 1
2021-06-06 00:29:44,755 [ Epoch: 1; iter: 10; loss: 1.439; load time: 0.513; train time: 0.064; slice time: 0.015;]
2021-06-06 00:35:19,214 [ Epoch: 1; iter: 20; loss: 1.347; load time: 0.495; train time: 0.063; slice time: 0.016;]
2021-06-06 00:41:21,981 [ Epoch: 1; iter: 30; loss: 1.435; load time: 0.502; train time: 0.065; slice time: 0.017;]
2021-06-06 00:47:10,167 [ Epoch: 1; iter: 40; loss: 1.350; load time: 0.500; train time: 0.066; slice time: 0.018;]
2021-06-06 00:53:08,072 [ Epoch: 1; iter: 50; loss: 0.954; load time: 0.504; train time: 0.065; slice time: 0.018;]
2021-06-06 00:58:40,168 [ Epoch: 1; iter: 60; loss: 1.113; load time: 0.499; train time: 0.064; slice time: 0.018;]
2021-06-06 01:04:52,062 [ Epoch: 1; iter: 70; loss: 0.912; load time: 0.504; train time: 0.065; slice time: 0.018;]
2021-06-06 01:10:32,883 [ Epoch: 1; iter: 80; loss: 1.051; load time: 0.502; train time: 0.065; slice time: 0.017;]
2021-06-06 01:16:28,876 [ Epoch: 1; iter: 90; loss: 1.201; load time: 0.503; train time: 0.064; slice time: 0.018;]
2021-06-06 01:21:59,355 [ Epoch: 1; iter: 100; loss: 1.196; load time: 0.500; train time: 0.064; slice time: 0.017;]
2021-06-06 01:28:30,993 [ Epoch: 1; iter: 110; loss: 1.202; load time: 0.506; train time: 0.065; slice time: 0.017;]
2021-06-06 01:34:21,808 [ Epoch: 1; iter: 120; loss: 0.826; load time: 0.506; train time: 0.065; slice time: 0.017;]
2021-06-06 01:40:22,748 [ Epoch: 1; iter: 130; loss: 1.046; load time: 0.507; train time: 0.065; slice time: 0.017;]
2021-06-06 01:45:46,781 [ Epoch: 1; iter: 140; loss: 0.824; load time: 0.503; train time: 0.064; slice time: 0.017;]
2021-06-06 01:52:08,575 [ Epoch: 1; iter: 150; loss: 1.222; load time: 0.507; train time: 0.064; slice time: 0.017;]
2021-06-06 01:57:48,341 [ Epoch: 1; iter: 160; loss: 1.271; load time: 0.506; train time: 0.064; slice time: 0.017;]
2021-06-06 02:04:10,804 [ Epoch: 1; iter: 170; loss: 1.237; load time: 0.508; train time: 0.065; slice time: 0.017;]
2021-06-06 02:10:21,866 [ Epoch: 1; iter: 180; loss: 0.969; load time: 0.509; train time: 0.065; slice time: 0.017;]
2021-06-06 02:16:10,637 [ Epoch: 1; iter: 190; loss: 1.099; load time: 0.509; train time: 0.065; slice time: 0.017;]
2021-06-06 02:22:30,940 [ Epoch: 1; iter: 200; loss: 1.022; load time: 0.511; train time: 0.065; slice time: 0.018;]
2021-06-06 02:28:48,183 [ Epoch: 1; iter: 210; loss: 1.135; load time: 0.512; train time: 0.065; slice time: 0.018;]
2021-06-06 02:34:28,875 [ Epoch: 1; iter: 220; loss: 0.942; load time: 0.511; train time: 0.065; slice time: 0.017;]
2021-06-06 02:40:20,877 [ Epoch: 1; iter: 230; loss: 0.916; load time: 0.511; train time: 0.065; slice time: 0.018;]
2021-06-06 02:45:56,791 [ Epoch: 1; iter: 240; loss: 1.088; load time: 0.510; train time: 0.065; slice time: 0.017;]
2021-06-06 02:51:39,039 [ Epoch: 1; iter: 250; loss: 0.708; load time: 0.509; train time: 0.065; slice time: 0.017;]
2021-06-06 02:57:21,646 [ Epoch: 1; iter: 260; loss: 0.606; load time: 0.508; train time: 0.065; slice time: 0.018;]
2021-06-06 03:03:13,272 [ Epoch: 1; iter: 270; loss: 0.718; load time: 0.508; train time: 0.065; slice time: 0.017;]
2021-06-06 03:08:54,304 [ Epoch: 1; iter: 280; loss: 0.638; load time: 0.507; train time: 0.065; slice time: 0.018;]
2021-06-06 03:14:50,089 [ Epoch: 1; iter: 290; loss: 0.534; load time: 0.507; train time: 0.065; slice time: 0.018;]
2021-06-06 03:20:13,372 [ Epoch: 1; iter: 300; loss: 0.717; load time: 0.505; train time: 0.065; slice time: 0.018;]
2021-06-06 03:25:53,468 [ Epoch: 1; iter: 310; loss: 0.606; load time: 0.505; train time: 0.065; slice time: 0.017;]
2021-06-06 03:27:17,288 [ Epoch 1 completed. Time taken: 183.5 minutes. Load time: 0.5036454379241182 mins. Train time: 0.06477325994747524 mins]
2021-06-06 03:27:17,288 [ Average loss: 1.028 ]
2021-06-06 03:27:17,528 Epoch: 2
2021-06-06 03:30:57,362 [ Epoch: 2; iter: 320; loss: 0.550; load time: 0.010; train time: 0.001; slice time: 0.000;]
2021-06-06 03:36:44,114 [ Epoch: 2; iter: 330; loss: 0.592; load time: 0.024; train time: 0.003; slice time: 0.001;]
2021-06-06 03:42:47,381 [ Epoch: 2; iter: 340; loss: 0.530; load time: 0.039; train time: 0.005; slice time: 0.001;]
2021-06-06 03:48:25,115 [ Epoch: 2; iter: 350; loss: 0.433; load time: 0.051; train time: 0.007; slice time: 0.002;]
2021-06-06 03:54:14,628 [ Epoch: 2; iter: 360; loss: 0.563; load time: 0.064; train time: 0.009; slice time: 0.002;]
2021-06-06 04:00:30,373 [ Epoch: 2; iter: 370; loss: 0.477; load time: 0.077; train time: 0.010; slice time: 0.003;]
2021-06-06 04:06:06,370 [ Epoch: 2; iter: 380; loss: 0.537; load time: 0.087; train time: 0.012; slice time: 0.003;]
2021-06-06 04:11:35,490 [ Epoch: 2; iter: 390; loss: 0.531; load time: 0.097; train time: 0.013; slice time: 0.004;]
2021-06-06 04:17:23,802 [ Epoch: 2; iter: 400; loss: 0.501; load time: 0.107; train time: 0.014; slice time: 0.004;]
2021-06-06 04:22:58,717 [ Epoch: 2; iter: 410; loss: 0.687; load time: 0.116; train time: 0.015; slice time: 0.004;]
2021-06-06 04:29:10,858 [ Epoch: 2; iter: 420; loss: 0.450; load time: 0.126; train time: 0.017; slice time: 0.004;]
2021-06-06 04:34:32,510 [ Epoch: 2; iter: 430; loss: 0.405; load time: 0.134; train time: 0.018; slice time: 0.005;]
2021-06-06 04:41:01,815 [ Epoch: 2; iter: 440; loss: 0.482; load time: 0.144; train time: 0.019; slice time: 0.005;]
2021-06-06 04:46:48,546 [ Epoch: 2; iter: 450; loss: 0.492; load time: 0.151; train time: 0.020; slice time: 0.005;]
2021-06-06 04:52:31,445 [ Epoch: 2; iter: 460; loss: 0.415; load time: 0.159; train time: 0.021; slice time: 0.006;]
2021-06-06 04:58:17,436 [ Epoch: 2; iter: 470; loss: 0.463; load time: 0.166; train time: 0.022; slice time: 0.006;]
2021-06-06 05:04:18,563 [ Epoch: 2; iter: 480; loss: 0.390; load time: 0.173; train time: 0.023; slice time: 0.006;]
2021-06-06 05:10:10,963 [ Epoch: 2; iter: 490; loss: 0.489; load time: 0.180; train time: 0.023; slice time: 0.006;]
2021-06-06 05:16:26,723 [ Epoch: 2; iter: 500; loss: 0.556; load time: 0.187; train time: 0.024; slice time: 0.007;]
2021-06-06 05:22:43,995 [ Epoch: 2; iter: 510; loss: 0.636; load time: 0.194; train time: 0.025; slice time: 0.007;]
2021-06-06 05:28:53,600 [ Epoch: 2; iter: 520; loss: 0.590; load time: 0.201; train time: 0.026; slice time: 0.007;]
2021-06-06 05:34:33,241 [ Epoch: 2; iter: 530; loss: 0.521; load time: 0.206; train time: 0.027; slice time: 0.007;]
2021-06-06 05:40:42,145 [ Epoch: 2; iter: 540; loss: 0.443; load time: 0.212; train time: 0.027; slice time: 0.007;]
2021-06-06 05:46:13,712 [ Epoch: 2; iter: 550; loss: 0.506; load time: 0.217; train time: 0.028; slice time: 0.008;]
2021-06-06 05:52:24,130 [ Epoch: 2; iter: 560; loss: 0.456; load time: 0.223; train time: 0.029; slice time: 0.008;]
2021-06-06 05:58:29,757 [ Epoch: 2; iter: 570; loss: 0.356; load time: 0.228; train time: 0.029; slice time: 0.008;]
2021-06-06 06:04:26,562 [ Epoch: 2; iter: 580; loss: 0.543; load time: 0.233; train time: 0.030; slice time: 0.008;]
2021-06-06 06:10:21,117 [ Epoch: 2; iter: 590; loss: 0.343; load time: 0.238; train time: 0.030; slice time: 0.008;]
2021-06-06 06:16:21,459 [ Epoch: 2; iter: 600; loss: 0.384; load time: 0.242; train time: 0.031; slice time: 0.008;]
2021-06-06 06:22:33,978 [ Epoch: 2; iter: 610; loss: 0.437; load time: 0.247; train time: 0.032; slice time: 0.008;]
2021-06-06 06:28:28,301 [ Epoch: 2; iter: 620; loss: 0.483; load time: 0.251; train time: 0.032; slice time: 0.009;]
2021-06-06 06:31:45,750 [ Epoch 2 completed. Time taken: 184.5 minutes. Load time: 0.5070504247824856 mins. Train time: 0.06479571419148145 mins]
2021-06-06 06:31:45,750 [ Average loss: 0.488 ]
2021-06-06 06:31:46,000 Epoch: 3
2021-06-06 06:34:14,213 [ Epoch: 3; iter: 630; loss: 0.488; load time: 0.003; train time: 0.000; slice time: 0.000;]
2021-06-06 06:40:04,903 [ Epoch: 3; iter: 640; loss: 0.489; load time: 0.011; train time: 0.001; slice time: 0.000;]
2021-06-06 06:45:37,629 [ Epoch: 3; iter: 650; loss: 0.416; load time: 0.019; train time: 0.002; slice time: 0.001;]
2021-06-06 06:51:29,126 [ Epoch: 3; iter: 660; loss: 0.390; load time: 0.026; train time: 0.003; slice time: 0.001;]
2021-06-06 06:58:06,096 [ Epoch: 3; iter: 670; loss: 0.446; load time: 0.034; train time: 0.004; slice time: 0.001;]
2021-06-06 07:04:14,074 [ Epoch: 3; iter: 680; loss: 0.475; load time: 0.041; train time: 0.005; slice time: 0.001;]
2021-06-06 07:10:05,466 [ Epoch: 3; iter: 690; loss: 0.486; load time: 0.048; train time: 0.006; slice time: 0.002;]
2021-06-06 07:16:05,673 [ Epoch: 3; iter: 700; loss: 0.421; load time: 0.055; train time: 0.007; slice time: 0.002;]
2021-06-06 07:21:49,069 [ Epoch: 3; iter: 710; loss: 0.412; load time: 0.061; train time: 0.007; slice time: 0.002;]
2021-06-06 07:28:09,949 [ Epoch: 3; iter: 720; loss: 0.382; load time: 0.068; train time: 0.008; slice time: 0.002;]
2021-06-06 07:33:54,436 [ Epoch: 3; iter: 730; loss: 0.414; load time: 0.074; train time: 0.009; slice time: 0.002;]
2021-06-06 07:40:03,646 [ Epoch: 3; iter: 740; loss: 0.328; load time: 0.080; train time: 0.010; slice time: 0.003;]
2021-06-06 07:46:17,486 [ Epoch: 3; iter: 750; loss: 0.432; load time: 0.086; train time: 0.010; slice time: 0.003;]
2021-06-06 07:53:46,787 [ Epoch: 3; iter: 760; loss: 0.457; load time: 0.094; train time: 0.011; slice time: 0.003;]
2021-06-06 07:59:53,505 [ Epoch: 3; iter: 770; loss: 0.415; load time: 0.099; train time: 0.012; slice time: 0.003;]
2021-06-06 08:05:49,991 [ Epoch: 3; iter: 780; loss: 0.481; load time: 0.105; train time: 0.012; slice time: 0.003;]
2021-06-06 08:12:18,226 [ Epoch: 3; iter: 790; loss: 0.492; load time: 0.111; train time: 0.013; slice time: 0.004;]
2021-06-06 08:18:18,230 [ Epoch: 3; iter: 800; loss: 0.432; load time: 0.116; train time: 0.014; slice time: 0.004;]
2021-06-06 08:24:13,818 [ Epoch: 3; iter: 810; loss: 0.409; load time: 0.121; train time: 0.014; slice time: 0.004;]
2021-06-06 08:30:01,732 [ Epoch: 3; iter: 820; loss: 0.437; load time: 0.125; train time: 0.015; slice time: 0.004;]
2021-06-06 08:36:18,475 [ Epoch: 3; iter: 830; loss: 0.361; load time: 0.130; train time: 0.016; slice time: 0.004;]
2021-06-06 08:42:46,798 [ Epoch: 3; iter: 840; loss: 0.393; load time: 0.135; train time: 0.016; slice time: 0.004;]
2021-06-06 08:48:58,552 [ Epoch: 3; iter: 850; loss: 0.465; load time: 0.140; train time: 0.017; slice time: 0.005;]
2021-06-06 08:55:40,209 [ Epoch: 3; iter: 860; loss: 0.396; load time: 0.145; train time: 0.017; slice time: 0.005;]
2021-06-06 09:02:01,877 [ Epoch: 3; iter: 870; loss: 0.403; load time: 0.150; train time: 0.018; slice time: 0.005;]
2021-06-06 09:08:23,333 [ Epoch: 3; iter: 880; loss: 0.356; load time: 0.155; train time: 0.018; slice time: 0.005;]
2021-06-06 09:14:17,404 [ Epoch: 3; iter: 890; loss: 0.507; load time: 0.159; train time: 0.019; slice time: 0.005;]
2021-06-06 09:20:35,586 [ Epoch: 3; iter: 900; loss: 0.361; load time: 0.163; train time: 0.019; slice time: 0.005;]
2021-06-06 09:26:25,450 [ Epoch: 3; iter: 910; loss: 0.412; load time: 0.167; train time: 0.020; slice time: 0.005;]
2021-06-06 09:32:36,350 [ Epoch: 3; iter: 920; loss: 0.383; load time: 0.171; train time: 0.020; slice time: 0.005;]
2021-06-06 09:38:31,023 [ Epoch: 3; iter: 930; loss: 0.430; load time: 0.174; train time: 0.021; slice time: 0.006;]
2021-06-06 09:43:37,702 [ Epoch 3 completed. Time taken: 191.9 minutes. Load time: 0.5319338206665964 mins. Train time: 0.06382606704902856 mins]
2021-06-06 09:43:37,703 [ Average loss: 0.440 ]
2021-06-06 09:43:37,929 Epoch: 4
2021-06-06 09:44:05,190 [ Epoch: 4; iter: 940; loss: 0.383; load time: 0.000; train time: 0.000; slice time: 0.000;]
2021-06-06 09:50:20,114 [ Epoch: 4; iter: 950; loss: 0.416; load time: 0.006; train time: 0.001; slice time: 0.000;]
2021-06-06 09:57:02,513 [ Epoch: 4; iter: 960; loss: 0.427; load time: 0.012; train time: 0.001; slice time: 0.000;]
2021-06-06 10:02:59,856 [ Epoch: 4; iter: 970; loss: 0.431; load time: 0.017; train time: 0.002; slice time: 0.001;]
2021-06-06 10:09:27,461 [ Epoch: 4; iter: 980; loss: 0.372; load time: 0.023; train time: 0.003; slice time: 0.001;]
2021-06-06 10:15:23,347 [ Epoch: 4; iter: 990; loss: 0.393; load time: 0.028; train time: 0.003; slice time: 0.001;]
2021-06-06 10:21:27,776 [ Epoch: 4; iter: 1000; loss: 0.357; load time: 0.033; train time: 0.004; slice time: 0.001;]
2021-06-06 10:27:24,680 [ Epoch: 4; iter: 1010; loss: 0.381; load time: 0.038; train time: 0.005; slice time: 0.001;]
2021-06-06 10:33:31,517 [ Epoch: 4; iter: 1020; loss: 0.389; load time: 0.042; train time: 0.005; slice time: 0.001;]
2021-06-06 10:39:30,239 [ Epoch: 4; iter: 1030; loss: 0.451; load time: 0.047; train time: 0.006; slice time: 0.002;]
2021-06-06 10:46:12,569 [ Epoch: 4; iter: 1040; loss: 0.431; load time: 0.052; train time: 0.006; slice time: 0.002;]
2021-06-06 10:52:29,295 [ Epoch: 4; iter: 1050; loss: 0.408; load time: 0.057; train time: 0.007; slice time: 0.002;]
2021-06-06 10:59:10,388 [ Epoch: 4; iter: 1060; loss: 0.349; load time: 0.062; train time: 0.007; slice time: 0.002;]
2021-06-06 11:04:28,555 [ Epoch: 4; iter: 1070; loss: 0.412; load time: 0.065; train time: 0.008; slice time: 0.002;]
2021-06-06 11:10:37,511 [ Epoch: 4; iter: 1080; loss: 0.315; load time: 0.070; train time: 0.009; slice time: 0.002;]
2021-06-06 11:16:38,689 [ Epoch: 4; iter: 1090; loss: 0.443; load time: 0.074; train time: 0.009; slice time: 0.002;]
2021-06-06 11:22:32,004 [ Epoch: 4; iter: 1100; loss: 0.450; load time: 0.078; train time: 0.010; slice time: 0.003;]
2021-06-06 11:29:01,556 [ Epoch: 4; iter: 1110; loss: 0.578; load time: 0.082; train time: 0.010; slice time: 0.003;]
2021-06-06 11:34:50,009 [ Epoch: 4; iter: 1120; loss: 0.326; load time: 0.086; train time: 0.011; slice time: 0.003;]
2021-06-06 11:40:48,030 [ Epoch: 4; iter: 1130; loss: 0.438; load time: 0.090; train time: 0.011; slice time: 0.003;]
2021-06-06 11:46:28,502 [ Epoch: 4; iter: 1140; loss: 0.333; load time: 0.093; train time: 0.011; slice time: 0.003;]
2021-06-06 11:52:28,386 [ Epoch: 4; iter: 1150; loss: 0.447; load time: 0.097; train time: 0.012; slice time: 0.003;]
2021-06-06 11:59:12,372 [ Epoch: 4; iter: 1160; loss: 0.390; load time: 0.101; train time: 0.012; slice time: 0.003;]
2021-06-06 12:05:31,073 [ Epoch: 4; iter: 1170; loss: 0.414; load time: 0.105; train time: 0.013; slice time: 0.003;]
2021-06-06 12:11:27,619 [ Epoch: 4; iter: 1180; loss: 0.513; load time: 0.108; train time: 0.013; slice time: 0.004;]
2021-06-06 12:17:24,429 [ Epoch: 4; iter: 1190; loss: 0.347; load time: 0.112; train time: 0.014; slice time: 0.004;]
2021-06-06 12:23:35,843 [ Epoch: 4; iter: 1200; loss: 0.395; load time: 0.115; train time: 0.014; slice time: 0.004;]
2021-06-06 12:29:56,653 [ Epoch: 4; iter: 1210; loss: 0.420; load time: 0.119; train time: 0.015; slice time: 0.004;]
2021-06-06 12:35:58,718 [ Epoch: 4; iter: 1220; loss: 0.340; load time: 0.122; train time: 0.015; slice time: 0.004;]
2021-06-06 12:41:39,291 [ Epoch: 4; iter: 1230; loss: 0.348; load time: 0.125; train time: 0.015; slice time: 0.004;]
2021-06-06 12:47:58,629 [ Epoch: 4; iter: 1240; loss: 0.444; load time: 0.129; train time: 0.016; slice time: 0.004;]
2021-06-06 12:54:06,117 [ Epoch: 4; iter: 1250; loss: 0.489; load time: 0.132; train time: 0.016; slice time: 0.004;]
2021-06-06 12:54:59,046 [ Epoch 4 completed. Time taken: 191.4 minutes. Load time: 0.5287912533940851 mins. Train time: 0.06500365468767628 mins]
2021-06-06 12:54:59,046 [ Average loss: 0.412 ]
2021-06-06 12:54:59,284 Epoch: 5
2021-06-06 12:59:47,346 [ Epoch: 5; iter: 1260; loss: 0.398; load time: 0.003; train time: 0.000; slice time: 0.000;]
2021-06-06 13:05:32,990 [ Epoch: 5; iter: 1270; loss: 0.501; load time: 0.007; train time: 0.001; slice time: 0.000;]
2021-06-06 13:11:22,417 [ Epoch: 5; iter: 1280; loss: 0.353; load time: 0.011; train time: 0.001; slice time: 0.000;]
2021-06-06 13:17:08,267 [ Epoch: 5; iter: 1290; loss: 0.348; load time: 0.015; train time: 0.002; slice time: 0.000;]
2021-06-06 13:23:24,318 [ Epoch: 5; iter: 1300; loss: 0.385; load time: 0.019; train time: 0.002; slice time: 0.001;]
2021-06-06 13:29:31,719 [ Epoch: 5; iter: 1310; loss: 0.399; load time: 0.023; train time: 0.003; slice time: 0.001;]
2021-06-06 13:35:52,398 [ Epoch: 5; iter: 1320; loss: 0.341; load time: 0.027; train time: 0.003; slice time: 0.001;]
2021-06-06 13:41:51,482 [ Epoch: 5; iter: 1330; loss: 0.492; load time: 0.030; train time: 0.004; slice time: 0.001;]
2021-06-06 13:47:48,369 [ Epoch: 5; iter: 1340; loss: 0.466; load time: 0.034; train time: 0.004; slice time: 0.001;]
2021-06-06 13:53:45,361 [ Epoch: 5; iter: 1350; loss: 0.411; load time: 0.038; train time: 0.005; slice time: 0.001;]
2021-06-06 14:00:01,712 [ Epoch: 5; iter: 1360; loss: 0.325; load time: 0.041; train time: 0.005; slice time: 0.001;]
2021-06-06 14:06:16,025 [ Epoch: 5; iter: 1370; loss: 0.421; load time: 0.045; train time: 0.006; slice time: 0.001;]
2021-06-06 14:12:19,604 [ Epoch: 5; iter: 1380; loss: 0.443; load time: 0.048; train time: 0.006; slice time: 0.002;]
2021-06-06 14:18:08,446 [ Epoch: 5; iter: 1390; loss: 0.373; load time: 0.052; train time: 0.006; slice time: 0.002;]
2021-06-06 14:23:46,572 [ Epoch: 5; iter: 1400; loss: 0.401; load time: 0.055; train time: 0.007; slice time: 0.002;]
2021-06-06 14:29:42,525 [ Epoch: 5; iter: 1410; loss: 0.415; load time: 0.058; train time: 0.007; slice time: 0.002;]
2021-06-06 14:35:53,605 [ Epoch: 5; iter: 1420; loss: 0.396; load time: 0.061; train time: 0.008; slice time: 0.002;]
2021-06-06 14:42:09,956 [ Epoch: 5; iter: 1430; loss: 0.395; load time: 0.065; train time: 0.008; slice time: 0.002;]
2021-06-06 14:47:58,495 [ Epoch: 5; iter: 1440; loss: 0.380; load time: 0.068; train time: 0.008; slice time: 0.002;]
2021-06-06 14:54:24,060 [ Epoch: 5; iter: 1450; loss: 0.508; load time: 0.071; train time: 0.009; slice time: 0.002;]
2021-06-06 15:00:26,384 [ Epoch: 5; iter: 1460; loss: 0.395; load time: 0.074; train time: 0.009; slice time: 0.002;]
2021-06-06 15:05:55,324 [ Epoch: 5; iter: 1470; loss: 0.359; load time: 0.077; train time: 0.010; slice time: 0.003;]
2021-06-06 15:11:41,108 [ Epoch: 5; iter: 1480; loss: 0.442; load time: 0.080; train time: 0.010; slice time: 0.003;]
2021-06-06 15:17:00,839 [ Epoch: 5; iter: 1490; loss: 0.387; load time: 0.082; train time: 0.010; slice time: 0.003;]
2021-06-06 15:22:42,559 [ Epoch: 5; iter: 1500; loss: 0.334; load time: 0.085; train time: 0.011; slice time: 0.003;]
2021-06-06 15:28:31,469 [ Epoch: 5; iter: 1510; loss: 0.411; load time: 0.088; train time: 0.011; slice time: 0.003;]
2021-06-06 15:34:41,683 [ Epoch: 5; iter: 1520; loss: 0.410; load time: 0.091; train time: 0.011; slice time: 0.003;]
2021-06-06 15:40:39,360 [ Epoch: 5; iter: 1530; loss: 0.385; load time: 0.093; train time: 0.012; slice time: 0.003;]
2021-06-06 15:46:17,357 [ Epoch: 5; iter: 1540; loss: 0.365; load time: 0.096; train time: 0.012; slice time: 0.003;]
2021-06-06 15:52:02,098 [ Epoch: 5; iter: 1550; loss: 0.320; load time: 0.098; train time: 0.012; slice time: 0.003;]
2021-06-06 15:57:38,797 [ Epoch: 5; iter: 1560; loss: 0.330; load time: 0.101; train time: 0.013; slice time: 0.003;]
2021-06-06 16:00:44,541 [ Epoch 5 completed. Time taken: 185.8 minutes. Load time: 0.5116076555876689 mins. Train time: 0.06458674125904984 mins]
2021-06-06 16:00:44,542 [ Average loss: 0.390 ]
2021-06-06 16:00:44,751 Epoch: 6
2021-06-06 16:03:17,729 [ Epoch: 6; iter: 1570; loss: 0.359; load time: 0.001; train time: 0.000; slice time: 0.000;]
2021-06-06 16:09:07,780 [ Epoch: 6; iter: 1580; loss: 0.462; load time: 0.005; train time: 0.001; slice time: 0.000;]
2021-06-06 16:14:17,354 [ Epoch: 6; iter: 1590; loss: 0.296; load time: 0.007; train time: 0.001; slice time: 0.000;]
2021-06-06 16:20:14,377 [ Epoch: 6; iter: 1600; loss: 0.430; load time: 0.010; train time: 0.001; slice time: 0.000;]
2021-06-06 16:26:26,241 [ Epoch: 6; iter: 1610; loss: 0.395; load time: 0.014; train time: 0.002; slice time: 0.000;]
2021-06-06 16:32:16,170 [ Epoch: 6; iter: 1620; loss: 0.323; load time: 0.017; train time: 0.002; slice time: 0.001;]
2021-06-06 16:38:15,733 [ Epoch: 6; iter: 1630; loss: 0.462; load time: 0.020; train time: 0.003; slice time: 0.001;]
2021-06-06 16:43:47,110 [ Epoch: 6; iter: 1640; loss: 0.313; load time: 0.023; train time: 0.003; slice time: 0.001;]
2021-06-06 16:49:31,892 [ Epoch: 6; iter: 1650; loss: 0.392; load time: 0.025; train time: 0.003; slice time: 0.001;]
2021-06-06 16:55:56,703 [ Epoch: 6; iter: 1660; loss: 0.397; load time: 0.029; train time: 0.004; slice time: 0.001;]
2021-06-06 17:02:03,352 [ Epoch: 6; iter: 1670; loss: 0.387; load time: 0.032; train time: 0.004; slice time: 0.001;]
2021-06-06 17:07:48,803 [ Epoch: 6; iter: 1680; loss: 0.318; load time: 0.034; train time: 0.004; slice time: 0.001;]
2021-06-06 17:13:29,253 [ Epoch: 6; iter: 1690; loss: 0.397; load time: 0.037; train time: 0.005; slice time: 0.001;]
2021-06-06 17:19:19,846 [ Epoch: 6; iter: 1700; loss: 0.432; load time: 0.040; train time: 0.005; slice time: 0.001;]
2021-06-06 17:25:27,385 [ Epoch: 6; iter: 1710; loss: 0.396; load time: 0.043; train time: 0.005; slice time: 0.001;]
2021-06-06 17:30:56,074 [ Epoch: 6; iter: 1720; loss: 0.336; load time: 0.045; train time: 0.006; slice time: 0.002;]
2021-06-06 17:36:20,381 [ Epoch: 6; iter: 1730; loss: 0.431; load time: 0.047; train time: 0.006; slice time: 0.002;]
2021-06-06 17:41:57,647 [ Epoch: 6; iter: 1740; loss: 0.351; load time: 0.050; train time: 0.006; slice time: 0.002;]
2021-06-06 17:48:06,864 [ Epoch: 6; iter: 1750; loss: 0.299; load time: 0.053; train time: 0.007; slice time: 0.002;]
2021-06-06 17:54:04,110 [ Epoch: 6; iter: 1760; loss: 0.361; load time: 0.055; train time: 0.007; slice time: 0.002;]
2021-06-06 18:00:36,849 [ Epoch: 6; iter: 1770; loss: 0.306; load time: 0.058; train time: 0.008; slice time: 0.002;]
2021-06-06 18:06:05,088 [ Epoch: 6; iter: 1780; loss: 0.431; load time: 0.060; train time: 0.008; slice time: 0.002;]
2021-06-06 18:11:59,768 [ Epoch: 6; iter: 1790; loss: 0.509; load time: 0.063; train time: 0.008; slice time: 0.002;]
2021-06-06 18:17:36,211 [ Epoch: 6; iter: 1800; loss: 0.352; load time: 0.065; train time: 0.008; slice time: 0.002;]
2021-06-06 18:23:32,693 [ Epoch: 6; iter: 1810; loss: 0.533; load time: 0.068; train time: 0.009; slice time: 0.002;]
2021-06-06 18:29:21,780 [ Epoch: 6; iter: 1820; loss: 0.368; load time: 0.070; train time: 0.009; slice time: 0.002;]
2021-06-06 18:35:03,498 [ Epoch: 6; iter: 1830; loss: 0.322; load time: 0.072; train time: 0.009; slice time: 0.003;]
2021-06-06 18:40:42,043 [ Epoch: 6; iter: 1840; loss: 0.372; load time: 0.075; train time: 0.010; slice time: 0.003;]
2021-06-06 18:46:16,743 [ Epoch: 6; iter: 1850; loss: 0.280; load time: 0.077; train time: 0.010; slice time: 0.003;]
2021-06-06 18:51:55,729 [ Epoch: 6; iter: 1860; loss: 0.399; load time: 0.079; train time: 0.010; slice time: 0.003;]
2021-06-06 18:58:21,009 [ Epoch: 6; iter: 1870; loss: 0.376; load time: 0.082; train time: 0.011; slice time: 0.003;]
2021-06-06 19:03:13,005 [ Epoch 6 completed. Time taken: 182.5 minutes. Load time: 0.5006491473942389 mins. Train time: 0.064764176034572 mins]
2021-06-06 19:03:13,006 [ Average loss: 0.369 ]
2021-06-06 19:03:13,211 Epoch: 7
2021-06-06 19:04:01,349 [ Epoch: 7; iter: 1880; loss: 0.282; load time: 0.000; train time: 0.000; slice time: 0.000;]
2021-06-06 19:09:45,164 [ Epoch: 7; iter: 1890; loss: 0.368; load time: 0.003; train time: 0.000; slice time: 0.000;]
2021-06-06 19:15:25,897 [ Epoch: 7; iter: 1900; loss: 0.334; load time: 0.006; train time: 0.001; slice time: 0.000;]
2021-06-06 19:21:07,053 [ Epoch: 7; iter: 1910; loss: 0.292; load time: 0.008; train time: 0.001; slice time: 0.000;]
2021-06-06 19:26:37,644 [ Epoch: 7; iter: 1920; loss: 0.356; load time: 0.010; train time: 0.001; slice time: 0.000;]
2021-06-06 19:32:31,058 [ Epoch: 7; iter: 1930; loss: 0.385; load time: 0.013; train time: 0.002; slice time: 0.000;]
2021-06-06 19:38:24,806 [ Epoch: 7; iter: 1940; loss: 0.328; load time: 0.016; train time: 0.002; slice time: 0.001;]
2021-06-06 19:44:39,579 [ Epoch: 7; iter: 1950; loss: 0.340; load time: 0.018; train time: 0.002; slice time: 0.001;]
2021-06-06 19:50:03,082 [ Epoch: 7; iter: 1960; loss: 0.256; load time: 0.020; train time: 0.003; slice time: 0.001;]
2021-06-06 19:55:37,984 [ Epoch: 7; iter: 1970; loss: 0.362; load time: 0.023; train time: 0.003; slice time: 0.001;]
2021-06-06 20:02:05,443 [ Epoch: 7; iter: 1980; loss: 0.329; load time: 0.026; train time: 0.003; slice time: 0.001;]
2021-06-06 20:07:48,833 [ Epoch: 7; iter: 1990; loss: 0.288; load time: 0.028; train time: 0.004; slice time: 0.001;]
2021-06-06 20:13:43,916 [ Epoch: 7; iter: 2000; loss: 0.305; load time: 0.030; train time: 0.004; slice time: 0.001;]
2021-06-06 20:19:50,187 [ Epoch: 7; iter: 2010; loss: 0.367; load time: 0.033; train time: 0.004; slice time: 0.001;]
2021-06-06 20:25:25,034 [ Epoch: 7; iter: 2020; loss: 0.263; load time: 0.035; train time: 0.005; slice time: 0.001;]
2021-06-06 20:31:05,627 [ Epoch: 7; iter: 2030; loss: 0.249; load time: 0.037; train time: 0.005; slice time: 0.001;]
2021-06-06 20:36:30,926 [ Epoch: 7; iter: 2040; loss: 0.257; load time: 0.039; train time: 0.005; slice time: 0.001;]
2021-06-06 20:42:29,277 [ Epoch: 7; iter: 2050; loss: 0.355; load time: 0.042; train time: 0.005; slice time: 0.001;]
2021-06-06 20:48:33,059 [ Epoch: 7; iter: 2060; loss: 0.280; load time: 0.044; train time: 0.006; slice time: 0.002;]
2021-06-06 20:53:16,875 [ Epoch: 7; iter: 2070; loss: 0.297; load time: 0.046; train time: 0.006; slice time: 0.002;]
2021-06-06 20:59:47,844 [ Epoch: 7; iter: 2080; loss: 0.307; load time: 0.048; train time: 0.006; slice time: 0.002;]
2021-06-06 21:06:23,705 [ Epoch: 7; iter: 2090; loss: 0.403; load time: 0.051; train time: 0.007; slice time: 0.002;]
2021-06-06 21:12:33,719 [ Epoch: 7; iter: 2100; loss: 0.338; load time: 0.053; train time: 0.007; slice time: 0.002;]
2021-06-06 21:18:10,397 [ Epoch: 7; iter: 2110; loss: 0.308; load time: 0.055; train time: 0.007; slice time: 0.002;]
2021-06-06 21:23:57,816 [ Epoch: 7; iter: 2120; loss: 0.303; load time: 0.057; train time: 0.007; slice time: 0.002;]
2021-06-06 21:29:56,928 [ Epoch: 7; iter: 2130; loss: 0.340; load time: 0.059; train time: 0.008; slice time: 0.002;]
2021-06-06 21:36:22,769 [ Epoch: 7; iter: 2140; loss: 0.359; load time: 0.061; train time: 0.008; slice time: 0.002;]
2021-06-06 21:41:59,635 [ Epoch: 7; iter: 2150; loss: 0.369; load time: 0.063; train time: 0.008; slice time: 0.002;]
2021-06-06 21:48:15,915 [ Epoch: 7; iter: 2160; loss: 0.367; load time: 0.066; train time: 0.008; slice time: 0.002;]
2021-06-06 21:53:59,656 [ Epoch: 7; iter: 2170; loss: 0.393; load time: 0.068; train time: 0.009; slice time: 0.002;]
2021-06-06 21:59:29,723 [ Epoch: 7; iter: 2180; loss: 0.286; load time: 0.069; train time: 0.009; slice time: 0.002;]
2021-06-06 22:05:51,586 [ Epoch: 7; iter: 2190; loss: 0.304; load time: 0.072; train time: 0.009; slice time: 0.002;]
2021-06-06 22:06:14,449 [ Epoch 7 completed. Time taken: 183.0 minutes. Load time: 0.5024704504444705 mins. Train time: 0.06456721096881791 mins]
2021-06-06 22:06:14,449 [ Average loss: 0.348 ]
2021-06-06 22:06:14,668 Epoch: 8
2021-06-06 22:10:58,794 [ Epoch: 8; iter: 2200; loss: 0.284; load time: 0.002; train time: 0.000; slice time: 0.000;]
2021-06-06 22:16:38,257 [ Epoch: 8; iter: 2210; loss: 0.289; load time: 0.004; train time: 0.001; slice time: 0.000;]
2021-06-06 22:22:19,120 [ Epoch: 8; iter: 2220; loss: 0.365; load time: 0.006; train time: 0.001; slice time: 0.000;]
2021-06-06 22:28:13,889 [ Epoch: 8; iter: 2230; loss: 0.291; load time: 0.008; train time: 0.001; slice time: 0.000;]
2021-06-06 22:34:14,392 [ Epoch: 8; iter: 2240; loss: 0.235; load time: 0.011; train time: 0.001; slice time: 0.000;]
2021-06-06 22:40:04,478 [ Epoch: 8; iter: 2250; loss: 0.277; load time: 0.013; train time: 0.002; slice time: 0.000;]
2021-06-06 22:45:53,012 [ Epoch: 8; iter: 2260; loss: 0.289; load time: 0.015; train time: 0.002; slice time: 0.001;]
2021-06-06 22:51:41,175 [ Epoch: 8; iter: 2270; loss: 0.556; load time: 0.017; train time: 0.002; slice time: 0.001;]
2021-06-06 22:57:37,702 [ Epoch: 8; iter: 2280; loss: 0.367; load time: 0.019; train time: 0.003; slice time: 0.001;]
2021-06-06 23:03:03,666 [ Epoch: 8; iter: 2290; loss: 0.331; load time: 0.021; train time: 0.003; slice time: 0.001;]
2021-06-06 23:10:01,981 [ Epoch: 8; iter: 2300; loss: 0.297; load time: 0.024; train time: 0.003; slice time: 0.001;]
2021-06-06 23:15:53,091 [ Epoch: 8; iter: 2310; loss: 0.396; load time: 0.026; train time: 0.003; slice time: 0.001;]
2021-06-06 23:21:01,082 [ Epoch: 8; iter: 2320; loss: 0.317; load time: 0.028; train time: 0.004; slice time: 0.001;]
2021-06-06 23:26:52,487 [ Epoch: 8; iter: 2330; loss: 0.250; load time: 0.030; train time: 0.004; slice time: 0.001;]
2021-06-06 23:32:57,180 [ Epoch: 8; iter: 2340; loss: 0.280; load time: 0.032; train time: 0.004; slice time: 0.001;]
2021-06-06 23:38:36,986 [ Epoch: 8; iter: 2350; loss: 0.345; load time: 0.034; train time: 0.004; slice time: 0.001;]
2021-06-06 23:44:30,774 [ Epoch: 8; iter: 2360; loss: 0.280; load time: 0.036; train time: 0.005; slice time: 0.001;]
2021-06-06 23:50:00,921 [ Epoch: 8; iter: 2370; loss: 0.356; load time: 0.038; train time: 0.005; slice time: 0.001;]
2021-06-06 23:56:03,794 [ Epoch: 8; iter: 2380; loss: 0.328; load time: 0.040; train time: 0.005; slice time: 0.001;]
2021-06-07 00:01:51,164 [ Epoch: 8; iter: 2390; loss: 0.382; load time: 0.041; train time: 0.005; slice time: 0.001;]
2021-06-07 00:07:50,885 [ Epoch: 8; iter: 2400; loss: 0.275; load time: 0.043; train time: 0.006; slice time: 0.002;]
2021-06-07 00:13:32,396 [ Epoch: 8; iter: 2410; loss: 0.282; load time: 0.045; train time: 0.006; slice time: 0.002;]
2021-06-07 00:19:03,607 [ Epoch: 8; iter: 2420; loss: 0.389; load time: 0.047; train time: 0.006; slice time: 0.002;]
2021-06-07 00:25:08,499 [ Epoch: 8; iter: 2430; loss: 0.311; load time: 0.049; train time: 0.006; slice time: 0.002;]
2021-06-07 00:30:26,693 [ Epoch: 8; iter: 2440; loss: 0.305; load time: 0.051; train time: 0.007; slice time: 0.002;]
2021-06-07 00:36:19,106 [ Epoch: 8; iter: 2450; loss: 0.385; load time: 0.053; train time: 0.007; slice time: 0.002;]
2021-06-07 00:42:22,805 [ Epoch: 8; iter: 2460; loss: 0.318; load time: 0.054; train time: 0.007; slice time: 0.002;]
2021-06-07 00:48:02,751 [ Epoch: 8; iter: 2470; loss: 0.305; load time: 0.056; train time: 0.007; slice time: 0.002;]
2021-06-07 00:53:31,885 [ Epoch: 8; iter: 2480; loss: 0.354; load time: 0.058; train time: 0.008; slice time: 0.002;]
2021-06-07 00:58:58,503 [ Epoch: 8; iter: 2490; loss: 0.355; load time: 0.059; train time: 0.008; slice time: 0.002;]
2021-06-07 01:04:56,660 [ Epoch: 8; iter: 2500; loss: 0.229; load time: 0.061; train time: 0.008; slice time: 0.002;]
2021-06-07 01:07:04,812 [ Epoch 8 completed. Time taken: 180.8 minutes. Load time: 0.4955613847230824 mins. Train time: 0.06447613133916962 mins]
2021-06-07 01:07:04,812 [ Average loss: 0.324 ]
2021-06-07 01:07:05,028 Epoch: 9
2021-06-07 01:11:25,943 [ Epoch: 9; iter: 2510; loss: 0.341; load time: 0.002; train time: 0.000; slice time: 0.000;]
2021-06-07 01:17:31,489 [ Epoch: 9; iter: 2520; loss: 0.365; load time: 0.004; train time: 0.000; slice time: 0.000;]
2021-06-07 01:23:02,788 [ Epoch: 9; iter: 2530; loss: 0.240; load time: 0.005; train time: 0.001; slice time: 0.000;]
2021-06-07 01:29:17,410 [ Epoch: 9; iter: 2540; loss: 0.308; load time: 0.008; train time: 0.001; slice time: 0.000;]
2021-06-07 01:34:58,535 [ Epoch: 9; iter: 2550; loss: 0.352; load time: 0.009; train time: 0.001; slice time: 0.000;]
2021-06-07 01:40:54,358 [ Epoch: 9; iter: 2560; loss: 0.292; load time: 0.011; train time: 0.001; slice time: 0.000;]
2021-06-07 01:46:37,241 [ Epoch: 9; iter: 2570; loss: 0.257; load time: 0.013; train time: 0.002; slice time: 0.000;]
2021-06-07 01:52:09,224 [ Epoch: 9; iter: 2580; loss: 0.326; load time: 0.015; train time: 0.002; slice time: 0.000;]
2021-06-07 01:57:55,557 [ Epoch: 9; iter: 2590; loss: 0.258; load time: 0.017; train time: 0.002; slice time: 0.001;]
2021-06-07 02:04:12,667 [ Epoch: 9; iter: 2600; loss: 0.258; load time: 0.019; train time: 0.002; slice time: 0.001;]
2021-06-07 02:10:17,372 [ Epoch: 9; iter: 2610; loss: 0.350; load time: 0.021; train time: 0.003; slice time: 0.001;]
2021-06-07 02:15:41,782 [ Epoch: 9; iter: 2620; loss: 0.300; load time: 0.022; train time: 0.003; slice time: 0.001;]
2021-06-07 02:21:24,419 [ Epoch: 9; iter: 2630; loss: 0.275; load time: 0.024; train time: 0.003; slice time: 0.001;]
2021-06-07 02:26:45,615 [ Epoch: 9; iter: 2640; loss: 0.250; load time: 0.026; train time: 0.003; slice time: 0.001;]
2021-06-07 02:32:36,403 [ Epoch: 9; iter: 2650; loss: 0.324; load time: 0.028; train time: 0.004; slice time: 0.001;]
2021-06-07 02:38:21,831 [ Epoch: 9; iter: 2660; loss: 0.343; load time: 0.029; train time: 0.004; slice time: 0.001;]
2021-06-07 02:43:15,502 [ Epoch: 9; iter: 2670; loss: 0.303; load time: 0.031; train time: 0.004; slice time: 0.001;]
2021-06-07 02:48:48,991 [ Epoch: 9; iter: 2680; loss: 0.294; load time: 0.033; train time: 0.004; slice time: 0.001;]
2021-06-07 02:54:43,778 [ Epoch: 9; iter: 2690; loss: 0.305; load time: 0.034; train time: 0.005; slice time: 0.001;]
2021-06-07 03:00:03,990 [ Epoch: 9; iter: 2700; loss: 0.320; load time: 0.036; train time: 0.005; slice time: 0.001;]
2021-06-07 03:06:01,365 [ Epoch: 9; iter: 2710; loss: 0.285; load time: 0.038; train time: 0.005; slice time: 0.001;]
2021-06-07 03:10:54,091 [ Epoch: 9; iter: 2720; loss: 0.378; load time: 0.039; train time: 0.005; slice time: 0.001;]
2021-06-07 03:16:31,114 [ Epoch: 9; iter: 2730; loss: 0.374; load time: 0.041; train time: 0.005; slice time: 0.001;]
2021-06-07 03:22:19,396 [ Epoch: 9; iter: 2740; loss: 0.299; load time: 0.042; train time: 0.006; slice time: 0.001;]
2021-06-07 03:27:41,670 [ Epoch: 9; iter: 2750; loss: 0.308; load time: 0.044; train time: 0.006; slice time: 0.002;]
2021-06-07 03:33:01,453 [ Epoch: 9; iter: 2760; loss: 0.266; load time: 0.045; train time: 0.006; slice time: 0.002;]
2021-06-07 03:38:28,906 [ Epoch: 9; iter: 2770; loss: 0.298; load time: 0.047; train time: 0.006; slice time: 0.002;]
2021-06-07 03:43:22,909 [ Epoch: 9; iter: 2780; loss: 0.291; load time: 0.048; train time: 0.006; slice time: 0.002;]
2021-06-07 03:49:11,065 [ Epoch: 9; iter: 2790; loss: 0.246; load time: 0.050; train time: 0.007; slice time: 0.002;]
2021-06-07 03:54:51,339 [ Epoch: 9; iter: 2800; loss: 0.266; load time: 0.051; train time: 0.007; slice time: 0.002;]
2021-06-07 04:00:05,917 [ Epoch: 9; iter: 2810; loss: 0.250; load time: 0.053; train time: 0.007; slice time: 0.002;]
2021-06-07 04:03:36,312 [ Epoch 9 completed. Time taken: 176.5 minutes. Load time: 0.4820901997300126 mins. Train time: 0.06435554744844377 mins]
2021-06-07 04:03:36,312 [ Average loss: 0.307 ]
2021-06-07 04:03:36,510 Epoch: 10
2021-06-07 04:05:24,383 [ Epoch: 10; iter: 2820; loss: 0.299; load time: 0.001; train time: 0.000; slice time: 0.000;]
2021-06-07 04:10:36,744 [ Epoch: 10; iter: 2830; loss: 0.300; load time: 0.002; train time: 0.000; slice time: 0.000;]
2021-06-07 04:15:25,262 [ Epoch: 10; iter: 2840; loss: 0.305; load time: 0.004; train time: 0.000; slice time: 0.000;]
2021-06-07 04:21:11,520 [ Epoch: 10; iter: 2850; loss: 0.282; load time: 0.005; train time: 0.001; slice time: 0.000;]
2021-06-07 04:26:59,371 [ Epoch: 10; iter: 2860; loss: 0.274; load time: 0.007; train time: 0.001; slice time: 0.000;]
2021-06-07 04:32:50,182 [ Epoch: 10; iter: 2870; loss: 0.278; load time: 0.009; train time: 0.001; slice time: 0.000;]
2021-06-07 04:38:28,167 [ Epoch: 10; iter: 2880; loss: 0.275; load time: 0.010; train time: 0.001; slice time: 0.000;]
2021-06-07 04:43:50,211 [ Epoch: 10; iter: 2890; loss: 0.372; load time: 0.012; train time: 0.002; slice time: 0.000;]
2021-06-07 04:49:29,042 [ Epoch: 10; iter: 2900; loss: 0.310; load time: 0.013; train time: 0.002; slice time: 0.000;]
2021-06-07 04:55:01,896 [ Epoch: 10; iter: 2910; loss: 0.292; load time: 0.015; train time: 0.002; slice time: 0.001;]
2021-06-07 05:01:14,764 [ Epoch: 10; iter: 2920; loss: 0.306; load time: 0.017; train time: 0.002; slice time: 0.001;]
2021-06-07 05:06:45,837 [ Epoch: 10; iter: 2930; loss: 0.282; load time: 0.018; train time: 0.002; slice time: 0.001;]
2021-06-07 05:12:27,971 [ Epoch: 10; iter: 2940; loss: 0.278; load time: 0.020; train time: 0.003; slice time: 0.001;]
2021-06-07 05:17:47,546 [ Epoch: 10; iter: 2950; loss: 0.432; load time: 0.021; train time: 0.003; slice time: 0.001;]
2021-06-07 05:23:12,983 [ Epoch: 10; iter: 2960; loss: 0.350; load time: 0.023; train time: 0.003; slice time: 0.001;]
2021-06-07 05:28:20,452 [ Epoch: 10; iter: 2970; loss: 0.274; load time: 0.024; train time: 0.003; slice time: 0.001;]
2021-06-07 05:33:53,359 [ Epoch: 10; iter: 2980; loss: 0.278; load time: 0.026; train time: 0.004; slice time: 0.001;]
2021-06-07 05:38:58,718 [ Epoch: 10; iter: 2990; loss: 0.230; load time: 0.027; train time: 0.004; slice time: 0.001;]
2021-06-07 05:44:10,934 [ Epoch: 10; iter: 3000; loss: 0.217; load time: 0.029; train time: 0.004; slice time: 0.001;]
2021-06-07 05:49:39,758 [ Epoch: 10; iter: 3010; loss: 0.245; load time: 0.030; train time: 0.004; slice time: 0.001;]
2021-06-07 05:55:21,794 [ Epoch: 10; iter: 3020; loss: 0.267; load time: 0.031; train time: 0.004; slice time: 0.001;]
2021-06-07 06:00:56,594 [ Epoch: 10; iter: 3030; loss: 0.220; load time: 0.033; train time: 0.005; slice time: 0.001;]
2021-06-07 06:06:27,290 [ Epoch: 10; iter: 3040; loss: 0.243; load time: 0.034; train time: 0.005; slice time: 0.001;]
2021-06-07 06:12:07,695 [ Epoch: 10; iter: 3050; loss: 0.302; load time: 0.036; train time: 0.005; slice time: 0.001;]
2021-06-07 06:17:19,800 [ Epoch: 10; iter: 3060; loss: 0.282; load time: 0.037; train time: 0.005; slice time: 0.001;]
2021-06-07 06:22:31,818 [ Epoch: 10; iter: 3070; loss: 0.263; load time: 0.038; train time: 0.005; slice time: 0.001;]
2021-06-07 06:27:48,233 [ Epoch: 10; iter: 3080; loss: 0.369; load time: 0.040; train time: 0.006; slice time: 0.001;]
2021-06-07 06:32:53,137 [ Epoch: 10; iter: 3090; loss: 0.375; load time: 0.041; train time: 0.006; slice time: 0.002;]
2021-06-07 06:38:06,736 [ Epoch: 10; iter: 3100; loss: 0.199; load time: 0.042; train time: 0.006; slice time: 0.002;]
2021-06-07 06:43:48,709 [ Epoch: 10; iter: 3110; loss: 0.294; load time: 0.044; train time: 0.006; slice time: 0.002;]
2021-06-07 06:49:18,540 [ Epoch: 10; iter: 3120; loss: 0.295; load time: 0.045; train time: 0.006; slice time: 0.002;]
2021-06-07 06:54:39,006 [ Epoch: 10; iter: 3130; loss: 0.279; load time: 0.046; train time: 0.006; slice time: 0.002;]
2021-06-07 06:54:39,016 [ Epoch 10 completed. Time taken: 171.0 minutes. Load time: 0.4640532096734825 mins. Train time: 0.06492999528035824 mins]
2021-06-07 06:54:39,016 [ Average loss: 0.292 ]
2021-06-07 06:54:39,234 Epochs ended
2021-06-07 06:54:39,270 Closing envs
