/bin/bash: /public/apps/anaconda3/2020.11/lib/libtinfo.so.6: no version information available (required by /bin/bash)
+ [[ env == \e\n\v ]]
+ echo 'In ObjectNav Env DDP'
+ srun /private/home/abhshkdz/.conda/envs/habitat-on-web/bin/python -u -m habitat_baselines.run --exp-config habitat_baselines/config/objectnav/il_ddp_env_objectnav.yaml --run-type train
2021-09-10 15:58:33,465 config: BASE_TASK_CONFIG_PATH: configs/tasks/objectnav_mp3d_il.yaml
CHECKPOINT_FOLDER: results/checkpoints/objectnav_mp3d_10k/seed_1/2021_09_10_semseg
CHECKPOINT_INTERVAL: 500
CMD_TRAILING_OPTS: []
DATASET_PATH: data/datasets/objectnav_mp3d_v2/{split}/{scene_split}.db
ENV_NAME: NavRLEnv
EVAL:
  SPLIT: val
  USE_CKPT_CONFIG: True
EVAL_CKPT_PATH_DIR: data/new_checkpoints/objectnav/objectnav_env/v4_rgbd/objectnav_mp3d_v2_rgbd_8node_17_seed1.ckpt
EVAL_RESUTLS_DIR: data/objectnav_mp3d_v2/seed_1/results/
EVAL_SAVE_RESULTS: True
EVAL_SAVE_RESULTS_INTERVAL: 50
FORCE_BLIND_POLICY: False
IL:
  BehaviorCloning:
    clip_param: 0.2
    eps: 1e-05
    hidden_size: 512
    lr: 0.001
    max_grad_norm: 0.2
    num_mini_batch: 2
    num_steps: 64
    reward_window_size: 50
    sync_frac: 0.6
    use_linear_clip_decay: False
    use_linear_lr_decay: True
  USE_IW: True
  distrib_backend: GLOO
LOG_FILE: train.log
LOG_INTERVAL: 10
LOG_METRICS: True
MODEL:
  DEPTH_ENCODER:
    backbone: resnet50
    cnn_type: VlnResnetDepthEncoder
    ddppo_checkpoint: data/ddppo-models/gibson-2plus-resnet50.pth
    output_size: 128
    trainable: False
  NO_VISION: False
  PROGRESS_MONITOR:
    use: False
  RGB_ENCODER:
    backbone: resnet18
    cnn_type: ResnetRGBEncoder
    output_size: 256
    train_encoder: True
  SEMANTIC_ENCODER:
    backbone: resnet18
    cnn_type: ResnetSemSegEncoder
    embedding_size: 4
    output_size: 256
    rednet_ckpt: data/rednet-models/rednet_semmap_mp3d_tuned.pth
    train_encoder: True
  SEQ2SEQ:
    use_prev_action: True
  STATE_ENCODER:
    hidden_size: 512
    num_recurrent_layers: 2
    rnn_type: GRU
  SWITCH_TO_PRED_SEMANTICS_UPDATE: 0
  USE_PRED_SEMANTICS: True
  USE_SEMANTICS: True
  ablate_depth: False
  ablate_rgb: False
  backbone: resnet18
  embed_sge: True
  force_blind_policy: False
  hidden_size: 512
  inflection_weight_coef: 3.4740125584607133
  normalize_visual_inputs: False
  num_recurrent_layers: 2
  resnet_baseplanes: 32
  rnn_type: GRU
NUM_PROCESSES: 8
NUM_UPDATES: 16000
ORBSLAM2:
  ANGLE_TH: 0.2617993877991494
  BETA: 100
  CAMERA_HEIGHT: 1.25
  DEPTH_DENORM: 10.0
  DIST_REACHED_TH: 0.15
  DIST_TO_STOP: 0.05
  D_OBSTACLE_MAX: 4.0
  D_OBSTACLE_MIN: 0.1
  H_OBSTACLE_MAX: 1.25
  H_OBSTACLE_MIN: 0.375
  MAP_CELL_SIZE: 0.1
  MAP_SIZE: 40
  MIN_PTS_IN_OBSTACLE: 320.0
  NEXT_WAYPOINT_TH: 0.5
  NUM_ACTIONS: 3
  PLANNER_MAX_STEPS: 500
  PREPROCESS_MAP: True
  SLAM_SETTINGS_PATH: habitat_baselines/slambased/data/mp3d3_small1k.yaml
  SLAM_VOCAB_PATH: habitat_baselines/slambased/data/ORBvoc.txt
OUTPUT_LOG_DIR: results/logs/objectnav_mp3d_v2/seed_1
PROFILING:
  CAPTURE_START_STEP: -1
  NUM_STEPS_TO_CAPTURE: -1
RESULTS_DIR: results/objectnav_mp3d_v2/seed_1/results/{split}/{type}
RL:
  DDPPO:
    backbone: resnet50
    distrib_backend: GLOO
    num_recurrent_layers: 2
    pretrained: False
    pretrained_encoder: False
    pretrained_weights: data/ddppo-models/gibson-2plus-resnet50.pth
    reset_critic: True
    rnn_type: LSTM
    sync_frac: 0.6
    train_encoder: True
  POLICY:
    OBS_TRANSFORMS:
      CENTER_CROPPER:
        HEIGHT: 256
        WIDTH: 256
      CUBE2EQ:
        HEIGHT: 256
        SENSOR_UUIDS: []
        WIDTH: 512
      CUBE2FISH:
        FOV: 180
        HEIGHT: 256
        PARAMS: (0.2, 0.2, 0.2)
        SENSOR_UUIDS: []
        WIDTH: 256
      ENABLED_TRANSFORMS: ()
      EQ2CUBE:
        HEIGHT: 256
        SENSOR_UUIDS: []
        WIDTH: 256
      RESIZE_SHORTEST_EDGE:
        SIZE: 256
    name: PointNavBaselinePolicy
  PPO:
    clip_param: 0.2
    entropy_coef: 0.01
    eps: 1e-05
    gamma: 0.99
    hidden_size: 512
    lr: 0.0007
    max_grad_norm: 0.5
    num_mini_batch: 16
    num_steps: 5
    ppo_epoch: 4
    reward_window_size: 50
    tau: 0.95
    use_gae: True
    use_linear_clip_decay: False
    use_linear_lr_decay: False
    use_normalized_advantage: True
    value_loss_coef: 0.5
  REWARD_MEASURE: distance_to_goal
  SLACK_REWARD: -0.001
  SUCCESS_MEASURE: spl
  SUCCESS_REWARD: 2.5
SENSORS: ['RGB_SENSOR', 'SEMANTIC_SENSOR', 'DEPTH_SENSOR']
2021-09-10 15:58:33,465 config: BASE_TASK_CONFIG_PATH: configs/tasks/objectnav_mp3d_il.yaml
CHECKPOINT_FOLDER: results/checkpoints/objectnav_mp3d_10k/seed_1/2021_09_10_semseg
CHECKPOINT_INTERVAL: 500
CMD_TRAILING_OPTS: []
DATASET_PATH: data/datasets/objectnav_mp3d_v2/{split}/{scene_split}.db
ENV_NAME: NavRLEnv
EVAL:
  SPLIT: val
  USE_CKPT_CONFIG: True
EVAL_CKPT_PATH_DIR: data/new_checkpoints/objectnav/objectnav_env/v4_rgbd/objectnav_mp3d_v2_rgbd_8node_17_seed1.ckpt
EVAL_RESUTLS_DIR: data/objectnav_mp3d_v2/seed_1/results/
EVAL_SAVE_RESULTS: True
EVAL_SAVE_RESULTS_INTERVAL: 50
FORCE_BLIND_POLICY: False
IL:
  BehaviorCloning:
    clip_param: 0.2
    eps: 1e-05
    hidden_size: 512
    lr: 0.001
    max_grad_norm: 0.2
    num_mini_batch: 2
    num_steps: 64
    reward_window_size: 50
    sync_frac: 0.6
    use_linear_clip_decay: False
    use_linear_lr_decay: True
  USE_IW: True
  distrib_backend: GLOO
LOG_FILE: train.log
LOG_INTERVAL: 10
LOG_METRICS: True
MODEL:
  DEPTH_ENCODER:
    backbone: resnet50
    cnn_type: VlnResnetDepthEncoder
    ddppo_checkpoint: data/ddppo-models/gibson-2plus-resnet50.pth
    output_size: 128
    trainable: False
  NO_VISION: False
  PROGRESS_MONITOR:
    use: False
  RGB_ENCODER:
    backbone: resnet18
    cnn_type: ResnetRGBEncoder
    output_size: 256
    train_encoder: True
  SEMANTIC_ENCODER:
    backbone: resnet18
    cnn_type: ResnetSemSegEncoder
    embedding_size: 4
    output_size: 256
    rednet_ckpt: data/rednet-models/rednet_semmap_mp3d_tuned.pth
    train_encoder: True
  SEQ2SEQ:
    use_prev_action: True
  STATE_ENCODER:
    hidden_size: 512
    num_recurrent_layers: 2
    rnn_type: GRU
  SWITCH_TO_PRED_SEMANTICS_UPDATE: 0
  USE_PRED_SEMANTICS: True
  USE_SEMANTICS: True
  ablate_depth: False
  ablate_rgb: False
  backbone: resnet18
  embed_sge: True
  force_blind_policy: False
  hidden_size: 512
  inflection_weight_coef: 3.4740125584607133
  normalize_visual_inputs: False
  num_recurrent_layers: 2
  resnet_baseplanes: 32
  rnn_type: GRU
NUM_PROCESSES: 8
NUM_UPDATES: 16000
ORBSLAM2:
  ANGLE_TH: 0.2617993877991494
  BETA: 100
  CAMERA_HEIGHT: 1.25
  DEPTH_DENORM: 10.0
  DIST_REACHED_TH: 0.15
  DIST_TO_STOP: 0.05
  D_OBSTACLE_MAX: 4.0
  D_OBSTACLE_MIN: 0.1
  H_OBSTACLE_MAX: 1.25
  H_OBSTACLE_MIN: 0.375
  MAP_CELL_SIZE: 0.1
  MAP_SIZE: 40
  MIN_PTS_IN_OBSTACLE: 320.0
  NEXT_WAYPOINT_TH: 0.5
  NUM_ACTIONS: 3
  PLANNER_MAX_STEPS: 500
  PREPROCESS_MAP: True
  SLAM_SETTINGS_PATH: habitat_baselines/slambased/data/mp3d3_small1k.yaml
  SLAM_VOCAB_PATH: habitat_baselines/slambased/data/ORBvoc.txt
OUTPUT_LOG_DIR: results/logs/objectnav_mp3d_v2/seed_1
PROFILING:
  CAPTURE_START_STEP: -1
  NUM_STEPS_TO_CAPTURE: -1
RESULTS_DIR: results/objectnav_mp3d_v2/seed_1/results/{split}/{type}
RL:
  DDPPO:
    backbone: resnet50
    distrib_backend: GLOO
    num_recurrent_layers: 2
    pretrained: False
    pretrained_encoder: False
    pretrained_weights: data/ddppo-models/gibson-2plus-resnet50.pth
    reset_critic: True
    rnn_type: LSTM
    sync_frac: 0.6
    train_encoder: True
  POLICY:
    OBS_TRANSFORMS:
      CENTER_CROPPER:
        HEIGHT: 256
        WIDTH: 256
      CUBE2EQ:
        HEIGHT: 256
        SENSOR_UUIDS: []
        WIDTH: 512
      CUBE2FISH:
        FOV: 180
        HEIGHT: 256
        PARAMS: (0.2, 0.2, 0.2)
        SENSOR_UUIDS: []
        WIDTH: 256
      ENABLED_TRANSFORMS: ()
      EQ2CUBE:
        HEIGHT: 256
        SENSOR_UUIDS: []
        WIDTH: 256
      RESIZE_SHORTEST_EDGE:
        SIZE: 256
    name: PointNavBaselinePolicy
  PPO:
    clip_param: 0.2
    entropy_coef: 0.01
    eps: 1e-05
    gamma: 0.99
    hidden_size: 512
    lr: 0.0007
    max_grad_norm: 0.5
    num_mini_batch: 16
    num_steps: 5
    ppo_epoch: 4
    reward_window_size: 50
    tau: 0.95
    use_gae: True
    use_linear_clip_decay: False
    use_linear_lr_decay: False
    use_normalized_advantage: True
    value_loss_coef: 0.5
  REWARD_MEASURE: distance_to_goal
  SLACK_REWARD: -0.001
  SUCCESS_MEASURE: spl
  SUCCESS_REWARD: 2.5
SENSORS: ['RGB_SENSOR', 'SEMANTIC_SENSOR', 'DEPTH_SENSOR']
2021-09-10 15:58:33,465 config: BASE_TASK_CONFIG_PATH: configs/tasks/objectnav_mp3d_il.yaml
CHECKPOINT_FOLDER: results/checkpoints/objectnav_mp3d_10k/seed_1/2021_09_10_semseg
CHECKPOINT_INTERVAL: 500
CMD_TRAILING_OPTS: []
DATASET_PATH: data/datasets/objectnav_mp3d_v2/{split}/{scene_split}.db
ENV_NAME: NavRLEnv
EVAL:
  SPLIT: val
  USE_CKPT_CONFIG: True
EVAL_CKPT_PATH_DIR: data/new_checkpoints/objectnav/objectnav_env/v4_rgbd/objectnav_mp3d_v2_rgbd_8node_17_seed1.ckpt
EVAL_RESUTLS_DIR: data/objectnav_mp3d_v2/seed_1/results/
EVAL_SAVE_RESULTS: True
EVAL_SAVE_RESULTS_INTERVAL: 50
FORCE_BLIND_POLICY: False
IL:
  BehaviorCloning:
    clip_param: 0.2
    eps: 1e-05
    hidden_size: 512
    lr: 0.001
    max_grad_norm: 0.2
    num_mini_batch: 2
    num_steps: 64
    reward_window_size: 50
    sync_frac: 0.6
    use_linear_clip_decay: False
    use_linear_lr_decay: True
  USE_IW: True
  distrib_backend: GLOO
LOG_FILE: train.log
LOG_INTERVAL: 10
LOG_METRICS: True
MODEL:
  DEPTH_ENCODER:
    backbone: resnet50
    cnn_type: VlnResnetDepthEncoder
    ddppo_checkpoint: data/ddppo-models/gibson-2plus-resnet50.pth
    output_size: 128
    trainable: False
  NO_VISION: False
  PROGRESS_MONITOR:
    use: False
  RGB_ENCODER:
    backbone: resnet18
    cnn_type: ResnetRGBEncoder
    output_size: 256
    train_encoder: True
  SEMANTIC_ENCODER:
    backbone: resnet18
    cnn_type: ResnetSemSegEncoder
    embedding_size: 4
    output_size: 256
    rednet_ckpt: data/rednet-models/rednet_semmap_mp3d_tuned.pth
    train_encoder: True
  SEQ2SEQ:
    use_prev_action: True
  STATE_ENCODER:
    hidden_size: 512
    num_recurrent_layers: 2
    rnn_type: GRU
  SWITCH_TO_PRED_SEMANTICS_UPDATE: 0
  USE_PRED_SEMANTICS: True
  USE_SEMANTICS: True
  ablate_depth: False
  ablate_rgb: False
  backbone: resnet18
  embed_sge: True
  force_blind_policy: False
  hidden_size: 512
  inflection_weight_coef: 3.4740125584607133
  normalize_visual_inputs: False
  num_recurrent_layers: 2
  resnet_baseplanes: 32
  rnn_type: GRU
NUM_PROCESSES: 8
NUM_UPDATES: 16000
ORBSLAM2:
  ANGLE_TH: 0.2617993877991494
  BETA: 100
  CAMERA_HEIGHT: 1.25
  DEPTH_DENORM: 10.0
  DIST_REACHED_TH: 0.15
  DIST_TO_STOP: 0.05
  D_OBSTACLE_MAX: 4.0
  D_OBSTACLE_MIN: 0.1
  H_OBSTACLE_MAX: 1.25
  H_OBSTACLE_MIN: 0.375
  MAP_CELL_SIZE: 0.1
  MAP_SIZE: 40
  MIN_PTS_IN_OBSTACLE: 320.0
  NEXT_WAYPOINT_TH: 0.5
  NUM_ACTIONS: 3
  PLANNER_MAX_STEPS: 500
  PREPROCESS_MAP: True
  SLAM_SETTINGS_PATH: habitat_baselines/slambased/data/mp3d3_small1k.yaml
  SLAM_VOCAB_PATH: habitat_baselines/slambased/data/ORBvoc.txt
OUTPUT_LOG_DIR: results/logs/objectnav_mp3d_v2/seed_1
PROFILING:
  CAPTURE_START_STEP: -1
  NUM_STEPS_TO_CAPTURE: -1
RESULTS_DIR: results/objectnav_mp3d_v2/seed_1/results/{split}/{type}
RL:
  DDPPO:
    backbone: resnet50
    distrib_backend: GLOO
    num_recurrent_layers: 2
    pretrained: False
    pretrained_encoder: False
    pretrained_weights: data/ddppo-models/gibson-2plus-resnet50.pth
    reset_critic: True
    rnn_type: LSTM
    sync_frac: 0.6
    train_encoder: True
  POLICY:
    OBS_TRANSFORMS:
      CENTER_CROPPER:
        HEIGHT: 256
        WIDTH: 256
      CUBE2EQ:
        HEIGHT: 256
        SENSOR_UUIDS: []
        WIDTH: 512
      CUBE2FISH:
        FOV: 180
        HEIGHT: 256
        PARAMS: (0.2, 0.2, 0.2)
        SENSOR_UUIDS: []
        WIDTH: 256
      ENABLED_TRANSFORMS: ()
      EQ2CUBE:
        HEIGHT: 256
        SENSOR_UUIDS: []
        WIDTH: 256
      RESIZE_SHORTEST_EDGE:
        SIZE: 256
    name: PointNavBaselinePolicy
  PPO:
    clip_param: 0.2
    entropy_coef: 0.01
    eps: 1e-05
    gamma: 0.99
    hidden_size: 512
    lr: 0.0007
    max_grad_norm: 0.5
    num_mini_batch: 16
    num_steps: 5
    ppo_epoch: 4
    reward_window_size: 50
    tau: 0.95
    use_gae: True
    use_linear_clip_decay: False
    use_linear_lr_decay: False
    use_normalized_advantage: True
    value_loss_coef: 0.5
  REWARD_MEASURE: distance_to_goal
  SLACK_REWARD: -0.001
  SUCCESS_MEASURE: spl
  SUCCESS_REWARD: 2.5
SENSORS: ['RGB_SENSOR', 'SEMANTIC_SENSOR', 'DEPTH_SENSOR']
2021-09-10 15:58:33,465 config: BASE_TASK_CONFIG_PATH: configs/tasks/objectnav_mp3d_il.yaml
CHECKPOINT_FOLDER: results/checkpoints/objectnav_mp3d_10k/seed_1/2021_09_10_semseg
CHECKPOINT_INTERVAL: 500
CMD_TRAILING_OPTS: []
DATASET_PATH: data/datasets/objectnav_mp3d_v2/{split}/{scene_split}.db
ENV_NAME: NavRLEnv
EVAL:
  SPLIT: val
  USE_CKPT_CONFIG: True
EVAL_CKPT_PATH_DIR: data/new_checkpoints/objectnav/objectnav_env/v4_rgbd/objectnav_mp3d_v2_rgbd_8node_17_seed1.ckpt
EVAL_RESUTLS_DIR: data/objectnav_mp3d_v2/seed_1/results/
EVAL_SAVE_RESULTS: True
EVAL_SAVE_RESULTS_INTERVAL: 50
FORCE_BLIND_POLICY: False
IL:
  BehaviorCloning:
    clip_param: 0.2
    eps: 1e-05
    hidden_size: 512
    lr: 0.001
    max_grad_norm: 0.2
    num_mini_batch: 2
    num_steps: 64
    reward_window_size: 50
    sync_frac: 0.6
    use_linear_clip_decay: False
    use_linear_lr_decay: True
  USE_IW: True
  distrib_backend: GLOO
LOG_FILE: train.log
LOG_INTERVAL: 10
LOG_METRICS: True
MODEL:
  DEPTH_ENCODER:
    backbone: resnet50
    cnn_type: VlnResnetDepthEncoder
    ddppo_checkpoint: data/ddppo-models/gibson-2plus-resnet50.pth
    output_size: 128
    trainable: False
  NO_VISION: False
  PROGRESS_MONITOR:
    use: False
  RGB_ENCODER:
    backbone: resnet18
    cnn_type: ResnetRGBEncoder
    output_size: 256
    train_encoder: True
  SEMANTIC_ENCODER:
    backbone: resnet18
    cnn_type: ResnetSemSegEncoder
    embedding_size: 4
    output_size: 256
    rednet_ckpt: data/rednet-models/rednet_semmap_mp3d_tuned.pth
    train_encoder: True
  SEQ2SEQ:
    use_prev_action: True
  STATE_ENCODER:
    hidden_size: 512
    num_recurrent_layers: 2
    rnn_type: GRU
  SWITCH_TO_PRED_SEMANTICS_UPDATE: 0
  USE_PRED_SEMANTICS: True
  USE_SEMANTICS: True
  ablate_depth: False
  ablate_rgb: False
  backbone: resnet18
  embed_sge: True
  force_blind_policy: False
  hidden_size: 512
  inflection_weight_coef: 3.4740125584607133
  normalize_visual_inputs: False
  num_recurrent_layers: 2
  resnet_baseplanes: 32
  rnn_type: GRU
NUM_PROCESSES: 8
NUM_UPDATES: 16000
ORBSLAM2:
  ANGLE_TH: 0.2617993877991494
  BETA: 100
  CAMERA_HEIGHT: 1.25
  DEPTH_DENORM: 10.0
  DIST_REACHED_TH: 0.15
  DIST_TO_STOP: 0.05
  D_OBSTACLE_MAX: 4.0
  D_OBSTACLE_MIN: 0.1
  H_OBSTACLE_MAX: 1.25
  H_OBSTACLE_MIN: 0.375
  MAP_CELL_SIZE: 0.1
  MAP_SIZE: 40
  MIN_PTS_IN_OBSTACLE: 320.0
  NEXT_WAYPOINT_TH: 0.5
  NUM_ACTIONS: 3
  PLANNER_MAX_STEPS: 500
  PREPROCESS_MAP: True
  SLAM_SETTINGS_PATH: habitat_baselines/slambased/data/mp3d3_small1k.yaml
  SLAM_VOCAB_PATH: habitat_baselines/slambased/data/ORBvoc.txt
OUTPUT_LOG_DIR: results/logs/objectnav_mp3d_v2/seed_1
PROFILING:
  CAPTURE_START_STEP: -1
  NUM_STEPS_TO_CAPTURE: -1
RESULTS_DIR: results/objectnav_mp3d_v2/seed_1/results/{split}/{type}
RL:
  DDPPO:
    backbone: resnet50
    distrib_backend: GLOO
    num_recurrent_layers: 2
    pretrained: False
    pretrained_encoder: False
    pretrained_weights: data/ddppo-models/gibson-2plus-resnet50.pth
    reset_critic: True
    rnn_type: LSTM
    sync_frac: 0.6
    train_encoder: True
  POLICY:
    OBS_TRANSFORMS:
      CENTER_CROPPER:
        HEIGHT: 256
        WIDTH: 256
      CUBE2EQ:
        HEIGHT: 256
        SENSOR_UUIDS: []
        WIDTH: 512
      CUBE2FISH:
        FOV: 180
        HEIGHT: 256
        PARAMS: (0.2, 0.2, 0.2)
        SENSOR_UUIDS: []
        WIDTH: 256
      ENABLED_TRANSFORMS: ()
      EQ2CUBE:
        HEIGHT: 256
        SENSOR_UUIDS: []
        WIDTH: 256
      RESIZE_SHORTEST_EDGE:
        SIZE: 256
    name: PointNavBaselinePolicy
  PPO:
    clip_param: 0.2
    entropy_coef: 0.01
    eps: 1e-05
    gamma: 0.99
    hidden_size: 512
    lr: 0.0007
    max_grad_norm: 0.5
    num_mini_batch: 16
    num_steps: 5
    ppo_epoch: 4
    reward_window_size: 50
    tau: 0.95
    use_gae: True
    use_linear_clip_decay: False
    use_linear_lr_decay: False
    use_normalized_advantage: True
    value_loss_coef: 0.5
  REWARD_MEASURE: distance_to_goal
  SLACK_REWARD: -0.001
  SUCCESS_MEASURE: spl
  SUCCESS_REWARD: 2.5
SENSORS: ['RGB_SENSOR', 'SEMANTIC_SENSOR', 'DEPTH_SENSOR']
2021-09-10 15:58:33,465 config: BASE_TASK_CONFIG_PATH: configs/tasks/objectnav_mp3d_il.yaml
CHECKPOINT_FOLDER: results/checkpoints/objectnav_mp3d_10k/seed_1/2021_09_10_semseg
CHECKPOINT_INTERVAL: 500
CMD_TRAILING_OPTS: []
DATASET_PATH: data/datasets/objectnav_mp3d_v2/{split}/{scene_split}.db
ENV_NAME: NavRLEnv
EVAL:
  SPLIT: val
  USE_CKPT_CONFIG: True
EVAL_CKPT_PATH_DIR: data/new_checkpoints/objectnav/objectnav_env/v4_rgbd/objectnav_mp3d_v2_rgbd_8node_17_seed1.ckpt
EVAL_RESUTLS_DIR: data/objectnav_mp3d_v2/seed_1/results/
EVAL_SAVE_RESULTS: True
EVAL_SAVE_RESULTS_INTERVAL: 50
FORCE_BLIND_POLICY: False
IL:
  BehaviorCloning:
    clip_param: 0.2
    eps: 1e-05
    hidden_size: 512
    lr: 0.001
    max_grad_norm: 0.2
    num_mini_batch: 2
    num_steps: 64
    reward_window_size: 50
    sync_frac: 0.6
    use_linear_clip_decay: False
    use_linear_lr_decay: True
  USE_IW: True
  distrib_backend: GLOO
LOG_FILE: train.log
LOG_INTERVAL: 10
LOG_METRICS: True
MODEL:
  DEPTH_ENCODER:
    backbone: resnet50
    cnn_type: VlnResnetDepthEncoder
    ddppo_checkpoint: data/ddppo-models/gibson-2plus-resnet50.pth
    output_size: 128
    trainable: False
  NO_VISION: False
  PROGRESS_MONITOR:
    use: False
  RGB_ENCODER:
    backbone: resnet18
    cnn_type: ResnetRGBEncoder
    output_size: 256
    train_encoder: True
  SEMANTIC_ENCODER:
    backbone: resnet18
    cnn_type: ResnetSemSegEncoder
    embedding_size: 4
    output_size: 256
    rednet_ckpt: data/rednet-models/rednet_semmap_mp3d_tuned.pth
    train_encoder: True
  SEQ2SEQ:
    use_prev_action: True
  STATE_ENCODER:
    hidden_size: 512
    num_recurrent_layers: 2
    rnn_type: GRU
  SWITCH_TO_PRED_SEMANTICS_UPDATE: 0
  USE_PRED_SEMANTICS: True
  USE_SEMANTICS: True
  ablate_depth: False
  ablate_rgb: False
  backbone: resnet18
  embed_sge: True
  force_blind_policy: False
  hidden_size: 512
  inflection_weight_coef: 3.4740125584607133
  normalize_visual_inputs: False
  num_recurrent_layers: 2
  resnet_baseplanes: 32
  rnn_type: GRU
NUM_PROCESSES: 8
NUM_UPDATES: 16000
ORBSLAM2:
  ANGLE_TH: 0.2617993877991494
  BETA: 100
  CAMERA_HEIGHT: 1.25
  DEPTH_DENORM: 10.0
  DIST_REACHED_TH: 0.15
  DIST_TO_STOP: 0.05
  D_OBSTACLE_MAX: 4.0
  D_OBSTACLE_MIN: 0.1
  H_OBSTACLE_MAX: 1.25
  H_OBSTACLE_MIN: 0.375
  MAP_CELL_SIZE: 0.1
  MAP_SIZE: 40
  MIN_PTS_IN_OBSTACLE: 320.0
  NEXT_WAYPOINT_TH: 0.5
  NUM_ACTIONS: 3
  PLANNER_MAX_STEPS: 500
  PREPROCESS_MAP: True
  SLAM_SETTINGS_PATH: habitat_baselines/slambased/data/mp3d3_small1k.yaml
  SLAM_VOCAB_PATH: habitat_baselines/slambased/data/ORBvoc.txt
OUTPUT_LOG_DIR: results/logs/objectnav_mp3d_v2/seed_1
PROFILING:
  CAPTURE_START_STEP: -1
  NUM_STEPS_TO_CAPTURE: -1
RESULTS_DIR: results/objectnav_mp3d_v2/seed_1/results/{split}/{type}
RL:
  DDPPO:
    backbone: resnet50
    distrib_backend: GLOO
    num_recurrent_layers: 2
    pretrained: False
    pretrained_encoder: False
    pretrained_weights: data/ddppo-models/gibson-2plus-resnet50.pth
    reset_critic: True
    rnn_type: LSTM
    sync_frac: 0.6
    train_encoder: True
  POLICY:
    OBS_TRANSFORMS:
      CENTER_CROPPER:
        HEIGHT: 256
        WIDTH: 256
      CUBE2EQ:
        HEIGHT: 256
        SENSOR_UUIDS: []
        WIDTH: 512
      CUBE2FISH:
        FOV: 180
        HEIGHT: 256
        PARAMS: (0.2, 0.2, 0.2)
        SENSOR_UUIDS: []
        WIDTH: 256
      ENABLED_TRANSFORMS: ()
      EQ2CUBE:
        HEIGHT: 256
        SENSOR_UUIDS: []
        WIDTH: 256
      RESIZE_SHORTEST_EDGE:
        SIZE: 256
    name: PointNavBaselinePolicy
  PPO:
    clip_param: 0.2
    entropy_coef: 0.01
    eps: 1e-05
    gamma: 0.99
    hidden_size: 512
    lr: 0.0007
    max_grad_norm: 0.5
    num_mini_batch: 16
    num_steps: 5
    ppo_epoch: 4
    reward_window_size: 50
    tau: 0.95
    use_gae: True
    use_linear_clip_decay: False
    use_linear_lr_decay: False
    use_normalized_advantage: True
    value_loss_coef: 0.5
  REWARD_MEASURE: distance_to_goal
  SLACK_REWARD: -0.001
  SUCCESS_MEASURE: spl
  SUCCESS_REWARD: 2.5
SENSORS: ['RGB_SENSOR', 'SEMANTIC_SENSOR', 'DEPTH_SENSOR']
SHOW_TOP_DOWN_MAP: False
SIMULATOR_GPU_ID: 0
TASK_CONFIG:
  DATASET:
    CONTENT_SCENES: ['*']
    DATA_PATH: data/datasets/objectnav_mp3d_10k/{split}/{split}.json.gz
    SCENES_DIR: data/scene_datasets/
    SPLIT: train
    TYPE: ObjectNav-v2
  ENVIRONMENT:
    ITERATOR_OPTIONS:
      CYCLE: True
      GROUP_BY_SCENE: True
      MAX_SCENE_REPEAT_EPISODES: -1
      MAX_SCENE_REPEAT_STEPS: 10000
      NUM_EPISODE_SAMPLE: -1
      SHUFFLE: True
      STEP_REPETITION_RANGE: 0.2
    MAX_EPISODE_SECONDS: 10000000
    MAX_EPISODE_STEPS: 5000
  PYROBOT:
    BASE_CONTROLLER: proportional
    BASE_PLANNER: none
    BUMP_SENSOR:
      TYPE: PyRobotBumpSensor
    DEPTH_SENSOR:
      CENTER_CROP: False
      HEIGHT: 480
      MAX_DEPTH: 5.0
      MIN_DEPTH: 0.0
      NORMALIZE_DEPTH: True
      TYPE: PyRobotDepthSensor
      WIDTH: 640
    LOCOBOT:
      ACTIONS: ['BASE_ACTIONS', 'CAMERA_ACTIONS']
      BASE_ACTIONS: ['go_to_relative', 'go_to_absolute']
      CAMERA_ACTIONS: ['set_pan', 'set_tilt', 'set_pan_tilt']
    RGB_SENSOR:
      CENTER_CROP: False
      HEIGHT: 480
      TYPE: PyRobotRGBSensor
      WIDTH: 640
    ROBOT: locobot
    ROBOTS: ['locobot']
    SENSORS: ['RGB_SENSOR', 'DEPTH_SENSOR', 'BUMP_SENSOR']
  SEED: 105
  SIMULATOR:
    ACTION_SPACE_CONFIG: v1
    AGENTS: ['AGENT_0']
    AGENT_0:
      ANGULAR_ACCELERATION: 12.56
      ANGULAR_FRICTION: 1.0
      COEFFICIENT_OF_RESTITUTION: 0.0
      HEIGHT: 0.88
      IS_SET_START_STATE: False
      LINEAR_ACCELERATION: 20.0
      LINEAR_FRICTION: 0.5
      MASS: 32.0
      RADIUS: 0.18
      SENSORS: ['RGB_SENSOR', 'SEMANTIC_SENSOR', 'DEPTH_SENSOR']
      START_POSITION: [0, 0, 0]
      START_ROTATION: [0, 0, 0, 1]
    DEFAULT_AGENT_ID: 0
    DEPTH_SENSOR:
      HEIGHT: 480
      HFOV: 79
      MAX_DEPTH: 5.0
      MIN_DEPTH: 0.5
      NORMALIZE_DEPTH: True
      ORIENTATION: [0.0, 0.0, 0.0]
      POSITION: [0, 0.88, 0]
      TYPE: HabitatSimDepthSensor
      WIDTH: 640
    FORWARD_STEP_SIZE: 0.25
    HABITAT_SIM_V0:
      ALLOW_SLIDING: False
      ENABLE_PHYSICS: False
      GPU_DEVICE_ID: 0
      GPU_GPU: False
      PHYSICS_CONFIG_FILE: ./data/default.physics_config.json
    RGB_SENSOR:
      HEIGHT: 480
      HFOV: 79
      ORIENTATION: [0.0, 0.0, 0.0]
      POSITION: [0, 0.88, 0]
      TYPE: HabitatSimRGBSensor
      WIDTH: 640
    SCENE: data/scene_datasets/habitat-test-scenes/van-gogh-room.glb
    SEED: 100
    SEMANTIC_SENSOR:
      HEIGHT: 480
      HFOV: 79
      ORIENTATION: [0.0, 0.0, 0.0]
      POSITION: [0, 0.88, 0]
      TYPE: HabitatSimSemanticSensor
      WIDTH: 640
    TILT_ANGLE: 30
    TURN_ANGLE: 30
    TYPE: Sim-v0
  TASK:
    ACTIONS:
      ANSWER:
        TYPE: AnswerAction
      LOOK_DOWN:
        TYPE: LookDownAction
      LOOK_UP:
        TYPE: LookUpAction
      MOVE_FORWARD:
        TYPE: MoveForwardAction
      STOP:
        TYPE: StopAction
      TELEPORT:
        TYPE: TeleportAction
      TURN_LEFT:
        TYPE: TurnLeftAction
      TURN_RIGHT:
        TYPE: TurnRightAction
    ALL_OBJECT_POSITIONS:
      TYPE: AllObjectPositions
    ANSWER_ACCURACY:
      TYPE: AnswerAccuracy
    COLLISIONS:
      TYPE: Collisions
    COMPASS_SENSOR:
      TYPE: CompassSensor
    CORRECT_ANSWER:
      TYPE: CorrectAnswer
    DEMONSTRATION_SENSOR:
      TYPE: DemonstrationSensor
    DEMONSTRATION_SENSOR_UUID: demonstration
    DISTANCE_TO_GOAL:
      DISTANCE_TO: VIEW_POINTS
      TYPE: DistanceToGoal
    EPISODE_INFO:
      TYPE: EpisodeInfo
    GOAL_SENSOR_UUID: objectgoal
    GPS_SENSOR:
      DIMENSIONALITY: 2
      TYPE: GPSSensor
    HEADING_SENSOR:
      TYPE: HeadingSensor
    IMAGEGOAL_SENSOR:
      TYPE: ImageGoalSensor
    INFLECTION_WEIGHT_SENSOR:
      INFLECTION_COEF: 3.4740125584607133
      TYPE: InflectionWeightSensor
    INFLECTION_WEIGHT_SENSOR_UUID: inflection_weight
    INSTRUCTION_SENSOR:
      TYPE: InstructionSensor
    INSTRUCTION_SENSOR_UUID: instruction
    MEASUREMENTS: ['DISTANCE_TO_GOAL', 'SUCCESS', 'SPL', 'SOFT_SPL']
    OBJECTGOAL_SENSOR:
      GOAL_SPEC: TASK_CATEGORY_ID
      GOAL_SPEC_MAX_VAL: 50
2021-09-10 15:58:33,465 config: BASE_TASK_CONFIG_PATH: configs/tasks/objectnav_mp3d_il.yaml
CHECKPOINT_FOLDER: results/checkpoints/objectnav_mp3d_10k/seed_1/2021_09_10_semseg
CHECKPOINT_INTERVAL: 500
CMD_TRAILING_OPTS: []
DATASET_PATH: data/datasets/objectnav_mp3d_v2/{split}/{scene_split}.db
ENV_NAME: NavRLEnv
EVAL:
  SPLIT: val
  USE_CKPT_CONFIG: True
EVAL_CKPT_PATH_DIR: data/new_checkpoints/objectnav/objectnav_env/v4_rgbd/objectnav_mp3d_v2_rgbd_8node_17_seed1.ckpt
EVAL_RESUTLS_DIR: data/objectnav_mp3d_v2/seed_1/results/
EVAL_SAVE_RESULTS: True
EVAL_SAVE_RESULTS_INTERVAL: 50
FORCE_BLIND_POLICY: False
IL:
  BehaviorCloning:
    clip_param: 0.2
    eps: 1e-05
    hidden_size: 512
    lr: 0.001
    max_grad_norm: 0.2
    num_mini_batch: 2
    num_steps: 64
    reward_window_size: 50
    sync_frac: 0.6
    use_linear_clip_decay: False
    use_linear_lr_decay: True
  USE_IW: True
  distrib_backend: GLOO
LOG_FILE: train.log
LOG_INTERVAL: 10
LOG_METRICS: True
MODEL:
  DEPTH_ENCODER:
    backbone: resnet50
    cnn_type: VlnResnetDepthEncoder
    ddppo_checkpoint: data/ddppo-models/gibson-2plus-resnet50.pth
    output_size: 128
    trainable: False
  NO_VISION: False
  PROGRESS_MONITOR:
    use: False
  RGB_ENCODER:
    backbone: resnet18
    cnn_type: ResnetRGBEncoder
    output_size: 256
    train_encoder: True
  SEMANTIC_ENCODER:
    backbone: resnet18
    cnn_type: ResnetSemSegEncoder
    embedding_size: 4
    output_size: 256
    rednet_ckpt: data/rednet-models/rednet_semmap_mp3d_tuned.pth
    train_encoder: True
  SEQ2SEQ:
    use_prev_action: True
  STATE_ENCODER:
    hidden_size: 512
    num_recurrent_layers: 2
    rnn_type: GRU
  SWITCH_TO_PRED_SEMANTICS_UPDATE: 0
  USE_PRED_SEMANTICS: True
  USE_SEMANTICS: True
  ablate_depth: False
  ablate_rgb: False
  backbone: resnet18
  embed_sge: True
  force_blind_policy: False
  hidden_size: 512
  inflection_weight_coef: 3.4740125584607133
  normalize_visual_inputs: False
  num_recurrent_layers: 2
  resnet_baseplanes: 32
  rnn_type: GRU
NUM_PROCESSES: 8
NUM_UPDATES: 16000
ORBSLAM2:
  ANGLE_TH: 0.2617993877991494
  BETA: 100
  CAMERA_HEIGHT: 1.25
  DEPTH_DENORM: 10.0
  DIST_REACHED_TH: 0.15
  DIST_TO_STOP: 0.05
  D_OBSTACLE_MAX: 4.0
  D_OBSTACLE_MIN: 0.1
  H_OBSTACLE_MAX: 1.25
  H_OBSTACLE_MIN: 0.375
  MAP_CELL_SIZE: 0.1
  MAP_SIZE: 40
  MIN_PTS_IN_OBSTACLE: 320.0
  NEXT_WAYPOINT_TH: 0.5
  NUM_ACTIONS: 3
  PLANNER_MAX_STEPS: 500
  PREPROCESS_MAP: True
  SLAM_SETTINGS_PATH: habitat_baselines/slambased/data/mp3d3_small1k.yaml
  SLAM_VOCAB_PATH: habitat_baselines/slambased/data/ORBvoc.txt
OUTPUT_LOG_DIR: results/logs/objectnav_mp3d_v2/seed_1
PROFILING:
  CAPTURE_START_STEP: -1
  NUM_STEPS_TO_CAPTURE: -1
RESULTS_DIR: results/objectnav_mp3d_v2/seed_1/results/{split}/{type}
RL:
  DDPPO:
    backbone: resnet50
    distrib_backend: GLOO
    num_recurrent_layers: 2
    pretrained: False
    pretrained_encoder: False
    pretrained_weights: data/ddppo-models/gibson-2plus-resnet50.pth
    reset_critic: True
    rnn_type: LSTM
    sync_frac: 0.6
    train_encoder: True
  POLICY:
    OBS_TRANSFORMS:
      CENTER_CROPPER:
        HEIGHT: 256
        WIDTH: 256
      CUBE2EQ:
        HEIGHT: 256
        SENSOR_UUIDS: []
        WIDTH: 512
      CUBE2FISH:
        FOV: 180
        HEIGHT: 256
        PARAMS: (0.2, 0.2, 0.2)
        SENSOR_UUIDS: []
        WIDTH: 256
      ENABLED_TRANSFORMS: ()
      EQ2CUBE:
        HEIGHT: 256
        SENSOR_UUIDS: []
        WIDTH: 256
      RESIZE_SHORTEST_EDGE:
        SIZE: 256
    name: PointNavBaselinePolicy
  PPO:
    clip_param: 0.2
    entropy_coef: 0.01
    eps: 1e-05
    gamma: 0.99
    hidden_size: 512
    lr: 0.0007
    max_grad_norm: 0.5
    num_mini_batch: 16
    num_steps: 5
    ppo_epoch: 4
    reward_window_size: 50
    tau: 0.95
    use_gae: True
    use_linear_clip_decay: False
    use_linear_lr_decay: False
    use_normalized_advantage: True
    value_loss_coef: 0.5
  REWARD_MEASURE: distance_to_goal
  SLACK_REWARD: -0.001
  SUCCESS_MEASURE: spl
  SUCCESS_REWARD: 2.5
SENSORS: ['RGB_SENSOR', 'SEMANTIC_SENSOR', 'DEPTH_SENSOR']
SHOW_TOP_DOWN_MAP: False
SIMULATOR_GPU_ID: 0
TASK_CONFIG:
  DATASET:
    CONTENT_SCENES: ['*']
    DATA_PATH: data/datasets/objectnav_mp3d_10k/{split}/{split}.json.gz
    SCENES_DIR: data/scene_datasets/
    SPLIT: train
    TYPE: ObjectNav-v2
  ENVIRONMENT:
    ITERATOR_OPTIONS:
      CYCLE: True
      GROUP_BY_SCENE: True
      MAX_SCENE_REPEAT_EPISODES: -1
      MAX_SCENE_REPEAT_STEPS: 10000
      NUM_EPISODE_SAMPLE: -1
      SHUFFLE: True
      STEP_REPETITION_RANGE: 0.2
    MAX_EPISODE_SECONDS: 10000000
    MAX_EPISODE_STEPS: 5000
  PYROBOT:
    BASE_CONTROLLER: proportional
    BASE_PLANNER: none
    BUMP_SENSOR:
      TYPE: PyRobotBumpSensor
    DEPTH_SENSOR:
      CENTER_CROP: False
      HEIGHT: 480
      MAX_DEPTH: 5.0
      MIN_DEPTH: 0.0
      NORMALIZE_DEPTH: True
      TYPE: PyRobotDepthSensor
      WIDTH: 640
    LOCOBOT:
      ACTIONS: ['BASE_ACTIONS', 'CAMERA_ACTIONS']
      BASE_ACTIONS: ['go_to_relative', 'go_to_absolute']
      CAMERA_ACTIONS: ['set_pan', 'set_tilt', 'set_pan_tilt']
    RGB_SENSOR:
      CENTER_CROP: False
      HEIGHT: 480
      TYPE: PyRobotRGBSensor
      WIDTH: 640
    ROBOT: locobot
    ROBOTS: ['locobot']
    SENSORS: ['RGB_SENSOR', 'DEPTH_SENSOR', 'BUMP_SENSOR']
  SEED: 105
  SIMULATOR:
    ACTION_SPACE_CONFIG: v1
    AGENTS: ['AGENT_0']
    AGENT_0:
      ANGULAR_ACCELERATION: 12.56
      ANGULAR_FRICTION: 1.0
      COEFFICIENT_OF_RESTITUTION: 0.0
      HEIGHT: 0.88
      IS_SET_START_STATE: False
      LINEAR_ACCELERATION: 20.0
      LINEAR_FRICTION: 0.5
      MASS: 32.0
      RADIUS: 0.18
      SENSORS: ['RGB_SENSOR', 'SEMANTIC_SENSOR', 'DEPTH_SENSOR']
      START_POSITION: [0, 0, 0]
      START_ROTATION: [0, 0, 0, 1]
    DEFAULT_AGENT_ID: 0
    DEPTH_SENSOR:
      HEIGHT: 480
      HFOV: 79
      MAX_DEPTH: 5.0
      MIN_DEPTH: 0.5
      NORMALIZE_DEPTH: True
      ORIENTATION: [0.0, 0.0, 0.0]
      POSITION: [0, 0.88, 0]
      TYPE: HabitatSimDepthSensor
      WIDTH: 640
    FORWARD_STEP_SIZE: 0.25
    HABITAT_SIM_V0:
      ALLOW_SLIDING: False
      ENABLE_PHYSICS: False
      GPU_DEVICE_ID: 0
      GPU_GPU: False
      PHYSICS_CONFIG_FILE: ./data/default.physics_config.json
    RGB_SENSOR:
      HEIGHT: 480
      HFOV: 79
      ORIENTATION: [0.0, 0.0, 0.0]
      POSITION: [0, 0.88, 0]
      TYPE: HabitatSimRGBSensor
      WIDTH: 640
    SCENE: data/scene_datasets/habitat-test-scenes/van-gogh-room.glb
    SEED: 100
    SEMANTIC_SENSOR:
      HEIGHT: 480
      HFOV: 79
      ORIENTATION: [0.0, 0.0, 0.0]
      POSITION: [0, 0.88, 0]
      TYPE: HabitatSimSemanticSensor
      WIDTH: 640
    TILT_ANGLE: 30
    TURN_ANGLE: 30
    TYPE: Sim-v0
  TASK:
    ACTIONS:
      ANSWER:
        TYPE: AnswerAction
      LOOK_DOWN:
        TYPE: LookDownAction
      LOOK_UP:
        TYPE: LookUpAction
      MOVE_FORWARD:
        TYPE: MoveForwardAction
      STOP:
        TYPE: StopAction
      TELEPORT:
        TYPE: TeleportAction
      TURN_LEFT:
        TYPE: TurnLeftAction
      TURN_RIGHT:
        TYPE: TurnRightAction
    ALL_OBJECT_POSITIONS:
      TYPE: AllObjectPositions
    ANSWER_ACCURACY:
      TYPE: AnswerAccuracy
    COLLISIONS:
      TYPE: Collisions
    COMPASS_SENSOR:
      TYPE: CompassSensor
    CORRECT_ANSWER:
      TYPE: CorrectAnswer
    DEMONSTRATION_SENSOR:
      TYPE: DemonstrationSensor
    DEMONSTRATION_SENSOR_UUID: demonstration
    DISTANCE_TO_GOAL:
      DISTANCE_TO: VIEW_POINTS
      TYPE: DistanceToGoal
    EPISODE_INFO:
      TYPE: EpisodeInfo
    GOAL_SENSOR_UUID: objectgoal
    GPS_SENSOR:
      DIMENSIONALITY: 2
      TYPE: GPSSensor
    HEADING_SENSOR:
      TYPE: HeadingSensor
    IMAGEGOAL_SENSOR:
      TYPE: ImageGoalSensor
    INFLECTION_WEIGHT_SENSOR:
      INFLECTION_COEF: 3.4740125584607133
      TYPE: InflectionWeightSensor
    INFLECTION_WEIGHT_SENSOR_UUID: inflection_weight
    INSTRUCTION_SENSOR:
      TYPE: InstructionSensor
    INSTRUCTION_SENSOR_UUID: instruction
    MEASUREMENTS: ['DISTANCE_TO_GOAL', 'SUCCESS', 'SPL', 'SOFT_SPL']
    OBJECTGOAL_SENSOR:
      GOAL_SPEC: TASK_CATEGORY_ID
      GOAL_SPEC_MAX_VAL: 50
SHOW_TOP_DOWN_MAP: False
SIMULATOR_GPU_ID: 0
TASK_CONFIG:
  DATASET:
    CONTENT_SCENES: ['*']
    DATA_PATH: data/datasets/objectnav_mp3d_10k/{split}/{split}.json.gz
    SCENES_DIR: data/scene_datasets/
    SPLIT: train
    TYPE: ObjectNav-v2
  ENVIRONMENT:
    ITERATOR_OPTIONS:
      CYCLE: True
      GROUP_BY_SCENE: True
      MAX_SCENE_REPEAT_EPISODES: -1
      MAX_SCENE_REPEAT_STEPS: 10000
      NUM_EPISODE_SAMPLE: -1
      SHUFFLE: True
      STEP_REPETITION_RANGE: 0.2
    MAX_EPISODE_SECONDS: 10000000
    MAX_EPISODE_STEPS: 5000
  PYROBOT:
    BASE_CONTROLLER: proportional
    BASE_PLANNER: none
    BUMP_SENSOR:
      TYPE: PyRobotBumpSensor
    DEPTH_SENSOR:
      CENTER_CROP: False
      HEIGHT: 480
      MAX_DEPTH: 5.0
      MIN_DEPTH: 0.0
      NORMALIZE_DEPTH: True
      TYPE: PyRobotDepthSensor
      WIDTH: 640
    LOCOBOT:
      ACTIONS: ['BASE_ACTIONS', 'CAMERA_ACTIONS']
      BASE_ACTIONS: ['go_to_relative', 'go_to_absolute']
      CAMERA_ACTIONS: ['set_pan', 'set_tilt', 'set_pan_tilt']
    RGB_SENSOR:
      CENTER_CROP: False
      HEIGHT: 480
      TYPE: PyRobotRGBSensor
      WIDTH: 640
    ROBOT: locobot
    ROBOTS: ['locobot']
    SENSORS: ['RGB_SENSOR', 'DEPTH_SENSOR', 'BUMP_SENSOR']
  SEED: 105
  SIMULATOR:
    ACTION_SPACE_CONFIG: v1
    AGENTS: ['AGENT_0']
    AGENT_0:
      ANGULAR_ACCELERATION: 12.56
      ANGULAR_FRICTION: 1.0
      COEFFICIENT_OF_RESTITUTION: 0.0
      HEIGHT: 0.88
      IS_SET_START_STATE: False
      LINEAR_ACCELERATION: 20.0
      LINEAR_FRICTION: 0.5
      MASS: 32.0
      RADIUS: 0.18
      SENSORS: ['RGB_SENSOR', 'SEMANTIC_SENSOR', 'DEPTH_SENSOR']
      START_POSITION: [0, 0, 0]
      START_ROTATION: [0, 0, 0, 1]
    DEFAULT_AGENT_ID: 0
    DEPTH_SENSOR:
      HEIGHT: 480
      HFOV: 79
      MAX_DEPTH: 5.0
      MIN_DEPTH: 0.5
      NORMALIZE_DEPTH: True
      ORIENTATION: [0.0, 0.0, 0.0]
      POSITION: [0, 0.88, 0]
      TYPE: HabitatSimDepthSensor
      WIDTH: 640
    FORWARD_STEP_SIZE: 0.25
    HABITAT_SIM_V0:
      ALLOW_SLIDING: False
      ENABLE_PHYSICS: False
      GPU_DEVICE_ID: 0
      GPU_GPU: False
      PHYSICS_CONFIG_FILE: ./data/default.physics_config.json
    RGB_SENSOR:
      HEIGHT: 480
      HFOV: 79
      ORIENTATION: [0.0, 0.0, 0.0]
      POSITION: [0, 0.88, 0]
      TYPE: HabitatSimRGBSensor
      WIDTH: 640
    SCENE: data/scene_datasets/habitat-test-scenes/van-gogh-room.glb
    SEED: 100
    SEMANTIC_SENSOR:
      HEIGHT: 480
      HFOV: 79
      ORIENTATION: [0.0, 0.0, 0.0]
      POSITION: [0, 0.88, 0]
      TYPE: HabitatSimSemanticSensor
      WIDTH: 640
    TILT_ANGLE: 30
    TURN_ANGLE: 30
    TYPE: Sim-v0
  TASK:
    ACTIONS:
      ANSWER:
        TYPE: AnswerAction
      LOOK_DOWN:
        TYPE: LookDownAction
      LOOK_UP:
        TYPE: LookUpAction
      MOVE_FORWARD:
        TYPE: MoveForwardAction
      STOP:
        TYPE: StopAction
      TELEPORT:
        TYPE: TeleportAction
      TURN_LEFT:
        TYPE: TurnLeftAction
      TURN_RIGHT:
        TYPE: TurnRightAction
    ALL_OBJECT_POSITIONS:
      TYPE: AllObjectPositions
    ANSWER_ACCURACY:
      TYPE: AnswerAccuracy
    COLLISIONS:
      TYPE: Collisions
    COMPASS_SENSOR:
      TYPE: CompassSensor
    CORRECT_ANSWER:
      TYPE: CorrectAnswer
    DEMONSTRATION_SENSOR:
      TYPE: DemonstrationSensor
    DEMONSTRATION_SENSOR_UUID: demonstration
    DISTANCE_TO_GOAL:
      DISTANCE_TO: VIEW_POINTS
      TYPE: DistanceToGoal
    EPISODE_INFO:
      TYPE: EpisodeInfo
    GOAL_SENSOR_UUID: objectgoal
    GPS_SENSOR:
      DIMENSIONALITY: 2
      TYPE: GPSSensor
    HEADING_SENSOR:
      TYPE: HeadingSensor
    IMAGEGOAL_SENSOR:
      TYPE: ImageGoalSensor
    INFLECTION_WEIGHT_SENSOR:
      INFLECTION_COEF: 3.4740125584607133
      TYPE: InflectionWeightSensor
    INFLECTION_WEIGHT_SENSOR_UUID: inflection_weight
    INSTRUCTION_SENSOR:
      TYPE: InstructionSensor
    INSTRUCTION_SENSOR_UUID: instruction
    MEASUREMENTS: ['DISTANCE_TO_GOAL', 'SUCCESS', 'SPL', 'SOFT_SPL']
    OBJECTGOAL_SENSOR:
      GOAL_SPEC: TASK_CATEGORY_ID
      GOAL_SPEC_MAX_VAL: 50
SHOW_TOP_DOWN_MAP: False
SIMULATOR_GPU_ID: 0
TASK_CONFIG:
  DATASET:
    CONTENT_SCENES: ['*']
    DATA_PATH: data/datasets/objectnav_mp3d_10k/{split}/{split}.json.gz
    SCENES_DIR: data/scene_datasets/
    SPLIT: train
    TYPE: ObjectNav-v2
  ENVIRONMENT:
    ITERATOR_OPTIONS:
      CYCLE: True
      GROUP_BY_SCENE: True
      MAX_SCENE_REPEAT_EPISODES: -1
      MAX_SCENE_REPEAT_STEPS: 10000
      NUM_EPISODE_SAMPLE: -1
      SHUFFLE: True
      STEP_REPETITION_RANGE: 0.2
    MAX_EPISODE_SECONDS: 10000000
    MAX_EPISODE_STEPS: 5000
  PYROBOT:
    BASE_CONTROLLER: proportional
    BASE_PLANNER: none
    BUMP_SENSOR:
      TYPE: PyRobotBumpSensor
    DEPTH_SENSOR:
      CENTER_CROP: False
      HEIGHT: 480
      MAX_DEPTH: 5.0
      MIN_DEPTH: 0.0
      NORMALIZE_DEPTH: True
      TYPE: PyRobotDepthSensor
      WIDTH: 640
    LOCOBOT:
      ACTIONS: ['BASE_ACTIONS', 'CAMERA_ACTIONS']
      BASE_ACTIONS: ['go_to_relative', 'go_to_absolute']
      CAMERA_ACTIONS: ['set_pan', 'set_tilt', 'set_pan_tilt']
    RGB_SENSOR:
      CENTER_CROP: False
      HEIGHT: 480
      TYPE: PyRobotRGBSensor
      WIDTH: 640
    ROBOT: locobot
    ROBOTS: ['locobot']
    SENSORS: ['RGB_SENSOR', 'DEPTH_SENSOR', 'BUMP_SENSOR']
  SEED: 105
  SIMULATOR:
    ACTION_SPACE_CONFIG: v1
    AGENTS: ['AGENT_0']
    AGENT_0:
      ANGULAR_ACCELERATION: 12.56
      ANGULAR_FRICTION: 1.0
      COEFFICIENT_OF_RESTITUTION: 0.0
      HEIGHT: 0.88
      IS_SET_START_STATE: False
      LINEAR_ACCELERATION: 20.0
      LINEAR_FRICTION: 0.5
      MASS: 32.0
      RADIUS: 0.18
      SENSORS: ['RGB_SENSOR', 'SEMANTIC_SENSOR', 'DEPTH_SENSOR']
      START_POSITION: [0, 0, 0]
      START_ROTATION: [0, 0, 0, 1]
    DEFAULT_AGENT_ID: 0
    DEPTH_SENSOR:
      HEIGHT: 480
      HFOV: 79
      MAX_DEPTH: 5.0
      MIN_DEPTH: 0.5
      NORMALIZE_DEPTH: True
      ORIENTATION: [0.0, 0.0, 0.0]
      POSITION: [0, 0.88, 0]
      TYPE: HabitatSimDepthSensor
      WIDTH: 640
    FORWARD_STEP_SIZE: 0.25
    HABITAT_SIM_V0:
      ALLOW_SLIDING: False
      ENABLE_PHYSICS: False
      GPU_DEVICE_ID: 0
      GPU_GPU: False
      PHYSICS_CONFIG_FILE: ./data/default.physics_config.json
    RGB_SENSOR:
      HEIGHT: 480
      HFOV: 79
      ORIENTATION: [0.0, 0.0, 0.0]
      POSITION: [0, 0.88, 0]
      TYPE: HabitatSimRGBSensor
      WIDTH: 640
    SCENE: data/scene_datasets/habitat-test-scenes/van-gogh-room.glb
    SEED: 100
    SEMANTIC_SENSOR:
      HEIGHT: 480
      HFOV: 79
      ORIENTATION: [0.0, 0.0, 0.0]
      POSITION: [0, 0.88, 0]
      TYPE: HabitatSimSemanticSensor
      WIDTH: 640
    TILT_ANGLE: 30
    TURN_ANGLE: 30
    TYPE: Sim-v0
  TASK:
    ACTIONS:
      ANSWER:
        TYPE: AnswerAction
      LOOK_DOWN:
        TYPE: LookDownAction
      LOOK_UP:
        TYPE: LookUpAction
      MOVE_FORWARD:
        TYPE: MoveForwardAction
      STOP:
        TYPE: StopAction
      TELEPORT:
        TYPE: TeleportAction
      TURN_LEFT:
        TYPE: TurnLeftAction
      TURN_RIGHT:
        TYPE: TurnRightAction
    ALL_OBJECT_POSITIONS:
      TYPE: AllObjectPositions
    ANSWER_ACCURACY:
      TYPE: AnswerAccuracy
    COLLISIONS:
      TYPE: Collisions
    COMPASS_SENSOR:
      TYPE: CompassSensor
    CORRECT_ANSWER:
      TYPE: CorrectAnswer
    DEMONSTRATION_SENSOR:
      TYPE: DemonstrationSensor
    DEMONSTRATION_SENSOR_UUID: demonstration
    DISTANCE_TO_GOAL:
      DISTANCE_TO: VIEW_POINTS
      TYPE: DistanceToGoal
    EPISODE_INFO:
      TYPE: EpisodeInfo
    GOAL_SENSOR_UUID: objectgoal
    GPS_SENSOR:
      DIMENSIONALITY: 2
      TYPE: GPSSensor
    HEADING_SENSOR:
      TYPE: HeadingSensor
    IMAGEGOAL_SENSOR:
      TYPE: ImageGoalSensor
    INFLECTION_WEIGHT_SENSOR:
      INFLECTION_COEF: 3.4740125584607133
      TYPE: InflectionWeightSensor
    INFLECTION_WEIGHT_SENSOR_UUID: inflection_weight
    INSTRUCTION_SENSOR:
      TYPE: InstructionSensor
    INSTRUCTION_SENSOR_UUID: instruction
    MEASUREMENTS: ['DISTANCE_TO_GOAL', 'SUCCESS', 'SPL', 'SOFT_SPL']
    OBJECTGOAL_SENSOR:
      GOAL_SPEC: TASK_CATEGORY_ID
      GOAL_SPEC_MAX_VAL: 50
SHOW_TOP_DOWN_MAP: False
SIMULATOR_GPU_ID: 0
TASK_CONFIG:
  DATASET:
    CONTENT_SCENES: ['*']
    DATA_PATH: data/datasets/objectnav_mp3d_10k/{split}/{split}.json.gz
    SCENES_DIR: data/scene_datasets/
    SPLIT: train
    TYPE: ObjectNav-v2
  ENVIRONMENT:
    ITERATOR_OPTIONS:
      CYCLE: True
      GROUP_BY_SCENE: True
      MAX_SCENE_REPEAT_EPISODES: -1
      MAX_SCENE_REPEAT_STEPS: 10000
      NUM_EPISODE_SAMPLE: -1
      SHUFFLE: True
      STEP_REPETITION_RANGE: 0.2
    MAX_EPISODE_SECONDS: 10000000
    MAX_EPISODE_STEPS: 5000
  PYROBOT:
    BASE_CONTROLLER: proportional
    BASE_PLANNER: none
    BUMP_SENSOR:
      TYPE: PyRobotBumpSensor
    DEPTH_SENSOR:
      CENTER_CROP: False
      HEIGHT: 480
      MAX_DEPTH: 5.0
      MIN_DEPTH: 0.0
      NORMALIZE_DEPTH: True
      TYPE: PyRobotDepthSensor
      WIDTH: 640
    LOCOBOT:
      ACTIONS: ['BASE_ACTIONS', 'CAMERA_ACTIONS']
      BASE_ACTIONS: ['go_to_relative', 'go_to_absolute']
      CAMERA_ACTIONS: ['set_pan', 'set_tilt', 'set_pan_tilt']
    RGB_SENSOR:
      CENTER_CROP: False
      HEIGHT: 480
      TYPE: PyRobotRGBSensor
      WIDTH: 640
    ROBOT: locobot
    ROBOTS: ['locobot']
    SENSORS: ['RGB_SENSOR', 'DEPTH_SENSOR', 'BUMP_SENSOR']
  SEED: 105
  SIMULATOR:
    ACTION_SPACE_CONFIG: v1
    AGENTS: ['AGENT_0']
    AGENT_0:
      ANGULAR_ACCELERATION: 12.56
      ANGULAR_FRICTION: 1.0
      COEFFICIENT_OF_RESTITUTION: 0.0
      HEIGHT: 0.88
      IS_SET_START_STATE: False
      LINEAR_ACCELERATION: 20.0
      LINEAR_FRICTION: 0.5
      MASS: 32.0
      RADIUS: 0.18
      SENSORS: ['RGB_SENSOR', 'SEMANTIC_SENSOR', 'DEPTH_SENSOR']
      START_POSITION: [0, 0, 0]
      START_ROTATION: [0, 0, 0, 1]
    DEFAULT_AGENT_ID: 0
    DEPTH_SENSOR:
      HEIGHT: 480
      HFOV: 79
      MAX_DEPTH: 5.0
      MIN_DEPTH: 0.5
      NORMALIZE_DEPTH: True
      ORIENTATION: [0.0, 0.0, 0.0]
      POSITION: [0, 0.88, 0]
      TYPE: HabitatSimDepthSensor
      WIDTH: 640
    FORWARD_STEP_SIZE: 0.25
    HABITAT_SIM_V0:
      ALLOW_SLIDING: False
      ENABLE_PHYSICS: False
      GPU_DEVICE_ID: 0
      GPU_GPU: False
      PHYSICS_CONFIG_FILE: ./data/default.physics_config.json
    RGB_SENSOR:
      HEIGHT: 480
      HFOV: 79
      ORIENTATION: [0.0, 0.0, 0.0]
      POSITION: [0, 0.88, 0]
      TYPE: HabitatSimRGBSensor
      WIDTH: 640
    SCENE: data/scene_datasets/habitat-test-scenes/van-gogh-room.glb
    SEED: 100
    SEMANTIC_SENSOR:
      HEIGHT: 480
      HFOV: 79
      ORIENTATION: [0.0, 0.0, 0.0]
      POSITION: [0, 0.88, 0]
      TYPE: HabitatSimSemanticSensor
      WIDTH: 640
    TILT_ANGLE: 30
    TURN_ANGLE: 30
    TYPE: Sim-v0
  TASK:
    ACTIONS:
      ANSWER:
        TYPE: AnswerAction
      LOOK_DOWN:
        TYPE: LookDownAction
      LOOK_UP:
        TYPE: LookUpAction
      MOVE_FORWARD:
        TYPE: MoveForwardAction
      STOP:
        TYPE: StopAction
      TELEPORT:
        TYPE: TeleportAction
      TURN_LEFT:
        TYPE: TurnLeftAction
      TURN_RIGHT:
        TYPE: TurnRightAction
    ALL_OBJECT_POSITIONS:
      TYPE: AllObjectPositions
    ANSWER_ACCURACY:
      TYPE: AnswerAccuracy
    COLLISIONS:
      TYPE: Collisions
    COMPASS_SENSOR:
      TYPE: CompassSensor
    CORRECT_ANSWER:
      TYPE: CorrectAnswer
    DEMONSTRATION_SENSOR:
      TYPE: DemonstrationSensor
    DEMONSTRATION_SENSOR_UUID: demonstration
    DISTANCE_TO_GOAL:
      DISTANCE_TO: VIEW_POINTS
      TYPE: DistanceToGoal
    EPISODE_INFO:
      TYPE: EpisodeInfo
    GOAL_SENSOR_UUID: objectgoal
    GPS_SENSOR:
      DIMENSIONALITY: 2
      TYPE: GPSSensor
    HEADING_SENSOR:
      TYPE: HeadingSensor
    IMAGEGOAL_SENSOR:
      TYPE: ImageGoalSensor
    INFLECTION_WEIGHT_SENSOR:
      INFLECTION_COEF: 3.4740125584607133
      TYPE: InflectionWeightSensor
    INFLECTION_WEIGHT_SENSOR_UUID: inflection_weight
    INSTRUCTION_SENSOR:
      TYPE: InstructionSensor
    INSTRUCTION_SENSOR_UUID: instruction
    MEASUREMENTS: ['DISTANCE_TO_GOAL', 'SUCCESS', 'SPL', 'SOFT_SPL']
    OBJECTGOAL_SENSOR:
      GOAL_SPEC: TASK_CATEGORY_ID
      GOAL_SPEC_MAX_VAL: 50
2021-09-10 15:58:33,465 config: BASE_TASK_CONFIG_PATH: configs/tasks/objectnav_mp3d_il.yaml
CHECKPOINT_FOLDER: results/checkpoints/objectnav_mp3d_10k/seed_1/2021_09_10_semseg
CHECKPOINT_INTERVAL: 500
CMD_TRAILING_OPTS: []
DATASET_PATH: data/datasets/objectnav_mp3d_v2/{split}/{scene_split}.db
ENV_NAME: NavRLEnv
EVAL:
  SPLIT: val
  USE_CKPT_CONFIG: True
EVAL_CKPT_PATH_DIR: data/new_checkpoints/objectnav/objectnav_env/v4_rgbd/objectnav_mp3d_v2_rgbd_8node_17_seed1.ckpt
EVAL_RESUTLS_DIR: data/objectnav_mp3d_v2/seed_1/results/
EVAL_SAVE_RESULTS: True
EVAL_SAVE_RESULTS_INTERVAL: 50
FORCE_BLIND_POLICY: False
IL:
  BehaviorCloning:
    clip_param: 0.2
    eps: 1e-05
    hidden_size: 512
    lr: 0.001
    max_grad_norm: 0.2
    num_mini_batch: 2
    num_steps: 64
    reward_window_size: 50
    sync_frac: 0.6
    use_linear_clip_decay: False
    use_linear_lr_decay: True
  USE_IW: True
  distrib_backend: GLOO
LOG_FILE: train.log
LOG_INTERVAL: 10
LOG_METRICS: True
MODEL:
  DEPTH_ENCODER:
    backbone: resnet50
    cnn_type: VlnResnetDepthEncoder
    ddppo_checkpoint: data/ddppo-models/gibson-2plus-resnet50.pth
    output_size: 128
    trainable: False
  NO_VISION: False
  PROGRESS_MONITOR:
    use: False
  RGB_ENCODER:
    backbone: resnet18
    cnn_type: ResnetRGBEncoder
    output_size: 256
    train_encoder: True
  SEMANTIC_ENCODER:
    backbone: resnet18
    cnn_type: ResnetSemSegEncoder
    embedding_size: 4
    output_size: 256
    rednet_ckpt: data/rednet-models/rednet_semmap_mp3d_tuned.pth
    train_encoder: True
  SEQ2SEQ:
    use_prev_action: True
  STATE_ENCODER:
    hidden_size: 512
    num_recurrent_layers: 2
    rnn_type: GRU
  SWITCH_TO_PRED_SEMANTICS_UPDATE: 0
  USE_PRED_SEMANTICS: True
  USE_SEMANTICS: True
  ablate_depth: False
  ablate_rgb: False
  backbone: resnet18
  embed_sge: True
  force_blind_policy: False
  hidden_size: 512
  inflection_weight_coef: 3.4740125584607133
  normalize_visual_inputs: False
  num_recurrent_layers: 2
  resnet_baseplanes: 32
  rnn_type: GRU
NUM_PROCESSES: 8
NUM_UPDATES: 16000
ORBSLAM2:
  ANGLE_TH: 0.2617993877991494
  BETA: 100
  CAMERA_HEIGHT: 1.25
  DEPTH_DENORM: 10.0
  DIST_REACHED_TH: 0.15
  DIST_TO_STOP: 0.05
  D_OBSTACLE_MAX: 4.0
  D_OBSTACLE_MIN: 0.1
  H_OBSTACLE_MAX: 1.25
  H_OBSTACLE_MIN: 0.375
  MAP_CELL_SIZE: 0.1
  MAP_SIZE: 40
  MIN_PTS_IN_OBSTACLE: 320.0
  NEXT_WAYPOINT_TH: 0.5
  NUM_ACTIONS: 3
  PLANNER_MAX_STEPS: 500
  PREPROCESS_MAP: True
  SLAM_SETTINGS_PATH: habitat_baselines/slambased/data/mp3d3_small1k.yaml
  SLAM_VOCAB_PATH: habitat_baselines/slambased/data/ORBvoc.txt
OUTPUT_LOG_DIR: results/logs/objectnav_mp3d_v2/seed_1
PROFILING:
  CAPTURE_START_STEP: -1
  NUM_STEPS_TO_CAPTURE: -1
RESULTS_DIR: results/objectnav_mp3d_v2/seed_1/results/{split}/{type}
RL:
  DDPPO:
    backbone: resnet50
    distrib_backend: GLOO
    num_recurrent_layers: 2
    pretrained: False
    pretrained_encoder: False
    pretrained_weights: data/ddppo-models/gibson-2plus-resnet50.pth
    reset_critic: True
    rnn_type: LSTM
    sync_frac: 0.6
    train_encoder: True
  POLICY:
    OBS_TRANSFORMS:
      CENTER_CROPPER:
        HEIGHT: 256
        WIDTH: 256
      CUBE2EQ:
        HEIGHT: 256
        SENSOR_UUIDS: []
        WIDTH: 512
      CUBE2FISH:
        FOV: 180
        HEIGHT: 256
        PARAMS: (0.2, 0.2, 0.2)
        SENSOR_UUIDS: []
        WIDTH: 256
      ENABLED_TRANSFORMS: ()
      EQ2CUBE:
        HEIGHT: 256
        SENSOR_UUIDS: []
        WIDTH: 256
      RESIZE_SHORTEST_EDGE:
        SIZE: 256
    name: PointNavBaselinePolicy
  PPO:
    clip_param: 0.2
    entropy_coef: 0.01
    eps: 1e-05
    gamma: 0.99
    hidden_size: 512
    lr: 0.0007
    max_grad_norm: 0.5
    num_mini_batch: 16
    num_steps: 5
    ppo_epoch: 4
    reward_window_size: 50
    tau: 0.95
    use_gae: True
    use_linear_clip_decay: False
    use_linear_lr_decay: False
    use_normalized_advantage: True
    value_loss_coef: 0.5
  REWARD_MEASURE: distance_to_goal
  SLACK_REWARD: -0.001
  SUCCESS_MEASURE: spl
  SUCCESS_REWARD: 2.5
SENSORS: ['RGB_SENSOR', 'SEMANTIC_SENSOR', 'DEPTH_SENSOR']
      TYPE: ObjectGoalSensor
    POINTGOAL_SENSOR:
      DIMENSIONALITY: 2
      GOAL_FORMAT: POLAR
      TYPE: PointGoalSensor
    POINTGOAL_WITH_GPS_COMPASS_SENSOR:
      DIMENSIONALITY: 2
      GOAL_FORMAT: POLAR
      TYPE: PointGoalWithGPSCompassSensor
    POSSIBLE_ACTIONS: ['STOP', 'MOVE_FORWARD', 'TURN_LEFT', 'TURN_RIGHT', 'LOOK_UP', 'LOOK_DOWN']
    PROXIMITY_SENSOR:
      MAX_DETECTION_RADIUS: 2.0
      TYPE: ProximitySensor
    QUESTION_SENSOR:
      TYPE: QuestionSensor
    SENSORS: ['OBJECTGOAL_SENSOR', 'COMPASS_SENSOR', 'GPS_SENSOR', 'DEMONSTRATION_SENSOR', 'INFLECTION_WEIGHT_SENSOR']
    SOFT_SPL:
      TYPE: SoftSPL
    SPL:
      TYPE: SPL
    SUCCESS:
      SUCCESS_DISTANCE: 0.1
      TYPE: Success
    SUCCESS_DISTANCE: 0.1
    TOP_DOWN_MAP:
      DRAW_BORDER: True
      DRAW_GOAL_AABBS: False
      DRAW_GOAL_POSITIONS: True
      DRAW_SHORTEST_PATH: False
      DRAW_SOURCE: True
      DRAW_VIEW_POINTS: True
      FOG_OF_WAR:
        DRAW: True
        FOV: 90
        VISIBILITY_DIST: 5.0
      MAP_PADDING: 3
      MAP_RESOLUTION: 1024
      MAX_EPISODE_STEPS: 1000
      TYPE: TopDownMap
    TYPE: ObjectNav-v1
TENSORBOARD_DIR: results/tb/objectnav_mp3d_10k/seed_1/2021_09_10_semseg/
TEST_EPISODE_COUNT: -1
TORCH_GPU_ID: 0
TRAINER_NAME: ddp-objectnav-bc-env
VIDEO_DIR: results/videos/objectnav_mp3d_10k/seed_1/2021_09_10_semseg/
VIDEO_OPTION: ['disk']
SHOW_TOP_DOWN_MAP: False
SIMULATOR_GPU_ID: 0
TASK_CONFIG:
  DATASET:
    CONTENT_SCENES: ['*']
    DATA_PATH: data/datasets/objectnav_mp3d_10k/{split}/{split}.json.gz
    SCENES_DIR: data/scene_datasets/
    SPLIT: train
    TYPE: ObjectNav-v2
  ENVIRONMENT:
    ITERATOR_OPTIONS:
      CYCLE: True
      GROUP_BY_SCENE: True
      MAX_SCENE_REPEAT_EPISODES: -1
      MAX_SCENE_REPEAT_STEPS: 10000
      NUM_EPISODE_SAMPLE: -1
      SHUFFLE: True
      STEP_REPETITION_RANGE: 0.2
    MAX_EPISODE_SECONDS: 10000000
    MAX_EPISODE_STEPS: 5000
  PYROBOT:
    BASE_CONTROLLER: proportional
    BASE_PLANNER: none
    BUMP_SENSOR:
      TYPE: PyRobotBumpSensor
    DEPTH_SENSOR:
      CENTER_CROP: False
      HEIGHT: 480
      MAX_DEPTH: 5.0
      MIN_DEPTH: 0.0
      NORMALIZE_DEPTH: True
      TYPE: PyRobotDepthSensor
      WIDTH: 640
    LOCOBOT:
      ACTIONS: ['BASE_ACTIONS', 'CAMERA_ACTIONS']
      BASE_ACTIONS: ['go_to_relative', 'go_to_absolute']
      CAMERA_ACTIONS: ['set_pan', 'set_tilt', 'set_pan_tilt']
    RGB_SENSOR:
      CENTER_CROP: False
      HEIGHT: 480
      TYPE: PyRobotRGBSensor
      WIDTH: 640
    ROBOT: locobot
    ROBOTS: ['locobot']
    SENSORS: ['RGB_SENSOR', 'DEPTH_SENSOR', 'BUMP_SENSOR']
  SEED: 105
  SIMULATOR:
    ACTION_SPACE_CONFIG: v1
    AGENTS: ['AGENT_0']
    AGENT_0:
      ANGULAR_ACCELERATION: 12.56
      ANGULAR_FRICTION: 1.0
      COEFFICIENT_OF_RESTITUTION: 0.0
      HEIGHT: 0.88
      IS_SET_START_STATE: False
      LINEAR_ACCELERATION: 20.0
      LINEAR_FRICTION: 0.5
      MASS: 32.0
      RADIUS: 0.18
      SENSORS: ['RGB_SENSOR', 'SEMANTIC_SENSOR', 'DEPTH_SENSOR']
      START_POSITION: [0, 0, 0]
      START_ROTATION: [0, 0, 0, 1]
    DEFAULT_AGENT_ID: 0
    DEPTH_SENSOR:
      HEIGHT: 480
      HFOV: 79
      MAX_DEPTH: 5.0
      MIN_DEPTH: 0.5
      NORMALIZE_DEPTH: True
      ORIENTATION: [0.0, 0.0, 0.0]
      POSITION: [0, 0.88, 0]
      TYPE: HabitatSimDepthSensor
      WIDTH: 640
    FORWARD_STEP_SIZE: 0.25
    HABITAT_SIM_V0:
      ALLOW_SLIDING: False
      ENABLE_PHYSICS: False
      GPU_DEVICE_ID: 0
      GPU_GPU: False
      PHYSICS_CONFIG_FILE: ./data/default.physics_config.json
    RGB_SENSOR:
      HEIGHT: 480
      HFOV: 79
      ORIENTATION: [0.0, 0.0, 0.0]
      POSITION: [0, 0.88, 0]
      TYPE: HabitatSimRGBSensor
      WIDTH: 640
    SCENE: data/scene_datasets/habitat-test-scenes/van-gogh-room.glb
    SEED: 100
    SEMANTIC_SENSOR:
      HEIGHT: 480
      HFOV: 79
      ORIENTATION: [0.0, 0.0, 0.0]
      POSITION: [0, 0.88, 0]
      TYPE: HabitatSimSemanticSensor
      WIDTH: 640
    TILT_ANGLE: 30
    TURN_ANGLE: 30
    TYPE: Sim-v0
  TASK:
    ACTIONS:
      ANSWER:
        TYPE: AnswerAction
      LOOK_DOWN:
        TYPE: LookDownAction
      LOOK_UP:
        TYPE: LookUpAction
      MOVE_FORWARD:
        TYPE: MoveForwardAction
      STOP:
        TYPE: StopAction
      TELEPORT:
        TYPE: TeleportAction
      TURN_LEFT:
        TYPE: TurnLeftAction
      TURN_RIGHT:
        TYPE: TurnRightAction
    ALL_OBJECT_POSITIONS:
      TYPE: AllObjectPositions
    ANSWER_ACCURACY:
      TYPE: AnswerAccuracy
    COLLISIONS:
      TYPE: Collisions
    COMPASS_SENSOR:
      TYPE: CompassSensor
    CORRECT_ANSWER:
      TYPE: CorrectAnswer
    DEMONSTRATION_SENSOR:
      TYPE: DemonstrationSensor
    DEMONSTRATION_SENSOR_UUID: demonstration
    DISTANCE_TO_GOAL:
      DISTANCE_TO: VIEW_POINTS
      TYPE: DistanceToGoal
    EPISODE_INFO:
      TYPE: EpisodeInfo
    GOAL_SENSOR_UUID: objectgoal
    GPS_SENSOR:
      DIMENSIONALITY: 2
      TYPE: GPSSensor
    HEADING_SENSOR:
      TYPE: HeadingSensor
    IMAGEGOAL_SENSOR:
      TYPE: ImageGoalSensor
    INFLECTION_WEIGHT_SENSOR:
      INFLECTION_COEF: 3.4740125584607133
      TYPE: InflectionWeightSensor
    INFLECTION_WEIGHT_SENSOR_UUID: inflection_weight
    INSTRUCTION_SENSOR:
      TYPE: InstructionSensor
    INSTRUCTION_SENSOR_UUID: instruction
    MEASUREMENTS: ['DISTANCE_TO_GOAL', 'SUCCESS', 'SPL', 'SOFT_SPL']
    OBJECTGOAL_SENSOR:
      GOAL_SPEC: TASK_CATEGORY_ID
      GOAL_SPEC_MAX_VAL: 50
      TYPE: ObjectGoalSensor
    POINTGOAL_SENSOR:
      DIMENSIONALITY: 2
      GOAL_FORMAT: POLAR
      TYPE: PointGoalSensor
    POINTGOAL_WITH_GPS_COMPASS_SENSOR:
      DIMENSIONALITY: 2
      GOAL_FORMAT: POLAR
      TYPE: PointGoalWithGPSCompassSensor
    POSSIBLE_ACTIONS: ['STOP', 'MOVE_FORWARD', 'TURN_LEFT', 'TURN_RIGHT', 'LOOK_UP', 'LOOK_DOWN']
    PROXIMITY_SENSOR:
      MAX_DETECTION_RADIUS: 2.0
      TYPE: ProximitySensor
    QUESTION_SENSOR:
      TYPE: QuestionSensor
    SENSORS: ['OBJECTGOAL_SENSOR', 'COMPASS_SENSOR', 'GPS_SENSOR', 'DEMONSTRATION_SENSOR', 'INFLECTION_WEIGHT_SENSOR']
    SOFT_SPL:
      TYPE: SoftSPL
    SPL:
      TYPE: SPL
    SUCCESS:
      SUCCESS_DISTANCE: 0.1
      TYPE: Success
    SUCCESS_DISTANCE: 0.1
    TOP_DOWN_MAP:
      DRAW_BORDER: True
      DRAW_GOAL_AABBS: False
      DRAW_GOAL_POSITIONS: True
      DRAW_SHORTEST_PATH: False
      DRAW_SOURCE: True
      DRAW_VIEW_POINTS: True
      FOG_OF_WAR:
        DRAW: True
        FOV: 90
        VISIBILITY_DIST: 5.0
      MAP_PADDING: 3
      MAP_RESOLUTION: 1024
      MAX_EPISODE_STEPS: 1000
      TYPE: TopDownMap
    TYPE: ObjectNav-v1
TENSORBOARD_DIR: results/tb/objectnav_mp3d_10k/seed_1/2021_09_10_semseg/
TEST_EPISODE_COUNT: -1
TORCH_GPU_ID: 0
TRAINER_NAME: ddp-objectnav-bc-env
VIDEO_DIR: results/videos/objectnav_mp3d_10k/seed_1/2021_09_10_semseg/
VIDEO_OPTION: ['disk']
      TYPE: ObjectGoalSensor
    POINTGOAL_SENSOR:
      DIMENSIONALITY: 2
      GOAL_FORMAT: POLAR
      TYPE: PointGoalSensor
    POINTGOAL_WITH_GPS_COMPASS_SENSOR:
      DIMENSIONALITY: 2
      GOAL_FORMAT: POLAR
      TYPE: PointGoalWithGPSCompassSensor
    POSSIBLE_ACTIONS: ['STOP', 'MOVE_FORWARD', 'TURN_LEFT', 'TURN_RIGHT', 'LOOK_UP', 'LOOK_DOWN']
    PROXIMITY_SENSOR:
      MAX_DETECTION_RADIUS: 2.0
      TYPE: ProximitySensor
    QUESTION_SENSOR:
      TYPE: QuestionSensor
    SENSORS: ['OBJECTGOAL_SENSOR', 'COMPASS_SENSOR', 'GPS_SENSOR', 'DEMONSTRATION_SENSOR', 'INFLECTION_WEIGHT_SENSOR']
    SOFT_SPL:
      TYPE: SoftSPL
    SPL:
      TYPE: SPL
    SUCCESS:
      SUCCESS_DISTANCE: 0.1
      TYPE: Success
    SUCCESS_DISTANCE: 0.1
    TOP_DOWN_MAP:
      DRAW_BORDER: True
      DRAW_GOAL_AABBS: False
      DRAW_GOAL_POSITIONS: True
      DRAW_SHORTEST_PATH: False
      DRAW_SOURCE: True
      DRAW_VIEW_POINTS: True
      FOG_OF_WAR:
        DRAW: True
        FOV: 90
        VISIBILITY_DIST: 5.0
      MAP_PADDING: 3
      MAP_RESOLUTION: 1024
      MAX_EPISODE_STEPS: 1000
      TYPE: TopDownMap
    TYPE: ObjectNav-v1
TENSORBOARD_DIR: results/tb/objectnav_mp3d_10k/seed_1/2021_09_10_semseg/
TEST_EPISODE_COUNT: -1
TORCH_GPU_ID: 0
TRAINER_NAME: ddp-objectnav-bc-env
VIDEO_DIR: results/videos/objectnav_mp3d_10k/seed_1/2021_09_10_semseg/
VIDEO_OPTION: ['disk']
      TYPE: ObjectGoalSensor
    POINTGOAL_SENSOR:
      DIMENSIONALITY: 2
      GOAL_FORMAT: POLAR
      TYPE: PointGoalSensor
    POINTGOAL_WITH_GPS_COMPASS_SENSOR:
      DIMENSIONALITY: 2
      GOAL_FORMAT: POLAR
      TYPE: PointGoalWithGPSCompassSensor
    POSSIBLE_ACTIONS: ['STOP', 'MOVE_FORWARD', 'TURN_LEFT', 'TURN_RIGHT', 'LOOK_UP', 'LOOK_DOWN']
    PROXIMITY_SENSOR:
      MAX_DETECTION_RADIUS: 2.0
      TYPE: ProximitySensor
    QUESTION_SENSOR:
      TYPE: QuestionSensor
    SENSORS: ['OBJECTGOAL_SENSOR', 'COMPASS_SENSOR', 'GPS_SENSOR', 'DEMONSTRATION_SENSOR', 'INFLECTION_WEIGHT_SENSOR']
    SOFT_SPL:
      TYPE: SoftSPL
    SPL:
      TYPE: SPL
    SUCCESS:
      SUCCESS_DISTANCE: 0.1
      TYPE: Success
    SUCCESS_DISTANCE: 0.1
    TOP_DOWN_MAP:
      DRAW_BORDER: True
      DRAW_GOAL_AABBS: False
      DRAW_GOAL_POSITIONS: True
      DRAW_SHORTEST_PATH: False
      DRAW_SOURCE: True
      DRAW_VIEW_POINTS: True
      FOG_OF_WAR:
        DRAW: True
        FOV: 90
        VISIBILITY_DIST: 5.0
      MAP_PADDING: 3
      MAP_RESOLUTION: 1024
      MAX_EPISODE_STEPS: 1000
      TYPE: TopDownMap
    TYPE: ObjectNav-v1
TENSORBOARD_DIR: results/tb/objectnav_mp3d_10k/seed_1/2021_09_10_semseg/
TEST_EPISODE_COUNT: -1
TORCH_GPU_ID: 0
TRAINER_NAME: ddp-objectnav-bc-env
VIDEO_DIR: results/videos/objectnav_mp3d_10k/seed_1/2021_09_10_semseg/
VIDEO_OPTION: ['disk']
      TYPE: ObjectGoalSensor
    POINTGOAL_SENSOR:
      DIMENSIONALITY: 2
      GOAL_FORMAT: POLAR
      TYPE: PointGoalSensor
    POINTGOAL_WITH_GPS_COMPASS_SENSOR:
      DIMENSIONALITY: 2
      GOAL_FORMAT: POLAR
      TYPE: PointGoalWithGPSCompassSensor
    POSSIBLE_ACTIONS: ['STOP', 'MOVE_FORWARD', 'TURN_LEFT', 'TURN_RIGHT', 'LOOK_UP', 'LOOK_DOWN']
    PROXIMITY_SENSOR:
      MAX_DETECTION_RADIUS: 2.0
      TYPE: ProximitySensor
    QUESTION_SENSOR:
      TYPE: QuestionSensor
    SENSORS: ['OBJECTGOAL_SENSOR', 'COMPASS_SENSOR', 'GPS_SENSOR', 'DEMONSTRATION_SENSOR', 'INFLECTION_WEIGHT_SENSOR']
    SOFT_SPL:
      TYPE: SoftSPL
    SPL:
      TYPE: SPL
    SUCCESS:
      SUCCESS_DISTANCE: 0.1
      TYPE: Success
    SUCCESS_DISTANCE: 0.1
    TOP_DOWN_MAP:
      DRAW_BORDER: True
      DRAW_GOAL_AABBS: False
      DRAW_GOAL_POSITIONS: True
      DRAW_SHORTEST_PATH: False
      DRAW_SOURCE: True
      DRAW_VIEW_POINTS: True
      FOG_OF_WAR:
        DRAW: True
        FOV: 90
        VISIBILITY_DIST: 5.0
      MAP_PADDING: 3
      MAP_RESOLUTION: 1024
      MAX_EPISODE_STEPS: 1000
      TYPE: TopDownMap
    TYPE: ObjectNav-v1
TENSORBOARD_DIR: results/tb/objectnav_mp3d_10k/seed_1/2021_09_10_semseg/
TEST_EPISODE_COUNT: -1
TORCH_GPU_ID: 0
TRAINER_NAME: ddp-objectnav-bc-env
VIDEO_DIR: results/videos/objectnav_mp3d_10k/seed_1/2021_09_10_semseg/
VIDEO_OPTION: ['disk']
SHOW_TOP_DOWN_MAP: False
SIMULATOR_GPU_ID: 0
TASK_CONFIG:
  DATASET:
    CONTENT_SCENES: ['*']
    DATA_PATH: data/datasets/objectnav_mp3d_10k/{split}/{split}.json.gz
    SCENES_DIR: data/scene_datasets/
    SPLIT: train
    TYPE: ObjectNav-v2
  ENVIRONMENT:
    ITERATOR_OPTIONS:
      CYCLE: True
      GROUP_BY_SCENE: True
      MAX_SCENE_REPEAT_EPISODES: -1
      MAX_SCENE_REPEAT_STEPS: 10000
      NUM_EPISODE_SAMPLE: -1
      SHUFFLE: True
      STEP_REPETITION_RANGE: 0.2
    MAX_EPISODE_SECONDS: 10000000
    MAX_EPISODE_STEPS: 5000
  PYROBOT:
    BASE_CONTROLLER: proportional
    BASE_PLANNER: none
    BUMP_SENSOR:
      TYPE: PyRobotBumpSensor
    DEPTH_SENSOR:
      CENTER_CROP: False
      HEIGHT: 480
      MAX_DEPTH: 5.0
      MIN_DEPTH: 0.0
      NORMALIZE_DEPTH: True
      TYPE: PyRobotDepthSensor
      WIDTH: 640
    LOCOBOT:
      ACTIONS: ['BASE_ACTIONS', 'CAMERA_ACTIONS']
      BASE_ACTIONS: ['go_to_relative', 'go_to_absolute']
      CAMERA_ACTIONS: ['set_pan', 'set_tilt', 'set_pan_tilt']
    RGB_SENSOR:
      CENTER_CROP: False
      HEIGHT: 480
      TYPE: PyRobotRGBSensor
      WIDTH: 640
    ROBOT: locobot
    ROBOTS: ['locobot']
    SENSORS: ['RGB_SENSOR', 'DEPTH_SENSOR', 'BUMP_SENSOR']
  SEED: 105
  SIMULATOR:
    ACTION_SPACE_CONFIG: v1
    AGENTS: ['AGENT_0']
    AGENT_0:
      ANGULAR_ACCELERATION: 12.56
      ANGULAR_FRICTION: 1.0
      COEFFICIENT_OF_RESTITUTION: 0.0
      HEIGHT: 0.88
      IS_SET_START_STATE: False
      LINEAR_ACCELERATION: 20.0
      LINEAR_FRICTION: 0.5
      MASS: 32.0
      RADIUS: 0.18
      SENSORS: ['RGB_SENSOR', 'SEMANTIC_SENSOR', 'DEPTH_SENSOR']
      START_POSITION: [0, 0, 0]
      START_ROTATION: [0, 0, 0, 1]
    DEFAULT_AGENT_ID: 0
    DEPTH_SENSOR:
      HEIGHT: 480
      HFOV: 79
      MAX_DEPTH: 5.0
      MIN_DEPTH: 0.5
      NORMALIZE_DEPTH: True
      ORIENTATION: [0.0, 0.0, 0.0]
      POSITION: [0, 0.88, 0]
      TYPE: HabitatSimDepthSensor
      WIDTH: 640
    FORWARD_STEP_SIZE: 0.25
    HABITAT_SIM_V0:
      ALLOW_SLIDING: False
      ENABLE_PHYSICS: False
      GPU_DEVICE_ID: 0
      GPU_GPU: False
      PHYSICS_CONFIG_FILE: ./data/default.physics_config.json
    RGB_SENSOR:
      HEIGHT: 480
      HFOV: 79
      ORIENTATION: [0.0, 0.0, 0.0]
      POSITION: [0, 0.88, 0]
      TYPE: HabitatSimRGBSensor
      WIDTH: 640
    SCENE: data/scene_datasets/habitat-test-scenes/van-gogh-room.glb
    SEED: 100
    SEMANTIC_SENSOR:
      HEIGHT: 480
      HFOV: 79
      ORIENTATION: [0.0, 0.0, 0.0]
      POSITION: [0, 0.88, 0]
      TYPE: HabitatSimSemanticSensor
      WIDTH: 640
    TILT_ANGLE: 30
    TURN_ANGLE: 30
    TYPE: Sim-v0
  TASK:
    ACTIONS:
      ANSWER:
        TYPE: AnswerAction
      LOOK_DOWN:
        TYPE: LookDownAction
      LOOK_UP:
        TYPE: LookUpAction
      MOVE_FORWARD:
        TYPE: MoveForwardAction
      STOP:
        TYPE: StopAction
      TELEPORT:
        TYPE: TeleportAction
      TURN_LEFT:
        TYPE: TurnLeftAction
      TURN_RIGHT:
        TYPE: TurnRightAction
    ALL_OBJECT_POSITIONS:
      TYPE: AllObjectPositions
    ANSWER_ACCURACY:
      TYPE: AnswerAccuracy
    COLLISIONS:
      TYPE: Collisions
    COMPASS_SENSOR:
      TYPE: CompassSensor
    CORRECT_ANSWER:
      TYPE: CorrectAnswer
    DEMONSTRATION_SENSOR:
      TYPE: DemonstrationSensor
    DEMONSTRATION_SENSOR_UUID: demonstration
    DISTANCE_TO_GOAL:
      DISTANCE_TO: VIEW_POINTS
      TYPE: DistanceToGoal
    EPISODE_INFO:
      TYPE: EpisodeInfo
    GOAL_SENSOR_UUID: objectgoal
    GPS_SENSOR:
      DIMENSIONALITY: 2
      TYPE: GPSSensor
    HEADING_SENSOR:
      TYPE: HeadingSensor
    IMAGEGOAL_SENSOR:
      TYPE: ImageGoalSensor
    INFLECTION_WEIGHT_SENSOR:
      INFLECTION_COEF: 3.4740125584607133
      TYPE: InflectionWeightSensor
    INFLECTION_WEIGHT_SENSOR_UUID: inflection_weight
    INSTRUCTION_SENSOR:
      TYPE: InstructionSensor
    INSTRUCTION_SENSOR_UUID: instruction
    MEASUREMENTS: ['DISTANCE_TO_GOAL', 'SUCCESS', 'SPL', 'SOFT_SPL']
    OBJECTGOAL_SENSOR:
      GOAL_SPEC: TASK_CATEGORY_ID
      GOAL_SPEC_MAX_VAL: 50
      TYPE: ObjectGoalSensor
    POINTGOAL_SENSOR:
      DIMENSIONALITY: 2
      GOAL_FORMAT: POLAR
      TYPE: PointGoalSensor
    POINTGOAL_WITH_GPS_COMPASS_SENSOR:
      DIMENSIONALITY: 2
      GOAL_FORMAT: POLAR
      TYPE: PointGoalWithGPSCompassSensor
    POSSIBLE_ACTIONS: ['STOP', 'MOVE_FORWARD', 'TURN_LEFT', 'TURN_RIGHT', 'LOOK_UP', 'LOOK_DOWN']
    PROXIMITY_SENSOR:
      MAX_DETECTION_RADIUS: 2.0
      TYPE: ProximitySensor
    QUESTION_SENSOR:
      TYPE: QuestionSensor
    SENSORS: ['OBJECTGOAL_SENSOR', 'COMPASS_SENSOR', 'GPS_SENSOR', 'DEMONSTRATION_SENSOR', 'INFLECTION_WEIGHT_SENSOR']
    SOFT_SPL:
      TYPE: SoftSPL
    SPL:
      TYPE: SPL
    SUCCESS:
      SUCCESS_DISTANCE: 0.1
      TYPE: Success
    SUCCESS_DISTANCE: 0.1
    TOP_DOWN_MAP:
      DRAW_BORDER: True
      DRAW_GOAL_AABBS: False
      DRAW_GOAL_POSITIONS: True
      DRAW_SHORTEST_PATH: False
      DRAW_SOURCE: True
      DRAW_VIEW_POINTS: True
      FOG_OF_WAR:
        DRAW: True
        FOV: 90
        VISIBILITY_DIST: 5.0
      MAP_PADDING: 3
      MAP_RESOLUTION: 1024
      MAX_EPISODE_STEPS: 1000
      TYPE: TopDownMap
    TYPE: ObjectNav-v1
TENSORBOARD_DIR: results/tb/objectnav_mp3d_10k/seed_1/2021_09_10_semseg/
TEST_EPISODE_COUNT: -1
TORCH_GPU_ID: 0
TRAINER_NAME: ddp-objectnav-bc-env
VIDEO_DIR: results/videos/objectnav_mp3d_10k/seed_1/2021_09_10_semseg/
VIDEO_OPTION: ['disk']
      TYPE: ObjectGoalSensor
    POINTGOAL_SENSOR:
      DIMENSIONALITY: 2
      GOAL_FORMAT: POLAR
      TYPE: PointGoalSensor
    POINTGOAL_WITH_GPS_COMPASS_SENSOR:
      DIMENSIONALITY: 2
      GOAL_FORMAT: POLAR
      TYPE: PointGoalWithGPSCompassSensor
    POSSIBLE_ACTIONS: ['STOP', 'MOVE_FORWARD', 'TURN_LEFT', 'TURN_RIGHT', 'LOOK_UP', 'LOOK_DOWN']
    PROXIMITY_SENSOR:
      MAX_DETECTION_RADIUS: 2.0
      TYPE: ProximitySensor
    QUESTION_SENSOR:
      TYPE: QuestionSensor
    SENSORS: ['OBJECTGOAL_SENSOR', 'COMPASS_SENSOR', 'GPS_SENSOR', 'DEMONSTRATION_SENSOR', 'INFLECTION_WEIGHT_SENSOR']
    SOFT_SPL:
      TYPE: SoftSPL
    SPL:
      TYPE: SPL
    SUCCESS:
      SUCCESS_DISTANCE: 0.1
      TYPE: Success
    SUCCESS_DISTANCE: 0.1
    TOP_DOWN_MAP:
      DRAW_BORDER: True
      DRAW_GOAL_AABBS: False
      DRAW_GOAL_POSITIONS: True
      DRAW_SHORTEST_PATH: False
      DRAW_SOURCE: True
      DRAW_VIEW_POINTS: True
      FOG_OF_WAR:
        DRAW: True
        FOV: 90
        VISIBILITY_DIST: 5.0
      MAP_PADDING: 3
      MAP_RESOLUTION: 1024
      MAX_EPISODE_STEPS: 1000
      TYPE: TopDownMap
    TYPE: ObjectNav-v1
TENSORBOARD_DIR: results/tb/objectnav_mp3d_10k/seed_1/2021_09_10_semseg/
TEST_EPISODE_COUNT: -1
TORCH_GPU_ID: 0
TRAINER_NAME: ddp-objectnav-bc-env
VIDEO_DIR: results/videos/objectnav_mp3d_10k/seed_1/2021_09_10_semseg/
VIDEO_OPTION: ['disk']
2021-09-10 15:58:34,488 Initializing dataset ObjectNav-v2
2021-09-10 15:58:34,501 Initializing dataset ObjectNav-v2
2021-09-10 15:58:34,508 Initializing dataset ObjectNav-v2
2021-09-10 15:58:34,512 Initializing dataset ObjectNav-v2
2021-09-10 15:58:34,533 Initializing dataset ObjectNav-v2
2021-09-10 15:58:34,538 Initializing dataset ObjectNav-v2
2021-09-10 15:58:34,539 Initializing dataset ObjectNav-v2
2021-09-10 15:58:41,396 Initializing dataset ObjectNav-v2
2021-09-10 15:58:41,397 Initializing dataset ObjectNav-v2
2021-09-10 15:58:41,397 Initializing dataset ObjectNav-v2
2021-09-10 15:58:41,397 Initializing dataset ObjectNav-v2
2021-09-10 15:58:41,397 Initializing dataset ObjectNav-v2
2021-09-10 15:58:41,397 Initializing dataset ObjectNav-v2
2021-09-10 15:58:41,397 Initializing dataset ObjectNav-v2
2021-09-10 15:58:41,397 Initializing dataset ObjectNav-v2
2021-09-10 15:58:41,397 Initializing dataset ObjectNav-v2
2021-09-10 15:58:41,398 Initializing dataset ObjectNav-v2
2021-09-10 15:58:41,398 Initializing dataset ObjectNav-v2
2021-09-10 15:58:41,398 Initializing dataset ObjectNav-v2
2021-09-10 15:58:41,398 Initializing dataset ObjectNav-v2
2021-09-10 15:58:41,400 Initializing dataset ObjectNav-v2
2021-09-10 15:58:41,404 Initializing dataset ObjectNav-v2
2021-09-10 15:58:41,405 Initializing dataset ObjectNav-v2
2021-09-10 15:58:41,406 Initializing dataset ObjectNav-v2
2021-09-10 15:58:41,407 Initializing dataset ObjectNav-v2
2021-09-10 15:58:41,410 Initializing dataset ObjectNav-v2
2021-09-10 15:58:41,416 Initializing dataset ObjectNav-v2
2021-09-10 15:58:41,417 Initializing dataset ObjectNav-v2
2021-09-10 15:58:41,419 Initializing dataset ObjectNav-v2
2021-09-10 15:58:41,423 Initializing dataset ObjectNav-v2
2021-09-10 15:58:41,430 Initializing dataset ObjectNav-v2
2021-09-10 15:58:41,438 Initializing dataset ObjectNav-v2
2021-09-10 15:58:41,438 Initializing dataset ObjectNav-v2
2021-09-10 15:58:41,440 Initializing dataset ObjectNav-v2
2021-09-10 15:58:41,445 Initializing dataset ObjectNav-v2
2021-09-10 15:58:41,446 Initializing dataset ObjectNav-v2
2021-09-10 15:58:41,452 Initializing dataset ObjectNav-v2
2021-09-10 15:58:41,453 Initializing dataset ObjectNav-v2
2021-09-10 15:58:41,465 Initializing dataset ObjectNav-v2
2021-09-10 15:58:41,465 Initializing dataset ObjectNav-v2
2021-09-10 15:58:41,473 Initializing dataset ObjectNav-v2
2021-09-10 15:58:41,474 Initializing dataset ObjectNav-v2
2021-09-10 15:58:41,481 Initializing dataset ObjectNav-v2
2021-09-10 15:58:41,485 Initializing dataset ObjectNav-v2
2021-09-10 15:58:41,493 Initializing dataset ObjectNav-v2
2021-09-10 15:58:41,497 Initializing dataset ObjectNav-v2
2021-09-10 15:58:41,503 Initializing dataset ObjectNav-v2
2021-09-10 15:58:41,509 Initializing dataset ObjectNav-v2
2021-09-10 15:58:41,517 Initializing dataset ObjectNav-v2
2021-09-10 15:58:41,522 Initializing dataset ObjectNav-v2
2021-09-10 15:58:41,529 Initializing dataset ObjectNav-v2
2021-09-10 15:58:41,530 Initializing dataset ObjectNav-v2
2021-09-10 15:58:41,538 Initializing dataset ObjectNav-v2
2021-09-10 15:58:41,545 Initializing dataset ObjectNav-v2
2021-09-10 15:58:41,550 Initializing dataset ObjectNav-v2
2021-09-10 15:58:41,553 Initializing dataset ObjectNav-v2
2021-09-10 15:58:41,559 Initializing dataset ObjectNav-v2
2021-09-10 15:58:41,567 Initializing dataset ObjectNav-v2
2021-09-10 15:58:41,600 Initializing dataset ObjectNav-v2
2021-09-10 15:58:41,729 Initializing dataset ObjectNav-v2
2021-09-10 15:58:41,744 Initializing dataset ObjectNav-v2
2021-09-10 15:58:41,766 Initializing dataset ObjectNav-v2
2021-09-10 15:58:41,841 Initializing dataset ObjectNav-v2
2021-09-10 15:58:59,522 initializing sim Sim-v0
2021-09-10 15:59:03,044 initializing sim Sim-v0
2021-09-10 15:59:03,221 initializing sim Sim-v0
2021-09-10 15:59:04,061 initializing sim Sim-v0
2021-09-10 15:59:04,381 initializing sim Sim-v0
2021-09-10 15:59:04,615 initializing sim Sim-v0
2021-09-10 15:59:04,624 initializing sim Sim-v0
2021-09-10 15:59:04,671 initializing sim Sim-v0
2021-09-10 15:59:05,229 initializing sim Sim-v0
2021-09-10 15:59:05,688 initializing sim Sim-v0
2021-09-10 15:59:05,824 initializing sim Sim-v0
2021-09-10 15:59:06,982 initializing sim Sim-v0
2021-09-10 15:59:07,327 initializing sim Sim-v0
2021-09-10 15:59:07,499 initializing sim Sim-v0
2021-09-10 15:59:07,620 initializing sim Sim-v0
2021-09-10 15:59:07,829 initializing sim Sim-v0
2021-09-10 15:59:08,101 initializing sim Sim-v0
2021-09-10 15:59:08,431 initializing sim Sim-v0
2021-09-10 15:59:08,546 initializing sim Sim-v0
2021-09-10 15:59:09,210 initializing sim Sim-v0
2021-09-10 15:59:09,524 initializing sim Sim-v0
2021-09-10 15:59:09,611 initializing sim Sim-v0
2021-09-10 15:59:09,749 initializing sim Sim-v0
2021-09-10 15:59:09,850 initializing sim Sim-v0
2021-09-10 15:59:09,882 Initializing task ObjectNav-v1
2021-09-10 15:59:10,315 initializing sim Sim-v0
2021-09-10 15:59:10,580 initializing sim Sim-v0
2021-09-10 15:59:10,608 initializing sim Sim-v0
2021-09-10 15:59:10,767 initializing sim Sim-v0
2021-09-10 15:59:11,575 initializing sim Sim-v0
2021-09-10 15:59:11,690 initializing sim Sim-v0
2021-09-10 15:59:11,999 initializing sim Sim-v0
2021-09-10 15:59:12,259 initializing sim Sim-v0
2021-09-10 15:59:12,422 initializing sim Sim-v0
2021-09-10 15:59:12,550 initializing sim Sim-v0
2021-09-10 15:59:13,023 initializing sim Sim-v0
2021-09-10 15:59:13,306 initializing sim Sim-v0
2021-09-10 15:59:13,400 initializing sim Sim-v0
2021-09-10 15:59:13,683 initializing sim Sim-v0
2021-09-10 15:59:13,703 initializing sim Sim-v0
2021-09-10 15:59:13,723 initializing sim Sim-v0
2021-09-10 15:59:13,735 initializing sim Sim-v0
2021-09-10 15:59:13,796 initializing sim Sim-v0
2021-09-10 15:59:14,000 initializing sim Sim-v0
2021-09-10 15:59:14,610 initializing sim Sim-v0
2021-09-10 15:59:14,753 initializing sim Sim-v0
2021-09-10 15:59:14,838 initializing sim Sim-v0
2021-09-10 15:59:15,067 initializing sim Sim-v0
2021-09-10 15:59:15,209 initializing sim Sim-v0
2021-09-10 15:59:15,214 initializing sim Sim-v0
2021-09-10 15:59:15,367 initializing sim Sim-v0
2021-09-10 15:59:15,727 initializing sim Sim-v0
2021-09-10 15:59:15,814 initializing sim Sim-v0
2021-09-10 15:59:16,080 initializing sim Sim-v0
2021-09-10 15:59:16,892 initializing sim Sim-v0
2021-09-10 15:59:16,954 initializing sim Sim-v0
2021-09-10 15:59:17,944 initializing sim Sim-v0
2021-09-10 15:59:18,019 Initializing task ObjectNav-v1
2021-09-10 15:59:20,387 Initializing task ObjectNav-v1
2021-09-10 15:59:22,889 Initializing task ObjectNav-v1
2021-09-10 15:59:27,202 Initializing task ObjectNav-v1
2021-09-10 15:59:28,490 Initializing task ObjectNav-v1
2021-09-10 15:59:28,860 Initializing task ObjectNav-v1
2021-09-10 15:59:31,232 Initializing task ObjectNav-v1
2021-09-10 15:59:31,744 Initializing task ObjectNav-v1
2021-09-10 15:59:32,069 Initializing task ObjectNav-v1
2021-09-10 15:59:34,905 Initializing task ObjectNav-v1
2021-09-10 15:59:35,763 Initializing task ObjectNav-v1
2021-09-10 15:59:35,781 Initializing task ObjectNav-v1
2021-09-10 15:59:36,532 Initializing task ObjectNav-v1
2021-09-10 15:59:36,889 Initializing task ObjectNav-v1
2021-09-10 15:59:36,914 Initializing task ObjectNav-v1
2021-09-10 15:59:36,950 Initializing task ObjectNav-v1
2021-09-10 15:59:37,902 Initializing task ObjectNav-v1
2021-09-10 15:59:38,170 Initializing task ObjectNav-v1
2021-09-10 15:59:38,300 Initializing task ObjectNav-v1
2021-09-10 15:59:39,216 Initializing task ObjectNav-v1
2021-09-10 15:59:39,310 Initializing task ObjectNav-v1
2021-09-10 15:59:39,336 Initializing task ObjectNav-v1
2021-09-10 15:59:39,424 Initializing task ObjectNav-v1
2021-09-10 15:59:39,631 Initializing task ObjectNav-v1
2021-09-10 15:59:39,703 Initializing task ObjectNav-v1
2021-09-10 15:59:41,326 Initializing task ObjectNav-v1
2021-09-10 15:59:41,406 Initializing task ObjectNav-v1
2021-09-10 15:59:41,580 Initializing task ObjectNav-v1
2021-09-10 15:59:42,378 Initializing task ObjectNav-v1
2021-09-10 15:59:44,636 Initializing task ObjectNav-v1
2021-09-10 15:59:46,168 Initializing task ObjectNav-v1
2021-09-10 15:59:48,663 Initializing task ObjectNav-v1
2021-09-10 15:59:48,706 Initializing task ObjectNav-v1
2021-09-10 15:59:48,968 [ train_loader has [1254, 825, 983, 1291, 1043, 1188, 1129, 1152] samples ]
2021-09-10 15:59:49,341 Initializing task ObjectNav-v1
2021-09-10 15:59:49,618 Initializing task ObjectNav-v1
2021-09-10 15:59:49,629 Initializing task ObjectNav-v1
2021-09-10 15:59:51,079 Initializing task ObjectNav-v1
2021-09-10 15:59:51,919 Initializing task ObjectNav-v1
2021-09-10 15:59:53,393 Initializing task ObjectNav-v1
2021-09-10 15:59:54,039 Initializing task ObjectNav-v1
2021-09-10 15:59:54,646 Initializing task ObjectNav-v1
2021-09-10 15:59:55,991 Initializing task ObjectNav-v1
2021-09-10 15:59:56,605 Initializing task ObjectNav-v1
2021-09-10 15:59:57,013 Initializing task ObjectNav-v1
2021-09-10 15:59:57,708 Initializing task ObjectNav-v1
2021-09-10 15:59:57,972 [ train_loader has [1174, 1054, 1114, 1188, 1060, 1177, 1189, 909] samples ]
2021-09-10 15:59:58,739 Initializing task ObjectNav-v1
2021-09-10 15:59:59,179 Initializing task ObjectNav-v1
2021-09-10 15:59:59,471 Setting up Sem Seg model
2021-09-10 15:59:59,472 

Setting up GPS sensor
2021-09-10 15:59:59,472 

Setting up Compass sensor
2021-09-10 15:59:59,472 

Setting up Object Goal sensor
2021-09-10 15:59:59,563 Initializing task ObjectNav-v1
2021-09-10 15:59:59,832 [ train_loader has [987, 1183, 1335, 1214, 1204, 932, 912, 1098] samples ]
2021-09-10 16:00:02,631 Initializing task ObjectNav-v1
2021-09-10 16:00:02,730 Setting up Sem Seg model
2021-09-10 16:00:02,731 

Setting up GPS sensor
2021-09-10 16:00:02,731 

Setting up Compass sensor
2021-09-10 16:00:02,731 

Setting up Object Goal sensor
2021-09-10 16:00:02,872 [ train_loader has [1135, 1163, 1174, 1197, 1045, 1004, 966, 1181] samples ]
2021-09-10 16:00:02,890 Initializing task ObjectNav-v1
2021-09-10 16:00:04,179 Initializing task ObjectNav-v1
2021-09-10 16:00:04,455 Setting up Sem Seg model
2021-09-10 16:00:04,455 

Setting up GPS sensor
2021-09-10 16:00:04,455 

Setting up Compass sensor
2021-09-10 16:00:04,456 

Setting up Object Goal sensor
2021-09-10 16:00:07,257 Setting up Sem Seg model
2021-09-10 16:00:07,258 

Setting up GPS sensor
2021-09-10 16:00:07,258 

Setting up Compass sensor
2021-09-10 16:00:07,259 

Setting up Object Goal sensor
2021-09-10 16:00:11,978 Initializing task ObjectNav-v1
2021-09-10 16:00:12,189 Initializing task ObjectNav-v1
2021-09-10 16:00:12,374 [ train_loader has [1145, 914, 1183, 1200, 1077, 1271, 1076, 999] samples ]
2021-09-10 16:00:14,393 Initializing task ObjectNav-v1
2021-09-10 16:00:14,588 [ train_loader has [1197, 1123, 1093, 1224, 914, 1185, 1050, 1079] samples ]
2021-09-10 16:00:16,167 Setting up Sem Seg model
2021-09-10 16:00:16,167 

Setting up GPS sensor
2021-09-10 16:00:16,168 

Setting up Compass sensor
2021-09-10 16:00:16,168 

Setting up Object Goal sensor
2021-09-10 16:00:18,257 Setting up Sem Seg model
2021-09-10 16:00:18,258 

Setting up GPS sensor
2021-09-10 16:00:18,258 

Setting up Compass sensor
2021-09-10 16:00:18,258 

Setting up Object Goal sensor
2021-09-10 16:00:18,990 Initializing task ObjectNav-v1
2021-09-10 16:00:19,209 [ train_loader has [1119, 1239, 1110, 1139, 1052, 1119, 985, 1102] samples ]
2021-09-10 16:00:23,087 Setting up Sem Seg model
2021-09-10 16:00:23,087 

Setting up GPS sensor
2021-09-10 16:00:23,087 

Setting up Compass sensor
2021-09-10 16:00:23,088 

Setting up Object Goal sensor
2021-09-10 16:00:25,612 agent number of trainable parameters: 11051982
/private/home/abhshkdz/.conda/envs/habitat-on-web/lib/python3.6/site-packages/torch/optim/lr_scheduler.py:136: UserWarning: Detected call of `lr_scheduler.step()` before `optimizer.step()`. In PyTorch 1.1.0 and later, you should call them in the opposite order: `optimizer.step()` before `lr_scheduler.step()`.  Failure to do this will result in PyTorch skipping the first value of the learning rate schedule. See more details at https://pytorch.org/docs/stable/optim.html#how-to-adjust-learning-rate
  "https://pytorch.org/docs/stable/optim.html#how-to-adjust-learning-rate", UserWarning)
/private/home/abhshkdz/.conda/envs/habitat-on-web/lib/python3.6/site-packages/torch/nn/functional.py:3063: UserWarning: Default upsampling behavior when mode=bilinear is changed to align_corners=False since 0.4.0. Please specify align_corners=True if the old behavior is desired. See the documentation of nn.Upsample for details.
  "See the documentation of nn.Upsample for details.".format(mode))
/private/home/abhshkdz/.conda/envs/habitat-on-web/lib/python3.6/site-packages/torch/optim/lr_scheduler.py:136: UserWarning: Detected call of `lr_scheduler.step()` before `optimizer.step()`. In PyTorch 1.1.0 and later, you should call them in the opposite order: `optimizer.step()` before `lr_scheduler.step()`.  Failure to do this will result in PyTorch skipping the first value of the learning rate schedule. See more details at https://pytorch.org/docs/stable/optim.html#how-to-adjust-learning-rate
  "https://pytorch.org/docs/stable/optim.html#how-to-adjust-learning-rate", UserWarning)
/private/home/abhshkdz/.conda/envs/habitat-on-web/lib/python3.6/site-packages/torch/nn/functional.py:3063: UserWarning: Default upsampling behavior when mode=bilinear is changed to align_corners=False since 0.4.0. Please specify align_corners=True if the old behavior is desired. See the documentation of nn.Upsample for details.
  "See the documentation of nn.Upsample for details.".format(mode))
/private/home/abhshkdz/.conda/envs/habitat-on-web/lib/python3.6/site-packages/torch/optim/lr_scheduler.py:136: UserWarning: Detected call of `lr_scheduler.step()` before `optimizer.step()`. In PyTorch 1.1.0 and later, you should call them in the opposite order: `optimizer.step()` before `lr_scheduler.step()`.  Failure to do this will result in PyTorch skipping the first value of the learning rate schedule. See more details at https://pytorch.org/docs/stable/optim.html#how-to-adjust-learning-rate
  "https://pytorch.org/docs/stable/optim.html#how-to-adjust-learning-rate", UserWarning)
/private/home/abhshkdz/.conda/envs/habitat-on-web/lib/python3.6/site-packages/torch/optim/lr_scheduler.py:136: UserWarning: Detected call of `lr_scheduler.step()` before `optimizer.step()`. In PyTorch 1.1.0 and later, you should call them in the opposite order: `optimizer.step()` before `lr_scheduler.step()`.  Failure to do this will result in PyTorch skipping the first value of the learning rate schedule. See more details at https://pytorch.org/docs/stable/optim.html#how-to-adjust-learning-rate
  "https://pytorch.org/docs/stable/optim.html#how-to-adjust-learning-rate", UserWarning)
/private/home/abhshkdz/.conda/envs/habitat-on-web/lib/python3.6/site-packages/torch/optim/lr_scheduler.py:136: UserWarning: Detected call of `lr_scheduler.step()` before `optimizer.step()`. In PyTorch 1.1.0 and later, you should call them in the opposite order: `optimizer.step()` before `lr_scheduler.step()`.  Failure to do this will result in PyTorch skipping the first value of the learning rate schedule. See more details at https://pytorch.org/docs/stable/optim.html#how-to-adjust-learning-rate
  "https://pytorch.org/docs/stable/optim.html#how-to-adjust-learning-rate", UserWarning)
/private/home/abhshkdz/.conda/envs/habitat-on-web/lib/python3.6/site-packages/torch/nn/functional.py:3063: UserWarning: Default upsampling behavior when mode=bilinear is changed to align_corners=False since 0.4.0. Please specify align_corners=True if the old behavior is desired. See the documentation of nn.Upsample for details.
  "See the documentation of nn.Upsample for details.".format(mode))
/private/home/abhshkdz/.conda/envs/habitat-on-web/lib/python3.6/site-packages/torch/nn/functional.py:3063: UserWarning: Default upsampling behavior when mode=bilinear is changed to align_corners=False since 0.4.0. Please specify align_corners=True if the old behavior is desired. See the documentation of nn.Upsample for details.
  "See the documentation of nn.Upsample for details.".format(mode))
/private/home/abhshkdz/.conda/envs/habitat-on-web/lib/python3.6/site-packages/torch/nn/functional.py:3063: UserWarning: Default upsampling behavior when mode=bilinear is changed to align_corners=False since 0.4.0. Please specify align_corners=True if the old behavior is desired. See the documentation of nn.Upsample for details.
  "See the documentation of nn.Upsample for details.".format(mode))
/private/home/abhshkdz/.conda/envs/habitat-on-web/lib/python3.6/site-packages/torch/optim/lr_scheduler.py:136: UserWarning: Detected call of `lr_scheduler.step()` before `optimizer.step()`. In PyTorch 1.1.0 and later, you should call them in the opposite order: `optimizer.step()` before `lr_scheduler.step()`.  Failure to do this will result in PyTorch skipping the first value of the learning rate schedule. See more details at https://pytorch.org/docs/stable/optim.html#how-to-adjust-learning-rate
  "https://pytorch.org/docs/stable/optim.html#how-to-adjust-learning-rate", UserWarning)
/private/home/abhshkdz/.conda/envs/habitat-on-web/lib/python3.6/site-packages/torch/nn/functional.py:3063: UserWarning: Default upsampling behavior when mode=bilinear is changed to align_corners=False since 0.4.0. Please specify align_corners=True if the old behavior is desired. See the documentation of nn.Upsample for details.
  "See the documentation of nn.Upsample for details.".format(mode))
/private/home/abhshkdz/.conda/envs/habitat-on-web/lib/python3.6/site-packages/tensorflow-1.13.1-py3.6-linux-x86_64.egg/tensorflow/python/framework/dtypes.py:526: FutureWarning: Passing (type, 1) or '1type' as a synonym of type is deprecated; in a future version of numpy, it will be understood as (type, (1,)) / '(1,)type'.
  _np_qint8 = np.dtype([("qint8", np.int8, 1)])
/private/home/abhshkdz/.conda/envs/habitat-on-web/lib/python3.6/site-packages/tensorflow-1.13.1-py3.6-linux-x86_64.egg/tensorflow/python/framework/dtypes.py:527: FutureWarning: Passing (type, 1) or '1type' as a synonym of type is deprecated; in a future version of numpy, it will be understood as (type, (1,)) / '(1,)type'.
  _np_quint8 = np.dtype([("quint8", np.uint8, 1)])
/private/home/abhshkdz/.conda/envs/habitat-on-web/lib/python3.6/site-packages/tensorflow-1.13.1-py3.6-linux-x86_64.egg/tensorflow/python/framework/dtypes.py:528: FutureWarning: Passing (type, 1) or '1type' as a synonym of type is deprecated; in a future version of numpy, it will be understood as (type, (1,)) / '(1,)type'.
  _np_qint16 = np.dtype([("qint16", np.int16, 1)])
/private/home/abhshkdz/.conda/envs/habitat-on-web/lib/python3.6/site-packages/tensorflow-1.13.1-py3.6-linux-x86_64.egg/tensorflow/python/framework/dtypes.py:529: FutureWarning: Passing (type, 1) or '1type' as a synonym of type is deprecated; in a future version of numpy, it will be understood as (type, (1,)) / '(1,)type'.
  _np_quint16 = np.dtype([("quint16", np.uint16, 1)])
/private/home/abhshkdz/.conda/envs/habitat-on-web/lib/python3.6/site-packages/tensorflow-1.13.1-py3.6-linux-x86_64.egg/tensorflow/python/framework/dtypes.py:530: FutureWarning: Passing (type, 1) or '1type' as a synonym of type is deprecated; in a future version of numpy, it will be understood as (type, (1,)) / '(1,)type'.
  _np_qint32 = np.dtype([("qint32", np.int32, 1)])
/private/home/abhshkdz/.conda/envs/habitat-on-web/lib/python3.6/site-packages/tensorflow-1.13.1-py3.6-linux-x86_64.egg/tensorflow/python/framework/dtypes.py:535: FutureWarning: Passing (type, 1) or '1type' as a synonym of type is deprecated; in a future version of numpy, it will be understood as (type, (1,)) / '(1,)type'.
  np_resource = np.dtype([("resource", np.ubyte, 1)])
/private/home/abhshkdz/.conda/envs/habitat-on-web/lib/python3.6/site-packages/torch/optim/lr_scheduler.py:136: UserWarning: Detected call of `lr_scheduler.step()` before `optimizer.step()`. In PyTorch 1.1.0 and later, you should call them in the opposite order: `optimizer.step()` before `lr_scheduler.step()`.  Failure to do this will result in PyTorch skipping the first value of the learning rate schedule. See more details at https://pytorch.org/docs/stable/optim.html#how-to-adjust-learning-rate
  "https://pytorch.org/docs/stable/optim.html#how-to-adjust-learning-rate", UserWarning)
/private/home/abhshkdz/.conda/envs/habitat-on-web/lib/python3.6/site-packages/torch/nn/functional.py:3063: UserWarning: Default upsampling behavior when mode=bilinear is changed to align_corners=False since 0.4.0. Please specify align_corners=True if the old behavior is desired. See the documentation of nn.Upsample for details.
  "See the documentation of nn.Upsample for details.".format(mode))
2021-09-10 16:04:14,733 update: 10	fps: 170.363	loss: 1.005
2021-09-10 16:04:14,735 update: 10	env-time: 81.282s	pth-time: 136.209s	frames: 38376.0
2021-09-10 16:04:14,735 Average window size: 11  distance_to_goal: 0.044  reward: 11.395  softspl: 0.493  spl: 0.497  success: 1.000
srun: Job step aborted: Waiting up to 32 seconds for job step to finish.
slurmstepd: error: *** JOB 46092623 ON learnfair1469 CANCELLED AT 2021-09-10T16:06:58 ***
slurmstepd: error: *** STEP 46092623.1 ON learnfair1469 CANCELLED AT 2021-09-10T16:06:58 ***
