/bin/bash: /public/apps/anaconda3/2020.11/lib/libtinfo.so.6: no version information available (required by /bin/bash)
+ srun /private/home/abhshkdz/.conda/envs/habitat-on-web/bin/python -u -m habitat_baselines.run --exp-config habitat_baselines/config/object_rearrangement/il_distrib_object_rearrangement.yaml --run-type train
2021-05-14 00:55:09,130 config: BASE_TASK_CONFIG_PATH: configs/tasks/object_rearrangement.yaml
CHECKPOINT_FOLDER: results/checkpoints/resnet18_unseen_instructions/seed_1
CHECKPOINT_INTERVAL: 1
CMD_TRAILING_OPTS: []
DATASET_PATH: data/datasets/object_rearrangement/unseen_instructions/{split}/{scene_split}.db
ENV_NAME: RearrangementRLEnv
EVAL:
  SPLIT: eval
  USE_CKPT_CONFIG: True
EVAL_CKPT_PATH_DIR: data/new_checkpoints/resnet18_random_split_v6/seed_1/model_10.ckpt
EVAL_SAVE_RESULTS: True
EVAL_SAVE_RESULTS_INTERVAL: 50
FORCE_BLIND_POLICY: False
IL:
  BehaviorCloning:
    batch_size: 8
    freeze_encoder: False
    lr: 0.001
    max_epochs: 10
    timestep_batch_size: 512
  USE_IW: True
  distrib_backend: NCCL
INTERRUPTED_STATE_FILE_PATH: data/new_checkpoints/resnet18_random_split_v6/seed_1/state.pth
LOG_FILE: train.log
LOG_INTERVAL: 10
LOG_METRICS: True
MODEL:
  DEPTH_ENCODER:
    backbone: resnet50
    cnn_type: VlnResnetDepthEncoder
    ddppo_checkpoint: data/ddppo-models/gibson-2plus-resnet50.pth
    output_size: 128
    trainable: False
  INSTRUCTION_ENCODER:
    bidirectional: False
    embedding_size: 64
    final_state_only: True
    hidden_size: 128
    rnn_type: LSTM
    use_pretrained_embeddings: False
    vocab_size: 128
  PROGRESS_MONITOR:
    use: False
  RGB_ENCODER:
    backbone: resnet18
    cnn_type: ResnetRGBEncoder
    output_size: 256
    train_encoder: True
  SEQ2SEQ:
    use_prev_action: True
  STATE_ENCODER:
    hidden_size: 512
    num_recurrent_layers: 2
    rnn_type: GRU
  ablate_depth: False
  ablate_instruction: False
  ablate_rgb: False
  inflection_weight_coef: 6.945533535762423
NUM_PROCESSES: 1
NUM_UPDATES: 10000
ORBSLAM2:
  ANGLE_TH: 0.2617993877991494
  BETA: 100
  CAMERA_HEIGHT: 1.25
  DEPTH_DENORM: 10.0
  DIST_REACHED_TH: 0.15
  DIST_TO_STOP: 0.05
  D_OBSTACLE_MAX: 4.0
  D_OBSTACLE_MIN: 0.1
  H_OBSTACLE_MAX: 1.25
  H_OBSTACLE_MIN: 0.375
  MAP_CELL_SIZE: 0.1
  MAP_SIZE: 40
  MIN_PTS_IN_OBSTACLE: 320.0
  NEXT_WAYPOINT_TH: 0.5
  NUM_ACTIONS: 3
  PLANNER_MAX_STEPS: 500
  PREPROCESS_MAP: True
  SLAM_SETTINGS_PATH: habitat_baselines/slambased/data/mp3d3_small1k.yaml
  SLAM_VOCAB_PATH: habitat_baselines/slambased/data/ORBvoc.txt
OUTPUT_LOG_DIR: results/logs/object_rearrangement
PROFILING:
  CAPTURE_START_STEP: -1
  NUM_STEPS_TO_CAPTURE: -1
RESULTS_DIR: results/object_rearrangement/results/{split}/{type}
RL:
  DDPPO:
    backbone: resnet50
    distrib_backend: GLOO
    num_recurrent_layers: 2
    pretrained: False
    pretrained_encoder: False
    pretrained_weights: data/ddppo-models/gibson-2plus-resnet50.pth
    reset_critic: True
    rnn_type: LSTM
    sync_frac: 0.6
    train_encoder: True
  GRAB_SUCCESS_REWARD: 1.5
  POLICY:
    OBS_TRANSFORMS:
      CENTER_CROPPER:
        HEIGHT: 256
        WIDTH: 256
      CUBE2EQ:
        HEIGHT: 256
        SENSOR_UUIDS: []
        WIDTH: 512
      CUBE2FISH:
        FOV: 180
        HEIGHT: 256
        PARAMS: (0.2, 0.2, 0.2)
        SENSOR_UUIDS: []
        WIDTH: 256
      ENABLED_TRANSFORMS: ()
      EQ2CUBE:
        HEIGHT: 256
        SENSOR_UUIDS: []
        WIDTH: 256
      RESIZE_SHORTEST_EDGE:
        SIZE: 256
    name: PointNavBaselinePolicy
  PPO:
    clip_param: 0.2
    entropy_coef: 0.01
    eps: 1e-05
    gamma: 0.99
    hidden_size: 512
    lr: 0.0007
    max_grad_norm: 0.5
    num_mini_batch: 16
    num_steps: 5
    ppo_epoch: 4
    reward_window_size: 50
    tau: 0.95
    use_gae: True
    use_linear_clip_decay: False
    use_linear_lr_decay: False
    use_normalized_advantage: True
    value_loss_coef: 0.5
  REWARD_MEASURE: agent_receptacle_distance
  REWARD_MEASURE_2: agent_object_distance
  SLACK_REWARD: -0.01
  SUCCESS_MEASURE: success
  SUCCESS_REWARD: 2.5
SENSORS: ['RGB_SENSOR', 'DEPTH_SENSOR']
SHOW_TOP_DOWN_MAP: False
SIMULATOR_GPU_ID: 0
TASK_CONFIG:
  DATASET:
    CONTENT_SCENES: ['*']
    DATA_PATH: data/datasets/object_rearrangement/unseen_instructions/{split}/{split}.json.gz
    SCENES_DIR: data/scene_datasets/habitat-test-scenes/
    SPLIT: sample
    TYPE: RearrangementDataset-v0
  ENVIRONMENT:
    ITERATOR_OPTIONS:
      CYCLE: True
      GROUP_BY_SCENE: True
      MAX_SCENE_REPEAT_EPISODES: -1
      MAX_SCENE_REPEAT_STEPS: 10000
      NUM_EPISODE_SAMPLE: -1
      SHUFFLE: True
      STEP_REPETITION_RANGE: 0.2
    MAX_EPISODE_SECONDS: 10000000
    MAX_EPISODE_STEPS: 2002
  PYROBOT:
    BASE_CONTROLLER: proportional
    BASE_PLANNER: none
    BUMP_SENSOR:
      TYPE: PyRobotBumpSensor
    DEPTH_SENSOR:
      CENTER_CROP: False
      HEIGHT: 480
      MAX_DEPTH: 5.0
      MIN_DEPTH: 0.0
      NORMALIZE_DEPTH: True
      TYPE: PyRobotDepthSensor
      WIDTH: 640
    LOCOBOT:
      ACTIONS: ['BASE_ACTIONS', 'CAMERA_ACTIONS']
      BASE_ACTIONS: ['go_to_relative', 'go_to_absolute']
      CAMERA_ACTIONS: ['set_pan', 'set_tilt', 'set_pan_tilt']
    RGB_SENSOR:
      CENTER_CROP: False
      HEIGHT: 480
      TYPE: PyRobotRGBSensor
      WIDTH: 640
    ROBOT: locobot
    ROBOTS: ['locobot']
    SENSORS: ['RGB_SENSOR', 'DEPTH_SENSOR', 'BUMP_SENSOR']
  SEED: 105
  SIMULATOR:
    ACTION_SPACE_CONFIG: RearrangementActions-v0
    AGENTS: ['AGENT_0']
    AGENT_0:
      ANGULAR_ACCELERATION: 12.56
      ANGULAR_FRICTION: 1.0
      COEFFICIENT_OF_RESTITUTION: 0.0
      HEIGHT: 1.5
      IS_SET_START_STATE: False
      LINEAR_ACCELERATION: 20.0
      LINEAR_FRICTION: 0.5
      MASS: 32.0
      MAX_CLIMB: 0.5
      RADIUS: 0.1
      SENSORS: ['RGB_SENSOR', 'SEMANTIC_SENSOR', 'DEPTH_SENSOR']
      START_POSITION: [0, 0, 0]
      START_ROTATION: [0, 0, 0, 1]
    CROSSHAIR_POS: [128, 128]
    DEFAULT_AGENT_ID: 0
    DEPTH_SENSOR:
      HEIGHT: 256
      HFOV: 90
      MAX_DEPTH: 10.0
      MIN_DEPTH: 0.0
      NORMALIZE_DEPTH: True
      ORIENTATION: [0.0, 0.0, 0.0]
      POSITION: [0, 1.5, 0]
      TYPE: HabitatSimDepthSensor
      WIDTH: 256
    FORWARD_STEP_SIZE: 0.15
    GRAB_DISTANCE: 2.0
    HABITAT_SIM_V0:
      ALLOW_SLIDING: True
      ENABLE_PHYSICS: True
      GPU_DEVICE_ID: 0
      GPU_GPU: False
      PHYSICS_CONFIG_FILE: ./data/default.physics_config.json
    RGB_SENSOR:
      HEIGHT: 256
      HFOV: 90
      ORIENTATION: [0.0, 0.0, 0.0]
      POSITION: [0, 1.5, 0]
      TYPE: HabitatSimRGBSensor
      WIDTH: 256
    SCENE: data/scene_datasets/habitat-test-scenes/van-gogh-room.glb
    SEED: 100
    SEMANTIC_SENSOR:
      CHANNELS: 1
      HEIGHT: 256
      HFOV: 90
      ORIENTATION: [0.0, 0.0, 0.0]
      POSITION: [0, 1.5, 0]
      TYPE: HabitatSimSemanticSensor
      WIDTH: 256
    TILT_ANGLE: 5
    TURN_ANGLE: 5
    TYPE: RearrangementSim-v0
  TASK:
    ACTIONS:
      ANSWER:
        TYPE: AnswerAction
      GRAB_RELEASE:
        TYPE: GrabOrReleaseAction
      LOOK_DOWN:
        TYPE: LookDownAction
      LOOK_UP:
        TYPE: LookUpAction
      MOVE_BACKWARD:
        TYPE: MoveBackwardAction
      MOVE_FORWARD:
        TYPE: MoveForwardAction
      NO_OP:
        TYPE: NoOpAction
      STOP:
        TYPE: StopAction
      TELEPORT:
        TYPE: TeleportAction
      TURN_LEFT:
        TYPE: TurnLeftAction
      TURN_RIGHT:
        TYPE: TurnRightAction
    AGENT_TO_OBJECT_DISTANCE:
      TYPE: AgentToObjectDistance
    AGENT_TO_RECEPTACLE_DISTANCE:
      TYPE: AgentToReceptacleDistance
    ALL_OBJECT_POSITIONS:
      TYPE: AllObjectPositions
    ANSWER_ACCURACY:
      TYPE: AnswerAccuracy
    COLLISIONS:
      TYPE: Collisions
    COMPASS_SENSOR:
      TYPE: CompassSensor
    CORRECT_ANSWER:
      TYPE: CorrectAnswer
    COVERAGE:
      EGOCENTRIC: False
      GRID_DELTA: 0.25
      TYPE: Coverage
    DEMONSTRATION_SENSOR:
      TYPE: DemonstrationSensor
    DEMONSTRATION_SENSOR_UUID: demonstration
    DISTANCE_TO_GOAL:
      DISTANCE_TO: POINT
      TYPE: DistanceToGoal
    EPISODE_INFO:
      TYPE: EpisodeInfo
    GOAL_OBJECT_VISIBLE:
      TYPE: GoalObjectVisible
    GOAL_SENSOR_UUID: pointgoal
    GPS_SENSOR:
      DIMENSIONALITY: 2
      TYPE: GPSSensor
    GRAB_SUCCESS:
      TYPE: GrabSuccess
    GRIPPED_OBJECT_SENSOR:
      TYPE: GrippedObjectSensor
    GRIPPED_OBJECT_SENSOR_UUID: gripped_object_id
    HEADING_SENSOR:
      TYPE: HeadingSensor
    IMAGEGOAL_SENSOR:
      TYPE: ImageGoalSensor
    INFLECTION_WEIGHT_SENSOR:
      TYPE: InflectionWeightSensor
    INFLECTION_WEIGHT_SENSOR_UUID: inflection_weight
    INSTRUCTION_SENSOR:
      TYPE: InstructionSensor
    INSTRUCTION_SENSOR_UUID: instruction
    MEASUREMENTS: ['AGENT_TO_OBJECT_DISTANCE', 'OBJECT_TO_RECEPTACLE_DISTANCE', 'AGENT_TO_RECEPTACLE_DISTANCE', 'REARRANGEMENT_SUCCESS', 'DISTANCE_TO_GOAL', 'REARRANGEMENT_SPL', 'GRAB_SUCCESS', 'GOAL_OBJECT_VISIBLE', 'COVERAGE', 'REARRANGEMENT_REWARD', 'RELEASE_FAILED']
    OBJECTGOAL_SENSOR:
      GOAL_SPEC: TASK_CATEGORY_ID
      GOAL_SPEC_MAX_VAL: 50
      TYPE: ObjectGoalSensor
    OBJECT_TO_RECEPTACLE_DISTANCE:
      TYPE: ObjectToReceptacleDistance
    POINTGOAL_SENSOR:
      DIMENSIONALITY: 2
      GOAL_FORMAT: POLAR
      TYPE: PointGoalSensor
    POINTGOAL_WITH_GPS_COMPASS_SENSOR:
      DIMENSIONALITY: 2
      GOAL_FORMAT: POLAR
      TYPE: PointGoalWithGPSCompassSensor
    POSSIBLE_ACTIONS: ['STOP', 'MOVE_FORWARD', 'TURN_LEFT', 'TURN_RIGHT', 'LOOK_UP', 'LOOK_DOWN', 'GRAB_RELEASE', 'MOVE_BACKWARD', 'NO_OP']
    PROXIMITY_SENSOR:
      MAX_DETECTION_RADIUS: 2.0
      TYPE: ProximitySensor
    QUESTION_SENSOR:
      TYPE: QuestionSensor
    REARRANGEMENT_REWARD:
      ATTENUATION: 0.995
      COVERAGE_REWARD: 0.25
      DROP_PENALTY: -0.5
      DROP_PENALTY_DIST_THRESHOLD: 3.0
      ENABLE_PENALTY: True
      EXP_REWARD_COEF: 1.0
      GRAB_SUCCESS_REWARD: 2.5
      MODE: DISTANCE_TO_GOAL_PLUS_VISIBLE
      OBJECT_SEEN_REWARD: 1.5
      OBJECT_SEEN_REWARD_THRESHOLD: 0.001
      RECEPTACLE_SEEN_REWARD_THRESHOLD: 0.001
      SLACK_REWARD: -0.01
      SUCCESS_DISTANCE: 1.5
      SUCCESS_REWARD: 3.5
      TYPE: RearrangementReward
      USE_NORMALIZED_REWARD: True
      VISIT_EXP: 1
    REARRANGEMENT_SPL:
      TYPE: RearrangementSPL
    REARRANGEMENT_SUCCESS:
      SUCCESS_DISTANCE: 0.7
      TYPE: RearrangementSuccess
    RELEASE_FAILED:
      TYPE: ReleaseFailed
    SENSORS: ['INSTRUCTION_SENSOR', 'GRIPPED_OBJECT_SENSOR']
    SOFT_SPL:
      TYPE: SoftSPL
    SPL:
      TYPE: SPL
    SUCCESS:
      SUCCESS_DISTANCE: 0.2
      TYPE: Success
    SUCCESS_DISTANCE: 0.2
    TOP_DOWN_MAP:
      DRAW_BORDER: True
      DRAW_GOAL_AABBS: True
      DRAW_GOAL_POSITIONS: True
      DRAW_SHORTEST_PATH: False
      DRAW_SOURCE: True
      DRAW_VIEW_POINTS: True
      FOG_OF_WAR:
        DRAW: True
        FOV: 90
        VISIBILITY_DIST: 5.0
      MAP_PADDING: 3
      MAP_RESOLUTION: 1024
      MAX_EPISODE_STEPS: 1000
      TYPE: TopDownMap
    TYPE: RearrangementTask-v0
TENSORBOARD_DIR: results/tb/resnet18_unseen_instructions/seed_1/train
TEST_EPISODE_COUNT: -1
TORCH_GPU_ID: 0
TRAINER_NAME: rearrangement-behavior-cloning-distrib
VIDEO_DIR: results/videos/resnet18_unseen_instructions/seed_1/train
VIDEO_OPTION: ['disk']
2021-05-14 00:55:15,472 Initializing dataset RearrangementDataset-v0
2021-05-14 00:55:19,043 Initializing dataset RearrangementDataset-v0
2021-05-14 00:55:19,414 initializing sim RearrangementSim-v0
WARNING: Logging before InitGoogleLogging() is written to STDERR
E0514 00:55:21.506518 1122262 ResourceManager.cpp:598] Reloading asset data/scene_datasets/habitat-test-scenes/29hnd4uzFmX.glb with different configuration not currently supported. Asset may not be rendered correctly.
2021-05-14 00:55:22,113 Initializing task RearrangementTask-v0
2021-05-14 00:55:22,460 Initializing dataset RearrangementDataset-v0
2021-05-14 00:55:23,273 Dataset cache found.
2021-05-14 00:55:23,281 Dataset cache found.
2021-05-14 00:55:23,286 Dataset cache found.
2021-05-14 00:55:23,293 Dataset cache found.
2021-05-14 00:55:23,301 Dataset cache found.
2021-05-14 00:55:23,308 Dataset cache found.
2021-05-14 00:55:23,314 Dataset cache found.
2021-05-14 00:55:23,319 Dataset cache found.
2021-05-14 00:55:23,324 Dataset cache found.
2021-05-14 00:55:23,326 Setup dataloader
2021-05-14 00:55:23,327 Dataloader setup
2021-05-14 00:55:23,327 [ train_loader has 8414 samples ]
2021-05-14 00:55:23,327 Setting up distributed model...
2021-05-14 00:55:25,295 Starting training
/private/home/abhshkdz/.conda/envs/habitat-on-web/lib/python3.6/site-packages/tensorflow-1.13.1-py3.6-linux-x86_64.egg/tensorflow/python/framework/dtypes.py:526: FutureWarning: Passing (type, 1) or '1type' as a synonym of type is deprecated; in a future version of numpy, it will be understood as (type, (1,)) / '(1,)type'.
  _np_qint8 = np.dtype([("qint8", np.int8, 1)])
/private/home/abhshkdz/.conda/envs/habitat-on-web/lib/python3.6/site-packages/tensorflow-1.13.1-py3.6-linux-x86_64.egg/tensorflow/python/framework/dtypes.py:527: FutureWarning: Passing (type, 1) or '1type' as a synonym of type is deprecated; in a future version of numpy, it will be understood as (type, (1,)) / '(1,)type'.
  _np_quint8 = np.dtype([("quint8", np.uint8, 1)])
/private/home/abhshkdz/.conda/envs/habitat-on-web/lib/python3.6/site-packages/tensorflow-1.13.1-py3.6-linux-x86_64.egg/tensorflow/python/framework/dtypes.py:528: FutureWarning: Passing (type, 1) or '1type' as a synonym of type is deprecated; in a future version of numpy, it will be understood as (type, (1,)) / '(1,)type'.
  _np_qint16 = np.dtype([("qint16", np.int16, 1)])
/private/home/abhshkdz/.conda/envs/habitat-on-web/lib/python3.6/site-packages/tensorflow-1.13.1-py3.6-linux-x86_64.egg/tensorflow/python/framework/dtypes.py:529: FutureWarning: Passing (type, 1) or '1type' as a synonym of type is deprecated; in a future version of numpy, it will be understood as (type, (1,)) / '(1,)type'.
  _np_quint16 = np.dtype([("quint16", np.uint16, 1)])
/private/home/abhshkdz/.conda/envs/habitat-on-web/lib/python3.6/site-packages/tensorflow-1.13.1-py3.6-linux-x86_64.egg/tensorflow/python/framework/dtypes.py:530: FutureWarning: Passing (type, 1) or '1type' as a synonym of type is deprecated; in a future version of numpy, it will be understood as (type, (1,)) / '(1,)type'.
  _np_qint32 = np.dtype([("qint32", np.int32, 1)])
/private/home/abhshkdz/.conda/envs/habitat-on-web/lib/python3.6/site-packages/tensorflow-1.13.1-py3.6-linux-x86_64.egg/tensorflow/python/framework/dtypes.py:535: FutureWarning: Passing (type, 1) or '1type' as a synonym of type is deprecated; in a future version of numpy, it will be understood as (type, (1,)) / '(1,)type'.
  np_resource = np.dtype([("resource", np.ubyte, 1)])
2021-05-14 00:55:30,037 Epoch: 1
2021-05-14 01:01:10,470 [ Epoch: 1; iter: 10; loss: 1.285; load time: 0.486; train time: 0.065; slice time: 0.016;]
2021-05-14 01:07:20,453 [ Epoch: 1; iter: 20; loss: 1.459; load time: 0.511; train time: 0.065; slice time: 0.016;]
2021-05-14 01:13:16,704 [ Epoch: 1; iter: 30; loss: 1.210; load time: 0.511; train time: 0.065; slice time: 0.017;]
2021-05-14 01:19:34,581 [ Epoch: 1; iter: 40; loss: 1.071; load time: 0.520; train time: 0.066; slice time: 0.016;]
2021-05-14 01:24:53,822 [ Epoch: 1; iter: 50; loss: 1.621; load time: 0.508; train time: 0.064; slice time: 0.016;]
2021-05-14 01:31:12,356 [ Epoch: 1; iter: 60; loss: 1.054; load time: 0.514; train time: 0.064; slice time: 0.016;]
2021-05-14 01:36:47,682 [ Epoch: 1; iter: 70; loss: 1.042; load time: 0.510; train time: 0.064; slice time: 0.016;]
2021-05-14 01:42:46,453 [ Epoch: 1; iter: 80; loss: 1.140; load time: 0.511; train time: 0.064; slice time: 0.016;]
2021-05-14 01:48:32,874 [ Epoch: 1; iter: 90; loss: 1.110; load time: 0.510; train time: 0.063; slice time: 0.016;]
2021-05-14 01:55:07,537 [ Epoch: 1; iter: 100; loss: 1.081; load time: 0.516; train time: 0.064; slice time: 0.016;]
2021-05-14 02:00:15,263 [ Epoch: 1; iter: 110; loss: 1.305; load time: 0.509; train time: 0.063; slice time: 0.016;]
2021-05-14 02:05:50,813 [ Epoch: 1; iter: 120; loss: 1.184; load time: 0.506; train time: 0.063; slice time: 0.016;]
2021-05-14 02:12:03,089 [ Epoch: 1; iter: 130; loss: 1.176; load time: 0.509; train time: 0.064; slice time: 0.016;]
2021-05-14 02:17:58,330 [ Epoch: 1; iter: 140; loss: 1.166; load time: 0.509; train time: 0.064; slice time: 0.016;]
2021-05-14 02:24:13,828 [ Epoch: 1; iter: 150; loss: 1.228; load time: 0.511; train time: 0.064; slice time: 0.016;]
2021-05-14 02:29:46,204 [ Epoch: 1; iter: 160; loss: 0.989; load time: 0.509; train time: 0.064; slice time: 0.016;]
2021-05-14 02:35:38,446 [ Epoch: 1; iter: 170; loss: 0.994; load time: 0.508; train time: 0.064; slice time: 0.016;]
2021-05-14 02:41:37,860 [ Epoch: 1; iter: 180; loss: 1.108; load time: 0.509; train time: 0.064; slice time: 0.016;]
2021-05-14 02:46:45,721 [ Epoch: 1; iter: 190; loss: 1.127; load time: 0.505; train time: 0.064; slice time: 0.016;]
2021-05-14 02:52:32,211 [ Epoch: 1; iter: 200; loss: 1.139; load time: 0.505; train time: 0.064; slice time: 0.016;]
2021-05-14 02:57:48,082 [ Epoch: 1; iter: 210; loss: 1.245; load time: 0.503; train time: 0.063; slice time: 0.016;]
2021-05-14 03:03:33,164 [ Epoch: 1; iter: 220; loss: 1.085; load time: 0.502; train time: 0.063; slice time: 0.016;]
2021-05-14 03:09:34,998 [ Epoch: 1; iter: 230; loss: 0.974; load time: 0.503; train time: 0.063; slice time: 0.016;]
2021-05-14 03:15:03,404 [ Epoch: 1; iter: 240; loss: 1.130; load time: 0.502; train time: 0.063; slice time: 0.016;]
2021-05-14 03:21:11,558 [ Epoch: 1; iter: 250; loss: 1.018; load time: 0.503; train time: 0.063; slice time: 0.016;]
2021-05-14 03:27:18,665 [ Epoch: 1; iter: 260; loss: 0.934; load time: 0.504; train time: 0.064; slice time: 0.016;]
2021-05-14 03:33:23,755 [ Epoch: 1; iter: 270; loss: 1.160; load time: 0.505; train time: 0.064; slice time: 0.016;]
2021-05-14 03:38:51,197 [ Epoch: 1; iter: 280; loss: 0.753; load time: 0.504; train time: 0.064; slice time: 0.016;]
2021-05-14 03:45:06,041 [ Epoch: 1; iter: 290; loss: 1.019; load time: 0.505; train time: 0.064; slice time: 0.016;]
2021-05-14 03:51:06,747 [ Epoch: 1; iter: 300; loss: 1.114; load time: 0.505; train time: 0.064; slice time: 0.016;]
2021-05-14 03:57:22,312 [ Epoch: 1; iter: 310; loss: 1.005; load time: 0.507; train time: 0.064; slice time: 0.016;]
2021-05-14 04:03:01,241 [ Epoch: 1; iter: 320; loss: 0.827; load time: 0.506; train time: 0.064; slice time: 0.016;]
2021-05-14 04:08:31,343 [ Epoch: 1; iter: 330; loss: 0.993; load time: 0.505; train time: 0.064; slice time: 0.016;]
2021-05-14 04:14:31,699 [ Epoch: 1; iter: 340; loss: 0.806; load time: 0.505; train time: 0.064; slice time: 0.016;]
2021-05-14 04:20:31,396 [ Epoch: 1; iter: 350; loss: 0.903; load time: 0.506; train time: 0.064; slice time: 0.016;]
2021-05-14 04:26:26,762 [ Epoch: 1; iter: 360; loss: 0.791; load time: 0.506; train time: 0.064; slice time: 0.016;]
2021-05-14 04:32:20,051 [ Epoch: 1; iter: 370; loss: 0.787; load time: 0.506; train time: 0.064; slice time: 0.016;]
2021-05-14 04:38:09,075 [ Epoch: 1; iter: 380; loss: 0.729; load time: 0.506; train time: 0.064; slice time: 0.016;]
2021-05-14 04:44:07,398 [ Epoch: 1; iter: 390; loss: 0.747; load time: 0.506; train time: 0.064; slice time: 0.016;]
2021-05-14 04:50:03,908 [ Epoch: 1; iter: 400; loss: 1.154; load time: 0.507; train time: 0.063; slice time: 0.016;]
2021-05-14 04:55:54,969 [ Epoch: 1; iter: 410; loss: 0.613; load time: 0.506; train time: 0.064; slice time: 0.016;]
2021-05-14 05:02:19,069 [ Epoch: 1; iter: 420; loss: 0.690; load time: 0.508; train time: 0.064; slice time: 0.016;]
2021-05-14 05:08:25,294 [ Epoch: 1; iter: 430; loss: 0.792; load time: 0.508; train time: 0.064; slice time: 0.016;]
2021-05-14 05:13:54,767 [ Epoch: 1; iter: 440; loss: 1.076; load time: 0.507; train time: 0.064; slice time: 0.016;]
2021-05-14 05:19:24,835 [ Epoch: 1; iter: 450; loss: 0.645; load time: 0.507; train time: 0.063; slice time: 0.016;]
2021-05-14 05:25:26,772 [ Epoch: 1; iter: 460; loss: 0.580; load time: 0.507; train time: 0.063; slice time: 0.016;]
2021-05-14 05:31:03,178 [ Epoch: 1; iter: 470; loss: 0.652; load time: 0.507; train time: 0.063; slice time: 0.016;]
2021-05-14 05:36:55,469 [ Epoch: 1; iter: 480; loss: 0.651; load time: 0.507; train time: 0.063; slice time: 0.016;]
2021-05-14 05:43:02,076 [ Epoch: 1; iter: 490; loss: 0.505; load time: 0.507; train time: 0.063; slice time: 0.016;]
2021-05-14 05:48:52,765 [ Epoch: 1; iter: 500; loss: 0.741; load time: 0.507; train time: 0.063; slice time: 0.016;]
2021-05-14 05:54:04,363 [ Epoch: 1; iter: 510; loss: 0.749; load time: 0.506; train time: 0.063; slice time: 0.016;]
2021-05-14 06:00:09,537 [ Epoch: 1; iter: 520; loss: 0.507; load time: 0.506; train time: 0.063; slice time: 0.016;]
2021-05-14 06:06:11,957 [ Epoch: 1; iter: 530; loss: 0.543; load time: 0.507; train time: 0.063; slice time: 0.016;]
2021-05-14 06:12:06,738 [ Epoch: 1; iter: 540; loss: 0.591; load time: 0.507; train time: 0.063; slice time: 0.016;]
2021-05-14 06:18:24,096 [ Epoch: 1; iter: 550; loss: 0.716; load time: 0.508; train time: 0.063; slice time: 0.016;]
2021-05-14 06:24:27,674 [ Epoch: 1; iter: 560; loss: 0.608; load time: 0.508; train time: 0.063; slice time: 0.016;]
2021-05-14 06:30:49,896 [ Epoch: 1; iter: 570; loss: 0.558; load time: 0.509; train time: 0.063; slice time: 0.016;]
2021-05-14 06:36:18,861 [ Epoch: 1; iter: 580; loss: 0.518; load time: 0.508; train time: 0.063; slice time: 0.016;]
2021-05-14 06:42:06,212 [ Epoch: 1; iter: 590; loss: 0.618; load time: 0.508; train time: 0.063; slice time: 0.016;]
2021-05-14 06:48:19,146 [ Epoch: 1; iter: 600; loss: 0.520; load time: 0.508; train time: 0.063; slice time: 0.016;]
2021-05-14 06:54:18,168 [ Epoch: 1; iter: 610; loss: 0.672; load time: 0.509; train time: 0.063; slice time: 0.016;]
2021-05-14 07:00:04,339 [ Epoch: 1; iter: 620; loss: 0.561; load time: 0.508; train time: 0.063; slice time: 0.016;]
2021-05-14 07:05:56,872 [ Epoch: 1; iter: 630; loss: 0.457; load time: 0.508; train time: 0.063; slice time: 0.016;]
2021-05-14 07:11:04,064 [ Epoch: 1; iter: 640; loss: 0.602; load time: 0.507; train time: 0.063; slice time: 0.016;]
2021-05-14 07:17:04,203 [ Epoch: 1; iter: 650; loss: 0.557; load time: 0.508; train time: 0.063; slice time: 0.016;]
2021-05-14 07:23:04,077 [ Epoch: 1; iter: 660; loss: 0.435; load time: 0.508; train time: 0.063; slice time: 0.016;]
2021-05-14 07:28:30,228 [ Epoch: 1; iter: 670; loss: 0.472; load time: 0.507; train time: 0.063; slice time: 0.016;]
2021-05-14 07:34:46,592 [ Epoch: 1; iter: 680; loss: 0.433; load time: 0.508; train time: 0.063; slice time: 0.016;]
2021-05-14 07:40:21,628 [ Epoch: 1; iter: 690; loss: 0.588; load time: 0.507; train time: 0.063; slice time: 0.016;]
2021-05-14 07:47:09,644 [ Epoch: 1; iter: 700; loss: 0.608; load time: 0.509; train time: 0.063; slice time: 0.016;]
2021-05-14 07:52:57,595 [ Epoch: 1; iter: 710; loss: 0.488; load time: 0.509; train time: 0.063; slice time: 0.016;]
2021-05-14 07:59:21,069 [ Epoch: 1; iter: 720; loss: 0.468; load time: 0.509; train time: 0.063; slice time: 0.016;]
2021-05-14 08:04:58,872 [ Epoch: 1; iter: 730; loss: 0.412; load time: 0.509; train time: 0.063; slice time: 0.016;]
2021-05-14 08:11:12,701 [ Epoch: 1; iter: 740; loss: 0.388; load time: 0.509; train time: 0.063; slice time: 0.016;]
2021-05-14 08:17:42,450 [ Epoch: 1; iter: 750; loss: 0.554; load time: 0.510; train time: 0.063; slice time: 0.016;]
2021-05-14 08:23:46,763 [ Epoch: 1; iter: 760; loss: 0.531; load time: 0.510; train time: 0.063; slice time: 0.016;]
2021-05-14 08:29:43,291 [ Epoch: 1; iter: 770; loss: 0.434; load time: 0.510; train time: 0.063; slice time: 0.016;]
2021-05-14 08:35:49,876 [ Epoch: 1; iter: 780; loss: 0.503; load time: 0.511; train time: 0.063; slice time: 0.016;]
2021-05-14 08:41:57,103 [ Epoch: 1; iter: 790; loss: 0.458; load time: 0.511; train time: 0.063; slice time: 0.016;]
2021-05-14 08:48:16,456 [ Epoch: 1; iter: 800; loss: 0.506; load time: 0.511; train time: 0.063; slice time: 0.016;]
2021-05-14 08:53:44,404 [ Epoch: 1; iter: 810; loss: 0.658; load time: 0.511; train time: 0.063; slice time: 0.016;]
2021-05-14 08:59:17,824 [ Epoch: 1; iter: 820; loss: 0.415; load time: 0.511; train time: 0.063; slice time: 0.016;]
2021-05-14 09:05:54,113 [ Epoch: 1; iter: 830; loss: 0.486; load time: 0.511; train time: 0.063; slice time: 0.016;]
2021-05-14 09:12:20,939 [ Epoch: 1; iter: 840; loss: 0.515; load time: 0.512; train time: 0.063; slice time: 0.016;]
2021-05-14 09:18:40,154 [ Epoch: 1; iter: 850; loss: 0.609; load time: 0.513; train time: 0.063; slice time: 0.016;]
2021-05-14 09:24:18,024 [ Epoch: 1; iter: 860; loss: 0.543; load time: 0.512; train time: 0.063; slice time: 0.016;]
2021-05-14 09:30:30,702 [ Epoch: 1; iter: 870; loss: 0.487; load time: 0.513; train time: 0.063; slice time: 0.016;]
2021-05-14 09:36:35,980 [ Epoch: 1; iter: 880; loss: 0.496; load time: 0.513; train time: 0.063; slice time: 0.016;]
2021-05-14 09:42:33,075 [ Epoch: 1; iter: 890; loss: 0.469; load time: 0.513; train time: 0.063; slice time: 0.016;]
slurmstepd: error: *** STEP 41301931.1 ON learnfair1695 CANCELLED AT 2021-05-14T09:46:34 ***
slurmstepd: error: *** JOB 41301931 ON learnfair1695 CANCELLED AT 2021-05-14T09:46:34 ***
srun: Job step aborted: Waiting up to 32 seconds for job step to finish.
