+ [[ env == \e\n\v ]]
+ echo 'In ObjectNav Env DDP'
+ srun /private/home/abhshkdz/.conda/envs/habitat-on-web/bin/python -u -m habitat_baselines.run --exp-config habitat_baselines/config/objectnav/il_ddp_env_objectnav.yaml --run-type train
srun: Job 47007670 step creation temporarily disabled, retrying (Requested nodes are busy)
srun: Step created for job 47007670
2021-09-30 16:13:51,643 config: BASE_TASK_CONFIG_PATH: configs/tasks/objectnav_mp3d_il.yaml
CHECKPOINT_FOLDER: results/checkpoints/objectnav_mp3d_24k/seed_1/2021_09_30_rgbd
CHECKPOINT_INTERVAL: 500
CMD_TRAILING_OPTS: []
DATASET_PATH: data/datasets/objectnav_mp3d_v2/{split}/{scene_split}.db
ENV_NAME: NavRLEnv
EVAL:
  SPLIT: val
  USE_CKPT_CONFIG: True
EVAL_CKPT_PATH_DIR: data/new_checkpoints/objectnav/objectnav_env/v4_rgbd/objectnav_mp3d_v2_rgbd_8node_17_seed1.ckpt
EVAL_RESUTLS_DIR: data/objectnav_mp3d_v2/seed_1/results/
EVAL_SAVE_RESULTS: True
EVAL_SAVE_RESULTS_INTERVAL: 50
FORCE_BLIND_POLICY: False
IL:
  BehaviorCloning:
    clip_param: 0.2
    eps: 1e-05
    hidden_size: 512
    lr: 0.001
    max_grad_norm: 0.2
    num_mini_batch: 2
    num_steps: 128
    reward_window_size: 50
    sync_frac: 0.6
    use_linear_clip_decay: False
    use_linear_lr_decay: True
  USE_IW: True
  distrib_backend: GLOO
LOG_FILE: train.log
LOG_INTERVAL: 10
LOG_METRICS: True
MODEL:
  DEPTH_ENCODER:
    backbone: resnet50
    cnn_type: VlnResnetDepthEncoder
    ddppo_checkpoint: data/ddppo-models/gibson-2plus-resnet50.pth
    output_size: 128
    trainable: False
  NO_VISION: False
  PROGRESS_MONITOR:
    use: False
  RGB_ENCODER:
    backbone: resnet18
    cnn_type: ResnetRGBEncoder
    output_size: 256
    train_encoder: True
  SEMANTIC_ENCODER:
    backbone: resnet18
    cnn_type: ResnetSemSegEncoder
    embedding_size: 4
    output_size: 256
    rednet_ckpt: data/rednet-models/rednet_semmap_mp3d_tuned.pth
    train_encoder: True
  SEQ2SEQ:
    use_prev_action: True
  STATE_ENCODER:
    hidden_size: 512
    num_recurrent_layers: 2
    rnn_type: GRU
  SWITCH_TO_PRED_SEMANTICS_UPDATE: 0
  USE_PRED_SEMANTICS: False
  USE_SEMANTICS: False
  ablate_depth: False
  ablate_rgb: False
  backbone: resnet18
  embed_sge: True
  force_blind_policy: False
  hidden_size: 512
  inflection_weight_coef: 3.4874445390579485
  normalize_visual_inputs: False
  num_recurrent_layers: 2
  resnet_baseplanes: 32
  rnn_type: GRU
NUM_PROCESSES: 8
NUM_UPDATES: 8000
ORBSLAM2:
  ANGLE_TH: 0.2617993877991494
  BETA: 100
  CAMERA_HEIGHT: 1.25
  DEPTH_DENORM: 10.0
  DIST_REACHED_TH: 0.15
  DIST_TO_STOP: 0.05
  D_OBSTACLE_MAX: 4.0
  D_OBSTACLE_MIN: 0.1
  H_OBSTACLE_MAX: 1.25
  H_OBSTACLE_MIN: 0.375
  MAP_CELL_SIZE: 0.1
  MAP_SIZE: 40
  MIN_PTS_IN_OBSTACLE: 320.0
  NEXT_WAYPOINT_TH: 0.5
  NUM_ACTIONS: 3
  PLANNER_MAX_STEPS: 500
  PREPROCESS_MAP: True
  SLAM_SETTINGS_PATH: habitat_baselines/slambased/data/mp3d3_small1k.yaml
  SLAM_VOCAB_PATH: habitat_baselines/slambased/data/ORBvoc.txt
OUTPUT_LOG_DIR: results/logs/objectnav_mp3d_v2/seed_1
PROFILING:
  CAPTURE_START_STEP: -1
  NUM_STEPS_TO_CAPTURE: -1
RESULTS_DIR: results/objectnav_mp3d_v2/seed_1/results/{split}/{type}
RL:
  DDPPO:
    backbone: resnet50
    distrib_backend: GLOO
    num_recurrent_layers: 2
    pretrained: False
    pretrained_encoder: False
    pretrained_weights: data/ddppo-models/gibson-2plus-resnet50.pth
    reset_critic: True
    rnn_type: LSTM
    sync_frac: 0.6
    train_encoder: True
  POLICY:
    OBS_TRANSFORMS:
      CENTER_CROPPER:
        HEIGHT: 256
        WIDTH: 256
      CUBE2EQ:
        HEIGHT: 256
        SENSOR_UUIDS: []
        WIDTH: 512
      CUBE2FISH:
        FOV: 180
        HEIGHT: 256
        PARAMS: (0.2, 0.2, 0.2)
        SENSOR_UUIDS: []
        WIDTH: 256
      ENABLED_TRANSFORMS: ()
      EQ2CUBE:
        HEIGHT: 256
        SENSOR_UUIDS: []
        WIDTH: 256
      RESIZE_SHORTEST_EDGE:
        SIZE: 256
    name: PointNavBaselinePolicy
  PPO:
    clip_param: 0.2
    entropy_coef: 0.01
    eps: 1e-05
    gamma: 0.99
    hidden_size: 512
    lr: 0.0007
    max_grad_norm: 0.5
    num_mini_batch: 16
    num_steps: 5
    ppo_epoch: 4
    reward_window_size: 50
    tau: 0.95
    use_gae: True
    use_linear_clip_decay: False
    use_linear_lr_decay: False
    use_normalized_advantage: True
    value_loss_coef: 0.5
  REWARD_MEASURE: distance_to_goal
  SLACK_REWARD: -0.001
  SUCCESS_MEASURE: spl
  SUCCESS_REWARD: 2.5
SENSORS: ['RGB_SENSOR', 'SEMANTIC_SENSOR', 'DEPTH_SENSOR']
2021-09-30 16:13:51,643 config: BASE_TASK_CONFIG_PATH: configs/tasks/objectnav_mp3d_il.yaml
CHECKPOINT_FOLDER: results/checkpoints/objectnav_mp3d_24k/seed_1/2021_09_30_rgbd
CHECKPOINT_INTERVAL: 500
CMD_TRAILING_OPTS: []
DATASET_PATH: data/datasets/objectnav_mp3d_v2/{split}/{scene_split}.db
ENV_NAME: NavRLEnv
EVAL:
  SPLIT: val
  USE_CKPT_CONFIG: True
EVAL_CKPT_PATH_DIR: data/new_checkpoints/objectnav/objectnav_env/v4_rgbd/objectnav_mp3d_v2_rgbd_8node_17_seed1.ckpt
EVAL_RESUTLS_DIR: data/objectnav_mp3d_v2/seed_1/results/
EVAL_SAVE_RESULTS: True
EVAL_SAVE_RESULTS_INTERVAL: 50
FORCE_BLIND_POLICY: False
IL:
  BehaviorCloning:
    clip_param: 0.2
    eps: 1e-05
    hidden_size: 512
    lr: 0.001
    max_grad_norm: 0.2
    num_mini_batch: 2
    num_steps: 128
    reward_window_size: 50
    sync_frac: 0.6
    use_linear_clip_decay: False
    use_linear_lr_decay: True
  USE_IW: True
  distrib_backend: GLOO
LOG_FILE: train.log
LOG_INTERVAL: 10
LOG_METRICS: True
MODEL:
  DEPTH_ENCODER:
    backbone: resnet50
    cnn_type: VlnResnetDepthEncoder
    ddppo_checkpoint: data/ddppo-models/gibson-2plus-resnet50.pth
    output_size: 128
    trainable: False
  NO_VISION: False
  PROGRESS_MONITOR:
    use: False
  RGB_ENCODER:
    backbone: resnet18
    cnn_type: ResnetRGBEncoder
    output_size: 256
    train_encoder: True
  SEMANTIC_ENCODER:
    backbone: resnet18
    cnn_type: ResnetSemSegEncoder
    embedding_size: 4
    output_size: 256
    rednet_ckpt: data/rednet-models/rednet_semmap_mp3d_tuned.pth
    train_encoder: True
  SEQ2SEQ:
    use_prev_action: True
  STATE_ENCODER:
    hidden_size: 512
    num_recurrent_layers: 2
    rnn_type: GRU
  SWITCH_TO_PRED_SEMANTICS_UPDATE: 0
  USE_PRED_SEMANTICS: False
  USE_SEMANTICS: False
  ablate_depth: False
  ablate_rgb: False
  backbone: resnet18
  embed_sge: True
  force_blind_policy: False
  hidden_size: 512
  inflection_weight_coef: 3.4874445390579485
  normalize_visual_inputs: False
  num_recurrent_layers: 2
  resnet_baseplanes: 32
  rnn_type: GRU
NUM_PROCESSES: 8
NUM_UPDATES: 8000
ORBSLAM2:
  ANGLE_TH: 0.2617993877991494
  BETA: 100
  CAMERA_HEIGHT: 1.25
  DEPTH_DENORM: 10.0
  DIST_REACHED_TH: 0.15
  DIST_TO_STOP: 0.05
  D_OBSTACLE_MAX: 4.0
  D_OBSTACLE_MIN: 0.1
  H_OBSTACLE_MAX: 1.25
  H_OBSTACLE_MIN: 0.375
  MAP_CELL_SIZE: 0.1
  MAP_SIZE: 40
  MIN_PTS_IN_OBSTACLE: 320.0
  NEXT_WAYPOINT_TH: 0.5
  NUM_ACTIONS: 3
  PLANNER_MAX_STEPS: 500
  PREPROCESS_MAP: True
  SLAM_SETTINGS_PATH: habitat_baselines/slambased/data/mp3d3_small1k.yaml
  SLAM_VOCAB_PATH: habitat_baselines/slambased/data/ORBvoc.txt
OUTPUT_LOG_DIR: results/logs/objectnav_mp3d_v2/seed_1
PROFILING:
  CAPTURE_START_STEP: -1
  NUM_STEPS_TO_CAPTURE: -1
RESULTS_DIR: results/objectnav_mp3d_v2/seed_1/results/{split}/{type}
RL:
  DDPPO:
    backbone: resnet50
    distrib_backend: GLOO
    num_recurrent_layers: 2
    pretrained: False
    pretrained_encoder: False
    pretrained_weights: data/ddppo-models/gibson-2plus-resnet50.pth
    reset_critic: True
    rnn_type: LSTM
    sync_frac: 0.6
    train_encoder: True
  POLICY:
    OBS_TRANSFORMS:
      CENTER_CROPPER:
        HEIGHT: 256
        WIDTH: 256
      CUBE2EQ:
        HEIGHT: 256
        SENSOR_UUIDS: []
        WIDTH: 512
      CUBE2FISH:
        FOV: 180
        HEIGHT: 256
        PARAMS: (0.2, 0.2, 0.2)
        SENSOR_UUIDS: []
        WIDTH: 256
      ENABLED_TRANSFORMS: ()
      EQ2CUBE:
        HEIGHT: 256
        SENSOR_UUIDS: []
        WIDTH: 256
      RESIZE_SHORTEST_EDGE:
        SIZE: 256
    name: PointNavBaselinePolicy
  PPO:
    clip_param: 0.2
    entropy_coef: 0.01
    eps: 1e-05
    gamma: 0.99
    hidden_size: 512
    lr: 0.0007
    max_grad_norm: 0.5
    num_mini_batch: 16
    num_steps: 5
    ppo_epoch: 4
    reward_window_size: 50
    tau: 0.95
    use_gae: True
    use_linear_clip_decay: False
    use_linear_lr_decay: False
    use_normalized_advantage: True
    value_loss_coef: 0.5
  REWARD_MEASURE: distance_to_goal
  SLACK_REWARD: -0.001
  SUCCESS_MEASURE: spl
  SUCCESS_REWARD: 2.5
SENSORS: ['RGB_SENSOR', 'SEMANTIC_SENSOR', 'DEPTH_SENSOR']
2021-09-30 16:13:51,643 config: BASE_TASK_CONFIG_PATH: configs/tasks/objectnav_mp3d_il.yaml
CHECKPOINT_FOLDER: results/checkpoints/objectnav_mp3d_24k/seed_1/2021_09_30_rgbd
CHECKPOINT_INTERVAL: 500
CMD_TRAILING_OPTS: []
DATASET_PATH: data/datasets/objectnav_mp3d_v2/{split}/{scene_split}.db
ENV_NAME: NavRLEnv
EVAL:
  SPLIT: val
  USE_CKPT_CONFIG: True
EVAL_CKPT_PATH_DIR: data/new_checkpoints/objectnav/objectnav_env/v4_rgbd/objectnav_mp3d_v2_rgbd_8node_17_seed1.ckpt
EVAL_RESUTLS_DIR: data/objectnav_mp3d_v2/seed_1/results/
EVAL_SAVE_RESULTS: True
EVAL_SAVE_RESULTS_INTERVAL: 50
FORCE_BLIND_POLICY: False
IL:
  BehaviorCloning:
    clip_param: 0.2
    eps: 1e-05
    hidden_size: 512
    lr: 0.001
    max_grad_norm: 0.2
    num_mini_batch: 2
    num_steps: 128
    reward_window_size: 50
    sync_frac: 0.6
    use_linear_clip_decay: False
    use_linear_lr_decay: True
  USE_IW: True
  distrib_backend: GLOO
LOG_FILE: train.log
LOG_INTERVAL: 10
LOG_METRICS: True
MODEL:
  DEPTH_ENCODER:
    backbone: resnet50
    cnn_type: VlnResnetDepthEncoder
    ddppo_checkpoint: data/ddppo-models/gibson-2plus-resnet50.pth
    output_size: 128
    trainable: False
  NO_VISION: False
  PROGRESS_MONITOR:
    use: False
  RGB_ENCODER:
    backbone: resnet18
    cnn_type: ResnetRGBEncoder
    output_size: 256
    train_encoder: True
  SEMANTIC_ENCODER:
    backbone: resnet18
    cnn_type: ResnetSemSegEncoder
    embedding_size: 4
    output_size: 256
    rednet_ckpt: data/rednet-models/rednet_semmap_mp3d_tuned.pth
    train_encoder: True
  SEQ2SEQ:
    use_prev_action: True
  STATE_ENCODER:
    hidden_size: 512
    num_recurrent_layers: 2
    rnn_type: GRU
  SWITCH_TO_PRED_SEMANTICS_UPDATE: 0
  USE_PRED_SEMANTICS: False
  USE_SEMANTICS: False
  ablate_depth: False
  ablate_rgb: False
  backbone: resnet18
  embed_sge: True
  force_blind_policy: False
  hidden_size: 512
  inflection_weight_coef: 3.4874445390579485
  normalize_visual_inputs: False
  num_recurrent_layers: 2
  resnet_baseplanes: 32
  rnn_type: GRU
NUM_PROCESSES: 8
NUM_UPDATES: 8000
ORBSLAM2:
  ANGLE_TH: 0.2617993877991494
  BETA: 100
  CAMERA_HEIGHT: 1.25
  DEPTH_DENORM: 10.0
  DIST_REACHED_TH: 0.15
  DIST_TO_STOP: 0.05
  D_OBSTACLE_MAX: 4.0
  D_OBSTACLE_MIN: 0.1
  H_OBSTACLE_MAX: 1.25
  H_OBSTACLE_MIN: 0.375
  MAP_CELL_SIZE: 0.1
  MAP_SIZE: 40
  MIN_PTS_IN_OBSTACLE: 320.0
  NEXT_WAYPOINT_TH: 0.5
  NUM_ACTIONS: 3
  PLANNER_MAX_STEPS: 500
  PREPROCESS_MAP: True
  SLAM_SETTINGS_PATH: habitat_baselines/slambased/data/mp3d3_small1k.yaml
  SLAM_VOCAB_PATH: habitat_baselines/slambased/data/ORBvoc.txt
OUTPUT_LOG_DIR: results/logs/objectnav_mp3d_v2/seed_1
PROFILING:
  CAPTURE_START_STEP: -1
  NUM_STEPS_TO_CAPTURE: -1
RESULTS_DIR: results/objectnav_mp3d_v2/seed_1/results/{split}/{type}
RL:
  DDPPO:
    backbone: resnet50
    distrib_backend: GLOO
    num_recurrent_layers: 2
    pretrained: False
    pretrained_encoder: False
    pretrained_weights: data/ddppo-models/gibson-2plus-resnet50.pth
    reset_critic: True
    rnn_type: LSTM
    sync_frac: 0.6
    train_encoder: True
  POLICY:
    OBS_TRANSFORMS:
      CENTER_CROPPER:
        HEIGHT: 256
        WIDTH: 256
      CUBE2EQ:
        HEIGHT: 256
        SENSOR_UUIDS: []
        WIDTH: 512
      CUBE2FISH:
        FOV: 180
        HEIGHT: 256
        PARAMS: (0.2, 0.2, 0.2)
        SENSOR_UUIDS: []
        WIDTH: 256
      ENABLED_TRANSFORMS: ()
      EQ2CUBE:
        HEIGHT: 256
        SENSOR_UUIDS: []
        WIDTH: 256
      RESIZE_SHORTEST_EDGE:
        SIZE: 256
    name: PointNavBaselinePolicy
  PPO:
    clip_param: 0.2
    entropy_coef: 0.01
    eps: 1e-05
    gamma: 0.99
    hidden_size: 512
    lr: 0.0007
    max_grad_norm: 0.5
    num_mini_batch: 16
    num_steps: 5
    ppo_epoch: 4
    reward_window_size: 50
    tau: 0.95
    use_gae: True
    use_linear_clip_decay: False
    use_linear_lr_decay: False
    use_normalized_advantage: True
    value_loss_coef: 0.5
  REWARD_MEASURE: distance_to_goal
  SLACK_REWARD: -0.001
  SUCCESS_MEASURE: spl
  SUCCESS_REWARD: 2.5
SENSORS: ['RGB_SENSOR', 'SEMANTIC_SENSOR', 'DEPTH_SENSOR']
2021-09-30 16:13:51,643 config: BASE_TASK_CONFIG_PATH: configs/tasks/objectnav_mp3d_il.yaml
CHECKPOINT_FOLDER: results/checkpoints/objectnav_mp3d_24k/seed_1/2021_09_30_rgbd
CHECKPOINT_INTERVAL: 500
CMD_TRAILING_OPTS: []
DATASET_PATH: data/datasets/objectnav_mp3d_v2/{split}/{scene_split}.db
ENV_NAME: NavRLEnv
EVAL:
  SPLIT: val
  USE_CKPT_CONFIG: True
EVAL_CKPT_PATH_DIR: data/new_checkpoints/objectnav/objectnav_env/v4_rgbd/objectnav_mp3d_v2_rgbd_8node_17_seed1.ckpt
EVAL_RESUTLS_DIR: data/objectnav_mp3d_v2/seed_1/results/
EVAL_SAVE_RESULTS: True
EVAL_SAVE_RESULTS_INTERVAL: 50
FORCE_BLIND_POLICY: False
IL:
  BehaviorCloning:
    clip_param: 0.2
    eps: 1e-05
    hidden_size: 512
    lr: 0.001
    max_grad_norm: 0.2
    num_mini_batch: 2
    num_steps: 128
    reward_window_size: 50
    sync_frac: 0.6
    use_linear_clip_decay: False
    use_linear_lr_decay: True
  USE_IW: True
  distrib_backend: GLOO
LOG_FILE: train.log
LOG_INTERVAL: 10
LOG_METRICS: True
MODEL:
  DEPTH_ENCODER:
    backbone: resnet50
    cnn_type: VlnResnetDepthEncoder
    ddppo_checkpoint: data/ddppo-models/gibson-2plus-resnet50.pth
    output_size: 128
    trainable: False
  NO_VISION: False
  PROGRESS_MONITOR:
    use: False
  RGB_ENCODER:
    backbone: resnet18
    cnn_type: ResnetRGBEncoder
    output_size: 256
    train_encoder: True
  SEMANTIC_ENCODER:
    backbone: resnet18
    cnn_type: ResnetSemSegEncoder
    embedding_size: 4
    output_size: 256
    rednet_ckpt: data/rednet-models/rednet_semmap_mp3d_tuned.pth
    train_encoder: True
  SEQ2SEQ:
    use_prev_action: True
  STATE_ENCODER:
    hidden_size: 512
    num_recurrent_layers: 2
    rnn_type: GRU
  SWITCH_TO_PRED_SEMANTICS_UPDATE: 0
  USE_PRED_SEMANTICS: False
  USE_SEMANTICS: False
  ablate_depth: False
  ablate_rgb: False
  backbone: resnet18
  embed_sge: True
  force_blind_policy: False
  hidden_size: 512
  inflection_weight_coef: 3.4874445390579485
  normalize_visual_inputs: False
  num_recurrent_layers: 2
  resnet_baseplanes: 32
  rnn_type: GRU
NUM_PROCESSES: 8
NUM_UPDATES: 8000
ORBSLAM2:
  ANGLE_TH: 0.2617993877991494
  BETA: 100
  CAMERA_HEIGHT: 1.25
  DEPTH_DENORM: 10.0
  DIST_REACHED_TH: 0.15
  DIST_TO_STOP: 0.05
  D_OBSTACLE_MAX: 4.0
  D_OBSTACLE_MIN: 0.1
  H_OBSTACLE_MAX: 1.25
  H_OBSTACLE_MIN: 0.375
  MAP_CELL_SIZE: 0.1
  MAP_SIZE: 40
  MIN_PTS_IN_OBSTACLE: 320.0
  NEXT_WAYPOINT_TH: 0.5
  NUM_ACTIONS: 3
  PLANNER_MAX_STEPS: 500
  PREPROCESS_MAP: True
  SLAM_SETTINGS_PATH: habitat_baselines/slambased/data/mp3d3_small1k.yaml
  SLAM_VOCAB_PATH: habitat_baselines/slambased/data/ORBvoc.txt
OUTPUT_LOG_DIR: results/logs/objectnav_mp3d_v2/seed_1
PROFILING:
  CAPTURE_START_STEP: -1
  NUM_STEPS_TO_CAPTURE: -1
RESULTS_DIR: results/objectnav_mp3d_v2/seed_1/results/{split}/{type}
RL:
  DDPPO:
    backbone: resnet50
    distrib_backend: GLOO
    num_recurrent_layers: 2
    pretrained: False
    pretrained_encoder: False
    pretrained_weights: data/ddppo-models/gibson-2plus-resnet50.pth
    reset_critic: True
    rnn_type: LSTM
    sync_frac: 0.6
    train_encoder: True
  POLICY:
    OBS_TRANSFORMS:
      CENTER_CROPPER:
        HEIGHT: 256
        WIDTH: 256
      CUBE2EQ:
        HEIGHT: 256
        SENSOR_UUIDS: []
        WIDTH: 512
      CUBE2FISH:
        FOV: 180
        HEIGHT: 256
        PARAMS: (0.2, 0.2, 0.2)
        SENSOR_UUIDS: []
        WIDTH: 256
      ENABLED_TRANSFORMS: ()
      EQ2CUBE:
        HEIGHT: 256
        SENSOR_UUIDS: []
        WIDTH: 256
      RESIZE_SHORTEST_EDGE:
        SIZE: 256
    name: PointNavBaselinePolicy
  PPO:
    clip_param: 0.2
    entropy_coef: 0.01
    eps: 1e-05
    gamma: 0.99
    hidden_size: 512
    lr: 0.0007
    max_grad_norm: 0.5
    num_mini_batch: 16
    num_steps: 5
    ppo_epoch: 4
    reward_window_size: 50
    tau: 0.95
    use_gae: True
    use_linear_clip_decay: False
    use_linear_lr_decay: False
    use_normalized_advantage: True
    value_loss_coef: 0.5
  REWARD_MEASURE: distance_to_goal
  SLACK_REWARD: -0.001
  SUCCESS_MEASURE: spl
  SUCCESS_REWARD: 2.5
SENSORS: ['RGB_SENSOR', 'SEMANTIC_SENSOR', 'DEPTH_SENSOR']
2021-09-30 16:13:51,643 config: BASE_TASK_CONFIG_PATH: configs/tasks/objectnav_mp3d_il.yaml
CHECKPOINT_FOLDER: results/checkpoints/objectnav_mp3d_24k/seed_1/2021_09_30_rgbd
CHECKPOINT_INTERVAL: 500
CMD_TRAILING_OPTS: []
DATASET_PATH: data/datasets/objectnav_mp3d_v2/{split}/{scene_split}.db
ENV_NAME: NavRLEnv
EVAL:
  SPLIT: val
  USE_CKPT_CONFIG: True
EVAL_CKPT_PATH_DIR: data/new_checkpoints/objectnav/objectnav_env/v4_rgbd/objectnav_mp3d_v2_rgbd_8node_17_seed1.ckpt
EVAL_RESUTLS_DIR: data/objectnav_mp3d_v2/seed_1/results/
EVAL_SAVE_RESULTS: True
EVAL_SAVE_RESULTS_INTERVAL: 50
FORCE_BLIND_POLICY: False
IL:
  BehaviorCloning:
    clip_param: 0.2
    eps: 1e-05
    hidden_size: 512
    lr: 0.001
    max_grad_norm: 0.2
    num_mini_batch: 2
    num_steps: 128
    reward_window_size: 50
    sync_frac: 0.6
    use_linear_clip_decay: False
    use_linear_lr_decay: True
  USE_IW: True
  distrib_backend: GLOO
LOG_FILE: train.log
LOG_INTERVAL: 10
LOG_METRICS: True
MODEL:
  DEPTH_ENCODER:
    backbone: resnet50
    cnn_type: VlnResnetDepthEncoder
    ddppo_checkpoint: data/ddppo-models/gibson-2plus-resnet50.pth
    output_size: 128
    trainable: False
  NO_VISION: False
  PROGRESS_MONITOR:
    use: False
  RGB_ENCODER:
    backbone: resnet18
    cnn_type: ResnetRGBEncoder
    output_size: 256
    train_encoder: True
  SEMANTIC_ENCODER:
    backbone: resnet18
    cnn_type: ResnetSemSegEncoder
    embedding_size: 4
    output_size: 256
    rednet_ckpt: data/rednet-models/rednet_semmap_mp3d_tuned.pth
    train_encoder: True
  SEQ2SEQ:
    use_prev_action: True
  STATE_ENCODER:
    hidden_size: 512
    num_recurrent_layers: 2
    rnn_type: GRU
  SWITCH_TO_PRED_SEMANTICS_UPDATE: 0
  USE_PRED_SEMANTICS: False
  USE_SEMANTICS: False
  ablate_depth: False
  ablate_rgb: False
  backbone: resnet18
  embed_sge: True
  force_blind_policy: False
  hidden_size: 512
  inflection_weight_coef: 3.4874445390579485
  normalize_visual_inputs: False
  num_recurrent_layers: 2
  resnet_baseplanes: 32
  rnn_type: GRU
NUM_PROCESSES: 8
NUM_UPDATES: 8000
ORBSLAM2:
  ANGLE_TH: 0.2617993877991494
  BETA: 100
  CAMERA_HEIGHT: 1.25
  DEPTH_DENORM: 10.0
  DIST_REACHED_TH: 0.15
  DIST_TO_STOP: 0.05
  D_OBSTACLE_MAX: 4.0
  D_OBSTACLE_MIN: 0.1
  H_OBSTACLE_MAX: 1.25
  H_OBSTACLE_MIN: 0.375
  MAP_CELL_SIZE: 0.1
  MAP_SIZE: 40
  MIN_PTS_IN_OBSTACLE: 320.0
  NEXT_WAYPOINT_TH: 0.5
  NUM_ACTIONS: 3
  PLANNER_MAX_STEPS: 500
  PREPROCESS_MAP: True
  SLAM_SETTINGS_PATH: habitat_baselines/slambased/data/mp3d3_small1k.yaml
  SLAM_VOCAB_PATH: habitat_baselines/slambased/data/ORBvoc.txt
OUTPUT_LOG_DIR: results/logs/objectnav_mp3d_v2/seed_1
PROFILING:
  CAPTURE_START_STEP: -1
  NUM_STEPS_TO_CAPTURE: -1
RESULTS_DIR: results/objectnav_mp3d_v2/seed_1/results/{split}/{type}
RL:
  DDPPO:
    backbone: resnet50
    distrib_backend: GLOO
    num_recurrent_layers: 2
    pretrained: False
    pretrained_encoder: False
    pretrained_weights: data/ddppo-models/gibson-2plus-resnet50.pth
    reset_critic: True
    rnn_type: LSTM
    sync_frac: 0.6
    train_encoder: True
  POLICY:
    OBS_TRANSFORMS:
      CENTER_CROPPER:
        HEIGHT: 256
        WIDTH: 256
      CUBE2EQ:
        HEIGHT: 256
        SENSOR_UUIDS: []
        WIDTH: 512
      CUBE2FISH:
        FOV: 180
        HEIGHT: 256
        PARAMS: (0.2, 0.2, 0.2)
        SENSOR_UUIDS: []
        WIDTH: 256
      ENABLED_TRANSFORMS: ()
      EQ2CUBE:
        HEIGHT: 256
        SENSOR_UUIDS: []
        WIDTH: 256
      RESIZE_SHORTEST_EDGE:
        SIZE: 256
    name: PointNavBaselinePolicy
  PPO:
    clip_param: 0.2
    entropy_coef: 0.01
    eps: 1e-05
    gamma: 0.99
    hidden_size: 512
    lr: 0.0007
    max_grad_norm: 0.5
    num_mini_batch: 16
    num_steps: 5
    ppo_epoch: 4
    reward_window_size: 50
    tau: 0.95
    use_gae: True
    use_linear_clip_decay: False
    use_linear_lr_decay: False
    use_normalized_advantage: True
    value_loss_coef: 0.5
  REWARD_MEASURE: distance_to_goal
  SLACK_REWARD: -0.001
  SUCCESS_MEASURE: spl
  SUCCESS_REWARD: 2.5
SENSORS: ['RGB_SENSOR', 'SEMANTIC_SENSOR', 'DEPTH_SENSOR']
2021-09-30 16:13:51,643 config: BASE_TASK_CONFIG_PATH: configs/tasks/objectnav_mp3d_il.yaml
CHECKPOINT_FOLDER: results/checkpoints/objectnav_mp3d_24k/seed_1/2021_09_30_rgbd
CHECKPOINT_INTERVAL: 500
CMD_TRAILING_OPTS: []
DATASET_PATH: data/datasets/objectnav_mp3d_v2/{split}/{scene_split}.db
ENV_NAME: NavRLEnv
EVAL:
  SPLIT: val
  USE_CKPT_CONFIG: True
EVAL_CKPT_PATH_DIR: data/new_checkpoints/objectnav/objectnav_env/v4_rgbd/objectnav_mp3d_v2_rgbd_8node_17_seed1.ckpt
EVAL_RESUTLS_DIR: data/objectnav_mp3d_v2/seed_1/results/
EVAL_SAVE_RESULTS: True
EVAL_SAVE_RESULTS_INTERVAL: 50
FORCE_BLIND_POLICY: False
IL:
  BehaviorCloning:
    clip_param: 0.2
    eps: 1e-05
    hidden_size: 512
    lr: 0.001
    max_grad_norm: 0.2
    num_mini_batch: 2
    num_steps: 128
    reward_window_size: 50
    sync_frac: 0.6
    use_linear_clip_decay: False
    use_linear_lr_decay: True
  USE_IW: True
  distrib_backend: GLOO
LOG_FILE: train.log
LOG_INTERVAL: 10
LOG_METRICS: True
MODEL:
  DEPTH_ENCODER:
    backbone: resnet50
    cnn_type: VlnResnetDepthEncoder
    ddppo_checkpoint: data/ddppo-models/gibson-2plus-resnet50.pth
    output_size: 128
    trainable: False
  NO_VISION: False
  PROGRESS_MONITOR:
    use: False
  RGB_ENCODER:
    backbone: resnet18
    cnn_type: ResnetRGBEncoder
    output_size: 256
    train_encoder: True
  SEMANTIC_ENCODER:
    backbone: resnet18
    cnn_type: ResnetSemSegEncoder
    embedding_size: 4
    output_size: 256
    rednet_ckpt: data/rednet-models/rednet_semmap_mp3d_tuned.pth
    train_encoder: True
  SEQ2SEQ:
    use_prev_action: True
  STATE_ENCODER:
    hidden_size: 512
    num_recurrent_layers: 2
    rnn_type: GRU
  SWITCH_TO_PRED_SEMANTICS_UPDATE: 0
  USE_PRED_SEMANTICS: False
  USE_SEMANTICS: False
  ablate_depth: False
  ablate_rgb: False
  backbone: resnet18
  embed_sge: True
  force_blind_policy: False
  hidden_size: 512
  inflection_weight_coef: 3.4874445390579485
  normalize_visual_inputs: False
  num_recurrent_layers: 2
  resnet_baseplanes: 32
  rnn_type: GRU
NUM_PROCESSES: 8
NUM_UPDATES: 8000
ORBSLAM2:
  ANGLE_TH: 0.2617993877991494
  BETA: 100
  CAMERA_HEIGHT: 1.25
  DEPTH_DENORM: 10.0
  DIST_REACHED_TH: 0.15
  DIST_TO_STOP: 0.05
  D_OBSTACLE_MAX: 4.0
  D_OBSTACLE_MIN: 0.1
  H_OBSTACLE_MAX: 1.25
  H_OBSTACLE_MIN: 0.375
  MAP_CELL_SIZE: 0.1
  MAP_SIZE: 40
  MIN_PTS_IN_OBSTACLE: 320.0
  NEXT_WAYPOINT_TH: 0.5
  NUM_ACTIONS: 3
  PLANNER_MAX_STEPS: 500
  PREPROCESS_MAP: True
  SLAM_SETTINGS_PATH: habitat_baselines/slambased/data/mp3d3_small1k.yaml
  SLAM_VOCAB_PATH: habitat_baselines/slambased/data/ORBvoc.txt
OUTPUT_LOG_DIR: results/logs/objectnav_mp3d_v2/seed_1
PROFILING:
  CAPTURE_START_STEP: -1
  NUM_STEPS_TO_CAPTURE: -1
RESULTS_DIR: results/objectnav_mp3d_v2/seed_1/results/{split}/{type}
RL:
  DDPPO:
    backbone: resnet50
    distrib_backend: GLOO
    num_recurrent_layers: 2
    pretrained: False
    pretrained_encoder: False
    pretrained_weights: data/ddppo-models/gibson-2plus-resnet50.pth
    reset_critic: True
    rnn_type: LSTM
    sync_frac: 0.6
    train_encoder: True
  POLICY:
    OBS_TRANSFORMS:
      CENTER_CROPPER:
        HEIGHT: 256
        WIDTH: 256
      CUBE2EQ:
        HEIGHT: 256
        SENSOR_UUIDS: []
        WIDTH: 512
      CUBE2FISH:
        FOV: 180
        HEIGHT: 256
        PARAMS: (0.2, 0.2, 0.2)
        SENSOR_UUIDS: []
        WIDTH: 256
      ENABLED_TRANSFORMS: ()
      EQ2CUBE:
        HEIGHT: 256
        SENSOR_UUIDS: []
        WIDTH: 256
      RESIZE_SHORTEST_EDGE:
        SIZE: 256
    name: PointNavBaselinePolicy
  PPO:
    clip_param: 0.2
    entropy_coef: 0.01
    eps: 1e-05
    gamma: 0.99
    hidden_size: 512
    lr: 0.0007
    max_grad_norm: 0.5
    num_mini_batch: 16
    num_steps: 5
    ppo_epoch: 4
    reward_window_size: 50
    tau: 0.95
    use_gae: True
    use_linear_clip_decay: False
    use_linear_lr_decay: False
    use_normalized_advantage: True
    value_loss_coef: 0.5
  REWARD_MEASURE: distance_to_goal
  SLACK_REWARD: -0.001
  SUCCESS_MEASURE: spl
  SUCCESS_REWARD: 2.5
SENSORS: ['RGB_SENSOR', 'SEMANTIC_SENSOR', 'DEPTH_SENSOR']
2021-09-30 16:13:51,643 config: BASE_TASK_CONFIG_PATH: configs/tasks/objectnav_mp3d_il.yaml
CHECKPOINT_FOLDER: results/checkpoints/objectnav_mp3d_24k/seed_1/2021_09_30_rgbd
CHECKPOINT_INTERVAL: 500
CMD_TRAILING_OPTS: []
DATASET_PATH: data/datasets/objectnav_mp3d_v2/{split}/{scene_split}.db
ENV_NAME: NavRLEnv
EVAL:
  SPLIT: val
  USE_CKPT_CONFIG: True
EVAL_CKPT_PATH_DIR: data/new_checkpoints/objectnav/objectnav_env/v4_rgbd/objectnav_mp3d_v2_rgbd_8node_17_seed1.ckpt
EVAL_RESUTLS_DIR: data/objectnav_mp3d_v2/seed_1/results/
EVAL_SAVE_RESULTS: True
EVAL_SAVE_RESULTS_INTERVAL: 50
FORCE_BLIND_POLICY: False
IL:
  BehaviorCloning:
    clip_param: 0.2
    eps: 1e-05
    hidden_size: 512
    lr: 0.001
    max_grad_norm: 0.2
    num_mini_batch: 2
    num_steps: 128
    reward_window_size: 50
    sync_frac: 0.6
    use_linear_clip_decay: False
    use_linear_lr_decay: True
  USE_IW: True
  distrib_backend: GLOO
LOG_FILE: train.log
LOG_INTERVAL: 10
LOG_METRICS: True
MODEL:
  DEPTH_ENCODER:
    backbone: resnet50
    cnn_type: VlnResnetDepthEncoder
    ddppo_checkpoint: data/ddppo-models/gibson-2plus-resnet50.pth
    output_size: 128
    trainable: False
  NO_VISION: False
  PROGRESS_MONITOR:
    use: False
  RGB_ENCODER:
    backbone: resnet18
    cnn_type: ResnetRGBEncoder
    output_size: 256
    train_encoder: True
  SEMANTIC_ENCODER:
    backbone: resnet18
    cnn_type: ResnetSemSegEncoder
    embedding_size: 4
    output_size: 256
    rednet_ckpt: data/rednet-models/rednet_semmap_mp3d_tuned.pth
    train_encoder: True
  SEQ2SEQ:
    use_prev_action: True
  STATE_ENCODER:
    hidden_size: 512
    num_recurrent_layers: 2
    rnn_type: GRU
  SWITCH_TO_PRED_SEMANTICS_UPDATE: 0
  USE_PRED_SEMANTICS: False
  USE_SEMANTICS: False
  ablate_depth: False
  ablate_rgb: False
  backbone: resnet18
  embed_sge: True
  force_blind_policy: False
  hidden_size: 512
  inflection_weight_coef: 3.4874445390579485
  normalize_visual_inputs: False
  num_recurrent_layers: 2
  resnet_baseplanes: 32
  rnn_type: GRU
NUM_PROCESSES: 8
NUM_UPDATES: 8000
ORBSLAM2:
  ANGLE_TH: 0.2617993877991494
  BETA: 100
  CAMERA_HEIGHT: 1.25
  DEPTH_DENORM: 10.0
  DIST_REACHED_TH: 0.15
  DIST_TO_STOP: 0.05
  D_OBSTACLE_MAX: 4.0
  D_OBSTACLE_MIN: 0.1
  H_OBSTACLE_MAX: 1.25
  H_OBSTACLE_MIN: 0.375
  MAP_CELL_SIZE: 0.1
  MAP_SIZE: 40
  MIN_PTS_IN_OBSTACLE: 320.0
  NEXT_WAYPOINT_TH: 0.5
  NUM_ACTIONS: 3
  PLANNER_MAX_STEPS: 500
  PREPROCESS_MAP: True
  SLAM_SETTINGS_PATH: habitat_baselines/slambased/data/mp3d3_small1k.yaml
  SLAM_VOCAB_PATH: habitat_baselines/slambased/data/ORBvoc.txt
OUTPUT_LOG_DIR: results/logs/objectnav_mp3d_v2/seed_1
PROFILING:
  CAPTURE_START_STEP: -1
  NUM_STEPS_TO_CAPTURE: -1
RESULTS_DIR: results/objectnav_mp3d_v2/seed_1/results/{split}/{type}
RL:
  DDPPO:
    backbone: resnet50
    distrib_backend: GLOO
    num_recurrent_layers: 2
    pretrained: False
    pretrained_encoder: False
    pretrained_weights: data/ddppo-models/gibson-2plus-resnet50.pth
    reset_critic: True
    rnn_type: LSTM
    sync_frac: 0.6
    train_encoder: True
  POLICY:
    OBS_TRANSFORMS:
      CENTER_CROPPER:
        HEIGHT: 256
        WIDTH: 256
      CUBE2EQ:
        HEIGHT: 256
        SENSOR_UUIDS: []
        WIDTH: 512
      CUBE2FISH:
        FOV: 180
        HEIGHT: 256
        PARAMS: (0.2, 0.2, 0.2)
        SENSOR_UUIDS: []
        WIDTH: 256
      ENABLED_TRANSFORMS: ()
      EQ2CUBE:
        HEIGHT: 256
        SENSOR_UUIDS: []
        WIDTH: 256
      RESIZE_SHORTEST_EDGE:
        SIZE: 256
    name: PointNavBaselinePolicy
  PPO:
    clip_param: 0.2
    entropy_coef: 0.01
    eps: 1e-05
    gamma: 0.99
    hidden_size: 512
    lr: 0.0007
    max_grad_norm: 0.5
    num_mini_batch: 16
    num_steps: 5
    ppo_epoch: 4
    reward_window_size: 50
    tau: 0.95
    use_gae: True
    use_linear_clip_decay: False
    use_linear_lr_decay: False
    use_normalized_advantage: True
    value_loss_coef: 0.5
  REWARD_MEASURE: distance_to_goal
  SLACK_REWARD: -0.001
  SUCCESS_MEASURE: spl
  SUCCESS_REWARD: 2.5
SENSORS: ['RGB_SENSOR', 'SEMANTIC_SENSOR', 'DEPTH_SENSOR']
SHOW_TOP_DOWN_MAP: False
SIMULATOR_GPU_ID: 0
TASK_CONFIG:
  DATASET:
    CONTENT_SCENES: ['*']
    DATA_PATH: data/datasets/objectnav_mp3d_24k/{split}/{split}.json.gz
    SCENES_DIR: data/scene_datasets/
    SPLIT: train
    TYPE: ObjectNav-v2
  ENVIRONMENT:
    ITERATOR_OPTIONS:
      CYCLE: True
      GROUP_BY_SCENE: True
      MAX_SCENE_REPEAT_EPISODES: -1
      MAX_SCENE_REPEAT_STEPS: 10000
      NUM_EPISODE_SAMPLE: -1
      SHUFFLE: True
      STEP_REPETITION_RANGE: 0.2
    MAX_EPISODE_SECONDS: 10000000
    MAX_EPISODE_STEPS: 500
  PYROBOT:
    BASE_CONTROLLER: proportional
    BASE_PLANNER: none
    BUMP_SENSOR:
      TYPE: PyRobotBumpSensor
    DEPTH_SENSOR:
      CENTER_CROP: False
      HEIGHT: 480
      MAX_DEPTH: 5.0
      MIN_DEPTH: 0.0
      NORMALIZE_DEPTH: True
      TYPE: PyRobotDepthSensor
      WIDTH: 640
    LOCOBOT:
      ACTIONS: ['BASE_ACTIONS', 'CAMERA_ACTIONS']
      BASE_ACTIONS: ['go_to_relative', 'go_to_absolute']
      CAMERA_ACTIONS: ['set_pan', 'set_tilt', 'set_pan_tilt']
    RGB_SENSOR:
      CENTER_CROP: False
      HEIGHT: 480
      TYPE: PyRobotRGBSensor
      WIDTH: 640
    ROBOT: locobot
    ROBOTS: ['locobot']
    SENSORS: ['RGB_SENSOR', 'DEPTH_SENSOR', 'BUMP_SENSOR']
  SEED: 105
  SIMULATOR:
    ACTION_SPACE_CONFIG: v1
    AGENTS: ['AGENT_0']
    AGENT_0:
      ANGULAR_ACCELERATION: 12.56
      ANGULAR_FRICTION: 1.0
      COEFFICIENT_OF_RESTITUTION: 0.0
      HEIGHT: 0.88
      IS_SET_START_STATE: False
      LINEAR_ACCELERATION: 20.0
      LINEAR_FRICTION: 0.5
      MASS: 32.0
      RADIUS: 0.18
      SENSORS: ['RGB_SENSOR', 'SEMANTIC_SENSOR', 'DEPTH_SENSOR']
      START_POSITION: [0, 0, 0]
      START_ROTATION: [0, 0, 0, 1]
    DEFAULT_AGENT_ID: 0
    DEPTH_SENSOR:
      HEIGHT: 480
      HFOV: 79
      MAX_DEPTH: 5.0
      MIN_DEPTH: 0.5
      NORMALIZE_DEPTH: True
      ORIENTATION: [0.0, 0.0, 0.0]
      POSITION: [0, 0.88, 0]
      TYPE: HabitatSimDepthSensor
      WIDTH: 640
    FORWARD_STEP_SIZE: 0.25
    HABITAT_SIM_V0:
      ALLOW_SLIDING: False
      ENABLE_PHYSICS: False
      GPU_DEVICE_ID: 0
      GPU_GPU: False
      PHYSICS_CONFIG_FILE: ./data/default.physics_config.json
    RGB_SENSOR:
      HEIGHT: 480
      HFOV: 79
      ORIENTATION: [0.0, 0.0, 0.0]
      POSITION: [0, 0.88, 0]
      TYPE: HabitatSimRGBSensor
      WIDTH: 640
    SCENE: data/scene_datasets/habitat-test-scenes/van-gogh-room.glb
    SEED: 100
    SEMANTIC_SENSOR:
      HEIGHT: 480
      HFOV: 79
      ORIENTATION: [0.0, 0.0, 0.0]
      POSITION: [0, 0.88, 0]
      TYPE: HabitatSimSemanticSensor
      WIDTH: 640
    TILT_ANGLE: 30
    TURN_ANGLE: 30
    TYPE: Sim-v0
  TASK:
    ACTIONS:
      ANSWER:
        TYPE: AnswerAction
      LOOK_DOWN:
        TYPE: LookDownAction
      LOOK_UP:
        TYPE: LookUpAction
      MOVE_FORWARD:
        TYPE: MoveForwardAction
      STOP:
        TYPE: StopAction
      TELEPORT:
        TYPE: TeleportAction
      TURN_LEFT:
        TYPE: TurnLeftAction
      TURN_RIGHT:
        TYPE: TurnRightAction
    ALL_OBJECT_POSITIONS:
      TYPE: AllObjectPositions
    ANSWER_ACCURACY:
      TYPE: AnswerAccuracy
    COLLISIONS:
      TYPE: Collisions
    COMPASS_SENSOR:
      TYPE: CompassSensor
    CORRECT_ANSWER:
      TYPE: CorrectAnswer
    DEMONSTRATION_SENSOR:
      TYPE: DemonstrationSensor
    DEMONSTRATION_SENSOR_UUID: demonstration
    DISTANCE_TO_GOAL:
      DISTANCE_TO: VIEW_POINTS
      TYPE: DistanceToGoal
    EPISODE_INFO:
      TYPE: EpisodeInfo
    GOAL_SENSOR_UUID: objectgoal
    GPS_SENSOR:
      DIMENSIONALITY: 2
      TYPE: GPSSensor
    HEADING_SENSOR:
      TYPE: HeadingSensor
    IMAGEGOAL_SENSOR:
      TYPE: ImageGoalSensor
    INFLECTION_WEIGHT_SENSOR:
      INFLECTION_COEF: 3.4874445390579485
      TYPE: InflectionWeightSensor
    INFLECTION_WEIGHT_SENSOR_UUID: inflection_weight
    INSTRUCTION_SENSOR:
      TYPE: InstructionSensor
    INSTRUCTION_SENSOR_UUID: instruction
    MEASUREMENTS: ['DISTANCE_TO_GOAL', 'SUCCESS', 'SPL', 'SOFT_SPL']
    OBJECTGOAL_SENSOR:
      GOAL_SPEC: TASK_CATEGORY_ID
      GOAL_SPEC_MAX_VAL: 50
SHOW_TOP_DOWN_MAP: False
SIMULATOR_GPU_ID: 0
TASK_CONFIG:
  DATASET:
    CONTENT_SCENES: ['*']
    DATA_PATH: data/datasets/objectnav_mp3d_24k/{split}/{split}.json.gz
    SCENES_DIR: data/scene_datasets/
    SPLIT: train
    TYPE: ObjectNav-v2
  ENVIRONMENT:
    ITERATOR_OPTIONS:
      CYCLE: True
      GROUP_BY_SCENE: True
      MAX_SCENE_REPEAT_EPISODES: -1
      MAX_SCENE_REPEAT_STEPS: 10000
      NUM_EPISODE_SAMPLE: -1
      SHUFFLE: True
      STEP_REPETITION_RANGE: 0.2
    MAX_EPISODE_SECONDS: 10000000
    MAX_EPISODE_STEPS: 500
  PYROBOT:
    BASE_CONTROLLER: proportional
    BASE_PLANNER: none
    BUMP_SENSOR:
      TYPE: PyRobotBumpSensor
    DEPTH_SENSOR:
      CENTER_CROP: False
      HEIGHT: 480
      MAX_DEPTH: 5.0
      MIN_DEPTH: 0.0
      NORMALIZE_DEPTH: True
      TYPE: PyRobotDepthSensor
      WIDTH: 640
    LOCOBOT:
      ACTIONS: ['BASE_ACTIONS', 'CAMERA_ACTIONS']
      BASE_ACTIONS: ['go_to_relative', 'go_to_absolute']
      CAMERA_ACTIONS: ['set_pan', 'set_tilt', 'set_pan_tilt']
    RGB_SENSOR:
      CENTER_CROP: False
      HEIGHT: 480
      TYPE: PyRobotRGBSensor
      WIDTH: 640
    ROBOT: locobot
    ROBOTS: ['locobot']
    SENSORS: ['RGB_SENSOR', 'DEPTH_SENSOR', 'BUMP_SENSOR']
  SEED: 105
  SIMULATOR:
    ACTION_SPACE_CONFIG: v1
    AGENTS: ['AGENT_0']
    AGENT_0:
      ANGULAR_ACCELERATION: 12.56
      ANGULAR_FRICTION: 1.0
      COEFFICIENT_OF_RESTITUTION: 0.0
      HEIGHT: 0.88
      IS_SET_START_STATE: False
      LINEAR_ACCELERATION: 20.0
      LINEAR_FRICTION: 0.5
      MASS: 32.0
      RADIUS: 0.18
      SENSORS: ['RGB_SENSOR', 'SEMANTIC_SENSOR', 'DEPTH_SENSOR']
      START_POSITION: [0, 0, 0]
      START_ROTATION: [0, 0, 0, 1]
    DEFAULT_AGENT_ID: 0
    DEPTH_SENSOR:
      HEIGHT: 480
      HFOV: 79
      MAX_DEPTH: 5.0
      MIN_DEPTH: 0.5
      NORMALIZE_DEPTH: True
      ORIENTATION: [0.0, 0.0, 0.0]
      POSITION: [0, 0.88, 0]
      TYPE: HabitatSimDepthSensor
      WIDTH: 640
    FORWARD_STEP_SIZE: 0.25
    HABITAT_SIM_V0:
      ALLOW_SLIDING: False
      ENABLE_PHYSICS: False
      GPU_DEVICE_ID: 0
      GPU_GPU: False
      PHYSICS_CONFIG_FILE: ./data/default.physics_config.json
    RGB_SENSOR:
      HEIGHT: 480
      HFOV: 79
      ORIENTATION: [0.0, 0.0, 0.0]
      POSITION: [0, 0.88, 0]
      TYPE: HabitatSimRGBSensor
      WIDTH: 640
    SCENE: data/scene_datasets/habitat-test-scenes/van-gogh-room.glb
    SEED: 100
    SEMANTIC_SENSOR:
      HEIGHT: 480
      HFOV: 79
      ORIENTATION: [0.0, 0.0, 0.0]
      POSITION: [0, 0.88, 0]
      TYPE: HabitatSimSemanticSensor
      WIDTH: 640
    TILT_ANGLE: 30
    TURN_ANGLE: 30
    TYPE: Sim-v0
  TASK:
    ACTIONS:
      ANSWER:
        TYPE: AnswerAction
      LOOK_DOWN:
        TYPE: LookDownAction
      LOOK_UP:
        TYPE: LookUpAction
      MOVE_FORWARD:
        TYPE: MoveForwardAction
      STOP:
        TYPE: StopAction
      TELEPORT:
        TYPE: TeleportAction
      TURN_LEFT:
        TYPE: TurnLeftAction
      TURN_RIGHT:
        TYPE: TurnRightAction
    ALL_OBJECT_POSITIONS:
      TYPE: AllObjectPositions
    ANSWER_ACCURACY:
      TYPE: AnswerAccuracy
    COLLISIONS:
      TYPE: Collisions
    COMPASS_SENSOR:
      TYPE: CompassSensor
    CORRECT_ANSWER:
      TYPE: CorrectAnswer
    DEMONSTRATION_SENSOR:
      TYPE: DemonstrationSensor
    DEMONSTRATION_SENSOR_UUID: demonstration
    DISTANCE_TO_GOAL:
      DISTANCE_TO: VIEW_POINTS
      TYPE: DistanceToGoal
    EPISODE_INFO:
      TYPE: EpisodeInfo
    GOAL_SENSOR_UUID: objectgoal
    GPS_SENSOR:
      DIMENSIONALITY: 2
      TYPE: GPSSensor
    HEADING_SENSOR:
      TYPE: HeadingSensor
    IMAGEGOAL_SENSOR:
      TYPE: ImageGoalSensor
    INFLECTION_WEIGHT_SENSOR:
      INFLECTION_COEF: 3.4874445390579485
      TYPE: InflectionWeightSensor
    INFLECTION_WEIGHT_SENSOR_UUID: inflection_weight
    INSTRUCTION_SENSOR:
      TYPE: InstructionSensor
    INSTRUCTION_SENSOR_UUID: instruction
    MEASUREMENTS: ['DISTANCE_TO_GOAL', 'SUCCESS', 'SPL', 'SOFT_SPL']
    OBJECTGOAL_SENSOR:
      GOAL_SPEC: TASK_CATEGORY_ID
      GOAL_SPEC_MAX_VAL: 50
SHOW_TOP_DOWN_MAP: False
SIMULATOR_GPU_ID: 0
TASK_CONFIG:
  DATASET:
    CONTENT_SCENES: ['*']
    DATA_PATH: data/datasets/objectnav_mp3d_24k/{split}/{split}.json.gz
    SCENES_DIR: data/scene_datasets/
    SPLIT: train
    TYPE: ObjectNav-v2
  ENVIRONMENT:
    ITERATOR_OPTIONS:
      CYCLE: True
      GROUP_BY_SCENE: True
      MAX_SCENE_REPEAT_EPISODES: -1
      MAX_SCENE_REPEAT_STEPS: 10000
      NUM_EPISODE_SAMPLE: -1
      SHUFFLE: True
      STEP_REPETITION_RANGE: 0.2
    MAX_EPISODE_SECONDS: 10000000
    MAX_EPISODE_STEPS: 500
  PYROBOT:
    BASE_CONTROLLER: proportional
    BASE_PLANNER: none
    BUMP_SENSOR:
      TYPE: PyRobotBumpSensor
    DEPTH_SENSOR:
      CENTER_CROP: False
      HEIGHT: 480
      MAX_DEPTH: 5.0
      MIN_DEPTH: 0.0
      NORMALIZE_DEPTH: True
      TYPE: PyRobotDepthSensor
      WIDTH: 640
    LOCOBOT:
      ACTIONS: ['BASE_ACTIONS', 'CAMERA_ACTIONS']
      BASE_ACTIONS: ['go_to_relative', 'go_to_absolute']
      CAMERA_ACTIONS: ['set_pan', 'set_tilt', 'set_pan_tilt']
    RGB_SENSOR:
      CENTER_CROP: False
      HEIGHT: 480
      TYPE: PyRobotRGBSensor
      WIDTH: 640
    ROBOT: locobot
    ROBOTS: ['locobot']
    SENSORS: ['RGB_SENSOR', 'DEPTH_SENSOR', 'BUMP_SENSOR']
  SEED: 105
  SIMULATOR:
    ACTION_SPACE_CONFIG: v1
    AGENTS: ['AGENT_0']
    AGENT_0:
      ANGULAR_ACCELERATION: 12.56
      ANGULAR_FRICTION: 1.0
      COEFFICIENT_OF_RESTITUTION: 0.0
      HEIGHT: 0.88
      IS_SET_START_STATE: False
      LINEAR_ACCELERATION: 20.0
      LINEAR_FRICTION: 0.5
      MASS: 32.0
      RADIUS: 0.18
      SENSORS: ['RGB_SENSOR', 'SEMANTIC_SENSOR', 'DEPTH_SENSOR']
      START_POSITION: [0, 0, 0]
      START_ROTATION: [0, 0, 0, 1]
    DEFAULT_AGENT_ID: 0
    DEPTH_SENSOR:
      HEIGHT: 480
      HFOV: 79
      MAX_DEPTH: 5.0
      MIN_DEPTH: 0.5
      NORMALIZE_DEPTH: True
      ORIENTATION: [0.0, 0.0, 0.0]
      POSITION: [0, 0.88, 0]
      TYPE: HabitatSimDepthSensor
      WIDTH: 640
    FORWARD_STEP_SIZE: 0.25
    HABITAT_SIM_V0:
      ALLOW_SLIDING: False
      ENABLE_PHYSICS: False
      GPU_DEVICE_ID: 0
      GPU_GPU: False
      PHYSICS_CONFIG_FILE: ./data/default.physics_config.json
    RGB_SENSOR:
      HEIGHT: 480
      HFOV: 79
      ORIENTATION: [0.0, 0.0, 0.0]
      POSITION: [0, 0.88, 0]
      TYPE: HabitatSimRGBSensor
      WIDTH: 640
    SCENE: data/scene_datasets/habitat-test-scenes/van-gogh-room.glb
    SEED: 100
    SEMANTIC_SENSOR:
      HEIGHT: 480
      HFOV: 79
      ORIENTATION: [0.0, 0.0, 0.0]
      POSITION: [0, 0.88, 0]
      TYPE: HabitatSimSemanticSensor
      WIDTH: 640
    TILT_ANGLE: 30
    TURN_ANGLE: 30
    TYPE: Sim-v0
  TASK:
    ACTIONS:
      ANSWER:
        TYPE: AnswerAction
      LOOK_DOWN:
        TYPE: LookDownAction
      LOOK_UP:
        TYPE: LookUpAction
      MOVE_FORWARD:
        TYPE: MoveForwardAction
      STOP:
        TYPE: StopAction
      TELEPORT:
        TYPE: TeleportAction
      TURN_LEFT:
        TYPE: TurnLeftAction
      TURN_RIGHT:
        TYPE: TurnRightAction
    ALL_OBJECT_POSITIONS:
      TYPE: AllObjectPositions
    ANSWER_ACCURACY:
      TYPE: AnswerAccuracy
    COLLISIONS:
      TYPE: Collisions
    COMPASS_SENSOR:
      TYPE: CompassSensor
    CORRECT_ANSWER:
      TYPE: CorrectAnswer
    DEMONSTRATION_SENSOR:
      TYPE: DemonstrationSensor
    DEMONSTRATION_SENSOR_UUID: demonstration
    DISTANCE_TO_GOAL:
      DISTANCE_TO: VIEW_POINTS
      TYPE: DistanceToGoal
    EPISODE_INFO:
      TYPE: EpisodeInfo
    GOAL_SENSOR_UUID: objectgoal
    GPS_SENSOR:
      DIMENSIONALITY: 2
      TYPE: GPSSensor
    HEADING_SENSOR:
      TYPE: HeadingSensor
    IMAGEGOAL_SENSOR:
      TYPE: ImageGoalSensor
    INFLECTION_WEIGHT_SENSOR:
      INFLECTION_COEF: 3.4874445390579485
      TYPE: InflectionWeightSensor
    INFLECTION_WEIGHT_SENSOR_UUID: inflection_weight
    INSTRUCTION_SENSOR:
      TYPE: InstructionSensor
    INSTRUCTION_SENSOR_UUID: instruction
    MEASUREMENTS: ['DISTANCE_TO_GOAL', 'SUCCESS', 'SPL', 'SOFT_SPL']
    OBJECTGOAL_SENSOR:
      GOAL_SPEC: TASK_CATEGORY_ID
      GOAL_SPEC_MAX_VAL: 50
SHOW_TOP_DOWN_MAP: False
SIMULATOR_GPU_ID: 0
TASK_CONFIG:
  DATASET:
    CONTENT_SCENES: ['*']
    DATA_PATH: data/datasets/objectnav_mp3d_24k/{split}/{split}.json.gz
    SCENES_DIR: data/scene_datasets/
    SPLIT: train
    TYPE: ObjectNav-v2
  ENVIRONMENT:
    ITERATOR_OPTIONS:
      CYCLE: True
      GROUP_BY_SCENE: True
      MAX_SCENE_REPEAT_EPISODES: -1
      MAX_SCENE_REPEAT_STEPS: 10000
      NUM_EPISODE_SAMPLE: -1
      SHUFFLE: True
      STEP_REPETITION_RANGE: 0.2
    MAX_EPISODE_SECONDS: 10000000
    MAX_EPISODE_STEPS: 500
  PYROBOT:
    BASE_CONTROLLER: proportional
    BASE_PLANNER: none
    BUMP_SENSOR:
      TYPE: PyRobotBumpSensor
    DEPTH_SENSOR:
      CENTER_CROP: False
      HEIGHT: 480
      MAX_DEPTH: 5.0
      MIN_DEPTH: 0.0
      NORMALIZE_DEPTH: True
      TYPE: PyRobotDepthSensor
      WIDTH: 640
    LOCOBOT:
      ACTIONS: ['BASE_ACTIONS', 'CAMERA_ACTIONS']
      BASE_ACTIONS: ['go_to_relative', 'go_to_absolute']
      CAMERA_ACTIONS: ['set_pan', 'set_tilt', 'set_pan_tilt']
    RGB_SENSOR:
      CENTER_CROP: False
      HEIGHT: 480
      TYPE: PyRobotRGBSensor
      WIDTH: 640
    ROBOT: locobot
    ROBOTS: ['locobot']
    SENSORS: ['RGB_SENSOR', 'DEPTH_SENSOR', 'BUMP_SENSOR']
  SEED: 105
  SIMULATOR:
    ACTION_SPACE_CONFIG: v1
    AGENTS: ['AGENT_0']
    AGENT_0:
      ANGULAR_ACCELERATION: 12.56
      ANGULAR_FRICTION: 1.0
      COEFFICIENT_OF_RESTITUTION: 0.0
      HEIGHT: 0.88
      IS_SET_START_STATE: False
      LINEAR_ACCELERATION: 20.0
      LINEAR_FRICTION: 0.5
      MASS: 32.0
      RADIUS: 0.18
      SENSORS: ['RGB_SENSOR', 'SEMANTIC_SENSOR', 'DEPTH_SENSOR']
      START_POSITION: [0, 0, 0]
      START_ROTATION: [0, 0, 0, 1]
    DEFAULT_AGENT_ID: 0
    DEPTH_SENSOR:
      HEIGHT: 480
      HFOV: 79
      MAX_DEPTH: 5.0
      MIN_DEPTH: 0.5
      NORMALIZE_DEPTH: True
      ORIENTATION: [0.0, 0.0, 0.0]
      POSITION: [0, 0.88, 0]
      TYPE: HabitatSimDepthSensor
      WIDTH: 640
    FORWARD_STEP_SIZE: 0.25
    HABITAT_SIM_V0:
      ALLOW_SLIDING: False
      ENABLE_PHYSICS: False
      GPU_DEVICE_ID: 0
      GPU_GPU: False
      PHYSICS_CONFIG_FILE: ./data/default.physics_config.json
    RGB_SENSOR:
      HEIGHT: 480
      HFOV: 79
      ORIENTATION: [0.0, 0.0, 0.0]
      POSITION: [0, 0.88, 0]
      TYPE: HabitatSimRGBSensor
      WIDTH: 640
    SCENE: data/scene_datasets/habitat-test-scenes/van-gogh-room.glb
    SEED: 100
    SEMANTIC_SENSOR:
      HEIGHT: 480
      HFOV: 79
      ORIENTATION: [0.0, 0.0, 0.0]
      POSITION: [0, 0.88, 0]
      TYPE: HabitatSimSemanticSensor
      WIDTH: 640
    TILT_ANGLE: 30
    TURN_ANGLE: 30
    TYPE: Sim-v0
  TASK:
    ACTIONS:
      ANSWER:
        TYPE: AnswerAction
      LOOK_DOWN:
        TYPE: LookDownAction
      LOOK_UP:
        TYPE: LookUpAction
      MOVE_FORWARD:
        TYPE: MoveForwardAction
      STOP:
        TYPE: StopAction
      TELEPORT:
        TYPE: TeleportAction
      TURN_LEFT:
        TYPE: TurnLeftAction
      TURN_RIGHT:
        TYPE: TurnRightAction
    ALL_OBJECT_POSITIONS:
      TYPE: AllObjectPositions
    ANSWER_ACCURACY:
      TYPE: AnswerAccuracy
    COLLISIONS:
      TYPE: Collisions
    COMPASS_SENSOR:
      TYPE: CompassSensor
    CORRECT_ANSWER:
      TYPE: CorrectAnswer
    DEMONSTRATION_SENSOR:
      TYPE: DemonstrationSensor
    DEMONSTRATION_SENSOR_UUID: demonstration
    DISTANCE_TO_GOAL:
      DISTANCE_TO: VIEW_POINTS
      TYPE: DistanceToGoal
    EPISODE_INFO:
      TYPE: EpisodeInfo
    GOAL_SENSOR_UUID: objectgoal
    GPS_SENSOR:
      DIMENSIONALITY: 2
      TYPE: GPSSensor
    HEADING_SENSOR:
      TYPE: HeadingSensor
    IMAGEGOAL_SENSOR:
      TYPE: ImageGoalSensor
    INFLECTION_WEIGHT_SENSOR:
      INFLECTION_COEF: 3.4874445390579485
      TYPE: InflectionWeightSensor
    INFLECTION_WEIGHT_SENSOR_UUID: inflection_weight
    INSTRUCTION_SENSOR:
      TYPE: InstructionSensor
    INSTRUCTION_SENSOR_UUID: instruction
    MEASUREMENTS: ['DISTANCE_TO_GOAL', 'SUCCESS', 'SPL', 'SOFT_SPL']
    OBJECTGOAL_SENSOR:
      GOAL_SPEC: TASK_CATEGORY_ID
      GOAL_SPEC_MAX_VAL: 50
2021-09-30 16:13:51,643 config: BASE_TASK_CONFIG_PATH: configs/tasks/objectnav_mp3d_il.yaml
CHECKPOINT_FOLDER: results/checkpoints/objectnav_mp3d_24k/seed_1/2021_09_30_rgbd
CHECKPOINT_INTERVAL: 500
CMD_TRAILING_OPTS: []
DATASET_PATH: data/datasets/objectnav_mp3d_v2/{split}/{scene_split}.db
ENV_NAME: NavRLEnv
EVAL:
  SPLIT: val
  USE_CKPT_CONFIG: True
EVAL_CKPT_PATH_DIR: data/new_checkpoints/objectnav/objectnav_env/v4_rgbd/objectnav_mp3d_v2_rgbd_8node_17_seed1.ckpt
EVAL_RESUTLS_DIR: data/objectnav_mp3d_v2/seed_1/results/
EVAL_SAVE_RESULTS: True
EVAL_SAVE_RESULTS_INTERVAL: 50
FORCE_BLIND_POLICY: False
IL:
  BehaviorCloning:
    clip_param: 0.2
    eps: 1e-05
    hidden_size: 512
    lr: 0.001
    max_grad_norm: 0.2
    num_mini_batch: 2
    num_steps: 128
    reward_window_size: 50
    sync_frac: 0.6
    use_linear_clip_decay: False
    use_linear_lr_decay: True
  USE_IW: True
  distrib_backend: GLOO
LOG_FILE: train.log
LOG_INTERVAL: 10
LOG_METRICS: True
MODEL:
  DEPTH_ENCODER:
    backbone: resnet50
    cnn_type: VlnResnetDepthEncoder
    ddppo_checkpoint: data/ddppo-models/gibson-2plus-resnet50.pth
    output_size: 128
    trainable: False
  NO_VISION: False
  PROGRESS_MONITOR:
    use: False
  RGB_ENCODER:
    backbone: resnet18
    cnn_type: ResnetRGBEncoder
    output_size: 256
    train_encoder: True
  SEMANTIC_ENCODER:
    backbone: resnet18
    cnn_type: ResnetSemSegEncoder
    embedding_size: 4
    output_size: 256
    rednet_ckpt: data/rednet-models/rednet_semmap_mp3d_tuned.pth
    train_encoder: True
  SEQ2SEQ:
    use_prev_action: True
  STATE_ENCODER:
    hidden_size: 512
    num_recurrent_layers: 2
    rnn_type: GRU
  SWITCH_TO_PRED_SEMANTICS_UPDATE: 0
  USE_PRED_SEMANTICS: False
  USE_SEMANTICS: False
  ablate_depth: False
  ablate_rgb: False
  backbone: resnet18
  embed_sge: True
  force_blind_policy: False
  hidden_size: 512
  inflection_weight_coef: 3.4874445390579485
  normalize_visual_inputs: False
  num_recurrent_layers: 2
  resnet_baseplanes: 32
  rnn_type: GRU
NUM_PROCESSES: 8
NUM_UPDATES: 8000
ORBSLAM2:
  ANGLE_TH: 0.2617993877991494
  BETA: 100
  CAMERA_HEIGHT: 1.25
  DEPTH_DENORM: 10.0
  DIST_REACHED_TH: 0.15
  DIST_TO_STOP: 0.05
  D_OBSTACLE_MAX: 4.0
  D_OBSTACLE_MIN: 0.1
  H_OBSTACLE_MAX: 1.25
  H_OBSTACLE_MIN: 0.375
  MAP_CELL_SIZE: 0.1
  MAP_SIZE: 40
  MIN_PTS_IN_OBSTACLE: 320.0
  NEXT_WAYPOINT_TH: 0.5
  NUM_ACTIONS: 3
  PLANNER_MAX_STEPS: 500
  PREPROCESS_MAP: True
  SLAM_SETTINGS_PATH: habitat_baselines/slambased/data/mp3d3_small1k.yaml
  SLAM_VOCAB_PATH: habitat_baselines/slambased/data/ORBvoc.txt
OUTPUT_LOG_DIR: results/logs/objectnav_mp3d_v2/seed_1
PROFILING:
  CAPTURE_START_STEP: -1
  NUM_STEPS_TO_CAPTURE: -1
RESULTS_DIR: results/objectnav_mp3d_v2/seed_1/results/{split}/{type}
RL:
  DDPPO:
    backbone: resnet50
    distrib_backend: GLOO
    num_recurrent_layers: 2
    pretrained: False
    pretrained_encoder: False
    pretrained_weights: data/ddppo-models/gibson-2plus-resnet50.pth
    reset_critic: True
    rnn_type: LSTM
    sync_frac: 0.6
    train_encoder: True
  POLICY:
    OBS_TRANSFORMS:
      CENTER_CROPPER:
        HEIGHT: 256
        WIDTH: 256
      CUBE2EQ:
        HEIGHT: 256
        SENSOR_UUIDS: []
        WIDTH: 512
      CUBE2FISH:
        FOV: 180
        HEIGHT: 256
        PARAMS: (0.2, 0.2, 0.2)
        SENSOR_UUIDS: []
        WIDTH: 256
      ENABLED_TRANSFORMS: ()
      EQ2CUBE:
        HEIGHT: 256
        SENSOR_UUIDS: []
        WIDTH: 256
      RESIZE_SHORTEST_EDGE:
        SIZE: 256
    name: PointNavBaselinePolicy
  PPO:
    clip_param: 0.2
    entropy_coef: 0.01
    eps: 1e-05
    gamma: 0.99
    hidden_size: 512
    lr: 0.0007
    max_grad_norm: 0.5
    num_mini_batch: 16
    num_steps: 5
    ppo_epoch: 4
    reward_window_size: 50
    tau: 0.95
    use_gae: True
    use_linear_clip_decay: False
    use_linear_lr_decay: False
    use_normalized_advantage: True
    value_loss_coef: 0.5
  REWARD_MEASURE: distance_to_goal
  SLACK_REWARD: -0.001
  SUCCESS_MEASURE: spl
  SUCCESS_REWARD: 2.5
SENSORS: ['RGB_SENSOR', 'SEMANTIC_SENSOR', 'DEPTH_SENSOR']
SHOW_TOP_DOWN_MAP: False
SIMULATOR_GPU_ID: 0
TASK_CONFIG:
  DATASET:
    CONTENT_SCENES: ['*']
    DATA_PATH: data/datasets/objectnav_mp3d_24k/{split}/{split}.json.gz
    SCENES_DIR: data/scene_datasets/
    SPLIT: train
    TYPE: ObjectNav-v2
  ENVIRONMENT:
    ITERATOR_OPTIONS:
      CYCLE: True
      GROUP_BY_SCENE: True
      MAX_SCENE_REPEAT_EPISODES: -1
      MAX_SCENE_REPEAT_STEPS: 10000
      NUM_EPISODE_SAMPLE: -1
      SHUFFLE: True
      STEP_REPETITION_RANGE: 0.2
    MAX_EPISODE_SECONDS: 10000000
    MAX_EPISODE_STEPS: 500
  PYROBOT:
    BASE_CONTROLLER: proportional
    BASE_PLANNER: none
    BUMP_SENSOR:
      TYPE: PyRobotBumpSensor
    DEPTH_SENSOR:
      CENTER_CROP: False
      HEIGHT: 480
      MAX_DEPTH: 5.0
      MIN_DEPTH: 0.0
      NORMALIZE_DEPTH: True
      TYPE: PyRobotDepthSensor
      WIDTH: 640
    LOCOBOT:
      ACTIONS: ['BASE_ACTIONS', 'CAMERA_ACTIONS']
      BASE_ACTIONS: ['go_to_relative', 'go_to_absolute']
      CAMERA_ACTIONS: ['set_pan', 'set_tilt', 'set_pan_tilt']
    RGB_SENSOR:
      CENTER_CROP: False
      HEIGHT: 480
      TYPE: PyRobotRGBSensor
      WIDTH: 640
    ROBOT: locobot
    ROBOTS: ['locobot']
    SENSORS: ['RGB_SENSOR', 'DEPTH_SENSOR', 'BUMP_SENSOR']
  SEED: 105
  SIMULATOR:
    ACTION_SPACE_CONFIG: v1
    AGENTS: ['AGENT_0']
    AGENT_0:
      ANGULAR_ACCELERATION: 12.56
      ANGULAR_FRICTION: 1.0
      COEFFICIENT_OF_RESTITUTION: 0.0
      HEIGHT: 0.88
      IS_SET_START_STATE: False
      LINEAR_ACCELERATION: 20.0
      LINEAR_FRICTION: 0.5
      MASS: 32.0
      RADIUS: 0.18
      SENSORS: ['RGB_SENSOR', 'SEMANTIC_SENSOR', 'DEPTH_SENSOR']
      START_POSITION: [0, 0, 0]
      START_ROTATION: [0, 0, 0, 1]
    DEFAULT_AGENT_ID: 0
    DEPTH_SENSOR:
      HEIGHT: 480
      HFOV: 79
      MAX_DEPTH: 5.0
      MIN_DEPTH: 0.5
      NORMALIZE_DEPTH: True
      ORIENTATION: [0.0, 0.0, 0.0]
      POSITION: [0, 0.88, 0]
      TYPE: HabitatSimDepthSensor
      WIDTH: 640
    FORWARD_STEP_SIZE: 0.25
    HABITAT_SIM_V0:
      ALLOW_SLIDING: False
      ENABLE_PHYSICS: False
      GPU_DEVICE_ID: 0
      GPU_GPU: False
      PHYSICS_CONFIG_FILE: ./data/default.physics_config.json
    RGB_SENSOR:
      HEIGHT: 480
      HFOV: 79
      ORIENTATION: [0.0, 0.0, 0.0]
      POSITION: [0, 0.88, 0]
      TYPE: HabitatSimRGBSensor
      WIDTH: 640
    SCENE: data/scene_datasets/habitat-test-scenes/van-gogh-room.glb
    SEED: 100
    SEMANTIC_SENSOR:
      HEIGHT: 480
      HFOV: 79
      ORIENTATION: [0.0, 0.0, 0.0]
      POSITION: [0, 0.88, 0]
      TYPE: HabitatSimSemanticSensor
      WIDTH: 640
    TILT_ANGLE: 30
    TURN_ANGLE: 30
    TYPE: Sim-v0
  TASK:
    ACTIONS:
      ANSWER:
        TYPE: AnswerAction
      LOOK_DOWN:
        TYPE: LookDownAction
      LOOK_UP:
        TYPE: LookUpAction
      MOVE_FORWARD:
        TYPE: MoveForwardAction
      STOP:
        TYPE: StopAction
      TELEPORT:
        TYPE: TeleportAction
      TURN_LEFT:
        TYPE: TurnLeftAction
      TURN_RIGHT:
        TYPE: TurnRightAction
    ALL_OBJECT_POSITIONS:
      TYPE: AllObjectPositions
    ANSWER_ACCURACY:
      TYPE: AnswerAccuracy
    COLLISIONS:
      TYPE: Collisions
    COMPASS_SENSOR:
      TYPE: CompassSensor
    CORRECT_ANSWER:
      TYPE: CorrectAnswer
    DEMONSTRATION_SENSOR:
      TYPE: DemonstrationSensor
    DEMONSTRATION_SENSOR_UUID: demonstration
    DISTANCE_TO_GOAL:
      DISTANCE_TO: VIEW_POINTS
      TYPE: DistanceToGoal
    EPISODE_INFO:
      TYPE: EpisodeInfo
    GOAL_SENSOR_UUID: objectgoal
    GPS_SENSOR:
      DIMENSIONALITY: 2
      TYPE: GPSSensor
    HEADING_SENSOR:
      TYPE: HeadingSensor
    IMAGEGOAL_SENSOR:
      TYPE: ImageGoalSensor
    INFLECTION_WEIGHT_SENSOR:
      INFLECTION_COEF: 3.4874445390579485
      TYPE: InflectionWeightSensor
    INFLECTION_WEIGHT_SENSOR_UUID: inflection_weight
    INSTRUCTION_SENSOR:
      TYPE: InstructionSensor
    INSTRUCTION_SENSOR_UUID: instruction
    MEASUREMENTS: ['DISTANCE_TO_GOAL', 'SUCCESS', 'SPL', 'SOFT_SPL']
    OBJECTGOAL_SENSOR:
      GOAL_SPEC: TASK_CATEGORY_ID
      GOAL_SPEC_MAX_VAL: 50
SHOW_TOP_DOWN_MAP: False
SIMULATOR_GPU_ID: 0
TASK_CONFIG:
  DATASET:
    CONTENT_SCENES: ['*']
    DATA_PATH: data/datasets/objectnav_mp3d_24k/{split}/{split}.json.gz
    SCENES_DIR: data/scene_datasets/
    SPLIT: train
    TYPE: ObjectNav-v2
  ENVIRONMENT:
    ITERATOR_OPTIONS:
      CYCLE: True
      GROUP_BY_SCENE: True
      MAX_SCENE_REPEAT_EPISODES: -1
      MAX_SCENE_REPEAT_STEPS: 10000
      NUM_EPISODE_SAMPLE: -1
      SHUFFLE: True
      STEP_REPETITION_RANGE: 0.2
    MAX_EPISODE_SECONDS: 10000000
    MAX_EPISODE_STEPS: 500
  PYROBOT:
    BASE_CONTROLLER: proportional
    BASE_PLANNER: none
    BUMP_SENSOR:
      TYPE: PyRobotBumpSensor
    DEPTH_SENSOR:
      CENTER_CROP: False
      HEIGHT: 480
      MAX_DEPTH: 5.0
      MIN_DEPTH: 0.0
      NORMALIZE_DEPTH: True
      TYPE: PyRobotDepthSensor
      WIDTH: 640
    LOCOBOT:
      ACTIONS: ['BASE_ACTIONS', 'CAMERA_ACTIONS']
      BASE_ACTIONS: ['go_to_relative', 'go_to_absolute']
      CAMERA_ACTIONS: ['set_pan', 'set_tilt', 'set_pan_tilt']
    RGB_SENSOR:
      CENTER_CROP: False
      HEIGHT: 480
      TYPE: PyRobotRGBSensor
      WIDTH: 640
    ROBOT: locobot
    ROBOTS: ['locobot']
    SENSORS: ['RGB_SENSOR', 'DEPTH_SENSOR', 'BUMP_SENSOR']
  SEED: 105
  SIMULATOR:
    ACTION_SPACE_CONFIG: v1
    AGENTS: ['AGENT_0']
    AGENT_0:
      ANGULAR_ACCELERATION: 12.56
      ANGULAR_FRICTION: 1.0
      COEFFICIENT_OF_RESTITUTION: 0.0
      HEIGHT: 0.88
      IS_SET_START_STATE: False
      LINEAR_ACCELERATION: 20.0
      LINEAR_FRICTION: 0.5
      MASS: 32.0
      RADIUS: 0.18
      SENSORS: ['RGB_SENSOR', 'SEMANTIC_SENSOR', 'DEPTH_SENSOR']
      START_POSITION: [0, 0, 0]
      START_ROTATION: [0, 0, 0, 1]
    DEFAULT_AGENT_ID: 0
    DEPTH_SENSOR:
      HEIGHT: 480
      HFOV: 79
      MAX_DEPTH: 5.0
      MIN_DEPTH: 0.5
      NORMALIZE_DEPTH: True
      ORIENTATION: [0.0, 0.0, 0.0]
      POSITION: [0, 0.88, 0]
      TYPE: HabitatSimDepthSensor
      WIDTH: 640
    FORWARD_STEP_SIZE: 0.25
    HABITAT_SIM_V0:
      ALLOW_SLIDING: False
      ENABLE_PHYSICS: False
      GPU_DEVICE_ID: 0
      GPU_GPU: False
      PHYSICS_CONFIG_FILE: ./data/default.physics_config.json
    RGB_SENSOR:
      HEIGHT: 480
      HFOV: 79
      ORIENTATION: [0.0, 0.0, 0.0]
      POSITION: [0, 0.88, 0]
      TYPE: HabitatSimRGBSensor
      WIDTH: 640
    SCENE: data/scene_datasets/habitat-test-scenes/van-gogh-room.glb
    SEED: 100
    SEMANTIC_SENSOR:
      HEIGHT: 480
      HFOV: 79
      ORIENTATION: [0.0, 0.0, 0.0]
      POSITION: [0, 0.88, 0]
      TYPE: HabitatSimSemanticSensor
      WIDTH: 640
    TILT_ANGLE: 30
    TURN_ANGLE: 30
    TYPE: Sim-v0
  TASK:
    ACTIONS:
      ANSWER:
        TYPE: AnswerAction
      LOOK_DOWN:
        TYPE: LookDownAction
      LOOK_UP:
        TYPE: LookUpAction
      MOVE_FORWARD:
        TYPE: MoveForwardAction
      STOP:
        TYPE: StopAction
      TELEPORT:
        TYPE: TeleportAction
      TURN_LEFT:
        TYPE: TurnLeftAction
      TURN_RIGHT:
        TYPE: TurnRightAction
    ALL_OBJECT_POSITIONS:
      TYPE: AllObjectPositions
    ANSWER_ACCURACY:
      TYPE: AnswerAccuracy
    COLLISIONS:
      TYPE: Collisions
    COMPASS_SENSOR:
      TYPE: CompassSensor
    CORRECT_ANSWER:
      TYPE: CorrectAnswer
    DEMONSTRATION_SENSOR:
      TYPE: DemonstrationSensor
    DEMONSTRATION_SENSOR_UUID: demonstration
    DISTANCE_TO_GOAL:
      DISTANCE_TO: VIEW_POINTS
      TYPE: DistanceToGoal
    EPISODE_INFO:
      TYPE: EpisodeInfo
    GOAL_SENSOR_UUID: objectgoal
    GPS_SENSOR:
      DIMENSIONALITY: 2
      TYPE: GPSSensor
    HEADING_SENSOR:
      TYPE: HeadingSensor
    IMAGEGOAL_SENSOR:
      TYPE: ImageGoalSensor
    INFLECTION_WEIGHT_SENSOR:
      INFLECTION_COEF: 3.4874445390579485
      TYPE: InflectionWeightSensor
    INFLECTION_WEIGHT_SENSOR_UUID: inflection_weight
    INSTRUCTION_SENSOR:
      TYPE: InstructionSensor
    INSTRUCTION_SENSOR_UUID: instruction
    MEASUREMENTS: ['DISTANCE_TO_GOAL', 'SUCCESS', 'SPL', 'SOFT_SPL']
    OBJECTGOAL_SENSOR:
      GOAL_SPEC: TASK_CATEGORY_ID
      GOAL_SPEC_MAX_VAL: 50
SHOW_TOP_DOWN_MAP: False
SIMULATOR_GPU_ID: 0
TASK_CONFIG:
  DATASET:
    CONTENT_SCENES: ['*']
    DATA_PATH: data/datasets/objectnav_mp3d_24k/{split}/{split}.json.gz
    SCENES_DIR: data/scene_datasets/
    SPLIT: train
    TYPE: ObjectNav-v2
  ENVIRONMENT:
    ITERATOR_OPTIONS:
      CYCLE: True
      GROUP_BY_SCENE: True
      MAX_SCENE_REPEAT_EPISODES: -1
      MAX_SCENE_REPEAT_STEPS: 10000
      NUM_EPISODE_SAMPLE: -1
      SHUFFLE: True
      STEP_REPETITION_RANGE: 0.2
    MAX_EPISODE_SECONDS: 10000000
    MAX_EPISODE_STEPS: 500
  PYROBOT:
    BASE_CONTROLLER: proportional
    BASE_PLANNER: none
    BUMP_SENSOR:
      TYPE: PyRobotBumpSensor
    DEPTH_SENSOR:
      CENTER_CROP: False
      HEIGHT: 480
      MAX_DEPTH: 5.0
      MIN_DEPTH: 0.0
      NORMALIZE_DEPTH: True
      TYPE: PyRobotDepthSensor
      WIDTH: 640
    LOCOBOT:
      ACTIONS: ['BASE_ACTIONS', 'CAMERA_ACTIONS']
      BASE_ACTIONS: ['go_to_relative', 'go_to_absolute']
      CAMERA_ACTIONS: ['set_pan', 'set_tilt', 'set_pan_tilt']
    RGB_SENSOR:
      CENTER_CROP: False
      HEIGHT: 480
      TYPE: PyRobotRGBSensor
      WIDTH: 640
    ROBOT: locobot
    ROBOTS: ['locobot']
    SENSORS: ['RGB_SENSOR', 'DEPTH_SENSOR', 'BUMP_SENSOR']
  SEED: 105
  SIMULATOR:
    ACTION_SPACE_CONFIG: v1
    AGENTS: ['AGENT_0']
    AGENT_0:
      ANGULAR_ACCELERATION: 12.56
      ANGULAR_FRICTION: 1.0
      COEFFICIENT_OF_RESTITUTION: 0.0
      HEIGHT: 0.88
      IS_SET_START_STATE: False
      LINEAR_ACCELERATION: 20.0
      LINEAR_FRICTION: 0.5
      MASS: 32.0
      RADIUS: 0.18
      SENSORS: ['RGB_SENSOR', 'SEMANTIC_SENSOR', 'DEPTH_SENSOR']
      START_POSITION: [0, 0, 0]
      START_ROTATION: [0, 0, 0, 1]
    DEFAULT_AGENT_ID: 0
    DEPTH_SENSOR:
      HEIGHT: 480
      HFOV: 79
      MAX_DEPTH: 5.0
      MIN_DEPTH: 0.5
      NORMALIZE_DEPTH: True
      ORIENTATION: [0.0, 0.0, 0.0]
      POSITION: [0, 0.88, 0]
      TYPE: HabitatSimDepthSensor
      WIDTH: 640
    FORWARD_STEP_SIZE: 0.25
    HABITAT_SIM_V0:
      ALLOW_SLIDING: False
      ENABLE_PHYSICS: False
      GPU_DEVICE_ID: 0
      GPU_GPU: False
      PHYSICS_CONFIG_FILE: ./data/default.physics_config.json
    RGB_SENSOR:
      HEIGHT: 480
      HFOV: 79
      ORIENTATION: [0.0, 0.0, 0.0]
      POSITION: [0, 0.88, 0]
      TYPE: HabitatSimRGBSensor
      WIDTH: 640
    SCENE: data/scene_datasets/habitat-test-scenes/van-gogh-room.glb
    SEED: 100
    SEMANTIC_SENSOR:
      HEIGHT: 480
      HFOV: 79
      ORIENTATION: [0.0, 0.0, 0.0]
      POSITION: [0, 0.88, 0]
      TYPE: HabitatSimSemanticSensor
      WIDTH: 640
    TILT_ANGLE: 30
    TURN_ANGLE: 30
    TYPE: Sim-v0
  TASK:
    ACTIONS:
      ANSWER:
        TYPE: AnswerAction
      LOOK_DOWN:
        TYPE: LookDownAction
      LOOK_UP:
        TYPE: LookUpAction
      MOVE_FORWARD:
        TYPE: MoveForwardAction
      STOP:
        TYPE: StopAction
      TELEPORT:
        TYPE: TeleportAction
      TURN_LEFT:
        TYPE: TurnLeftAction
      TURN_RIGHT:
        TYPE: TurnRightAction
    ALL_OBJECT_POSITIONS:
      TYPE: AllObjectPositions
    ANSWER_ACCURACY:
      TYPE: AnswerAccuracy
    COLLISIONS:
      TYPE: Collisions
    COMPASS_SENSOR:
      TYPE: CompassSensor
    CORRECT_ANSWER:
      TYPE: CorrectAnswer
    DEMONSTRATION_SENSOR:
      TYPE: DemonstrationSensor
    DEMONSTRATION_SENSOR_UUID: demonstration
    DISTANCE_TO_GOAL:
      DISTANCE_TO: VIEW_POINTS
      TYPE: DistanceToGoal
    EPISODE_INFO:
      TYPE: EpisodeInfo
    GOAL_SENSOR_UUID: objectgoal
    GPS_SENSOR:
      DIMENSIONALITY: 2
      TYPE: GPSSensor
    HEADING_SENSOR:
      TYPE: HeadingSensor
    IMAGEGOAL_SENSOR:
      TYPE: ImageGoalSensor
    INFLECTION_WEIGHT_SENSOR:
      INFLECTION_COEF: 3.4874445390579485
      TYPE: InflectionWeightSensor
    INFLECTION_WEIGHT_SENSOR_UUID: inflection_weight
    INSTRUCTION_SENSOR:
      TYPE: InstructionSensor
    INSTRUCTION_SENSOR_UUID: instruction
    MEASUREMENTS: ['DISTANCE_TO_GOAL', 'SUCCESS', 'SPL', 'SOFT_SPL']
    OBJECTGOAL_SENSOR:
      GOAL_SPEC: TASK_CATEGORY_ID
      GOAL_SPEC_MAX_VAL: 50
      TYPE: ObjectGoalSensor
    POINTGOAL_SENSOR:
      DIMENSIONALITY: 2
      GOAL_FORMAT: POLAR
      TYPE: PointGoalSensor
    POINTGOAL_WITH_GPS_COMPASS_SENSOR:
      DIMENSIONALITY: 2
      GOAL_FORMAT: POLAR
      TYPE: PointGoalWithGPSCompassSensor
    POSSIBLE_ACTIONS: ['STOP', 'MOVE_FORWARD', 'TURN_LEFT', 'TURN_RIGHT', 'LOOK_UP', 'LOOK_DOWN']
    PROXIMITY_SENSOR:
      MAX_DETECTION_RADIUS: 2.0
      TYPE: ProximitySensor
    QUESTION_SENSOR:
      TYPE: QuestionSensor
    SENSORS: ['OBJECTGOAL_SENSOR', 'COMPASS_SENSOR', 'GPS_SENSOR', 'DEMONSTRATION_SENSOR', 'INFLECTION_WEIGHT_SENSOR']
    SOFT_SPL:
      TYPE: SoftSPL
    SPL:
      TYPE: SPL
    SUCCESS:
      SUCCESS_DISTANCE: 0.1
      TYPE: Success
    SUCCESS_DISTANCE: 0.1
    TOP_DOWN_MAP:
      DRAW_BORDER: True
      DRAW_GOAL_AABBS: False
      DRAW_GOAL_POSITIONS: True
      DRAW_SHORTEST_PATH: False
      DRAW_SOURCE: True
      DRAW_VIEW_POINTS: True
      FOG_OF_WAR:
        DRAW: True
        FOV: 90
        VISIBILITY_DIST: 5.0
      MAP_PADDING: 3
      MAP_RESOLUTION: 1024
      MAX_EPISODE_STEPS: 1000
      TYPE: TopDownMap
    TYPE: ObjectNav-v1
TENSORBOARD_DIR: results/tb/objectnav_mp3d_24k/seed_1/2021_09_30_rgbd/
TEST_EPISODE_COUNT: -1
TORCH_GPU_ID: 0
TRAINER_NAME: ddp-objectnav-bc-env
VIDEO_DIR: results/videos/objectnav_mp3d_24k/seed_1/2021_09_30_rgbd/
VIDEO_OPTION: ['disk']
      TYPE: ObjectGoalSensor
    POINTGOAL_SENSOR:
      DIMENSIONALITY: 2
      GOAL_FORMAT: POLAR
      TYPE: PointGoalSensor
    POINTGOAL_WITH_GPS_COMPASS_SENSOR:
      DIMENSIONALITY: 2
      GOAL_FORMAT: POLAR
      TYPE: PointGoalWithGPSCompassSensor
    POSSIBLE_ACTIONS: ['STOP', 'MOVE_FORWARD', 'TURN_LEFT', 'TURN_RIGHT', 'LOOK_UP', 'LOOK_DOWN']
    PROXIMITY_SENSOR:
      MAX_DETECTION_RADIUS: 2.0
      TYPE: ProximitySensor
    QUESTION_SENSOR:
      TYPE: QuestionSensor
    SENSORS: ['OBJECTGOAL_SENSOR', 'COMPASS_SENSOR', 'GPS_SENSOR', 'DEMONSTRATION_SENSOR', 'INFLECTION_WEIGHT_SENSOR']
    SOFT_SPL:
      TYPE: SoftSPL
    SPL:
      TYPE: SPL
    SUCCESS:
      SUCCESS_DISTANCE: 0.1
      TYPE: Success
    SUCCESS_DISTANCE: 0.1
    TOP_DOWN_MAP:
      DRAW_BORDER: True
      DRAW_GOAL_AABBS: False
      DRAW_GOAL_POSITIONS: True
      DRAW_SHORTEST_PATH: False
      DRAW_SOURCE: True
      DRAW_VIEW_POINTS: True
      FOG_OF_WAR:
        DRAW: True
        FOV: 90
        VISIBILITY_DIST: 5.0
      MAP_PADDING: 3
      MAP_RESOLUTION: 1024
      MAX_EPISODE_STEPS: 1000
      TYPE: TopDownMap
    TYPE: ObjectNav-v1
TENSORBOARD_DIR: results/tb/objectnav_mp3d_24k/seed_1/2021_09_30_rgbd/
TEST_EPISODE_COUNT: -1
TORCH_GPU_ID: 0
TRAINER_NAME: ddp-objectnav-bc-env
VIDEO_DIR: results/videos/objectnav_mp3d_24k/seed_1/2021_09_30_rgbd/
VIDEO_OPTION: ['disk']
      TYPE: ObjectGoalSensor
    POINTGOAL_SENSOR:
      DIMENSIONALITY: 2
      GOAL_FORMAT: POLAR
      TYPE: PointGoalSensor
    POINTGOAL_WITH_GPS_COMPASS_SENSOR:
      DIMENSIONALITY: 2
      GOAL_FORMAT: POLAR
      TYPE: PointGoalWithGPSCompassSensor
    POSSIBLE_ACTIONS: ['STOP', 'MOVE_FORWARD', 'TURN_LEFT', 'TURN_RIGHT', 'LOOK_UP', 'LOOK_DOWN']
    PROXIMITY_SENSOR:
      MAX_DETECTION_RADIUS: 2.0
      TYPE: ProximitySensor
    QUESTION_SENSOR:
      TYPE: QuestionSensor
    SENSORS: ['OBJECTGOAL_SENSOR', 'COMPASS_SENSOR', 'GPS_SENSOR', 'DEMONSTRATION_SENSOR', 'INFLECTION_WEIGHT_SENSOR']
    SOFT_SPL:
      TYPE: SoftSPL
    SPL:
      TYPE: SPL
    SUCCESS:
      SUCCESS_DISTANCE: 0.1
      TYPE: Success
    SUCCESS_DISTANCE: 0.1
    TOP_DOWN_MAP:
      DRAW_BORDER: True
      DRAW_GOAL_AABBS: False
      DRAW_GOAL_POSITIONS: True
      DRAW_SHORTEST_PATH: False
      DRAW_SOURCE: True
      DRAW_VIEW_POINTS: True
      FOG_OF_WAR:
        DRAW: True
        FOV: 90
        VISIBILITY_DIST: 5.0
      MAP_PADDING: 3
      MAP_RESOLUTION: 1024
      MAX_EPISODE_STEPS: 1000
      TYPE: TopDownMap
    TYPE: ObjectNav-v1
TENSORBOARD_DIR: results/tb/objectnav_mp3d_24k/seed_1/2021_09_30_rgbd/
TEST_EPISODE_COUNT: -1
TORCH_GPU_ID: 0
TRAINER_NAME: ddp-objectnav-bc-env
VIDEO_DIR: results/videos/objectnav_mp3d_24k/seed_1/2021_09_30_rgbd/
VIDEO_OPTION: ['disk']
      TYPE: ObjectGoalSensor
    POINTGOAL_SENSOR:
      DIMENSIONALITY: 2
      GOAL_FORMAT: POLAR
      TYPE: PointGoalSensor
    POINTGOAL_WITH_GPS_COMPASS_SENSOR:
      DIMENSIONALITY: 2
      GOAL_FORMAT: POLAR
      TYPE: PointGoalWithGPSCompassSensor
    POSSIBLE_ACTIONS: ['STOP', 'MOVE_FORWARD', 'TURN_LEFT', 'TURN_RIGHT', 'LOOK_UP', 'LOOK_DOWN']
    PROXIMITY_SENSOR:
      MAX_DETECTION_RADIUS: 2.0
      TYPE: ProximitySensor
    QUESTION_SENSOR:
      TYPE: QuestionSensor
    SENSORS: ['OBJECTGOAL_SENSOR', 'COMPASS_SENSOR', 'GPS_SENSOR', 'DEMONSTRATION_SENSOR', 'INFLECTION_WEIGHT_SENSOR']
    SOFT_SPL:
      TYPE: SoftSPL
    SPL:
      TYPE: SPL
    SUCCESS:
      SUCCESS_DISTANCE: 0.1
      TYPE: Success
    SUCCESS_DISTANCE: 0.1
    TOP_DOWN_MAP:
      DRAW_BORDER: True
      DRAW_GOAL_AABBS: False
      DRAW_GOAL_POSITIONS: True
      DRAW_SHORTEST_PATH: False
      DRAW_SOURCE: True
      DRAW_VIEW_POINTS: True
      FOG_OF_WAR:
        DRAW: True
        FOV: 90
        VISIBILITY_DIST: 5.0
      MAP_PADDING: 3
      MAP_RESOLUTION: 1024
      MAX_EPISODE_STEPS: 1000
      TYPE: TopDownMap
    TYPE: ObjectNav-v1
TENSORBOARD_DIR: results/tb/objectnav_mp3d_24k/seed_1/2021_09_30_rgbd/
TEST_EPISODE_COUNT: -1
TORCH_GPU_ID: 0
TRAINER_NAME: ddp-objectnav-bc-env
VIDEO_DIR: results/videos/objectnav_mp3d_24k/seed_1/2021_09_30_rgbd/
VIDEO_OPTION: ['disk']
SHOW_TOP_DOWN_MAP: False
SIMULATOR_GPU_ID: 0
TASK_CONFIG:
  DATASET:
    CONTENT_SCENES: ['*']
    DATA_PATH: data/datasets/objectnav_mp3d_24k/{split}/{split}.json.gz
    SCENES_DIR: data/scene_datasets/
    SPLIT: train
    TYPE: ObjectNav-v2
  ENVIRONMENT:
    ITERATOR_OPTIONS:
      CYCLE: True
      GROUP_BY_SCENE: True
      MAX_SCENE_REPEAT_EPISODES: -1
      MAX_SCENE_REPEAT_STEPS: 10000
      NUM_EPISODE_SAMPLE: -1
      SHUFFLE: True
      STEP_REPETITION_RANGE: 0.2
    MAX_EPISODE_SECONDS: 10000000
    MAX_EPISODE_STEPS: 500
  PYROBOT:
    BASE_CONTROLLER: proportional
    BASE_PLANNER: none
    BUMP_SENSOR:
      TYPE: PyRobotBumpSensor
    DEPTH_SENSOR:
      CENTER_CROP: False
      HEIGHT: 480
      MAX_DEPTH: 5.0
      MIN_DEPTH: 0.0
      NORMALIZE_DEPTH: True
      TYPE: PyRobotDepthSensor
      WIDTH: 640
    LOCOBOT:
      ACTIONS: ['BASE_ACTIONS', 'CAMERA_ACTIONS']
      BASE_ACTIONS: ['go_to_relative', 'go_to_absolute']
      CAMERA_ACTIONS: ['set_pan', 'set_tilt', 'set_pan_tilt']
    RGB_SENSOR:
      CENTER_CROP: False
      HEIGHT: 480
      TYPE: PyRobotRGBSensor
      WIDTH: 640
    ROBOT: locobot
    ROBOTS: ['locobot']
    SENSORS: ['RGB_SENSOR', 'DEPTH_SENSOR', 'BUMP_SENSOR']
  SEED: 105
  SIMULATOR:
    ACTION_SPACE_CONFIG: v1
    AGENTS: ['AGENT_0']
    AGENT_0:
      ANGULAR_ACCELERATION: 12.56
      ANGULAR_FRICTION: 1.0
      COEFFICIENT_OF_RESTITUTION: 0.0
      HEIGHT: 0.88
      IS_SET_START_STATE: False
      LINEAR_ACCELERATION: 20.0
      LINEAR_FRICTION: 0.5
      MASS: 32.0
      RADIUS: 0.18
      SENSORS: ['RGB_SENSOR', 'SEMANTIC_SENSOR', 'DEPTH_SENSOR']
      START_POSITION: [0, 0, 0]
      START_ROTATION: [0, 0, 0, 1]
    DEFAULT_AGENT_ID: 0
    DEPTH_SENSOR:
      HEIGHT: 480
      HFOV: 79
      MAX_DEPTH: 5.0
      MIN_DEPTH: 0.5
      NORMALIZE_DEPTH: True
      ORIENTATION: [0.0, 0.0, 0.0]
      POSITION: [0, 0.88, 0]
      TYPE: HabitatSimDepthSensor
      WIDTH: 640
    FORWARD_STEP_SIZE: 0.25
    HABITAT_SIM_V0:
      ALLOW_SLIDING: False
      ENABLE_PHYSICS: False
      GPU_DEVICE_ID: 0
      GPU_GPU: False
      PHYSICS_CONFIG_FILE: ./data/default.physics_config.json
    RGB_SENSOR:
      HEIGHT: 480
      HFOV: 79
      ORIENTATION: [0.0, 0.0, 0.0]
      POSITION: [0, 0.88, 0]
      TYPE: HabitatSimRGBSensor
      WIDTH: 640
    SCENE: data/scene_datasets/habitat-test-scenes/van-gogh-room.glb
    SEED: 100
    SEMANTIC_SENSOR:
      HEIGHT: 480
      HFOV: 79
      ORIENTATION: [0.0, 0.0, 0.0]
      POSITION: [0, 0.88, 0]
      TYPE: HabitatSimSemanticSensor
      WIDTH: 640
    TILT_ANGLE: 30
    TURN_ANGLE: 30
    TYPE: Sim-v0
  TASK:
    ACTIONS:
      ANSWER:
        TYPE: AnswerAction
      LOOK_DOWN:
        TYPE: LookDownAction
      LOOK_UP:
        TYPE: LookUpAction
      MOVE_FORWARD:
        TYPE: MoveForwardAction
      STOP:
        TYPE: StopAction
      TELEPORT:
        TYPE: TeleportAction
      TURN_LEFT:
        TYPE: TurnLeftAction
      TURN_RIGHT:
        TYPE: TurnRightAction
    ALL_OBJECT_POSITIONS:
      TYPE: AllObjectPositions
    ANSWER_ACCURACY:
      TYPE: AnswerAccuracy
    COLLISIONS:
      TYPE: Collisions
    COMPASS_SENSOR:
      TYPE: CompassSensor
    CORRECT_ANSWER:
      TYPE: CorrectAnswer
    DEMONSTRATION_SENSOR:
      TYPE: DemonstrationSensor
    DEMONSTRATION_SENSOR_UUID: demonstration
    DISTANCE_TO_GOAL:
      DISTANCE_TO: VIEW_POINTS
      TYPE: DistanceToGoal
    EPISODE_INFO:
      TYPE: EpisodeInfo
    GOAL_SENSOR_UUID: objectgoal
    GPS_SENSOR:
      DIMENSIONALITY: 2
      TYPE: GPSSensor
    HEADING_SENSOR:
      TYPE: HeadingSensor
    IMAGEGOAL_SENSOR:
      TYPE: ImageGoalSensor
    INFLECTION_WEIGHT_SENSOR:
      INFLECTION_COEF: 3.4874445390579485
      TYPE: InflectionWeightSensor
    INFLECTION_WEIGHT_SENSOR_UUID: inflection_weight
    INSTRUCTION_SENSOR:
      TYPE: InstructionSensor
    INSTRUCTION_SENSOR_UUID: instruction
    MEASUREMENTS: ['DISTANCE_TO_GOAL', 'SUCCESS', 'SPL', 'SOFT_SPL']
    OBJECTGOAL_SENSOR:
      GOAL_SPEC: TASK_CATEGORY_ID
      GOAL_SPEC_MAX_VAL: 50
      TYPE: ObjectGoalSensor
    POINTGOAL_SENSOR:
      DIMENSIONALITY: 2
      GOAL_FORMAT: POLAR
      TYPE: PointGoalSensor
    POINTGOAL_WITH_GPS_COMPASS_SENSOR:
      DIMENSIONALITY: 2
      GOAL_FORMAT: POLAR
      TYPE: PointGoalWithGPSCompassSensor
    POSSIBLE_ACTIONS: ['STOP', 'MOVE_FORWARD', 'TURN_LEFT', 'TURN_RIGHT', 'LOOK_UP', 'LOOK_DOWN']
    PROXIMITY_SENSOR:
      MAX_DETECTION_RADIUS: 2.0
      TYPE: ProximitySensor
    QUESTION_SENSOR:
      TYPE: QuestionSensor
    SENSORS: ['OBJECTGOAL_SENSOR', 'COMPASS_SENSOR', 'GPS_SENSOR', 'DEMONSTRATION_SENSOR', 'INFLECTION_WEIGHT_SENSOR']
    SOFT_SPL:
      TYPE: SoftSPL
    SPL:
      TYPE: SPL
    SUCCESS:
      SUCCESS_DISTANCE: 0.1
      TYPE: Success
    SUCCESS_DISTANCE: 0.1
    TOP_DOWN_MAP:
      DRAW_BORDER: True
      DRAW_GOAL_AABBS: False
      DRAW_GOAL_POSITIONS: True
      DRAW_SHORTEST_PATH: False
      DRAW_SOURCE: True
      DRAW_VIEW_POINTS: True
      FOG_OF_WAR:
        DRAW: True
        FOV: 90
        VISIBILITY_DIST: 5.0
      MAP_PADDING: 3
      MAP_RESOLUTION: 1024
      MAX_EPISODE_STEPS: 1000
      TYPE: TopDownMap
    TYPE: ObjectNav-v1
TENSORBOARD_DIR: results/tb/objectnav_mp3d_24k/seed_1/2021_09_30_rgbd/
TEST_EPISODE_COUNT: -1
TORCH_GPU_ID: 0
TRAINER_NAME: ddp-objectnav-bc-env
VIDEO_DIR: results/videos/objectnav_mp3d_24k/seed_1/2021_09_30_rgbd/
VIDEO_OPTION: ['disk']
      TYPE: ObjectGoalSensor
    POINTGOAL_SENSOR:
      DIMENSIONALITY: 2
      GOAL_FORMAT: POLAR
      TYPE: PointGoalSensor
    POINTGOAL_WITH_GPS_COMPASS_SENSOR:
      DIMENSIONALITY: 2
      GOAL_FORMAT: POLAR
      TYPE: PointGoalWithGPSCompassSensor
    POSSIBLE_ACTIONS: ['STOP', 'MOVE_FORWARD', 'TURN_LEFT', 'TURN_RIGHT', 'LOOK_UP', 'LOOK_DOWN']
    PROXIMITY_SENSOR:
      MAX_DETECTION_RADIUS: 2.0
      TYPE: ProximitySensor
    QUESTION_SENSOR:
      TYPE: QuestionSensor
    SENSORS: ['OBJECTGOAL_SENSOR', 'COMPASS_SENSOR', 'GPS_SENSOR', 'DEMONSTRATION_SENSOR', 'INFLECTION_WEIGHT_SENSOR']
    SOFT_SPL:
      TYPE: SoftSPL
    SPL:
      TYPE: SPL
    SUCCESS:
      SUCCESS_DISTANCE: 0.1
      TYPE: Success
    SUCCESS_DISTANCE: 0.1
    TOP_DOWN_MAP:
      DRAW_BORDER: True
      DRAW_GOAL_AABBS: False
      DRAW_GOAL_POSITIONS: True
      DRAW_SHORTEST_PATH: False
      DRAW_SOURCE: True
      DRAW_VIEW_POINTS: True
      FOG_OF_WAR:
        DRAW: True
        FOV: 90
        VISIBILITY_DIST: 5.0
      MAP_PADDING: 3
      MAP_RESOLUTION: 1024
      MAX_EPISODE_STEPS: 1000
      TYPE: TopDownMap
    TYPE: ObjectNav-v1
TENSORBOARD_DIR: results/tb/objectnav_mp3d_24k/seed_1/2021_09_30_rgbd/
TEST_EPISODE_COUNT: -1
TORCH_GPU_ID: 0
TRAINER_NAME: ddp-objectnav-bc-env
VIDEO_DIR: results/videos/objectnav_mp3d_24k/seed_1/2021_09_30_rgbd/
VIDEO_OPTION: ['disk']
      TYPE: ObjectGoalSensor
    POINTGOAL_SENSOR:
      DIMENSIONALITY: 2
      GOAL_FORMAT: POLAR
      TYPE: PointGoalSensor
    POINTGOAL_WITH_GPS_COMPASS_SENSOR:
      DIMENSIONALITY: 2
      GOAL_FORMAT: POLAR
      TYPE: PointGoalWithGPSCompassSensor
    POSSIBLE_ACTIONS: ['STOP', 'MOVE_FORWARD', 'TURN_LEFT', 'TURN_RIGHT', 'LOOK_UP', 'LOOK_DOWN']
    PROXIMITY_SENSOR:
      MAX_DETECTION_RADIUS: 2.0
      TYPE: ProximitySensor
    QUESTION_SENSOR:
      TYPE: QuestionSensor
    SENSORS: ['OBJECTGOAL_SENSOR', 'COMPASS_SENSOR', 'GPS_SENSOR', 'DEMONSTRATION_SENSOR', 'INFLECTION_WEIGHT_SENSOR']
    SOFT_SPL:
      TYPE: SoftSPL
    SPL:
      TYPE: SPL
    SUCCESS:
      SUCCESS_DISTANCE: 0.1
      TYPE: Success
    SUCCESS_DISTANCE: 0.1
    TOP_DOWN_MAP:
      DRAW_BORDER: True
      DRAW_GOAL_AABBS: False
      DRAW_GOAL_POSITIONS: True
      DRAW_SHORTEST_PATH: False
      DRAW_SOURCE: True
      DRAW_VIEW_POINTS: True
      FOG_OF_WAR:
        DRAW: True
        FOV: 90
        VISIBILITY_DIST: 5.0
      MAP_PADDING: 3
      MAP_RESOLUTION: 1024
      MAX_EPISODE_STEPS: 1000
      TYPE: TopDownMap
    TYPE: ObjectNav-v1
TENSORBOARD_DIR: results/tb/objectnav_mp3d_24k/seed_1/2021_09_30_rgbd/
TEST_EPISODE_COUNT: -1
TORCH_GPU_ID: 0
TRAINER_NAME: ddp-objectnav-bc-env
VIDEO_DIR: results/videos/objectnav_mp3d_24k/seed_1/2021_09_30_rgbd/
VIDEO_OPTION: ['disk']
      TYPE: ObjectGoalSensor
    POINTGOAL_SENSOR:
      DIMENSIONALITY: 2
      GOAL_FORMAT: POLAR
      TYPE: PointGoalSensor
    POINTGOAL_WITH_GPS_COMPASS_SENSOR:
      DIMENSIONALITY: 2
      GOAL_FORMAT: POLAR
      TYPE: PointGoalWithGPSCompassSensor
    POSSIBLE_ACTIONS: ['STOP', 'MOVE_FORWARD', 'TURN_LEFT', 'TURN_RIGHT', 'LOOK_UP', 'LOOK_DOWN']
    PROXIMITY_SENSOR:
      MAX_DETECTION_RADIUS: 2.0
      TYPE: ProximitySensor
    QUESTION_SENSOR:
      TYPE: QuestionSensor
    SENSORS: ['OBJECTGOAL_SENSOR', 'COMPASS_SENSOR', 'GPS_SENSOR', 'DEMONSTRATION_SENSOR', 'INFLECTION_WEIGHT_SENSOR']
    SOFT_SPL:
      TYPE: SoftSPL
    SPL:
      TYPE: SPL
    SUCCESS:
      SUCCESS_DISTANCE: 0.1
      TYPE: Success
    SUCCESS_DISTANCE: 0.1
    TOP_DOWN_MAP:
      DRAW_BORDER: True
      DRAW_GOAL_AABBS: False
      DRAW_GOAL_POSITIONS: True
      DRAW_SHORTEST_PATH: False
      DRAW_SOURCE: True
      DRAW_VIEW_POINTS: True
      FOG_OF_WAR:
        DRAW: True
        FOV: 90
        VISIBILITY_DIST: 5.0
      MAP_PADDING: 3
      MAP_RESOLUTION: 1024
      MAX_EPISODE_STEPS: 1000
      TYPE: TopDownMap
    TYPE: ObjectNav-v1
TENSORBOARD_DIR: results/tb/objectnav_mp3d_24k/seed_1/2021_09_30_rgbd/
TEST_EPISODE_COUNT: -1
TORCH_GPU_ID: 0
TRAINER_NAME: ddp-objectnav-bc-env
VIDEO_DIR: results/videos/objectnav_mp3d_24k/seed_1/2021_09_30_rgbd/
VIDEO_OPTION: ['disk']
2021-09-30 16:13:53,938 Initializing dataset ObjectNav-v2
2021-09-30 16:13:53,963 Initializing dataset ObjectNav-v2
2021-09-30 16:13:53,992 Initializing dataset ObjectNav-v2
2021-09-30 16:13:53,999 Initializing dataset ObjectNav-v2
2021-09-30 16:13:54,008 Initializing dataset ObjectNav-v2
2021-09-30 16:13:54,012 Initializing dataset ObjectNav-v2
2021-09-30 16:13:54,021 Initializing dataset ObjectNav-v2
2021-09-30 16:13:54,022 Initializing dataset ObjectNav-v2
2021-09-30 16:14:00,978 Initializing dataset ObjectNav-v2
2021-09-30 16:14:00,978 Initializing dataset ObjectNav-v2
2021-09-30 16:14:00,978 Initializing dataset ObjectNav-v2
2021-09-30 16:14:00,978 Initializing dataset ObjectNav-v2
2021-09-30 16:14:00,979 Initializing dataset ObjectNav-v2
2021-09-30 16:14:00,985 Initializing dataset ObjectNav-v2
2021-09-30 16:14:00,985 Initializing dataset ObjectNav-v2
2021-09-30 16:14:00,985 Initializing dataset ObjectNav-v2
2021-09-30 16:14:01,022 Initializing dataset ObjectNav-v2
2021-09-30 16:14:01,275 Initializing dataset ObjectNav-v2
2021-09-30 16:14:01,301 Initializing dataset ObjectNav-v2
2021-09-30 16:14:01,334 Initializing dataset ObjectNav-v2
2021-09-30 16:14:01,335 Initializing dataset ObjectNav-v2
2021-09-30 16:14:01,335 Initializing dataset ObjectNav-v2
2021-09-30 16:14:01,338 Initializing dataset ObjectNav-v2
2021-09-30 16:14:01,339 Initializing dataset ObjectNav-v2
2021-09-30 16:14:01,343 Initializing dataset ObjectNav-v2
2021-09-30 16:14:01,344 Initializing dataset ObjectNav-v2
2021-09-30 16:14:01,345 Initializing dataset ObjectNav-v2
2021-09-30 16:14:01,345 Initializing dataset ObjectNav-v2
2021-09-30 16:14:01,348 Initializing dataset ObjectNav-v2
2021-09-30 16:14:01,350 Initializing dataset ObjectNav-v2
2021-09-30 16:14:01,352 Initializing dataset ObjectNav-v2
2021-09-30 16:14:01,362 Initializing dataset ObjectNav-v2
2021-09-30 16:14:01,362 Initializing dataset ObjectNav-v2
2021-09-30 16:14:01,364 Initializing dataset ObjectNav-v2
2021-09-30 16:14:01,366 Initializing dataset ObjectNav-v2
2021-09-30 16:14:01,366 Initializing dataset ObjectNav-v2
2021-09-30 16:14:01,367 Initializing dataset ObjectNav-v2
2021-09-30 16:14:01,367 Initializing dataset ObjectNav-v2
2021-09-30 16:14:01,375 Initializing dataset ObjectNav-v2
2021-09-30 16:14:01,389 Initializing dataset ObjectNav-v2
2021-09-30 16:14:01,395 Initializing dataset ObjectNav-v2
2021-09-30 16:14:01,406 Initializing dataset ObjectNav-v2
2021-09-30 16:14:01,407 Initializing dataset ObjectNav-v2
2021-09-30 16:14:01,410 Initializing dataset ObjectNav-v2
2021-09-30 16:14:01,410 Initializing dataset ObjectNav-v2
2021-09-30 16:14:01,411 Initializing dataset ObjectNav-v2
2021-09-30 16:14:01,436 Initializing dataset ObjectNav-v2
2021-09-30 16:14:01,438 Initializing dataset ObjectNav-v2
2021-09-30 16:14:01,438 Initializing dataset ObjectNav-v2
2021-09-30 16:14:01,450 Initializing dataset ObjectNav-v2
2021-09-30 16:14:01,458 Initializing dataset ObjectNav-v2
2021-09-30 16:14:01,460 Initializing dataset ObjectNav-v2
2021-09-30 16:14:01,463 Initializing dataset ObjectNav-v2
2021-09-30 16:14:01,467 Initializing dataset ObjectNav-v2
2021-09-30 16:14:01,487 Initializing dataset ObjectNav-v2
2021-09-30 16:14:01,496 Initializing dataset ObjectNav-v2
2021-09-30 16:14:01,497 Initializing dataset ObjectNav-v2
2021-09-30 16:14:01,498 Initializing dataset ObjectNav-v2
2021-09-30 16:14:01,501 Initializing dataset ObjectNav-v2
2021-09-30 16:14:01,512 Initializing dataset ObjectNav-v2
2021-09-30 16:14:01,521 Initializing dataset ObjectNav-v2
2021-09-30 16:14:01,572 Initializing dataset ObjectNav-v2
2021-09-30 16:14:01,581 Initializing dataset ObjectNav-v2
2021-09-30 16:14:01,585 Initializing dataset ObjectNav-v2
2021-09-30 16:14:01,588 Initializing dataset ObjectNav-v2
2021-09-30 16:14:01,640 Initializing dataset ObjectNav-v2
2021-09-30 16:14:01,680 Initializing dataset ObjectNav-v2
2021-09-30 16:14:01,707 Initializing dataset ObjectNav-v2
2021-09-30 16:14:01,782 Initializing dataset ObjectNav-v2
2021-09-30 16:14:01,819 Initializing dataset ObjectNav-v2
2021-09-30 16:14:01,967 Initializing dataset ObjectNav-v2
2021-09-30 16:14:02,165 Initializing dataset ObjectNav-v2
2021-09-30 16:14:31,821 initializing sim Sim-v0
2021-09-30 16:14:33,588 initializing sim Sim-v0
2021-09-30 16:14:36,194 initializing sim Sim-v0
2021-09-30 16:14:37,459 initializing sim Sim-v0
2021-09-30 16:14:38,935 initializing sim Sim-v0
2021-09-30 16:14:40,101 initializing sim Sim-v0
2021-09-30 16:14:41,211 initializing sim Sim-v0
2021-09-30 16:14:42,553 initializing sim Sim-v0
2021-09-30 16:14:43,180 initializing sim Sim-v0
2021-09-30 16:14:43,736 Initializing task ObjectNav-v1
2021-09-30 16:14:45,031 initializing sim Sim-v0
2021-09-30 16:14:45,658 initializing sim Sim-v0
2021-09-30 16:14:47,077 initializing sim Sim-v0
2021-09-30 16:14:48,363 initializing sim Sim-v0
2021-09-30 16:14:48,624 initializing sim Sim-v0
2021-09-30 16:14:49,480 Initializing task ObjectNav-v1
2021-09-30 16:14:49,761 initializing sim Sim-v0
2021-09-30 16:14:50,559 initializing sim Sim-v0
2021-09-30 16:14:51,446 initializing sim Sim-v0
2021-09-30 16:14:51,645 initializing sim Sim-v0
2021-09-30 16:14:52,554 initializing sim Sim-v0
2021-09-30 16:14:52,873 initializing sim Sim-v0
2021-09-30 16:14:53,484 initializing sim Sim-v0
2021-09-30 16:14:53,789 Initializing task ObjectNav-v1
2021-09-30 16:14:54,426 initializing sim Sim-v0
2021-09-30 16:14:54,558 initializing sim Sim-v0
2021-09-30 16:14:55,108 initializing sim Sim-v0
2021-09-30 16:14:55,581 initializing sim Sim-v0
2021-09-30 16:14:56,215 Initializing task ObjectNav-v1
2021-09-30 16:14:56,779 initializing sim Sim-v0
2021-09-30 16:14:57,213 initializing sim Sim-v0
2021-09-30 16:14:58,487 initializing sim Sim-v0
2021-09-30 16:15:00,046 initializing sim Sim-v0
2021-09-30 16:15:00,667 initializing sim Sim-v0
2021-09-30 16:15:02,096 initializing sim Sim-v0
2021-09-30 16:15:02,469 initializing sim Sim-v0
2021-09-30 16:15:03,167 initializing sim Sim-v0
2021-09-30 16:15:03,498 initializing sim Sim-v0
2021-09-30 16:15:04,094 initializing sim Sim-v0
2021-09-30 16:15:04,204 initializing sim Sim-v0
2021-09-30 16:15:04,287 initializing sim Sim-v0
2021-09-30 16:15:04,341 initializing sim Sim-v0
2021-09-30 16:15:04,402 initializing sim Sim-v0
2021-09-30 16:15:04,835 initializing sim Sim-v0
2021-09-30 16:15:05,421 initializing sim Sim-v0
2021-09-30 16:15:05,524 Initializing task ObjectNav-v1
2021-09-30 16:15:05,554 initializing sim Sim-v0
2021-09-30 16:15:05,632 Initializing task ObjectNav-v1
2021-09-30 16:15:05,652 initializing sim Sim-v0
2021-09-30 16:15:05,769 initializing sim Sim-v0
2021-09-30 16:15:06,706 initializing sim Sim-v0
2021-09-30 16:15:07,393 initializing sim Sim-v0
2021-09-30 16:15:07,435 initializing sim Sim-v0
2021-09-30 16:15:07,512 initializing sim Sim-v0
2021-09-30 16:15:07,519 Initializing task ObjectNav-v1
2021-09-30 16:15:07,572 initializing sim Sim-v0
2021-09-30 16:15:07,632 initializing sim Sim-v0
2021-09-30 16:15:09,034 initializing sim Sim-v0
2021-09-30 16:15:09,222 initializing sim Sim-v0
2021-09-30 16:15:09,623 initializing sim Sim-v0
2021-09-30 16:15:09,837 initializing sim Sim-v0
2021-09-30 16:15:11,305 initializing sim Sim-v0
2021-09-30 16:15:11,366 initializing sim Sim-v0
2021-09-30 16:15:11,556 initializing sim Sim-v0
2021-09-30 16:15:12,306 initializing sim Sim-v0
2021-09-30 16:15:14,209 initializing sim Sim-v0
2021-09-30 16:15:14,501 initializing sim Sim-v0
2021-09-30 16:15:15,031 Initializing task ObjectNav-v1
2021-09-30 16:15:16,253 Initializing task ObjectNav-v1
2021-09-30 16:15:16,644 Initializing task ObjectNav-v1
2021-09-30 16:15:17,914 Initializing task ObjectNav-v1
2021-09-30 16:15:17,977 initializing sim Sim-v0
2021-09-30 16:15:18,427 Initializing task ObjectNav-v1
2021-09-30 16:15:19,036 Initializing task ObjectNav-v1
2021-09-30 16:15:19,939 Initializing task ObjectNav-v1
2021-09-30 16:15:19,993 Initializing task ObjectNav-v1
2021-09-30 16:15:20,554 Initializing task ObjectNav-v1
2021-09-30 16:15:20,591 initializing sim Sim-v0
2021-09-30 16:15:21,460 Initializing task ObjectNav-v1
2021-09-30 16:15:22,895 Initializing task ObjectNav-v1
2021-09-30 16:15:22,998 Initializing task ObjectNav-v1
2021-09-30 16:15:23,206 Initializing task ObjectNav-v1
2021-09-30 16:15:24,008 Initializing task ObjectNav-v1
2021-09-30 16:15:24,378 Initializing task ObjectNav-v1
2021-09-30 16:15:24,434 Initializing task ObjectNav-v1
2021-09-30 16:15:24,548 Initializing task ObjectNav-v1
2021-09-30 16:15:25,080 Initializing task ObjectNav-v1
2021-09-30 16:15:26,386 Initializing task ObjectNav-v1
2021-09-30 16:15:26,821 Initializing task ObjectNav-v1
2021-09-30 16:15:28,938 Initializing task ObjectNav-v1
2021-09-30 16:15:28,990 Initializing task ObjectNav-v1
2021-09-30 16:15:30,873 Initializing task ObjectNav-v1
2021-09-30 16:15:31,090 Initializing task ObjectNav-v1
2021-09-30 16:15:31,138 [ train_loader has [2886, 3182, 2848, 2909, 2708, 2875, 2528, 2846] samples ]
2021-09-30 16:15:31,526 

Setting up GPS sensor
2021-09-30 16:15:31,527 

Setting up Compass sensor
2021-09-30 16:15:31,531 

Setting up Object Goal sensor
2021-09-30 16:15:31,662 Initializing task ObjectNav-v1
2021-09-30 16:15:32,173 Initializing task ObjectNav-v1
2021-09-30 16:15:33,381 Initializing task ObjectNav-v1
2021-09-30 16:15:33,399 initializing sim Sim-v0
2021-09-30 16:15:34,287 Initializing task ObjectNav-v1
2021-09-30 16:15:36,630 Initializing task ObjectNav-v1
2021-09-30 16:15:36,775 Initializing task ObjectNav-v1
2021-09-30 16:15:37,625 Initializing task ObjectNav-v1
2021-09-30 16:15:37,630 Initializing task ObjectNav-v1
2021-09-30 16:15:37,976 Initializing task ObjectNav-v1
2021-09-30 16:15:38,627 Initializing task ObjectNav-v1
2021-09-30 16:15:38,746 Initializing task ObjectNav-v1
2021-09-30 16:15:39,010 Initializing task ObjectNav-v1
2021-09-30 16:15:44,227 Initializing task ObjectNav-v1
2021-09-30 16:15:44,979 Initializing task ObjectNav-v1
2021-09-30 16:15:45,729 initializing sim Sim-v0
2021-09-30 16:15:47,046 Initializing task ObjectNav-v1
2021-09-30 16:15:49,081 Initializing task ObjectNav-v1
2021-09-30 16:15:50,853 Initializing task ObjectNav-v1
2021-09-30 16:15:52,088 Initializing task ObjectNav-v1
2021-09-30 16:15:52,356 Initializing task ObjectNav-v1
2021-09-30 16:15:53,094 Initializing task ObjectNav-v1
2021-09-30 16:15:53,144 Initializing task ObjectNav-v1
2021-09-30 16:15:54,086 Initializing task ObjectNav-v1
2021-09-30 16:15:55,940 Initializing task ObjectNav-v1
2021-09-30 16:15:56,826 [ train_loader has [3113, 2848, 2825, 3150, 2371, 3018, 2694, 2763] samples ]
2021-09-30 16:15:57,013 

Setting up GPS sensor
2021-09-30 16:15:57,014 

Setting up Compass sensor
2021-09-30 16:15:57,014 

Setting up Object Goal sensor
2021-09-30 16:15:58,632 Initializing task ObjectNav-v1
2021-09-30 16:16:00,049 Initializing task ObjectNav-v1
2021-09-30 16:16:01,229 Initializing task ObjectNav-v1
2021-09-30 16:16:02,143 Initializing task ObjectNav-v1
2021-09-30 16:16:03,527 Initializing task ObjectNav-v1
2021-09-30 16:16:03,745 [ train_loader has [3043, 2915, 3207, 2898, 2289, 3053, 2615, 2762] samples ]
2021-09-30 16:16:03,912 

Setting up GPS sensor
2021-09-30 16:16:03,913 

Setting up Compass sensor
2021-09-30 16:16:03,913 

Setting up Object Goal sensor
2021-09-30 16:16:04,876 Initializing task ObjectNav-v1
2021-09-30 16:16:05,149 [ train_loader has [3021, 2727, 2848, 3029, 2747, 3027, 3052, 2331] samples ]
2021-09-30 16:16:05,317 

Setting up GPS sensor
2021-09-30 16:16:05,317 

Setting up Compass sensor
2021-09-30 16:16:05,317 

Setting up Object Goal sensor
2021-09-30 16:16:07,403 Initializing task ObjectNav-v1
2021-09-30 16:16:07,621 [ train_loader has [2896, 2357, 3014, 3111, 2798, 3253, 2761, 2592] samples ]
2021-09-30 16:16:07,788 

Setting up GPS sensor
2021-09-30 16:16:07,788 

Setting up Compass sensor
2021-09-30 16:16:07,788 

Setting up Object Goal sensor
2021-09-30 16:16:07,833 Initializing task ObjectNav-v1
2021-09-30 16:16:08,036 [ train_loader has [3262, 2146, 2533, 3276, 2652, 3070, 2877, 2966] samples ]
2021-09-30 16:16:08,120 Initializing task ObjectNav-v1
2021-09-30 16:16:08,190 

Setting up GPS sensor
2021-09-30 16:16:08,191 

Setting up Compass sensor
2021-09-30 16:16:08,191 

Setting up Object Goal sensor
2021-09-30 16:16:08,346 [ train_loader has [2931, 3010, 3002, 3044, 2673, 2564, 2473, 3085] samples ]
2021-09-30 16:16:08,505 

Setting up GPS sensor
2021-09-30 16:16:08,505 

Setting up Compass sensor
2021-09-30 16:16:08,505 

Setting up Object Goal sensor
2021-09-30 16:16:11,129 Initializing task ObjectNav-v1
2021-09-30 16:16:11,402 [ train_loader has [2511, 3057, 3415, 3108, 3091, 2378, 2380, 2842] samples ]
2021-09-30 16:16:11,691 

Setting up GPS sensor
2021-09-30 16:16:11,692 

Setting up Compass sensor
2021-09-30 16:16:11,692 

Setting up Object Goal sensor
2021-09-30 16:16:16,641 agent number of trainable parameters: 7036902
/private/home/abhshkdz/.conda/envs/habitat-on-web/lib/python3.6/site-packages/tensorflow-1.13.1-py3.6-linux-x86_64.egg/tensorflow/python/framework/dtypes.py:526: FutureWarning: Passing (type, 1) or '1type' as a synonym of type is deprecated; in a future version of numpy, it will be understood as (type, (1,)) / '(1,)type'.
  _np_qint8 = np.dtype([("qint8", np.int8, 1)])
/private/home/abhshkdz/.conda/envs/habitat-on-web/lib/python3.6/site-packages/tensorflow-1.13.1-py3.6-linux-x86_64.egg/tensorflow/python/framework/dtypes.py:527: FutureWarning: Passing (type, 1) or '1type' as a synonym of type is deprecated; in a future version of numpy, it will be understood as (type, (1,)) / '(1,)type'.
  _np_quint8 = np.dtype([("quint8", np.uint8, 1)])
/private/home/abhshkdz/.conda/envs/habitat-on-web/lib/python3.6/site-packages/tensorflow-1.13.1-py3.6-linux-x86_64.egg/tensorflow/python/framework/dtypes.py:528: FutureWarning: Passing (type, 1) or '1type' as a synonym of type is deprecated; in a future version of numpy, it will be understood as (type, (1,)) / '(1,)type'.
  _np_qint16 = np.dtype([("qint16", np.int16, 1)])
/private/home/abhshkdz/.conda/envs/habitat-on-web/lib/python3.6/site-packages/tensorflow-1.13.1-py3.6-linux-x86_64.egg/tensorflow/python/framework/dtypes.py:529: FutureWarning: Passing (type, 1) or '1type' as a synonym of type is deprecated; in a future version of numpy, it will be understood as (type, (1,)) / '(1,)type'.
  _np_quint16 = np.dtype([("quint16", np.uint16, 1)])
/private/home/abhshkdz/.conda/envs/habitat-on-web/lib/python3.6/site-packages/tensorflow-1.13.1-py3.6-linux-x86_64.egg/tensorflow/python/framework/dtypes.py:530: FutureWarning: Passing (type, 1) or '1type' as a synonym of type is deprecated; in a future version of numpy, it will be understood as (type, (1,)) / '(1,)type'.
  _np_qint32 = np.dtype([("qint32", np.int32, 1)])
/private/home/abhshkdz/.conda/envs/habitat-on-web/lib/python3.6/site-packages/tensorflow-1.13.1-py3.6-linux-x86_64.egg/tensorflow/python/framework/dtypes.py:535: FutureWarning: Passing (type, 1) or '1type' as a synonym of type is deprecated; in a future version of numpy, it will be understood as (type, (1,)) / '(1,)type'.
  np_resource = np.dtype([("resource", np.ubyte, 1)])
srun: Job step aborted: Waiting up to 32 seconds for job step to finish.
slurmstepd: error: *** STEP 47007670.1 ON learnfair1967 CANCELLED AT 2021-09-30T16:18:08 DUE TO TIME LIMIT ***
slurmstepd: error: *** JOB 47007670 ON learnfair1967 CANCELLED AT 2021-09-30T16:18:08 DUE TO TIME LIMIT ***
